{"numTotalTestSuites":512,"numPassedTestSuites":497,"numFailedTestSuites":15,"numPendingTestSuites":0,"numTotalTests":1193,"numPassedTests":1181,"numFailedTests":12,"numPendingTests":0,"numTodoTests":0,"snapshot":{"added":0,"failure":false,"filesAdded":0,"filesRemoved":0,"filesRemovedList":[],"filesUnmatched":0,"filesUpdated":0,"matched":0,"total":0,"unchecked":0,"uncheckedKeysByFile":[],"unmatched":0,"updated":0,"didUpdate":false},"startTime":1785835283981,"success":false,"testResults":[{"assertionResults":[{"ancestorTitles":["GET /api/analytics contract"],"fullName":"GET /api/analytics contract returns an object with required fields","status":"passed","title":"returns an object with required fields","duration":80.93545799999993,"failureMessages":[],"meta":{},"tags":[]},{"ancestorTitles":["GET /api/analytics contract"],"fullName":"GET /api/analytics contract highest_month_amount is a string with ₹ symbol","status":"passed","title":"highest_month_amount is a string with ₹ symbol","duration":15.01203600000008,"failureMessages":[],"meta":{},"tags":[]},{"ancestorTitles":["GET /api/analytics contract"],"fullName":"GET /api/analytics contract top_merchants array has correct structure","status":"passed","title":"top_merchants array has correct structure","duration":11.082397000000128,"failureMessages":[],"meta":{},"tags":[]},{"ancestorTitles":["GET /api/analytics contract"],"fullName":"GET /api/analytics contract recurring_charges array has correct structure","status":"passed","title":"recurring_charges array has correct structure","duration":9.379339000000073,"failureMessages":[],"meta":{},"tags":[]},{"ancestorTitles":["GET /api/analytics contract"],"fullName":"GET /api/analytics contract unique_merchants is a positive integer","status":"passed","title":"unique_merchants is a positive integer","duration":9.564798999999766,"failureMessages":[],"meta":{},"tags":[]}],"startTime":1785835361176,"endTime":1785835361302.5647,"status":"passed","message":"","name":"/home/vasantha/AI-Projects/ClariFin_OS/frontend/__tests__/api-contracts/analytics.contract.test.ts"},{"assertionResults":[{"ancestorTitles":["GET /api/banks contract"],"fullName":"GET /api/banks contract returns an object with banks array","status":"passed","title":"returns an object with banks array","duration":145.63692899999933,"failureMessages":[],"meta":{},"tags":[]},{"ancestorTitles":["GET /api/banks contract"],"fullName":"GET /api/banks contract banks array contains strings","status":"passed","title":"banks array contains strings","duration":21.005278999999973,"failureMessages":[],"meta":{},"tags":[]}],"startTime":1785835404717,"endTime":1785835404884.0054,"status":"passed","message":"","name":"/home/vasantha/AI-Projects/ClariFin_OS/frontend/__tests__/api-contracts/banks.contract.test.ts"},{"assertionResults":[{"ancestorTitles":["GET /api/behavior/score contract"],"fullName":"GET /api/behavior/score contract returns an object with required fields","status":"passed","title":"returns an object with required fields","duration":148.01870599999984,"failureMessages":[],"meta":{},"tags":[]},{"ancestorTitles":["GET /api/behavior/score contract"],"fullName":"GET /api/behavior/score contract financial_health_score is between 0 and 100","status":"passed","title":"financial_health_score is between 0 and 100","duration":13.78823199999988,"failureMessages":[],"meta":{},"tags":[]},{"ancestorTitles":["GET /api/behavior/score contract"],"fullName":"GET /api/behavior/score contract components has all required scores","status":"passed","title":"components has all required scores","duration":9.776177000000644,"failureMessages":[],"meta":{},"tags":[]},{"ancestorTitles":["GET /api/behavior/score contract"],"fullName":"GET /api/behavior/score contract risk_flags has all required flags","status":"passed","title":"risk_flags has all required flags","duration":12.729803999999604,"failureMessages":[],"meta":{},"tags":[]},{"ancestorTitles":["GET /api/behavior/insights contract"],"fullName":"GET /api/behavior/insights contract returns an object with required fields","status":"passed","title":"returns an object with required fields","duration":16.453362999999626,"failureMessages":[],"meta":{},"tags":[]},{"ancestorTitles":["GET /api/behavior/insights contract"],"fullName":"GET /api/behavior/insights contract insights array has correct structure","status":"passed","title":"insights array has correct structure","duration":15.281302999999753,"failureMessages":[],"meta":{},"tags":[]}],"startTime":1785835380951,"endTime":1785835381170.2812,"status":"passed","message":"","name":"/home/vasantha/AI-Projects/ClariFin_OS/frontend/__tests__/api-contracts/behavior.contract.test.ts"},{"assertionResults":[{"ancestorTitles":["GET /api/cards contract"],"fullName":"GET /api/cards contract returns an object with cards array","status":"passed","title":"returns an object with cards array","duration":200.1494359999997,"failureMessages":[],"meta":{},"tags":[]},{"ancestorTitles":["GET /api/cards contract"],"fullName":"GET /api/cards contract each card has required fields","status":"passed","title":"each card has required fields","duration":39.199234000000615,"failureMessages":[],"meta":{},"tags":[]},{"ancestorTitles":["GET /api/cards contract"],"fullName":"GET /api/cards contract utilization_percent is between 0-100","status":"passed","title":"utilization_percent is between 0-100","duration":20.822565999999824,"failureMessages":[],"meta":{},"tags":[]},{"ancestorTitles":["GET /api/cards contract"],"fullName":"GET /api/cards contract days_until_due is a number or null","status":"passed","title":"days_until_due is a number or null","duration":22.283895999999913,"failureMessages":[],"meta":{},"tags":[]},{"ancestorTitles":["GET /api/cards contract"],"fullName":"GET /api/cards contract monetary values are correct type","status":"passed","title":"monetary values are correct type","duration":18.55598700000064,"failureMessages":[],"meta":{},"tags":[]},{"ancestorTitles":["GET /api/cards contract"],"fullName":"GET /api/cards contract response has summary fields","status":"passed","title":"response has summary fields","duration":16.911740999999893,"failureMessages":[],"meta":{},"tags":[]}],"startTime":1785835378393,"endTime":1785835378710.9116,"status":"passed","message":"","name":"/home/vasantha/AI-Projects/ClariFin_OS/frontend/__tests__/api-contracts/cards.contract.test.ts"},{"assertionResults":[{"ancestorTitles":["GET /api/cashflow/monthly contract"],"fullName":"GET /api/cashflow/monthly contract returns months array with required fields","status":"passed","title":"returns months array with required fields","duration":108.90371700000014,"failureMessages":[],"meta":{},"tags":[]},{"ancestorTitles":["GET /api/cashflow/monthly contract"],"fullName":"GET /api/cashflow/monthly contract each month has required fields in paise","status":"passed","title":"each month has required fields in paise","duration":12.06860000000006,"failureMessages":[],"meta":{},"tags":[]},{"ancestorTitles":["GET /api/cashflow/monthly contract"],"fullName":"GET /api/cashflow/monthly contract all monetary values are integers (paise convention)","status":"passed","title":"all monetary values are integers (paise convention)","duration":11.387267000000065,"failureMessages":[],"meta":{},"tags":[]},{"ancestorTitles":["GET /api/cashflow/monthly contract"],"fullName":"GET /api/cashflow/monthly contract months are in ascending order","status":"passed","title":"months are in ascending order","duration":8.629018000000087,"failureMessages":[],"meta":{},"tags":[]}],"startTime":1785835370201,"endTime":1785835370342.629,"status":"passed","message":"","name":"/home/vasantha/AI-Projects/ClariFin_OS/frontend/__tests__/api-contracts/cashflow.contract.test.ts"},{"assertionResults":[{"ancestorTitles":["GET /api/categories/list contract"],"fullName":"GET /api/categories/list contract returns an object with categories array","status":"passed","title":"returns an object with categories array","duration":83.9280520000002,"failureMessages":[],"meta":{},"tags":[]},{"ancestorTitles":["GET /api/categories/list contract"],"fullName":"GET /api/categories/list contract categories array contains strings","status":"passed","title":"categories array contains strings","duration":10.053071000000273,"failureMessages":[],"meta":{},"tags":[]}],"startTime":1785835390620,"endTime":1785835390714.053,"status":"passed","message":"","name":"/home/vasantha/AI-Projects/ClariFin_OS/frontend/__tests__/api-contracts/categories.contract.test.ts"},{"assertionResults":[{"ancestorTitles":["GET /api/dashboard/summary contract"],"fullName":"GET /api/dashboard/summary contract returns an object with required fields","status":"passed","title":"returns an object with required fields","duration":145.61354399999982,"failureMessages":[],"meta":{},"tags":[]},{"ancestorTitles":["GET /api/dashboard/summary contract"],"fullName":"GET /api/dashboard/summary contract numeric fields are numbers","status":"passed","title":"numeric fields are numbers","duration":23.891028999999435,"failureMessages":[],"meta":{},"tags":[]},{"ancestorTitles":["GET /api/dashboard/summary contract"],"fullName":"GET /api/dashboard/summary contract net_cash_flow_paise is an integer (paise convention)","status":"passed","title":"net_cash_flow_paise is an integer (paise convention)","duration":19.132550000000265,"failureMessages":[],"meta":{},"tags":[]}],"startTime":1785835366933,"endTime":1785835367122.1326,"status":"passed","message":"","name":"/home/vasantha/AI-Projects/ClariFin_OS/frontend/__tests__/api-contracts/dashboard.contract.test.ts"},{"assertionResults":[{"ancestorTitles":["GET /api/overview contract"],"fullName":"GET /api/overview contract returns an object with required fields","status":"passed","title":"returns an object with required fields","duration":71.57218399999965,"failureMessages":[],"meta":{},"tags":[]},{"ancestorTitles":["GET /api/overview contract"],"fullName":"GET /api/overview contract display fields are strings with ₹ symbol","status":"passed","title":"display fields are strings with ₹ symbol","duration":26.63418300000012,"failureMessages":[],"meta":{},"tags":[]}],"startTime":1785835366263,"endTime":1785835366360.6343,"status":"passed","message":"","name":"/home/vasantha/AI-Projects/ClariFin_OS/frontend/__tests__/api-contracts/overview.contract.test.ts"},{"assertionResults":[{"ancestorTitles":["GET /api/reconciliations contract"],"fullName":"GET /api/reconciliations contract returns an object with reconciliations array","status":"passed","title":"returns an object with reconciliations array","duration":106.53307599999971,"failureMessages":[],"meta":{},"tags":[]},{"ancestorTitles":["GET /api/reconciliations contract"],"fullName":"GET /api/reconciliations contract each reconciliation has required fields","status":"passed","title":"each reconciliation has required fields","duration":28.685504000000037,"failureMessages":[],"meta":{},"tags":[]},{"ancestorTitles":["GET /api/reconciliations contract"],"fullName":"GET /api/reconciliations contract each reconciliation has transaction details","status":"passed","title":"each reconciliation has transaction details","duration":11.754017000000204,"failureMessages":[],"meta":{},"tags":[]},{"ancestorTitles":["GET /api/reconciliations contract"],"fullName":"GET /api/reconciliations contract match_confidence is between 0 and 1","status":"passed","title":"match_confidence is between 0 and 1","duration":10.951347999999598,"failureMessages":[],"meta":{},"tags":[]},{"ancestorTitles":["GET /api/reconciliations contract"],"fullName":"GET /api/reconciliations contract match_type is valid","status":"passed","title":"match_type is valid","duration":11.361928000000262,"failureMessages":[],"meta":{},"tags":[]},{"ancestorTitles":["GET /api/reconciliations contract"],"fullName":"GET /api/reconciliations contract status is valid","status":"passed","title":"status is valid","duration":8.755019999999604,"failureMessages":[],"meta":{},"tags":[]},{"ancestorTitles":["GET /api/reconciliations/pending contract"],"fullName":"GET /api/reconciliations/pending contract returns only pending reconciliations","status":"passed","title":"returns only pending reconciliations","duration":8.21592099999998,"failureMessages":[],"meta":{},"tags":[]},{"ancestorTitles":["GET /api/reconciliations/scan contract"],"fullName":"GET /api/reconciliations/scan contract returns matches array and count","status":"passed","title":"returns matches array and count","duration":9.517310999999609,"failureMessages":[],"meta":{},"tags":[]},{"ancestorTitles":["GET /api/reconciliations/scan contract"],"fullName":"GET /api/reconciliations/scan contract each match has required fields","status":"passed","title":"each match has required fields","duration":22.18561299999965,"failureMessages":[],"meta":{},"tags":[]}],"startTime":1785835361188,"endTime":1785835361407.1855,"status":"passed","message":"","name":"/home/vasantha/AI-Projects/ClariFin_OS/frontend/__tests__/api-contracts/reconciliation.contract.test.ts"},{"assertionResults":[{"ancestorTitles":["GET /api/statements contract"],"fullName":"GET /api/statements contract returns an array of statements","status":"passed","title":"returns an array of statements","duration":99.0681709999999,"failureMessages":[],"meta":{},"tags":[]},{"ancestorTitles":["GET /api/statements contract"],"fullName":"GET /api/statements contract each statement has required fields","status":"passed","title":"each statement has required fields","duration":18.338174999999865,"failureMessages":[],"meta":{},"tags":[]}],"startTime":1785835377222,"endTime":1785835377339.3381,"status":"passed","message":"","name":"/home/vasantha/AI-Projects/ClariFin_OS/frontend/__tests__/api-contracts/statements.contract.test.ts"},{"assertionResults":[{"ancestorTitles":["GET /api/transactions contract"],"fullName":"GET /api/transactions contract returns an object with transactions array and total count","status":"passed","title":"returns an object with transactions array and total count","duration":205.37707300000056,"failureMessages":[],"meta":{},"tags":[]},{"ancestorTitles":["GET /api/transactions contract"],"fullName":"GET /api/transactions contract each transaction has required fields","status":"passed","title":"each transaction has required fields","duration":31.44751300000007,"failureMessages":[],"meta":{},"tags":[]},{"ancestorTitles":["GET /api/transactions contract"],"fullName":"GET /api/transactions contract amount_paise is always an integer (paise convention enforced)","status":"passed","title":"amount_paise is always an integer (paise convention enforced)","duration":21.470256999999947,"failureMessages":[],"meta":{},"tags":[]}],"startTime":1785835383333,"endTime":1785835383591.4702,"status":"passed","message":"","name":"/home/vasantha/AI-Projects/ClariFin_OS/frontend/__tests__/api-contracts/transactions.contract.test.ts"},{"assertionResults":[{"ancestorTitles":["TransactionWorkspacePage"],"fullName":"TransactionWorkspacePage renders the workspace with all regions","status":"passed","title":"renders the workspace with all regions","duration":285.6914370000004,"failureMessages":[],"meta":{},"tags":[]},{"ancestorTitles":["TransactionWorkspacePage"],"fullName":"TransactionWorkspacePage has proper accessibility attributes","status":"passed","title":"has proper accessibility attributes","duration":466.56283900000017,"failureMessages":[],"meta":{},"tags":[]},{"ancestorTitles":["TransactionWorkspacePage"],"fullName":"TransactionWorkspacePage displays transaction count in toolbar","status":"passed","title":"displays transaction count in toolbar","duration":113.18509799999993,"failureMessages":[],"meta":{},"tags":[]},{"ancestorTitles":["TransactionWorkspacePage"],"fullName":"TransactionWorkspacePage displays active filter count in toolbar","status":"passed","title":"displays active filter count in toolbar","duration":206.95527500000026,"failureMessages":[],"meta":{},"tags":[]},{"ancestorTitles":["TransactionWorkspacePage - Loading Timeout"],"fullName":"TransactionWorkspacePage - Loading Timeout shows loading spinner when loading is true","status":"passed","title":"shows loading spinner when loading is true","duration":29.449859000000288,"failureMessages":[],"meta":{},"tags":[]},{"ancestorTitles":["TransactionWorkspacePage - Loading Timeout"],"fullName":"TransactionWorkspacePage - Loading Timeout shows loading timeout message when loadingTimeout is true","status":"passed","title":"shows loading timeout message when loadingTimeout is true","duration":116.78656199999932,"failureMessages":[],"meta":{},"tags":[]},{"ancestorTitles":["TransactionWorkspacePage - Loading Timeout"],"fullName":"TransactionWorkspacePage - Loading Timeout does not show loading timeout message when loadingTimeout is false","status":"passed","title":"does not show loading timeout message when loadingTimeout is false","duration":20.905840000001263,"failureMessages":[],"meta":{},"tags":[]}],"startTime":1785835325871,"endTime":1785835327110.9058,"status":"passed","message":"","name":"/home/vasantha/AI-Projects/ClariFin_OS/frontend/app/transactions/workspace-page.test.tsx"},{"assertionResults":[{"ancestorTitles":["ContextRuntime"],"fullName":"ContextRuntime should compose a valid ContextObject from runtime states","status":"passed","title":"should compose a valid ContextObject from runtime states","duration":6.629363999999441,"failureMessages":[],"meta":{},"tags":[]},{"ancestorTitles":["ContextRuntime"],"fullName":"ContextRuntime should reflect selection state changes","status":"passed","title":"should reflect selection state changes","duration":1.176926000000094,"failureMessages":[],"meta":{},"tags":[]},{"ancestorTitles":["ContextRuntime"],"fullName":"ContextRuntime should reflect timeline state changes","status":"passed","title":"should reflect timeline state changes","duration":57.10923900000034,"failureMessages":[],"meta":{},"tags":[]},{"ancestorTitles":["ContextRuntime"],"fullName":"ContextRuntime should subscribe to context changes","status":"passed","title":"should subscribe to context changes","duration":2.8497940000006565,"failureMessages":[],"meta":{},"tags":[]},{"ancestorTitles":["ContextRuntime"],"fullName":"ContextRuntime should return selector results from context","status":"passed","title":"should return selector results from context","duration":0.9243609999994078,"failureMessages":[],"meta":{},"tags":[]},{"ancestorTitles":["ContextRuntime"],"fullName":"ContextRuntime should reset all composed state","status":"passed","title":"should reset all composed state","duration":0.8165920000001279,"failureMessages":[],"meta":{},"tags":[]}],"startTime":1785835388367,"endTime":1785835388436.8167,"status":"passed","message":"","name":"/home/vasantha/AI-Projects/ClariFin_OS/frontend/lib/__tests__/context-runtime.test.ts"},{"assertionResults":[{"ancestorTitles":["Runtime Event Bus Wiring","SelectionRuntime"],"fullName":"Runtime Event Bus Wiring SelectionRuntime should publish SelectionChanged when entity is selected","status":"passed","title":"should publish SelectionChanged when entity is selected","duration":8.275271999999859,"failureMessages":[],"meta":{},"tags":[]},{"ancestorTitles":["Runtime Event Bus Wiring","SelectionRuntime"],"fullName":"Runtime Event Bus Wiring SelectionRuntime should publish SelectionCleared when selection is cleared","status":"passed","title":"should publish SelectionCleared when selection is cleared","duration":1.4209310000005644,"failureMessages":[],"meta":{},"tags":[]},{"ancestorTitles":["Runtime Event Bus Wiring","TimelineRuntime"],"fullName":"Runtime Event Bus Wiring TimelineRuntime should publish TimelineChanged when position is set","status":"passed","title":"should publish TimelineChanged when position is set","duration":1.5893570000007458,"failureMessages":[],"meta":{},"tags":[]},{"ancestorTitles":["Runtime Event Bus Wiring","TimelineRuntime"],"fullName":"Runtime Event Bus Wiring TimelineRuntime should publish TimelineGranularityChanged when granularity changes","status":"passed","title":"should publish TimelineGranularityChanged when granularity changes","duration":1.1875070000005508,"failureMessages":[],"meta":{},"tags":[]},{"ancestorTitles":["Runtime Event Bus Wiring","NavigationRuntime"],"fullName":"Runtime Event Bus Wiring NavigationRuntime should publish NavigationCompleted when pushing a path","status":"passed","title":"should publish NavigationCompleted when pushing a path","duration":1.265505000000303,"failureMessages":[],"meta":{},"tags":[]},{"ancestorTitles":["Runtime Event Bus Wiring","NavigationRuntime"],"fullName":"Runtime Event Bus Wiring NavigationRuntime should publish NavigationBack when going back","status":"passed","title":"should publish NavigationBack when going back","duration":1.04915500000061,"failureMessages":[],"meta":{},"tags":[]}],"startTime":1785835459874,"endTime":1785835459890.049,"status":"passed","message":"","name":"/home/vasantha/AI-Projects/ClariFin_OS/frontend/lib/__tests__/event-bus-wiring.test.ts"},{"assertionResults":[{"ancestorTitles":["RuntimeEventBus"],"fullName":"RuntimeEventBus should publish and receive typed events","status":"passed","title":"should publish and receive typed events","duration":6.886763999999857,"failureMessages":[],"meta":{},"tags":[]},{"ancestorTitles":["RuntimeEventBus"],"fullName":"RuntimeEventBus should notify all-subscribers of any event","status":"passed","title":"should notify all-subscribers of any event","duration":1.0612240000000384,"failureMessages":[],"meta":{},"tags":[]},{"ancestorTitles":["RuntimeEventBus"],"fullName":"RuntimeEventBus should return unsubscribe function that removes subscriber","status":"passed","title":"should return unsubscribe function that removes subscriber","duration":1.6749990000007529,"failureMessages":[],"meta":{},"tags":[]},{"ancestorTitles":["RuntimeEventBus"],"fullName":"RuntimeEventBus should isolate subscriber errors","status":"passed","title":"should isolate subscriber errors","duration":14.266311999999743,"failureMessages":[],"meta":{},"tags":[]},{"ancestorTitles":["RuntimeEventBus"],"fullName":"RuntimeEventBus should debounce high-frequency events","status":"passed","title":"should debounce high-frequency events","duration":6.047142999999778,"failureMessages":[],"meta":{},"tags":[]},{"ancestorTitles":["RuntimeEventBus"],"fullName":"RuntimeEventBus should handle multiple subscribers of same event type","status":"passed","title":"should handle multiple subscribers of same event type","duration":1.6188579999998183,"failureMessages":[],"meta":{},"tags":[]},{"ancestorTitles":["RuntimeEventBus"],"fullName":"RuntimeEventBus should publish navigation completed event with correct payload","status":"passed","title":"should publish navigation completed event with correct payload","duration":0.9538560000000871,"failureMessages":[],"meta":{},"tags":[]},{"ancestorTitles":["RuntimeEventBus"],"fullName":"RuntimeEventBus should publish graph overlay opened event","status":"passed","title":"should publish graph overlay opened event","duration":0.8988060000001497,"failureMessages":[],"meta":{},"tags":[]},{"ancestorTitles":["RuntimeEventBus"],"fullName":"RuntimeEventBus should publish insight generated event","status":"passed","title":"should publish insight generated event","duration":1.029961999999614,"failureMessages":[],"meta":{},"tags":[]},{"ancestorTitles":["RuntimeEventBus"],"fullName":"RuntimeEventBus should reset clears all subscribers","status":"passed","title":"should reset clears all subscribers","duration":4.2944500000003245,"failureMessages":[],"meta":{},"tags":[]}],"startTime":1785835409152,"endTime":1785835409191.2944,"status":"passed","message":"","name":"/home/vasantha/AI-Projects/ClariFin_OS/frontend/lib/__tests__/event-bus.test.ts"},{"assertionResults":[{"ancestorTitles":["NotificationRuntime"],"fullName":"NotificationRuntime should show a notification","status":"passed","title":"should show a notification","duration":8.3405130000001,"failureMessages":[],"meta":{},"tags":[]},{"ancestorTitles":["NotificationRuntime"],"fullName":"NotificationRuntime should enforce max 3 visible notifications","status":"passed","title":"should enforce max 3 visible notifications","duration":6.847971000000143,"failureMessages":[],"meta":{},"tags":[]},{"ancestorTitles":["NotificationRuntime"],"fullName":"NotificationRuntime should dismiss a notification","status":"passed","title":"should dismiss a notification","duration":2.735077999999703,"failureMessages":[],"meta":{},"tags":[]},{"ancestorTitles":["NotificationRuntime"],"fullName":"NotificationRuntime should acknowledge a notification","status":"passed","title":"should acknowledge a notification","duration":1.1118710000000647,"failureMessages":[],"meta":{},"tags":[]},{"ancestorTitles":["NotificationRuntime"],"fullName":"NotificationRuntime should clear all notifications","status":"passed","title":"should clear all notifications","duration":3.105789000000186,"failureMessages":[],"meta":{},"tags":[]},{"ancestorTitles":["NotificationRuntime"],"fullName":"NotificationRuntime should subscribe to changes","status":"passed","title":"should subscribe to changes","duration":5.5016160000004675,"failureMessages":[],"meta":{},"tags":[]},{"ancestorTitles":["NotificationRuntime"],"fullName":"NotificationRuntime should set persistent duration for error/warning","status":"passed","title":"should set persistent duration for error/warning","duration":0.9617529999995895,"failureMessages":[],"meta":{},"tags":[]},{"ancestorTitles":["NotificationRuntime"],"fullName":"NotificationRuntime should auto-dismiss info/success notifications","status":"passed","title":"should auto-dismiss info/success notifications","duration":0.6034300000001167,"failureMessages":[],"meta":{},"tags":[]},{"ancestorTitles":["NotificationRuntime"],"fullName":"NotificationRuntime should get history","status":"passed","title":"should get history","duration":4.375623999999334,"failureMessages":[],"meta":{},"tags":[]},{"ancestorTitles":["NotificationRuntime"],"fullName":"NotificationRuntime should filter by source","status":"passed","title":"should filter by source","duration":1.2484730000005584,"failureMessages":[],"meta":{},"tags":[]},{"ancestorTitles":["NotificationRuntime"],"fullName":"NotificationRuntime should reset all state","status":"passed","title":"should reset all state","duration":0.7696749999995518,"failureMessages":[],"meta":{},"tags":[]}],"startTime":1785835432707,"endTime":1785835432743.7698,"status":"passed","message":"","name":"/home/vasantha/AI-Projects/ClariFin_OS/frontend/lib/__tests__/notification-runtime.test.ts"},{"assertionResults":[{"ancestorTitles":["ScenarioRuntime"],"fullName":"ScenarioRuntime should create a scenario","status":"passed","title":"should create a scenario","duration":22.634804999999687,"failureMessages":[],"meta":{},"tags":[]},{"ancestorTitles":["ScenarioRuntime"],"fullName":"ScenarioRuntime should activate a scenario","status":"passed","title":"should activate a scenario","duration":3.325456000000486,"failureMessages":[],"meta":{},"tags":[]},{"ancestorTitles":["ScenarioRuntime"],"fullName":"ScenarioRuntime should fail to activate non-existent scenario","status":"passed","title":"should fail to activate non-existent scenario","duration":1.1061570000001666,"failureMessages":[],"meta":{},"tags":[]},{"ancestorTitles":["ScenarioRuntime"],"fullName":"ScenarioRuntime should deactivate the active scenario","status":"passed","title":"should deactivate the active scenario","duration":4.405901999999514,"failureMessages":[],"meta":{},"tags":[]},{"ancestorTitles":["ScenarioRuntime"],"fullName":"ScenarioRuntime should compare a scenario against baseline","status":"passed","title":"should compare a scenario against baseline","duration":2.7693170000002283,"failureMessages":[],"meta":{},"tags":[]},{"ancestorTitles":["ScenarioRuntime"],"fullName":"ScenarioRuntime should update scenario parameters","status":"passed","title":"should update scenario parameters","duration":5.161465000000135,"failureMessages":[],"meta":{},"tags":[]},{"ancestorTitles":["ScenarioRuntime"],"fullName":"ScenarioRuntime should update scenario name","status":"passed","title":"should update scenario name","duration":0.9053250000006301,"failureMessages":[],"meta":{},"tags":[]},{"ancestorTitles":["ScenarioRuntime"],"fullName":"ScenarioRuntime should delete a scenario","status":"passed","title":"should delete a scenario","duration":4.217407000000094,"failureMessages":[],"meta":{},"tags":[]},{"ancestorTitles":["ScenarioRuntime"],"fullName":"ScenarioRuntime should return all scenarios sorted by creation time","status":"passed","title":"should return all scenarios sorted by creation time","duration":15.919808000000558,"failureMessages":[],"meta":{},"tags":[]},{"ancestorTitles":["ScenarioRuntime"],"fullName":"ScenarioRuntime should return active scenario","status":"passed","title":"should return active scenario","duration":1.1314519999996264,"failureMessages":[],"meta":{},"tags":[]},{"ancestorTitles":["ScenarioRuntime"],"fullName":"ScenarioRuntime should clear active scenario on reset","status":"passed","title":"should clear active scenario on reset","duration":1.0894099999995888,"failureMessages":[],"meta":{},"tags":[]},{"ancestorTitles":["ScenarioRuntime"],"fullName":"ScenarioRuntime should maintain status transitions","status":"passed","title":"should maintain status transitions","duration":0.7936439999994036,"failureMessages":[],"meta":{},"tags":[]}],"startTime":1785835388760,"endTime":1785835388823.7937,"status":"passed","message":"","name":"/home/vasantha/AI-Projects/ClariFin_OS/frontend/lib/__tests__/scenario-runtime.test.ts"},{"assertionResults":[{"ancestorTitles":["FVF Utilities"],"fullName":"FVF Utilities resolveFrontend resolves correctly","status":"passed","title":"resolveFrontend resolves correctly","duration":8.992898000000423,"failureMessages":[],"meta":{},"tags":[]},{"ancestorTitles":["FVF Utilities"],"fullName":"FVF Utilities createResult counts errors and warnings correctly","status":"passed","title":"createResult counts errors and warnings correctly","duration":3.6049339999999575,"failureMessages":[],"meta":{},"tags":[]},{"ancestorTitles":["FVF Utilities"],"fullName":"FVF Utilities createResult passes with no errors","status":"passed","title":"createResult passes with no errors","duration":0.7371740000007776,"failureMessages":[],"meta":{},"tags":[]},{"ancestorTitles":["FVF Utilities"],"fullName":"FVF Utilities resultToMarkdown generates valid markdown","status":"passed","title":"resultToMarkdown generates valid markdown","duration":2.899446999999782,"failureMessages":[],"meta":{},"tags":[]},{"ancestorTitles":["FVF Utilities"],"fullName":"FVF Utilities determineStrategy returns fast for non-critical files","status":"passed","title":"determineStrategy returns fast for non-critical files","duration":3.4544039999991583,"failureMessages":[],"meta":{},"tags":[]},{"ancestorTitles":["FVF Utilities"],"fullName":"FVF Utilities determineStrategy returns full for critical files","status":"passed","title":"determineStrategy returns full for critical files","duration":1.6084289999998873,"failureMessages":[],"meta":{},"tags":[]},{"ancestorTitles":["FVF Utilities"],"fullName":"FVF Utilities determineStrategy returns full for config files","status":"passed","title":"determineStrategy returns full for config files","duration":0.7664359999998851,"failureMessages":[],"meta":{},"tags":[]},{"ancestorTitles":["FVF Architecture Rules"],"fullName":"FVF Architecture Rules detects server component using hooks","status":"passed","title":"detects server component using hooks","duration":1.8446500000000015,"failureMessages":[],"meta":{},"tags":[]},{"ancestorTitles":["FVF Architecture Rules"],"fullName":"FVF Architecture Rules detects client component missing directive","status":"passed","title":"detects client component missing directive","duration":1.825963999999658,"failureMessages":[],"meta":{},"tags":[]},{"ancestorTitles":["FVF Architecture Rules"],"fullName":"FVF Architecture Rules validates client component with directive","status":"passed","title":"validates client component with directive","duration":1.9497549999996409,"failureMessages":[],"meta":{},"tags":[]},{"ancestorTitles":["FVF Type Chain"],"fullName":"FVF Type Chain detects direct DTO import in component","status":"passed","title":"detects direct DTO import in component","duration":4.1587420000005295,"failureMessages":[],"meta":{},"tags":[]},{"ancestorTitles":["FVF Type Chain"],"fullName":"FVF Type Chain allows hook import of generated types","status":"passed","title":"allows hook import of generated types","duration":0.5949190000001181,"failureMessages":[],"meta":{},"tags":[]},{"ancestorTitles":["FVF Type Chain"],"fullName":"FVF Type Chain detects any return type in hooks","status":"passed","title":"detects any return type in hooks","duration":0.5827069999995729,"failureMessages":[],"meta":{},"tags":[]},{"ancestorTitles":["FVF Import Graph"],"fullName":"FVF Import Graph detects circular dependency pattern","status":"passed","title":"detects circular dependency pattern","duration":4.390599000000293,"failureMessages":[],"meta":{},"tags":[]},{"ancestorTitles":["FVF Import Graph"],"fullName":"FVF Import Graph detects no cycle in acyclic graph","status":"passed","title":"detects no cycle in acyclic graph","duration":2.1023830000003727,"failureMessages":[],"meta":{},"tags":[]},{"ancestorTitles":["FVF Orchestrator"],"fullName":"FVF Orchestrator generates correct manifest for all-pass","status":"passed","title":"generates correct manifest for all-pass","duration":1.6817419999997583,"failureMessages":[],"meta":{},"tags":[]},{"ancestorTitles":["FVF Orchestrator"],"fullName":"FVF Orchestrator generates correct manifest for failures","status":"passed","title":"generates correct manifest for failures","duration":0.5623439999999391,"failureMessages":[],"meta":{},"tags":[]},{"ancestorTitles":["FVF Orchestrator"],"fullName":"FVF Orchestrator generates correct manifest for partial","status":"passed","title":"generates correct manifest for partial","duration":1.6586160000006203,"failureMessages":[],"meta":{},"tags":[]},{"ancestorTitles":["FVF Error Loop Detection"],"fullName":"FVF Error Loop Detection detects persistent failures across runs","status":"passed","title":"detects persistent failures across runs","duration":1.9006429999999455,"failureMessages":[],"meta":{},"tags":[]},{"ancestorTitles":["FVF Error Loop Detection"],"fullName":"FVF Error Loop Detection does not detect loop for intermittent failures","status":"passed","title":"does not detect loop for intermittent failures","duration":1.8634080000001632,"failureMessages":[],"meta":{},"tags":[]}],"startTime":1785835406305,"endTime":1785835406355.8635,"status":"passed","message":"","name":"/home/vasantha/AI-Projects/ClariFin_OS/frontend/tools/__tests__/fvf.test.ts"},{"assertionResults":[{"ancestorTitles":["TransactionViewModel Invariants","MoneyViewModel"],"fullName":"TransactionViewModel Invariants MoneyViewModel should have paise as the canonical value","status":"passed","title":"should have paise as the canonical value","duration":4.186394000000291,"failureMessages":[],"meta":{},"tags":[]},{"ancestorTitles":["TransactionViewModel Invariants","MoneyViewModel"],"fullName":"TransactionViewModel Invariants MoneyViewModel should have non-negative paise for valid transactions","status":"passed","title":"should have non-negative paise for valid transactions","duration":0.8203929999999673,"failureMessages":[],"meta":{},"tags":[]},{"ancestorTitles":["TransactionViewModel Invariants","MoneyViewModel"],"fullName":"TransactionViewModel Invariants MoneyViewModel should handle large paise values","status":"passed","title":"should handle large paise values","duration":1.1987079999998969,"failureMessages":[],"meta":{},"tags":[]},{"ancestorTitles":["TransactionViewModel Invariants","TransactionViewModel Core Fields"],"fullName":"TransactionViewModel Invariants TransactionViewModel Core Fields should have required core fields","status":"passed","title":"should have required core fields","duration":1.1975370000000112,"failureMessages":[],"meta":{},"tags":[]},{"ancestorTitles":["TransactionViewModel Invariants","TransactionViewModel Core Fields"],"fullName":"TransactionViewModel Invariants TransactionViewModel Core Fields should have valid date format","status":"passed","title":"should have valid date format","duration":0.9046169999996891,"failureMessages":[],"meta":{},"tags":[]},{"ancestorTitles":["TransactionViewModel Invariants","TransactionViewModel Core Fields"],"fullName":"TransactionViewModel Invariants TransactionViewModel Core Fields should have non-empty id","status":"passed","title":"should have non-empty id","duration":0.5266710000000785,"failureMessages":[],"meta":{},"tags":[]},{"ancestorTitles":["TransactionViewModel Invariants","TransactionViewModel Core Fields"],"fullName":"TransactionViewModel Invariants TransactionViewModel Core Fields should have non-empty description","status":"passed","title":"should have non-empty description","duration":1.5651939999997921,"failureMessages":[],"meta":{},"tags":[]},{"ancestorTitles":["TransactionViewModel Invariants","TransactionViewModel Date Navigation"],"fullName":"TransactionViewModel Invariants TransactionViewModel Date Navigation should have consistent date navigation fields","status":"passed","title":"should have consistent date navigation fields","duration":0.8832190000002811,"failureMessages":[],"meta":{},"tags":[]},{"ancestorTitles":["TransactionViewModel Invariants","TransactionViewModel Date Navigation"],"fullName":"TransactionViewModel Invariants TransactionViewModel Date Navigation should have valid month key format","status":"passed","title":"should have valid month key format","duration":0.7389539999999215,"failureMessages":[],"meta":{},"tags":[]},{"ancestorTitles":["TransactionViewModel Invariants","TransactionViewModel Selection State"],"fullName":"TransactionViewModel Invariants TransactionViewModel Selection State should have consistent selection state","status":"passed","title":"should have consistent selection state","duration":0.7895849999999882,"failureMessages":[],"meta":{},"tags":[]},{"ancestorTitles":["TransactionViewModel Invariants","TransactionViewModel Selection State"],"fullName":"TransactionViewModel Invariants TransactionViewModel Selection State should have selection reason when not selectable","status":"passed","title":"should have selection reason when not selectable","duration":0.5646670000000995,"failureMessages":[],"meta":{},"tags":[]},{"ancestorTitles":["TransactionViewModel Invariants","TransactionViewModel Adjustment"],"fullName":"TransactionViewModel Invariants TransactionViewModel Adjustment should have adjustment fields when is_adjusted is true","status":"passed","title":"should have adjustment fields when is_adjusted is true","duration":0.5960430000000088,"failureMessages":[],"meta":{},"tags":[]},{"ancestorTitles":["TransactionViewModel Invariants","TransactionViewModel Adjustment"],"fullName":"TransactionViewModel Invariants TransactionViewModel Adjustment should have valid adjustment status","status":"passed","title":"should have valid adjustment status","duration":2.4863600000003316,"failureMessages":[],"meta":{},"tags":[]},{"ancestorTitles":["TransactionViewModel Invariants","EvidenceItem"],"fullName":"TransactionViewModel Invariants EvidenceItem should have valid evidence type","status":"passed","title":"should have valid evidence type","duration":0.8480680000002394,"failureMessages":[],"meta":{},"tags":[]},{"ancestorTitles":["TransactionViewModel Invariants","EvidenceItem"],"fullName":"TransactionViewModel Invariants EvidenceItem should have confidence between 0 and 100","status":"passed","title":"should have confidence between 0 and 100","duration":0.8953710000000683,"failureMessages":[],"meta":{},"tags":[]},{"ancestorTitles":["TransactionViewModel Invariants","EvidenceItem"],"fullName":"TransactionViewModel Invariants EvidenceItem should have non-empty summary","status":"passed","title":"should have non-empty summary","duration":0.4426650000000336,"failureMessages":[],"meta":{},"tags":[]},{"ancestorTitles":["TransactionViewModel Invariants","CalculationStep"],"fullName":"TransactionViewModel Invariants CalculationStep should have required fields","status":"passed","title":"should have required fields","duration":1.1902249999998276,"failureMessages":[],"meta":{},"tags":[]},{"ancestorTitles":["TransactionViewModel Invariants","CalculationStep"],"fullName":"TransactionViewModel Invariants CalculationStep should have non-empty name","status":"passed","title":"should have non-empty name","duration":0.42687100000011924,"failureMessages":[],"meta":{},"tags":[]},{"ancestorTitles":["TransactionViewModel Invariants","ImportLineage"],"fullName":"TransactionViewModel Invariants ImportLineage should have required fields","status":"passed","title":"should have required fields","duration":0.6927129999999124,"failureMessages":[],"meta":{},"tags":[]},{"ancestorTitles":["TransactionViewModel Invariants","ImportLineage"],"fullName":"TransactionViewModel Invariants ImportLineage should have valid source type","status":"passed","title":"should have valid source type","duration":0.38669400000026144,"failureMessages":[],"meta":{},"tags":[]},{"ancestorTitles":["TransactionViewModel Invariants","ImportLineage"],"fullName":"TransactionViewModel Invariants ImportLineage should have valid import date format","status":"passed","title":"should have valid import date format","duration":0.6323120000001836,"failureMessages":[],"meta":{},"tags":[]},{"ancestorTitles":["TransactionViewModel Invariants","TransactionViewModel Consistency"],"fullName":"TransactionViewModel Invariants TransactionViewModel Consistency should maintain data consistency across all fields","status":"passed","title":"should maintain data consistency across all fields","duration":1.3129909999997835,"failureMessages":[],"meta":{},"tags":[]}],"startTime":1785835450376,"endTime":1785835450403.313,"status":"passed","message":"","name":"/home/vasantha/AI-Projects/ClariFin_OS/frontend/types/__tests__/invariants.test.ts"},{"assertionResults":[{"ancestorTitles":["TransactionViewModel","Core Fields"],"fullName":"TransactionViewModel Core Fields should have required core fields","status":"passed","title":"should have required core fields","duration":6.622418999999354,"failureMessages":[],"meta":{},"tags":[]},{"ancestorTitles":["TransactionViewModel","Core Fields"],"fullName":"TransactionViewModel Core Fields should support optional extended fields","status":"passed","title":"should support optional extended fields","duration":1.809997000000294,"failureMessages":[],"meta":{},"tags":[]},{"ancestorTitles":["TransactionViewModel","MoneyViewModel"],"fullName":"TransactionViewModel MoneyViewModel should represent paise as canonical unit","status":"passed","title":"should represent paise as canonical unit","duration":1.715092000000368,"failureMessages":[],"meta":{},"tags":[]},{"ancestorTitles":["TransactionViewModel","MoneyViewModel"],"fullName":"TransactionViewModel MoneyViewModel should handle negative amounts for debits","status":"passed","title":"should handle negative amounts for debits","duration":1.3240489999998317,"failureMessages":[],"meta":{},"tags":[]},{"ancestorTitles":["TransactionViewModel","EvidenceItem"],"fullName":"TransactionViewModel EvidenceItem should have required evidence fields","status":"passed","title":"should have required evidence fields","duration":0.9783930000003238,"failureMessages":[],"meta":{},"tags":[]},{"ancestorTitles":["TransactionViewModel","EvidenceItem"],"fullName":"TransactionViewModel EvidenceItem should support optional confidence score","status":"passed","title":"should support optional confidence score","duration":0.697636999999304,"failureMessages":[],"meta":{},"tags":[]},{"ancestorTitles":["TransactionViewModel","ImportLineage"],"fullName":"TransactionViewModel ImportLineage should have required import lineage fields","status":"passed","title":"should have required import lineage fields","duration":1.2780579999998736,"failureMessages":[],"meta":{},"tags":[]},{"ancestorTitles":["TransactionViewModel","ImportLineage"],"fullName":"TransactionViewModel ImportLineage should support optional statement period","status":"passed","title":"should support optional statement period","duration":0.5612869999995382,"failureMessages":[],"meta":{},"tags":[]},{"ancestorTitles":["TransactionViewModel","Selection State"],"fullName":"TransactionViewModel Selection State should support selection state fields","status":"passed","title":"should support selection state fields","duration":1.1165489999993952,"failureMessages":[],"meta":{},"tags":[]},{"ancestorTitles":["TransactionViewModel","Selection State"],"fullName":"TransactionViewModel Selection State should support selection reason for non-selectable items","status":"passed","title":"should support selection reason for non-selectable items","duration":0.8563099999992119,"failureMessages":[],"meta":{},"tags":[]},{"ancestorTitles":["TransactionViewModel","Adjustment Visibility"],"fullName":"TransactionViewModel Adjustment Visibility should support adjustment fields","status":"passed","title":"should support adjustment fields","duration":0.6101140000000669,"failureMessages":[],"meta":{},"tags":[]},{"ancestorTitles":["TransactionViewModel","Reconciliation Reference"],"fullName":"TransactionViewModel Reconciliation Reference should support reconciliation fields","status":"passed","title":"should support reconciliation fields","duration":1.352788999999575,"failureMessages":[],"meta":{},"tags":[]},{"ancestorTitles":["TransactionViewModel","TransactionSummary"],"fullName":"TransactionViewModel TransactionSummary should have required summary fields","status":"passed","title":"should have required summary fields","duration":0.756677999999738,"failureMessages":[],"meta":{},"tags":[]}],"startTime":1785835432929,"endTime":1785835432951.7566,"status":"passed","message":"","name":"/home/vasantha/AI-Projects/ClariFin_OS/frontend/types/__tests__/transaction-view-model.test.ts"},{"assertionResults":[{"ancestorTitles":["Accessibility","ARIA Attributes"],"fullName":"Accessibility ARIA Attributes should have main role on workspace container","status":"passed","title":"should have main role on workspace container","duration":4.099101000000246,"failureMessages":[],"meta":{},"tags":[]},{"ancestorTitles":["Accessibility","ARIA Attributes"],"fullName":"Accessibility ARIA Attributes should have aria-label on workspace container","status":"passed","title":"should have aria-label on workspace container","duration":0.8098519999998643,"failureMessages":[],"meta":{},"tags":[]},{"ancestorTitles":["Accessibility","ARIA Attributes"],"fullName":"Accessibility ARIA Attributes should have alert role on error message","status":"passed","title":"should have alert role on error message","duration":0.9672570000002452,"failureMessages":[],"meta":{},"tags":[]},{"ancestorTitles":["Accessibility","ARIA Attributes"],"fullName":"Accessibility ARIA Attributes should have status role on loading spinner","status":"passed","title":"should have status role on loading spinner","duration":0.874369999999999,"failureMessages":[],"meta":{},"tags":[]},{"ancestorTitles":["Accessibility","Keyboard Navigation"],"fullName":"Accessibility Keyboard Navigation should support tab navigation","status":"passed","title":"should support tab navigation","duration":1.1142549999999574,"failureMessages":[],"meta":{},"tags":[]},{"ancestorTitles":["Accessibility","Keyboard Navigation"],"fullName":"Accessibility Keyboard Navigation should have keyboard shortcuts for all actions","status":"passed","title":"should have keyboard shortcuts for all actions","duration":0.540367999999944,"failureMessages":[],"meta":{},"tags":[]},{"ancestorTitles":["Accessibility","Keyboard Navigation"],"fullName":"Accessibility Keyboard Navigation should skip keyboard shortcuts on input focus","status":"passed","title":"should skip keyboard shortcuts on input focus","duration":0.45036800000025323,"failureMessages":[],"meta":{},"tags":[]},{"ancestorTitles":["Accessibility","Screen Reader Support"],"fullName":"Accessibility Screen Reader Support should have descriptive labels for all buttons","status":"passed","title":"should have descriptive labels for all buttons","duration":0.4380959999998595,"failureMessages":[],"meta":{},"tags":[]},{"ancestorTitles":["Accessibility","Screen Reader Support"],"fullName":"Accessibility Screen Reader Support should have aria-hidden for decorative elements","status":"passed","title":"should have aria-hidden for decorative elements","duration":0.744010999999773,"failureMessages":[],"meta":{},"tags":[]},{"ancestorTitles":["Accessibility","Focus Management"],"fullName":"Accessibility Focus Management should have proper focus indicators","status":"passed","title":"should have proper focus indicators","duration":0.7609589999997297,"failureMessages":[],"meta":{},"tags":[]},{"ancestorTitles":["Accessibility","Focus Management"],"fullName":"Accessibility Focus Management should have tabIndex for keyboard focus","status":"passed","title":"should have tabIndex for keyboard focus","duration":0.6308309999999437,"failureMessages":[],"meta":{},"tags":[]}],"startTime":1785835437001,"endTime":1785835437013.761,"status":"passed","message":"","name":"/home/vasantha/AI-Projects/ClariFin_OS/frontend/app/transactions/__tests__/accessibility.test.tsx"},{"assertionResults":[{"ancestorTitles":["Dark Mode Support","Background Classes"],"fullName":"Dark Mode Support Background Classes should have dark mode background classes","status":"passed","title":"should have dark mode background classes","duration":11.70535899999959,"failureMessages":[],"meta":{},"tags":[]},{"ancestorTitles":["Dark Mode Support","Text Color Classes"],"fullName":"Dark Mode Support Text Color Classes should have dark mode text color classes","status":"passed","title":"should have dark mode text color classes","duration":3.7904939999998533,"failureMessages":[],"meta":{},"tags":[]},{"ancestorTitles":["Dark Mode Support","Component Dark Mode"],"fullName":"Dark Mode Support Component Dark Mode should have dark mode support in toolbar","status":"passed","title":"should have dark mode support in toolbar","duration":0.9626690000004601,"failureMessages":[],"meta":{},"tags":[]},{"ancestorTitles":["Dark Mode Support","Component Dark Mode"],"fullName":"Dark Mode Support Component Dark Mode should have dark mode support in table","status":"passed","title":"should have dark mode support in table","duration":1.048877000000175,"failureMessages":[],"meta":{},"tags":[]},{"ancestorTitles":["Dark Mode Support","Component Dark Mode"],"fullName":"Dark Mode Support Component Dark Mode should have dark mode support in loading state","status":"passed","title":"should have dark mode support in loading state","duration":3.391153999999915,"failureMessages":[],"meta":{},"tags":[]},{"ancestorTitles":["Dark Mode Support","Component Dark Mode"],"fullName":"Dark Mode Support Component Dark Mode should have dark mode support in error state","status":"passed","title":"should have dark mode support in error state","duration":1.8546440000000075,"failureMessages":[],"meta":{},"tags":[]},{"ancestorTitles":["Dark Mode Support","Component Dark Mode"],"fullName":"Dark Mode Support Component Dark Mode should have dark mode support in empty state","status":"passed","title":"should have dark mode support in empty state","duration":0.8371070000002874,"failureMessages":[],"meta":{},"tags":[]},{"ancestorTitles":["Dark Mode Support","Evidence Dark Mode"],"fullName":"Dark Mode Support Evidence Dark Mode should have dark mode support in evidence items","status":"passed","title":"should have dark mode support in evidence items","duration":0.6662169999999605,"failureMessages":[],"meta":{},"tags":[]}],"startTime":1785835428021,"endTime":1785835428046.6663,"status":"passed","message":"","name":"/home/vasantha/AI-Projects/ClariFin_OS/frontend/app/transactions/__tests__/dark-mode.test.tsx"},{"assertionResults":[{"ancestorTitles":["Integration Tests","Full User Flow"],"fullName":"Integration Tests Full User Flow should support complete user workflow","status":"passed","title":"should support complete user workflow","duration":4.9008349999999155,"failureMessages":[],"meta":{},"tags":[]},{"ancestorTitles":["Integration Tests","Full User Flow"],"fullName":"Integration Tests Full User Flow should have all required components in workspace","status":"passed","title":"should have all required components in workspace","duration":0.8036310000002231,"failureMessages":[],"meta":{},"tags":[]},{"ancestorTitles":["Integration Tests","Data Flow"],"fullName":"Integration Tests Data Flow should follow architecture flow: Backend -> API -> DTO -> Mapper -> ViewModel","status":"passed","title":"should follow architecture flow: Backend -> API -> DTO -> Mapper -> ViewModel","duration":0.9627610000002278,"failureMessages":[],"meta":{},"tags":[]},{"ancestorTitles":["Integration Tests","Data Flow"],"fullName":"Integration Tests Data Flow should use React Query for data fetching","status":"passed","title":"should use React Query for data fetching","duration":0.8878329999997732,"failureMessages":[],"meta":{},"tags":[]},{"ancestorTitles":["Integration Tests","State Management"],"fullName":"Integration Tests State Management should have consistent state across all features","status":"passed","title":"should have consistent state across all features","duration":0.7864800000002106,"failureMessages":[],"meta":{},"tags":[]},{"ancestorTitles":["Integration Tests","Error Handling"],"fullName":"Integration Tests Error Handling should handle errors gracefully","status":"passed","title":"should handle errors gracefully","duration":0.7235310000000936,"failureMessages":[],"meta":{},"tags":[]},{"ancestorTitles":["Integration Tests","Error Handling"],"fullName":"Integration Tests Error Handling should support retry mechanism","status":"passed","title":"should support retry mechanism","duration":0.7521199999996497,"failureMessages":[],"meta":{},"tags":[]},{"ancestorTitles":["Integration Tests","Loading States"],"fullName":"Integration Tests Loading States should show loading state during data fetch","status":"passed","title":"should show loading state during data fetch","duration":0.46547499999996944,"failureMessages":[],"meta":{},"tags":[]},{"ancestorTitles":["Integration Tests","Loading States"],"fullName":"Integration Tests Loading States should show loading timeout after 10 seconds","status":"passed","title":"should show loading timeout after 10 seconds","duration":0.8334030000000894,"failureMessages":[],"meta":{},"tags":[]}],"startTime":1785835437631,"endTime":1785835437643.8335,"status":"passed","message":"","name":"/home/vasantha/AI-Projects/ClariFin_OS/frontend/app/transactions/__tests__/integration.test.tsx"},{"assertionResults":[{"ancestorTitles":["Responsive Design","Breakpoint Classes"],"fullName":"Responsive Design Breakpoint Classes should have responsive padding classes","status":"passed","title":"should have responsive padding classes","duration":10.37352299999975,"failureMessages":[],"meta":{},"tags":[]},{"ancestorTitles":["Responsive Design","Breakpoint Classes"],"fullName":"Responsive Design Breakpoint Classes should have responsive flex direction","status":"passed","title":"should have responsive flex direction","duration":0.752748999999767,"failureMessages":[],"meta":{},"tags":[]},{"ancestorTitles":["Responsive Design","Breakpoint Classes"],"fullName":"Responsive Design Breakpoint Classes should have responsive text visibility","status":"passed","title":"should have responsive text visibility","duration":0.8961290000002009,"failureMessages":[],"meta":{},"tags":[]},{"ancestorTitles":["Responsive Design","Mobile Layout"],"fullName":"Responsive Design Mobile Layout should stack vertically on mobile","status":"passed","title":"should stack vertically on mobile","duration":3.8614809999999125,"failureMessages":[],"meta":{},"tags":[]},{"ancestorTitles":["Responsive Design","Mobile Layout"],"fullName":"Responsive Design Mobile Layout should wrap buttons on mobile","status":"passed","title":"should wrap buttons on mobile","duration":0.9218950000004043,"failureMessages":[],"meta":{},"tags":[]},{"ancestorTitles":["Responsive Design","Desktop Layout"],"fullName":"Responsive Design Desktop Layout should layout horizontally on desktop","status":"passed","title":"should layout horizontally on desktop","duration":0.756836999999905,"failureMessages":[],"meta":{},"tags":[]},{"ancestorTitles":["Responsive Design","Table Responsiveness"],"fullName":"Responsive Design Table Responsiveness should hide columns on mobile","status":"passed","title":"should hide columns on mobile","duration":0.5581039999997301,"failureMessages":[],"meta":{},"tags":[]},{"ancestorTitles":["Responsive Design","Table Responsiveness"],"fullName":"Responsive Design Table Responsiveness should have responsive widths","status":"passed","title":"should have responsive widths","duration":0.4743429999998625,"failureMessages":[],"meta":{},"tags":[]},{"ancestorTitles":["Responsive Design","Drawer Responsiveness"],"fullName":"Responsive Design Drawer Responsiveness should be full-width on mobile","status":"passed","title":"should be full-width on mobile","duration":0.9358330000000024,"failureMessages":[],"meta":{},"tags":[]},{"ancestorTitles":["Responsive Design","Drawer Responsiveness"],"fullName":"Responsive Design Drawer Responsiveness should be constrained on desktop","status":"passed","title":"should be constrained on desktop","duration":0.8230199999998149,"failureMessages":[],"meta":{},"tags":[]}],"startTime":1785835454407,"endTime":1785835454427.823,"status":"passed","message":"","name":"/home/vasantha/AI-Projects/ClariFin_OS/frontend/app/transactions/__tests__/responsive.test.tsx"},{"assertionResults":[{"ancestorTitles":["User Behavior","Workspace States"],"fullName":"User Behavior Workspace States should render empty state when no transactions","status":"passed","title":"should render empty state when no transactions","duration":211.60069699999985,"failureMessages":[],"meta":{},"tags":[]},{"ancestorTitles":["User Behavior","Workspace States"],"fullName":"User Behavior Workspace States should have main role for accessibility","status":"passed","title":"should have main role for accessibility","duration":491.6487129999996,"failureMessages":[],"meta":{},"tags":[]},{"ancestorTitles":["User Behavior","Workspace States"],"fullName":"User Behavior Workspace States should have proper aria-label","status":"passed","title":"should have proper aria-label","duration":27.330353000000287,"failureMessages":[],"meta":{},"tags":[]},{"ancestorTitles":["User Behavior","Keyboard Navigation"],"fullName":"User Behavior Keyboard Navigation should have keyboard event handlers for shortcuts","status":"passed","title":"should have keyboard event handlers for shortcuts","duration":1.55004099999951,"failureMessages":[],"meta":{},"tags":[]},{"ancestorTitles":["User Behavior","User Actions"],"fullName":"User Behavior User Actions should support search action","status":"passed","title":"should support search action","duration":1.0249739999999292,"failureMessages":[],"meta":{},"tags":[]},{"ancestorTitles":["User Behavior","User Actions"],"fullName":"User Behavior User Actions should support filter action","status":"passed","title":"should support filter action","duration":0.9343090000002121,"failureMessages":[],"meta":{},"tags":[]},{"ancestorTitles":["User Behavior","User Actions"],"fullName":"User Behavior User Actions should support sort action","status":"passed","title":"should support sort action","duration":0.8557270000001154,"failureMessages":[],"meta":{},"tags":[]},{"ancestorTitles":["User Behavior","User Actions"],"fullName":"User Behavior User Actions should support group action","status":"passed","title":"should support group action","duration":1.7176970000000438,"failureMessages":[],"meta":{},"tags":[]},{"ancestorTitles":["User Behavior","User Actions"],"fullName":"User Behavior User Actions should support selection action","status":"passed","title":"should support selection action","duration":2.246006000000307,"failureMessages":[],"meta":{},"tags":[]},{"ancestorTitles":["User Behavior","User Actions"],"fullName":"User Behavior User Actions should support bulk action","status":"passed","title":"should support bulk action","duration":0.9884600000004866,"failureMessages":[],"meta":{},"tags":[]},{"ancestorTitles":["User Behavior","Evidence Interaction"],"fullName":"User Behavior Evidence Interaction should open evidence drawer on row click","status":"passed","title":"should open evidence drawer on row click","duration":1.7109799999998359,"failureMessages":[],"meta":{},"tags":[]},{"ancestorTitles":["User Behavior","Evidence Interaction"],"fullName":"User Behavior Evidence Interaction should close evidence drawer on escape","status":"passed","title":"should close evidence drawer on escape","duration":0.5700010000000475,"failureMessages":[],"meta":{},"tags":[]},{"ancestorTitles":["User Behavior","Pagination"],"fullName":"User Behavior Pagination should support page change","status":"passed","title":"should support page change","duration":1.0747650000002977,"failureMessages":[],"meta":{},"tags":[]},{"ancestorTitles":["User Behavior","Pagination"],"fullName":"User Behavior Pagination should support limit change","status":"passed","title":"should support limit change","duration":1.8241040000002613,"failureMessages":[],"meta":{},"tags":[]},{"ancestorTitles":["User Behavior","Responsive Behavior"],"fullName":"User Behavior Responsive Behavior should have responsive classes for mobile","status":"passed","title":"should have responsive classes for mobile","duration":1.017428000000109,"failureMessages":[],"meta":{},"tags":[]},{"ancestorTitles":["User Behavior","Dark Mode"],"fullName":"User Behavior Dark Mode should have dark mode classes","status":"passed","title":"should have dark mode classes","duration":1.025151000000733,"failureMessages":[],"meta":{},"tags":[]}],"startTime":1785835348300,"endTime":1785835349053.0251,"status":"passed","message":"","name":"/home/vasantha/AI-Projects/ClariFin_OS/frontend/app/transactions/__tests__/user-behavior.test.tsx"},{"assertionResults":[{"ancestorTitles":["EvidenceDrawer"],"fullName":"EvidenceDrawer should render when open","status":"passed","title":"should render when open","duration":172.00203799999963,"failureMessages":[],"meta":{},"tags":[]},{"ancestorTitles":["EvidenceDrawer"],"fullName":"EvidenceDrawer should not render when closed","status":"passed","title":"should not render when closed","duration":12.263977000000523,"failureMessages":[],"meta":{},"tags":[]},{"ancestorTitles":["EvidenceDrawer"],"fullName":"EvidenceDrawer should display evidence summary with correct count","status":"passed","title":"should display evidence summary with correct count","duration":41.28165199999967,"failureMessages":[],"meta":{},"tags":[]},{"ancestorTitles":["EvidenceDrawer"],"fullName":"EvidenceDrawer should display evidence list with all items","status":"passed","title":"should display evidence list with all items","duration":23.6421049999999,"failureMessages":[],"meta":{},"tags":[]},{"ancestorTitles":["EvidenceDrawer"],"fullName":"EvidenceDrawer should show loading state in evidence list","status":"passed","title":"should show loading state in evidence list","duration":61.82587100000001,"failureMessages":[],"meta":{},"tags":[]},{"ancestorTitles":["EvidenceDrawer"],"fullName":"EvidenceDrawer should show error state in evidence list","status":"passed","title":"should show error state in evidence list","duration":36.08067099999971,"failureMessages":[],"meta":{},"tags":[]},{"ancestorTitles":["EvidenceDrawer"],"fullName":"EvidenceDrawer should show empty state when no evidence","status":"passed","title":"should show empty state when no evidence","duration":24.61203000000023,"failureMessages":[],"meta":{},"tags":[]},{"ancestorTitles":["EvidenceDrawer"],"fullName":"EvidenceDrawer should call onClose when sheet closes","status":"passed","title":"should call onClose when sheet closes","duration":16.70228599999973,"failureMessages":[],"meta":{},"tags":[]},{"ancestorTitles":["EvidenceDrawer"],"fullName":"EvidenceDrawer should handle empty evidence array","status":"passed","title":"should handle empty evidence array","duration":18.537107000000105,"failureMessages":[],"meta":{},"tags":[]},{"ancestorTitles":["EvidenceDrawer"],"fullName":"EvidenceDrawer should calculate average confidence correctly","status":"passed","title":"should calculate average confidence correctly","duration":19.01022699999976,"failureMessages":[],"meta":{},"tags":[]},{"ancestorTitles":["EvidenceDrawer"],"fullName":"EvidenceDrawer should handle evidence with no confidence values","status":"passed","title":"should handle evidence with no confidence values","duration":16.187105999999403,"failureMessages":[],"meta":{},"tags":[]}],"startTime":1785835354543,"endTime":1785835354985.187,"status":"passed","message":"","name":"/home/vasantha/AI-Projects/ClariFin_OS/frontend/components/evidence/__tests__/evidence-drawer.test.tsx"},{"assertionResults":[{"ancestorTitles":["Evidence Performance"],"fullName":"Evidence Performance should render evidence drawer with 100 items","status":"passed","title":"should render evidence drawer with 100 items","duration":450.04087600000094,"failureMessages":[],"meta":{},"tags":[]},{"ancestorTitles":["Evidence Performance"],"fullName":"Evidence Performance should render evidence list with 100 items","status":"passed","title":"should render evidence list with 100 items","duration":287.16649700000016,"failureMessages":[],"meta":{},"tags":[]},{"ancestorTitles":["Evidence Performance"],"fullName":"Evidence Performance should render evidence item component","status":"passed","title":"should render evidence item component","duration":45.07062600000063,"failureMessages":[],"meta":{},"tags":[]},{"ancestorTitles":["Evidence Performance"],"fullName":"Evidence Performance should handle large evidence arrays without memory issues","status":"passed","title":"should handle large evidence arrays without memory issues","duration":3527.2804699999997,"failureMessages":[],"meta":{},"tags":[]},{"ancestorTitles":["Evidence Performance"],"fullName":"Evidence Performance should calculate average confidence efficiently","status":"passed","title":"should calculate average confidence efficiently","duration":3700.957446999999,"failureMessages":[],"meta":{},"tags":[]}],"startTime":1785835292801,"endTime":1785835300811.9575,"status":"passed","message":"","name":"/home/vasantha/AI-Projects/ClariFin_OS/frontend/components/evidence/__tests__/evidence-performance.test.tsx"},{"assertionResults":[{"ancestorTitles":["GraphContextPanel — Milestone 7","Empty entityId"],"fullName":"GraphContextPanel — Milestone 7 Empty entityId shows \"No relationships found\" when no entityId is provided","status":"passed","title":"shows \"No relationships found\" when no entityId is provided","duration":167.33873900000071,"failureMessages":[],"meta":{},"tags":[]},{"ancestorTitles":["GraphContextPanel — Milestone 7","Loading and Content"],"fullName":"GraphContextPanel — Milestone 7 Loading and Content renders relationship nodes with labels","status":"passed","title":"renders relationship nodes with labels","duration":117.6188060000004,"failureMessages":[],"meta":{},"tags":[]},{"ancestorTitles":["GraphContextPanel — Milestone 7","Loading and Content"],"fullName":"GraphContextPanel — Milestone 7 Loading and Content displays node count in header","status":"passed","title":"displays node count in header","duration":45.36415400000078,"failureMessages":[],"meta":{},"tags":[]},{"ancestorTitles":["GraphContextPanel — Milestone 7","Loading and Content"],"fullName":"GraphContextPanel — Milestone 7 Loading and Content shows monetary values when present","status":"passed","title":"shows monetary values when present","duration":40.694488000001,"failureMessages":[],"meta":{},"tags":[]},{"ancestorTitles":["GraphContextPanel — Milestone 7","Empty State"],"fullName":"GraphContextPanel — Milestone 7 Empty State shows \"No relationships found\" when no nodes returned","status":"passed","title":"shows \"No relationships found\" when no nodes returned","duration":20.507417999999234,"failureMessages":[],"meta":{},"tags":[]},{"ancestorTitles":["GraphContextPanel — Milestone 7","Error Handling"],"fullName":"GraphContextPanel — Milestone 7 Error Handling shows error message when loading throws","status":"passed","title":"shows error message when loading throws","duration":18.44145600000047,"failureMessages":[],"meta":{},"tags":[]},{"ancestorTitles":["GraphContextPanel — Milestone 7","Node Capping (max 20)"],"fullName":"GraphContextPanel — Milestone 7 Node Capping (max 20) caps nodes at 20 per architecture spec §5.5","status":"passed","title":"caps nodes at 20 per architecture spec §5.5","duration":82.55407000000014,"failureMessages":[],"meta":{},"tags":[]},{"ancestorTitles":["GraphContextPanel — Milestone 7","Node Click — Selection Delegation"],"fullName":"GraphContextPanel — Milestone 7 Node Click — Selection Delegation delegates selection to SelectionRuntime on node click","status":"passed","title":"delegates selection to SelectionRuntime on node click","duration":81.14218600000095,"failureMessages":[],"meta":{},"tags":[]},{"ancestorTitles":["GraphContextPanel — Milestone 7","Invariant: Investigative Only"],"fullName":"GraphContextPanel — Milestone 7 Invariant: Investigative Only uses depth=1 for context panel (1-hop relationships)","status":"passed","title":"uses depth=1 for context panel (1-hop relationships)","duration":36.88875100000041,"failureMessages":[],"meta":{},"tags":[]}],"startTime":1785835350730,"endTime":1785835351342.8887,"status":"passed","message":"","name":"/home/vasantha/AI-Projects/ClariFin_OS/frontend/components/graph/__tests__/graph-context-panel.test.tsx"},{"assertionResults":[{"ancestorTitles":["GraphEvidencePanel — Milestone 7","High Confidence (>= 80%)"],"fullName":"GraphEvidencePanel — Milestone 7 High Confidence (>= 80%) displays confidence badge as positive","status":"passed","title":"displays confidence badge as positive","duration":287.7994269999999,"failureMessages":[],"meta":{},"tags":[]},{"ancestorTitles":["GraphEvidencePanel — Milestone 7","High Confidence (>= 80%)"],"fullName":"GraphEvidencePanel — Milestone 7 High Confidence (>= 80%) shows evidence items","status":"passed","title":"shows evidence items","duration":56.06364200000007,"failureMessages":[],"meta":{},"tags":[]},{"ancestorTitles":["GraphEvidencePanel — Milestone 7","High Confidence (>= 80%)"],"fullName":"GraphEvidencePanel — Milestone 7 High Confidence (>= 80%) shows calculation steps","status":"passed","title":"shows calculation steps","duration":45.60009900000023,"failureMessages":[],"meta":{},"tags":[]},{"ancestorTitles":["GraphEvidencePanel — Milestone 7","High Confidence (>= 80%)"],"fullName":"GraphEvidencePanel — Milestone 7 High Confidence (>= 80%) shows source references","status":"passed","title":"shows source references","duration":38.9741039999999,"failureMessages":[],"meta":{},"tags":[]},{"ancestorTitles":["GraphEvidencePanel — Milestone 7","High Confidence (>= 80%)"],"fullName":"GraphEvidencePanel — Milestone 7 High Confidence (>= 80%) shows trace path when available","status":"passed","title":"shows trace path when available","duration":73.0717510000004,"failureMessages":[],"meta":{},"tags":[]},{"ancestorTitles":["GraphEvidencePanel — Milestone 7","Low Confidence (< 80%)"],"fullName":"GraphEvidencePanel — Milestone 7 Low Confidence (< 80%) displays confidence badge as warning","status":"passed","title":"displays confidence badge as warning","duration":35.57067999999981,"failureMessages":[],"meta":{},"tags":[]},{"ancestorTitles":["GraphEvidencePanel — Milestone 7","Low Confidence (< 80%)"],"fullName":"GraphEvidencePanel — Milestone 7 Low Confidence (< 80%) applies dashed border to low-confidence evidence","status":"passed","title":"applies dashed border to low-confidence evidence","duration":36.64373500000056,"failureMessages":[],"meta":{},"tags":[]},{"ancestorTitles":["GraphEvidencePanel — Milestone 7","No Evidence"],"fullName":"GraphEvidencePanel — Milestone 7 No Evidence renders without evidence section when empty","status":"passed","title":"renders without evidence section when empty","duration":25.1562100000001,"failureMessages":[],"meta":{},"tags":[]},{"ancestorTitles":["GraphEvidencePanel — Milestone 7","No Payload"],"fullName":"GraphEvidencePanel — Milestone 7 No Payload shows \"No evidence available\" when explain returns null","status":"passed","title":"shows \"No evidence available\" when explain returns null","duration":8.667187000000013,"failureMessages":[],"meta":{},"tags":[]},{"ancestorTitles":["GraphEvidencePanel — Milestone 7","Source Navigation"],"fullName":"GraphEvidencePanel — Milestone 7 Source Navigation calls onNavigate when source is clicked","status":"passed","title":"calls onNavigate when source is clicked","duration":77.02132000000074,"failureMessages":[],"meta":{},"tags":[]},{"ancestorTitles":["GraphEvidencePanel — Milestone 7","Closing"],"fullName":"GraphEvidencePanel — Milestone 7 Closing calls onClose when close button is clicked","status":"passed","title":"calls onClose when close button is clicked","duration":41.790366000000176,"failureMessages":[],"meta":{},"tags":[]},{"ancestorTitles":["GraphEvidencePanel — Milestone 7","Invariant: Evidence is traceable to source"],"fullName":"GraphEvidencePanel — Milestone 7 Invariant: Evidence is traceable to source every evidence item has a source reference","status":"passed","title":"every evidence item has a source reference","duration":69.36194999999952,"failureMessages":[],"meta":{},"tags":[]},{"ancestorTitles":["GraphEvidencePanel — Milestone 7","Invariant: Evidence is traceable to source"],"fullName":"GraphEvidencePanel — Milestone 7 Invariant: Evidence is traceable to source low confidence evidence is visually distinct","status":"passed","title":"low confidence evidence is visually distinct","duration":21.199862999999823,"failureMessages":[],"meta":{},"tags":[]}],"startTime":1785835335705,"endTime":1785835336526.2,"status":"passed","message":"","name":"/home/vasantha/AI-Projects/ClariFin_OS/frontend/components/graph/__tests__/graph-evidence-panel.test.tsx"},{"assertionResults":[{"ancestorTitles":["GraphOverlay — Milestone 7","Rendering"],"fullName":"GraphOverlay — Milestone 7 Rendering renders the overlay with header and controls","status":"passed","title":"renders the overlay with header and controls","duration":480.696194000001,"failureMessages":[],"meta":{},"tags":[]},{"ancestorTitles":["GraphOverlay — Milestone 7","Rendering"],"fullName":"GraphOverlay — Milestone 7 Rendering displays node and edge counts in status bar","status":"passed","title":"displays node and edge counts in status bar","duration":88.22644899999977,"failureMessages":[],"meta":{},"tags":[]},{"ancestorTitles":["GraphOverlay — Milestone 7","Rendering"],"fullName":"GraphOverlay — Milestone 7 Rendering shows entity ID in header when provided","status":"passed","title":"shows entity ID in header when provided","duration":68.8735400000005,"failureMessages":[],"meta":{},"tags":[]},{"ancestorTitles":["GraphOverlay — Milestone 7","Rendering"],"fullName":"GraphOverlay — Milestone 7 Rendering shows trigger in status bar","status":"passed","title":"shows trigger in status bar","duration":82.91766900000039,"failureMessages":[],"meta":{},"tags":[]},{"ancestorTitles":["GraphOverlay — Milestone 7","Rendering"],"fullName":"GraphOverlay — Milestone 7 Rendering renders layout control buttons","status":"passed","title":"renders layout control buttons","duration":730.3062340000015,"failureMessages":[],"meta":{},"tags":[]},{"ancestorTitles":["GraphOverlay — Milestone 7","Dismissal"],"fullName":"GraphOverlay — Milestone 7 Dismissal calls onDismiss when X button is clicked","status":"passed","title":"calls onDismiss when X button is clicked","duration":176.92741399999977,"failureMessages":[],"meta":{},"tags":[]},{"ancestorTitles":["GraphOverlay — Milestone 7","Dismissal"],"fullName":"GraphOverlay — Milestone 7 Dismissal renders search input","status":"passed","title":"renders search input","duration":120.19128099999944,"failureMessages":[],"meta":{},"tags":[]},{"ancestorTitles":["GraphOverlay — Milestone 7","Keyboard Shortcuts"],"fullName":"GraphOverlay — Milestone 7 Keyboard Shortcuts closes on Escape key","status":"passed","title":"closes on Escape key","duration":356.3979619999991,"failureMessages":[],"meta":{},"tags":[]},{"ancestorTitles":["GraphOverlay — Milestone 7","Keyboard Shortcuts"],"fullName":"GraphOverlay — Milestone 7 Keyboard Shortcuts does not close on other keys","status":"passed","title":"does not close on other keys","duration":136.89322300000094,"failureMessages":[],"meta":{},"tags":[]},{"ancestorTitles":["GraphOverlay — Milestone 7","Evidence Panel"],"fullName":"GraphOverlay — Milestone 7 Evidence Panel shows evidence panel after node click","status":"passed","title":"shows evidence panel after node click","duration":153.22385199999917,"failureMessages":[],"meta":{},"tags":[]},{"ancestorTitles":["GraphOverlay — Milestone 7","Evidence Panel"],"fullName":"GraphOverlay — Milestone 7 Evidence Panel hides evidence panel when closed","status":"passed","title":"hides evidence panel when closed","duration":125.98490200000015,"failureMessages":[],"meta":{},"tags":[]},{"ancestorTitles":["GraphOverlay — Milestone 7","Selection Delegation"],"fullName":"GraphOverlay — Milestone 7 Selection Delegation delegates node selection to FinancialGraphRuntime","status":"passed","title":"delegates node selection to FinancialGraphRuntime","duration":122.71852199999921,"failureMessages":[],"meta":{},"tags":[]},{"ancestorTitles":["GraphOverlay — Milestone 7","Selection Delegation"],"fullName":"GraphOverlay — Milestone 7 Selection Delegation publishes GRAPH_NODE_SELECTED event on node click","status":"passed","title":"publishes GRAPH_NODE_SELECTED event on node click","duration":134.8918790000007,"failureMessages":[],"meta":{},"tags":[]},{"ancestorTitles":["GraphOverlay — Milestone 7","Selection Delegation"],"fullName":"GraphOverlay — Milestone 7 Selection Delegation delegates node focus to FinancialGraphRuntime on double click","status":"passed","title":"delegates node focus to FinancialGraphRuntime on double click","duration":90.60233599999992,"failureMessages":[],"meta":{},"tags":[]},{"ancestorTitles":["GraphOverlay — Milestone 7","Invariant: Investigative Only"],"fullName":"GraphOverlay — Milestone 7 Invariant: Investigative Only always renders as fixed overlay (z-index)","status":"passed","title":"always renders as fixed overlay (z-index)","duration":55.77053700000033,"failureMessages":[],"meta":{},"tags":[]},{"ancestorTitles":["GraphOverlay — Milestone 7","Invariant: Investigative Only"],"fullName":"GraphOverlay — Milestone 7 Invariant: Investigative Only shows \"Esc to close\" in status bar","status":"passed","title":"shows \"Esc to close\" in status bar","duration":44.594576000001325,"failureMessages":[],"meta":{},"tags":[]}],"startTime":1785835326686,"endTime":1785835329661.5945,"status":"passed","message":"","name":"/home/vasantha/AI-Projects/ClariFin_OS/frontend/components/graph/__tests__/graph-overlay.test.tsx"},{"assertionResults":[{"ancestorTitles":["Empty State Performance"],"fullName":"Empty State Performance EmptyState renders under 150ms","status":"failed","title":"EmptyState renders under 150ms","duration":173.92697000000044,"failureMessages":["AssertionError: expected 156.8842280000008 to be less than 150\n    at /home/vasantha/AI-Projects/ClariFin_OS/frontend/components/loading/__tests__/empty-state-performa
[...]
\n    at new Promise (<anonymous>)\n    at runWithCancel (file:///home/vasantha/AI-Projects/ClariFin_OS/frontend/node_modules/@vitest/runner/dist/chunk-artifact.js:2323:10)"],"meta":{},"tags":[]},{"ancestorTitles":["Performance Validation — Milestone 10","Chart Container States"],"fullName":"Performance Validation — Milestone 10 Chart Container States error state renders under 30ms","status":"passed","title":"error state renders under 30ms","duration":17.164136999999755,"failureMessages":[],"meta":{},"tags":[]},{"ancestorTitles":["Performance Validation — Milestone 10","Chart Container States"],"fullName":"Performance Validation — Milestone 10 Chart Container States empty state renders under 30ms","status":"failed","title":"empty state renders under 30ms","duration":50.23025299999972,"failureMessages":["AssertionError: expected 47.36946700000044 to be less than 30\n    at /home/vasantha/AI-Projects/ClariFin_OS/frontend/lib/validation/__tests__/performance.test.tsx:100:24\n    at file:///home/vasantha/AI-Projects/ClariFin_OS/frontend/node_modules/@vitest/runner/dist/chunk-artifact.js:302:11\n    at file:///home/vasantha/AI-Projects/ClariFin_OS/frontend/node_modules/@vitest/runner/dist/chunk-artifact.js:1903:26\n    at file:///home/vasantha/AI-Projects/ClariFin_OS/frontend/node_modules/@vitest/runner/dist/chunk-artifact.js:2326:20\n    at new Promise (<anonymous>)\n    at runWithCancel (file:///home/vasantha/AI-Projects/ClariFin_OS/frontend/node_modules/@vitest/runner/dist/chunk-artifact.js:2323:10)\n    at file:///home/vasantha/AI-Projects/ClariFin_OS/frontend/node_modules/@vitest/runner/dist/chunk-artifact.js:2305:20\n    at new Promise (<anonymous>)\n    at runWithTimeout (file:///home/vasantha/AI-Projects/ClariFin_OS/frontend/node_modules/@vitest/runner/dist/chunk-artifact.js:2272:10)\n    at file:///home/vasantha/AI-Projects/ClariFin_OS/frontend/node_modules/@vitest/runner/dist/chunk-artifact.js:2955:64"],"meta":{},"tags":[]},{"ancestorTitles":["Performance Validation — Milestone 10","Chart Container States"],"fullName":"Performance Validation — Milestone 10 Chart Container States state priority: loading > error > empty","status":"failed","title":"state priority: loading > error > empty","duration":18.23114700000042,"failureMessages":["AssertionError: expected '' to contain 'Chart'\n    at /home/vasantha/AI-Projects/ClariFin_OS/frontend/lib/validation/__tests__/performance.test.tsx:107:37\n    at file:///home/vasantha/AI-Projects/ClariFin_OS/frontend/node_modules/@vitest/runner/dist/chunk-artifact.js:302:11\n    at file:///home/vasantha/AI-Projects/ClariFin_OS/frontend/node_modules/@vitest/runner/dist/chunk-artifact.js:1903:26\n    at file:///home/vasantha/AI-Projects/ClariFin_OS/frontend/node_modules/@vitest/runner/dist/chunk-artifact.js:2326:20\n    at new Promise (<anonymous>)\n    at runWithCancel (file:///home/vasantha/AI-Projects/ClariFin_OS/frontend/node_modules/@vitest/runner/dist/chunk-artifact.js:2323:10)\n    at file:///home/vasantha/AI-Projects/ClariFin_OS/frontend/node_modules/@vitest/runner/dist/chunk-artifact.js:2305:20\n    at new Promise (<anonymous>)\n    at runWithTimeout (file:///home/vasantha/AI-Projects/ClariFin_OS/frontend/node_modules/@vitest/runner/dist/chunk-artifact.js:2272:10)\n    at file:///home/vasantha/AI-Projects/ClariFin_OS/frontend/node_modules/@vitest/runner/dist/chunk-artifact.js:2955:64"],"meta":{},"tags":[]}],"startTime":1785835308026,"endTime":1785835308932.2312,"status":"failed","message":"","name":"/home/vasantha/AI-Projects/ClariFin_OS/frontend/lib/validation/__tests__/performance.test.tsx"},{"assertionResults":[{"ancestorTitles":["Responsiveness Validation — Milestone 10","Breakpoint Behavior"],"fullName":"Responsiveness Validation — Milestone 10 Breakpoint Behavior Surface renders correctly at desktop width (1280px+)","status":"passed","title":"Surface renders correctly at desktop width (1280px+)","duration":214.36136199999964,"failureMessages":[],"meta":{},"tags":[]},{"ancestorTitles":["Responsiveness Validation — Milestone 10","Breakpoint Behavior"],"fullName":"Responsiveness Validation — Milestone 10 Breakpoint Behavior Surface renders correctly at tablet width (768px-1279px)","status":"passed","title":"Surface renders correctly at tablet width (768px-1279px)","duration":13.66379599999982,"failureMessages":[],"meta":{},"tags":[]},{"ancestorTitles":["Responsiveness Validation — Milestone 10","Breakpoint Behavior"],"fullName":"Responsiveness Validation — Milestone 10 Breakpoint Behavior Surface renders correctly at mobile width (<768px)","status":"passed","title":"Surface renders correctly at mobile width (<768px)","duration":10.801142999999684,"failureMessages":[],"meta":{},"tags":[]},{"ancestorTitles":["Responsiveness Validation — Milestone 10","Density Adaptation"],"fullName":"Responsiveness Validation — Milestone 10 Density Adaptation compact density applies smaller padding","status":"passed","title":"compact density applies smaller padding","duration":7.025198999999702,"failureMessages":[],"meta":{},"tags":[]},{"ancestorTitles":["Responsiveness Validation — Milestone 10","Density Adaptation"],"fullName":"Responsiveness Validation — Milestone 10 Density Adaptation comfortable density applies default padding","status":"failed","title":"comfortable density applies default padding","duration":14.585943999999472,"failureMessages":["Error: \u001b[2mexpect(\u001b[22m\u001b[31melement\u001b[39m\u001b[2m).toHaveClass(\u001b[22m\u001b[32m\u001b[32m\"p-3\"\u001b[32m\u001b[39m\u001b[2m)\u001b[22m\n\nExpected the element to have class:\n\u001b[32m  p-3\u001b[39m\nReceived:\n\u001b[31m  fin-surface transition-all duration-[50ms] ease-out p-4 rounded-[var(--radius-md)]\u001b[39m\n    at Proxy.__VITEST_EXTEND_ASSERTION__ (file:///home/vasantha/AI-Projects/ClariFin_OS/frontend/node_modules/@vitest/expect/dist/index.js:1888:12)\n    at Proxy.<anonymous> (file:///home/vasantha/AI-Projects/ClariFin_OS/frontend/node_modules/@vitest/expect/dist/index.js:1156:15)\n    at Proxy.methodWrapper (file:///home/vasantha/AI-Projects/ClariFin_OS/frontend/node_modules/chai/index.js:1700:25)\n    at /home/vasantha/AI-Projects/ClariFin_OS/frontend/lib/validation/__tests__/responsiveness.test.tsx:42:36\n    at file:///home/vasantha/AI-Projects/ClariFin_OS/frontend/node_modules/@vitest/runner/dist/chunk-artifact.js:302:11\n    at file:///home/vasantha/AI-Projects/ClariFin_OS/frontend/node_modules/@vitest/runner/dist/chunk-artifact.js:1903:26\n    at file:///home/vasantha/AI-Projects/ClariFin_OS/frontend/node_modules/@vitest/runner/dist/chunk-artifact.js:2326:20\n    at new Promise (<anonymous>)\n    at runWithCancel (file:///home/vasantha/AI-Projects/ClariFin_OS/frontend/node_modules/@vitest/runner/dist/chunk-artifact.js:2323:10)\n    at file:///home/vasantha/AI-Projects/ClariFin_OS/frontend/node_modules/@vitest/runner/dist/chunk-artifact.js:2305:20"],"meta":{},"tags":[]},{"ancestorTitles":["Responsiveness Validation — Milestone 10","Density Adaptation"],"fullName":"Responsiveness Validation — Milestone 10 Density Adaptation spacious density applies larger padding","status":"passed","title":"spacious density applies larger padding","duration":19.254775000000336,"failureMessages":[],"meta":{},"tags":[]},{"ancestorTitles":["Responsiveness Validation — Milestone 10","Density Adaptation"],"fullName":"Responsiveness Validation — Milestone 10 Density Adaptation terminal density applies minimal padding","status":"passed","title":"terminal density applies minimal padding","duration":18.249462000000676,"failureMessages":[],"meta":{},"tags":[]},{"ancestorTitles":["Responsiveness Validation — Milestone 10","Card Responsive Behavior"],"fullName":"Responsiveness Validation — Milestone 10 Card Responsive Behavior Card renders with header, body, and footer slots","status":"failed","title":"Card renders with header, body, and footer slots","duration":44.740687000000435,"failureMessages":["Error: Element type is invalid: expected a string (for built-in components) or a class/function (for composite components) but got: undefined. You likely forgot to export your component from the file it's defined in, or you might have mixed up default and named imports.\n    at createFiberFromTypeAndProps (/home/vasantha/AI-Projects/ClariFin_OS/frontend/node_modules/react-dom/cjs/react-dom-client.development.js:5021:28)\n    at createFiberFromElement (/home/vasantha/AI-Projects/ClariFin_OS/frontend/node_modules/react-dom/cjs/react-dom-client.development.js:5035:14)\n    at createChild (/home/vasantha/AI-Projects/ClariFin_OS/frontend/node_modules/react-dom/cjs/react-dom-client.development.js:6338:26)\n    at reconcileChildrenArray (/home/vasantha/AI-Projects/ClariFin_OS/frontend/node_modules/react-dom/cjs/react-dom-client.development.js:6670:25)\n    at reconcileChildFibersImpl (/home/vasantha/AI-Projects/ClariFin_OS/frontend/node_modules/react-dom/cjs/react-dom-client.development.js:6993:30)\n    at /home/vasantha/AI-Projects/ClariFin_OS/frontend/node_modules/react-dom/cjs/react-dom-client.development.js:7098:33\n    at reconcileChildren (/home/vasantha/AI-Projects/ClariFin_OS/frontend/node_modules/react-dom/cjs/react-dom-client.development.js:9701:13)\n    at beginWork (/home/vasantha/AI-Projects/ClariFin_OS/frontend/node_modules/react-dom/cjs/react-dom-client.development.js:12049:13)\n    at runWithFiberInDEV (/home/vasantha/AI-Projects/ClariFin_OS/frontend/node_modules/react-dom/cjs/react-dom-client.development.js:874:13)\n    at performUnitOfWork (/home/vasantha/AI-Projects/ClariFin_OS/frontend/node_modules/react-dom/cjs/react-dom-client.development.js:17641:22)"],"meta":{},"tags":[]},{"ancestorTitles":["Responsiveness Validation — Milestone 10","Card Responsive Behavior"],"fullName":"Responsiveness Validation — Milestone 10 Card Responsive Behavior Card with scrollable body","status":"failed","title":"Card with scrollable body","duration":32.06664499999988,"failureMessages":["Error: Element type is invalid: expected a string (for built-in components) or a class/function (for composite components) but got: undefined. You likely forgot to export your component from the file it's defined in, or you might have mixed up default and named imports.\n    at createFiberFromTypeAndProps (/home/vasantha/AI-Projects/ClariFin_OS/frontend/node_modules/react-dom/cjs/react-dom-client.development.js:5021:28)\n    at createFiberFromElement (/home/vasantha/AI-Projects/ClariFin_OS/frontend/node_modules/react-dom/cjs/react-dom-client.development.js:5035:14)\n    at reconcileChildFibersImpl (/home/vasantha/AI-Projects/ClariFin_OS/frontend/node_modules/react-dom/cjs/react-dom-client.development.js:6920:31)\n    at /home/vasantha/AI-Projects/ClariFin_OS/frontend/node_modules/react-dom/cjs/react-dom-client.development.js:7098:33\n    at reconcileChildren (/home/vasantha/AI-Projects/ClariFin_OS/frontend/node_modules/react-dom/cjs/react-dom-client.development.js:9701:13)\n    at beginWork (/home/vasantha/AI-Projects/ClariFin_OS/frontend/node_modules/react-dom/cjs/react-dom-client.development.js:12049:13)\n    at runWithFiberInDEV (/home/vasantha/AI-Projects/ClariFin_OS/frontend/node_modules/react-dom/cjs/react-dom-client.development.js:874:13)\n    at performUnitOfWork (/home/vasantha/AI-Projects/ClariFin_OS/frontend/node_modules/react-dom/cjs/react-dom-client.development.js:17641:22)\n    at workLoopSync (/home/vasantha/AI-Projects/ClariFin_OS/frontend/node_modules/react-dom/cjs/react-dom-client.development.js:17469:41)\n    at renderRootSync (/home/vasantha/AI-Projects/ClariFin_OS/frontend/node_modules/react-dom/cjs/react-dom-client.development.js:17450:11)"],"meta":{},"tags":[]},{"ancestorTitles":["Responsiveness Validation — Milestone 10","Layout Adaptation"],"fullName":"Responsiveness Validation — Milestone 10 Layout Adaptation Surface adapts to different density levels","status":"passed","title":"Surface adapts to different density levels","duration":137.72092900000007,"failureMessages":[],"meta":{},"tags":[]},{"ancestorTitles":["Responsiveness Validation — Milestone 10","Layout Adaptation"],"fullName":"Responsiveness Validation — Milestone 10 Layout Adaptation Surface variant changes visual appearance","status":"passed","title":"Surface variant changes visual appearance","duration":84.70121599999948,"failureMessages":[],"meta":{},"tags":[]},{"ancestorTitles":["Responsiveness Validation — Milestone 10","Z-Index Hierarchy"],"fullName":"Responsiveness Validation — Milestone 10 Z-Index Hierarchy Surface respects z-index tokens","status":"passed","title":"Surface respects z-index tokens","duration":16.32092400000056,"failureMessages":[],"meta":{},"tags":[]}],"startTime":1785835303758,"endTime":1785835304373.321,"status":"failed","message":"","name":"/home/vasantha/AI-Projects/ClariFin_OS/frontend/lib/validation/__tests__/responsiveness.test.tsx"},{"assertionResults":[{"ancestorTitles":["Utils Alias Test"],"fullName":"Utils Alias Test resolves @/lib/utils","status":"passed","title":"resolves @/lib/utils","duration":3.565309999999954,"failureMessages":[],"meta":{},"tags":[]}],"startTime":1785835463710,"endTime":1785835463713.5654,"status":"passed","message":"","name":"/home/vasantha/AI-Projects/ClariFin_OS/frontend/lib/validation/__tests__/test-utils.test.tsx"},{"assertionResults":[{"ancestorTitles":["LRUCache"],"fullName":"LRUCache stores and retrieves values","status":"passed","title":"stores and retrieves values","duration":11.598585999999159,"failureMessages":[],"meta":{},"tags":[]},{"ancestorTitles":["LRUCache"],"fullName":"LRUCache evicts least recently used when full","status":"passed","title":"evicts least recently used when full","duration":4.7052730000004885,"failureMessages":[],"meta":{},"tags":[]},{"ancestorTitles":["LRUCache"],"fullName":"LRUCache promotes accessed entries to MRU","status":"passed","title":"promotes accessed entries to MRU","duration":1.3351410000004762,"failureMessages":[],"meta":{},"tags":[]},{"ancestorTitles":["LRUCache"],"fullName":"LRUCache updates value on duplicate key without changing access order","status":"passed","title":"updates value on duplicate key without changing access order","duration":6.82206000000042,"failureMessages":[],"meta":{},"tags":[]},{"ancestorTitles":["LRUCache"],"fullName":"LRUCache deletes specific keys","status":"passed","title":"deletes specific keys","duration":0.9856989999998405,"failureMessages":[],"meta":{},"tags":[]},{"ancestorTitles":["LRUCache"],"fullName":"LRUCache clears all entries","status":"passed","title":"clears all entries","duration":5.6878850000002785,"failureMessages":[],"meta":{},"tags":[]},{"ancestorTitles":["LRUCache"],"fullName":"LRUCache returns LRU key","status":"passed","title":"returns LRU key","duration":0.9322689999999056,"failureMessages":[],"meta":{},"tags":[]},{"ancestorTitles":["LRUCache"],"fullName":"LRUCache returns null for empty cache","status":"passed","title":"returns null for empty cache","duration":0.6257359999999608,"failureMessages":[],"meta":{},"tags":[]},{"ancestorTitles":["WorkspaceStateSnapshot"],"fullName":"WorkspaceStateSnapshot captures and retrieves a snapshot","status":"passed","title":"captures and retrieves a snapshot","duration":1.8826859999999215,"failureMessages":[],"meta":{},"tags":[]},{"ancestorTitles":["WorkspaceStateSnapshot"],"fullName":"WorkspaceStateSnapshot returns null for missing snapshot","status":"passed","title":"returns null for missing snapshot","duration":3.820314000000508,"failureMessages":[],"meta":{},"tags":[]},{"ancestorTitles":["WorkspaceStateSnapshot"],"fullName":"WorkspaceStateSnapshot removes a snapshot","status":"passed","title":"removes a snapshot","duration":0.6945880000002944,"failureMessages":[],"meta":{},"tags":[]},{"ancestorTitles":["WorkspaceStateSnapshot"],"fullName":"WorkspaceStateSnapshot clears all snapshots","status":"passed","title":"clears all snapshots","duration":0.6486369999993258,"failureMessages":[],"meta":{},"tags":[]},{"ancestorTitles":["WorkspaceStateSnapshot"],"fullName":"WorkspaceStateSnapshot lists all snapshot keys","status":"passed","title":"lists all snapshot keys","duration":5.604209000000083,"failureMessages":[],"meta":{},"tags":[]},{"ancestorTitles":["WorkspaceLifecycleManager"],"fullName":"WorkspaceLifecycleManager starts with no transitions","status":"passed","title":"starts with no transitions","duration":5.8643330000004426,"failureMessages":[],"meta":{},"tags":[]},{"ancestorTitles":["WorkspaceLifecycleManager"],"fullName":"WorkspaceLifecycleManager activates a workspace as cold-mount when not cached","status":"passed","title":"activates a workspace as cold-mount when not cached","duration":1.3024219999997513,"failureMessages":[],"meta":{},"tags":[]},{"ancestorTitles":["WorkspaceLifecycleManager"],"fullName":"WorkspaceLifecycleManager restores a workspace when cached","status":"passed","title":"restores a workspace when cached","duration":8.357074999999895,"failureMessages":[],"meta":{},"tags":[]},{"ancestorTitles":["WorkspaceLifecycleManager"],"fullName":"WorkspaceLifecycleManager captures snapshot of outgoing workspace on switch","status":"passed","title":"captures snapshot of outgoing workspace on switch","duration":0.7706240000006801,"failureMessages":[],"meta":{},"tags":[]},{"ancestorTitles":["WorkspaceLifecycleManager"],"fullName":"WorkspaceLifecycleManager starts a transition","status":"passed","title":"starts a transition","duration":10.83198099999936,"failureMessages":[],"meta":{},"tags":[]},{"ancestorTitles":["WorkspaceLifecycleManager"],"fullName":"WorkspaceLifecycleManager ends a transition","status":"passed","title":"ends a transition","duration":0.9969500000006519,"failureMessages":[],"meta":{},"tags":[]},{"ancestorTitles":["WorkspaceLifecycleManager"],"fullName":"WorkspaceLifecycleManager checks transition completion after duration","status":"passed","title":"checks transition completion after duration","duration":8.817105000000083,"failureMessages":[],"meta":{},"tags":[]},{"ancestorTitles":["WorkspaceLifecycleManager"],"fullName":"WorkspaceLifecycleManager deactivates a mounted workspace into cache","status":"passed","title":"deactivates a mounted workspace into cache","duration":0.9374780000007377,"failureMessages":[],"meta":{},"tags":[]},{"ancestorTitles":["WorkspaceLifecycleManager"],"fullName":"WorkspaceLifecycleManager destroys a workspace completely","status":"passed","title":"destroys a workspace completely","duration":5.983172000000195,"failureMessages":[],"meta":{},"tags":[]},{"ancestorTitles":["WorkspaceLifecycleManager"],"fullName":"WorkspaceLifecycleManager enforces max cache size of 5","status":"passed","title":"enforces max cache size of 5","duration":3.5814760000002934,"failureMessages":[],"meta":{},"tags":[]},{"ancestorTitles":["WorkspaceLifecycleManager"],"fullName":"WorkspaceLifecycleManager promotes accessed workspace in cache","status":"passed","title":"promotes accessed workspace in cache","duration":1.3745269999999437,"failureMessages":[],"meta":{},"tags":[]},{"ancestorTitles":["WorkspaceLifecycleManager"],"fullName":"WorkspaceLifecycleManager reset clears all state","status":"passed","title":"reset clears all state","duration":0.8001720000002024,"failureMessages":[],"meta":{},"tags":[]},{"ancestorTitles":["WorkspaceLifecycleManager"],"fullName":"WorkspaceLifecycleManager getMountRecord returns undefined for unknown workspace","status":"passed","title":"getMountRecord returns undefined for unknown workspace","duration":0.461076999999932,"failureMessages":[],"meta":{},"tags":[]},{"ancestorTitles":["WorkspaceLifecycleManager"],"fullName":"WorkspaceLifecycleManager ensuresMounted creates or promotes record","status":"passed","title":"ensuresMounted creates or promotes record","duration":3.121205999999802,"failureMessages":[],"meta":{},"tags":[]}],"startTime":1785835415653,"endTime":1785835415757.121,"status":"passed","message":"","name":"/home/vasantha/AI-Projects/ClariFin_OS/frontend/lib/workspace/__tests__/workspace-lifecycle.test.ts"}]}