<?xml version="1.0" encoding="utf-8"?><testsuites name="pytest tests"><testsuite name="pytest" errors="0" failures="0" skipped="0" tests="38" time="0.274" timestamp="2026-09-04T23:07:08.317402+00:00" hostname="vasantha-Lenovo-IdeaPad-S145-15IWL"><testcase classname="tests.capability.account_management.test_capability.TestAccountManagementCapability" name="test_import_account_engine" time="0.135" /><testcase classname="tests.capability.account_management.test_capability.TestAccountManagementCapability" name="test_golden_dataset_account_scenario" time="0.001" /><testcase classname="tests.capability.credit_cards.test_capability.TestCreditCardsCapability" name="test_import_credit_card_engine" time="0.009" /><testcase classname="tests.capability.credit_cards.test_capability.TestCreditCardsCapability" name="test_golden_dataset_credit_card_scenario" time="0.001" /><testcase classname="tests.capability.debt_management.test_capability.TestDebtManagementCapability" name="test_import_loan_engine" time="0.001" /><testcase classname="tests.capability.debt_management.test_capability.TestDebtManagementCapability" name="test_golden_dataset_loan_scenario" time="0.001" /><testcase classname="tests.capability.financial_events.test_capability.TestFinancialEventsCapability" name="test_import_financial_events_engine" time="0.001" /><testcase classname="tests.capability.financial_events.test_capability.TestFinancialEventsCapability" name="test_import_lineage_walker" time="0.001" /><testcase classname="tests.capability.financial_events.test_capability.TestFinancialEventsCapability" name="test_golden_dataset_with_financial_events" time="0.001" /><testcase classname="tests.capability.financial_events.test_revocation" name="test_revocation_within_window" time="0.002" /><testcase classname="tests.capability.financial_events.test_revocation" name="test_revocation_outside_window" time="0.001" /><testcase classname="tests.capability.financial_events.test_revocation" name="test_auto_revoke_failed_transfer" time="0.001" /><testcase classname="tests.capability.financial_events.test_revocation" name="test_revocation_lookback_window" time="0.000" /><testcase classname="tests.capability.financial_health.test_capability.TestFinancialHealthCapability" name="test_import_behaviour_engine" time="0.004" /><testcase classname="tests.capability.financial_health.test_capability.TestFinancialHealthCapability" name="test_golden_dataset_behaviour_scenario" time="0.001" /><testcase classname="tests.capability.financial_intelligence.test_capability.TestFinancialIntelligenceCapability" name="test_import_financial_intelligence_engine" time="0.001" /><testcase classname="tests.capability.financial_intelligence.test_capability.TestFinancialIntelligenceCapability" name="test_public_api_exports" time="0.000" /><testcase classname="tests.capability.financial_intelligence.test_capability.TestFinancialIntelligenceCapability" name="test_intelligence_report_produces_valid_structure" time="0.000" /><testcase classname="tests.capability.financial_intelligence.test_capability.TestFinancialIntelligenceCapability" name="test_optimization_plan_wiring" time="0.000" /><testcase classname="tests.capability.financial_intelligence.test_capability.TestFinancialIntelligenceCapability" name="test_goal_projection_paise_invariant" time="0.000" /><testcase classname="tests.capability.financial_intelligence.test_capability.TestFinancialIntelligenceCapability" name="test_scenario_comparison_wiring" time="0.000" /><testcase classname="tests.capability.forecasting.test_capability.TestForecastingCapability" name="test_import_forecasting_engine" time="0.001" /><testcase classname="tests.capability.forecasting.test_capability.TestForecastingCapability" name="test_golden_dataset_forecasting_scenario" time="0.001" /><testcase classname="tests.capability.household_cashflow.test_capability.TestHouseholdCashflowCapability" name="test_import_cashflow_engine" time="0.001" /><testcase classname="tests.capability.household_cashflow.test_capability.TestHouseholdCashflowCapability" name="test_cashflow_engine_produces_valid_result" time="0.000" /><testcase classname="tests.capability.household_cashflow.test_capability.TestHouseholdCashflowCapability" name="test_golden_dataset_roundtrip" time="0.001" /><testcase classname="tests.capability.pattern_analysis.test_capability.TestPatternAnalysisCapability" name="test_import_pattern_engine" time="0.001" /><testcase classname="tests.capability.pattern_analysis.test_capability.TestPatternAnalysisCapability" name="test_golden_dataset_pattern_scenario" time="0.001" /><testcase classname="tests.capability.recommendations.test_capability.TestRecommendationsCapability" name="test_import_recommendation_engine" time="0.002" /><testcase classname="tests.capability.recommendations.test_capability.TestRecommendationsCapability" name="test_golden_dataset_recommendation_scenario" time="0.001" /><testcase classname="tests.capability.reconciliation.test_capability.TestReconciliationCapability" name="test_import_reconciliation_engine" time="0.001" /><testcase classname="tests.capability.reconciliation.test_capability.TestReconciliationCapability" name="test_golden_dataset_reconciliation_scenario" time="0.001" /><testcase classname="tests.capability.transaction_intelligence.test_capability.TestTransactionIntelligenceCapability" name="test_import_transaction_intelligence_engine" time="0.001" /><testcase classname="tests.capability.transaction_intelligence.test_capability.TestTransactionIntelligenceCapability" name="test_golden_dataset_transaction_scenario" time="0.001" /><testcase classname="tests.capability.transaction_intelligence.test_capability.TestTransactionIntelligenceCapability" name="test_public_api_exports" time="0.000" /><testcase classname="tests.capability.transaction_intelligence.test_capability.TestTransactionIntelligenceCapability" name="test_emi_detection_capability_wiring" time="0.000" /><testcase classname="tests.capability.transaction_intelligence.test_capability.TestTransactionIntelligenceCapability" name="test_cash_conversion_detection_capability_wiring" time="0.000" /><testcase classname="tests.capability.transaction_intelligence.test_capability.TestTransactionIntelligenceCapability" name="test_cc_payment_detection_capability_wiring" time="0.000" /></testsuite></testsuites>