<?xml version="1.0" encoding="utf-8"?><testsuites name="pytest tests"><testsuite name="pytest" errors="0" failures="1" skipped="0" tests="27" time="27.104" timestamp="2026-09-18T03:11:18.324352+00:00" hostname="vasantha-Lenovo-IdeaPad-S145-15IWL"><properties>
[...]
</properties><testcase classname="tests.invariants._m4_probe_live.test_m4_exit_probe" name="test_m4_probe" time="0.057"><failure message="AssertionError: M4 exit probe: intentionally failing">backend/tests/invariants/_m4_probe_live/test_m4_exit_probe.py:2: in test_m4_probe
    raise AssertionError("M4 exit probe: intentionally failing")
E   AssertionError: M4 exit probe: intentionally failing</failure></testcase><testcase classname="tests.invariants.test_account" name="test_account_invariant_module_exists" time="0.000" /><testcase classname="tests.invariants.test_cashflow_invariants" name="test_cashflow_invariants" time="0.000" /><testcase classname="tests.invariants.test_credit" name="test_credit_invariant_module_exists" time="0.000" /><testcase classname="tests.invariants.test_determinism" name="test_replay_stability" time="4.393" /><testcase classname="tests.invariants.test_determinism" name="test_insert_order_independence" time="0.170" /><testcase classname="tests.invariants.test_determinism" name="test_duplicate_prevention" time="0.228" /><testcase classname="tests.invariants.test_determinism" name="test_update_prevention" time="0.157" /><testcase classname="tests.invariants.test_determinism" name="test_delete_prevention" time="0.158" /><testcase classname="tests.invariants.test_determinism" name="test_date_iso_migration" time="0.169" /><testcase classname="tests.invariants.test_determinism" name="test_account_scoped_determinism" time="0.443" /><testcase classname="tests.invariants.test_determinism" name="test_hash_signature_uniqueness" time="0.170" /><testcase classname="tests.invariants.test_loan" name="test_loan_invariants" time="0.003" /><testcase classname="tests.invariants.test_money" name="test_money_invariants" time="0.002" /><testcase classname="tests.invariants.test_reconciliation_determinism" name="test_match_uniqueness_property" time="1.214" /><testcase classname="tests.invariants.test_reconciliation_determinism" name="test_deterministic_matching_property" time="1.097" /><testcase classname="tests.invariants.test_reconciliation_determinism" name="test_no_cycles_property" time="1.119" /><testcase classname="tests.invariants.test_reconciliation_determinism" name="test_bipartite_matching_property" time="1.150" /><testcase classname="tests.invariants.test_reconciliation_determinism" name="test_edge_cases_property" time="1.882" /><testcase classname="tests.invariants.test_reconciliation_determinism" name="test_deterministic_matching" time="0.374" /><testcase classname="tests.invariants.test_reconciliation_properties" name="test_match_uniqueness_property" time="3.258" /><testcase classname="tests.invariants.test_reconciliation_properties" name="test_deterministic_matching_property" time="3.144" /><testcase classname="tests.invariants.test_reconciliation_properties" name="test_no_cycles_property" time="3.034" /><testcase classname="tests.invariants.test_reconciliation_properties" name="test_bipartite_matching_property" time="3.111" /><testcase classname="tests.invariants.test_reconciliation_properties" name="test_edge_cases_property" time="1.333" /><testcase classname="tests.invariants.test_statement" name="test_statement_invariant_module_exists" time="0.001" /><testcase classname="tests.invariants.test_transaction" name="test_transaction_invariant_module_exists" time="0.001" /></testsuite></testsuites>