<?xml version="1.0" encoding="utf-8"?><testsuites name="pytest tests"><testsuite name="pytest" errors="0" failures="0" skipped="0" tests="289" time="15.197" timestamp="2026-09-04T23:05:15.999907+00:00" hostname="vasantha-Lenovo-IdeaPad-S145-15IWL"><properties>
[...]
</properties><testcase classname="tests.properties.behaviour.test_engine_properties.TestBehaviourEngineProperties" name="test_income_stability_range" time="0.197" /><testcase classname="tests.properties.behaviour.test_engine_properties.TestBehaviourEngineProperties" name="test_debt_cycle_score_range" time="0.020" /><testcase classname="tests.properties.behaviour.test_engine_properties.TestBehaviourEngineProperties" name="test_normalize_score_bounds" time="0.026" /><testcase classname="tests.properties.behaviour.test_engine_properties.TestBehaviourEngineProperties" name="test_normalize_score_default_bounds" time="0.014" /><testcase classname="tests.properties.behaviour.test_engine_properties.TestBehaviourEngineProperties" name="test_coefficient_of_variation_non_negative" time="0.024" /><testcase classname="tests.properties.behaviour.test_engine_properties.TestBehaviourEngineProperties" name="test_coefficient_of_variation_single_value" time="0.020" /><testcase classname="tests.properties.behaviour.test_engine_properties.TestBehaviourEngineProperties" name="test_moving_average_length" time="0.028" /><testcase classname="tests.properties.behaviour.test_engine_properties.TestBehaviourEngineProperties" name="test_impulsivity_score_bounds" time="0.076" /><testcase classname="tests.properties.behaviour.test_engine_properties.TestBehaviourEngineProperties" name="test_habit_stability_score_bounds" time="0.175" /><testcase classname="tests.properties.behaviour.test_engine_properties.TestBehaviourEngineProperties" name="test_loss_aversion_index_bounds" time="0.098" /><testcase classname="tests.properties.behaviour.test_engine_properties.TestBehaviourEngineProperties" name="test_financial_stress_index_bounds" time="0.094" /><testcase classname="tests.properties.behaviour.test_engine_properties.TestBehaviourEngineProperties" name="test_savings_discipline_score_bounds" time="0.124" /><testcase classname="tests.properties.behaviour.test_engine_properties.TestBehaviourEngineProperties" name="test_temporal_patterns_deterministic" time="0.136" /><testcase classname="tests.properties.behaviour.test_engine_properties.TestBehaviourEngineProperties" name="test_india_risk_patterns_deterministic" time="0.087" /><testcase classname="tests.properties.behaviour.test_engine_properties.TestAccountEngineProperties" name="test_average_balance_integer" time="0.029" /><testcase classname="tests.properties.behaviour.test_engine_properties.TestAccountEngineProperties" name="test_balance_change_identity" time="0.020" /><testcase classname="tests.properties.cashflow.test_behavioral_strengthening" name="test_no_events_cash_surplus_true_savings_and_classification" time="0.001" /><testcase classname="tests.properties.cashflow.test_behavioral_strengthening" name="test_zero_cash_surplus_without_credit_is_deficit" time="0.000" /><testcase classname="tests.properties.cashflow.test_behavioral_strengthening" name="test_credit_advance_records_fee_liability_and_credit_funded" time="0.000" /><testcase classname="tests.properties.cashflow.test_behavioral_strengthening" name="test_deficit_classification_without_credit" time="0.000" /><testcase classname="tests.properties.cashflow.test_behavioral_strengthening" name="test_deficit_covered_by_credit_classification" time="0.000" /><testcase classname="tests.properties.cashflow.test_behavioral_strengthening" name="test_surplus_with_credit_events_classified_surplus" time="0.001" /><testcase classname="tests.properties.cashflow.test_behavioral_strengthening" name="test_credit_dependency_ratio_with_expense" time="0.001" /><testcase classname="tests.properties.cashflow.test_behavioral_strengthening" name="test_zero_expense_yields_zero_credit_dependency_ratio" time="0.001" /><testcase classname="tests.properties.cashflow.test_behavioral_strengthening" name="test_liability_increase_records_liability_without_fee" time="0.000" /><testcase classname="tests.properties.cashflow.test_behavioral_strengthening" name="test_non_credit_event_only_affects_asset_change" time="0.000" /><testcase classname="tests.properties.cashflow.test_engine_properties.TestCashflowEngineProperties" name="test_cashflow_result_invariants_hold" time="0.069" /><testcase classname="tests.properties.cashflow.test_engine_properties.TestCashflowEngineProperties" name="test_cashflow_no_events_true_savings" time="0.018" /><testcase classname="tests.properties.cashflow.test_engine_properties.TestCashflowEngineProperties" name="test_cashflow_classification_valid" time="0.066" /><testcase classname="tests.properties.cashflow.test_engine_properties.TestCashflowEngineProperties" name="test_cashflow_surplus_classification" time="0.020" /><testcase classname="tests.properties.credit_card_engine.test_billing_properties" name="test_compute_due_date_invariants" time="0.033" /><testcase classname="tests.properties.credit_card_engine.test_billing_properties" name="test_compute_next_statement_date_invariants" time="0.058" /><testcase classname="tests.properties.credit_card_engine.test_billing_properties" name="test_compute_statement_dates_invariants" time="0.041" /><testcase classname="tests.properties.credit_card_engine.test_billing_properties" name="test_compute_minimum_due_invariants" time="0.055" /><testcase classname="tests.properties.credit_card_engine.test_billing_properties" name="test_compute_minimum_due_math_accuracy" time="0.031" /><testcase classname="tests.properties.credit_card_engine.test_billing_properties" name="test_minimum_due_proportionality" time="0.026" /><testcase classname="tests.properties.credit_card_engine.test_billing_properties" name="test_minimum_due_floor_effects" time="0.018" /><testcase classname="tests.properties.credit_card_engine.test_billing_properties" name="test_minimum_due_percentage_effects" time="0.018" /><testcase classname="tests.properties.credit_card_engine.test_billing_properties" name="test_statement_date_month_end_safety" time="0.023" /><testcase classname="tests.properties.credit_card_engine.test_billing_properties" name="test_due_date_cross_month_boundary" time="0.020" /><testcase classname="tests.properties.credit_card_engine.test_billing_properties" name="test_minimum_due_edge_cases" time="0.010" /><testcase classname="tests.properties.credit_card_engine.test_billing_properties" name="test_compute_financial_metrics_invariants" time="0.054" /><testcase classname="tests.properties.credit_card_engine.test_billing_properties" name="test_compute_financial_metrics_utilization_boundary" time="0.052" /><testcase classname="tests.properties.credit_card_engine.test_billing_properties" name="test_compute_financial_metrics_available_credit" time="0.031" /><testcase classname="tests.properties.credit_card_engine.test_billing_properties" name="test_compute_outstanding_invariants" time="0.053" /><testcase classname="tests.properties.credit_card_engine.test_billing_properties" name="test_compute_outstanding_zero_payment_edge_case" time="0.034" /><testcase classname="tests.properties.credit_card_engine.test_billing_properties" name="test_compute_outstanding_math_accuracy" time="0.032" /><testcase classname="tests.properties.credit_card_engine.test_billing_properties" name="test_compute_utilization_invariants" time="0.043" /><testcase classname="tests.properties.credit_card_engine.test_billing_properties" name="test_compute_utilization_math_accuracy" time="0.109" /><testcase classname="tests.properties.credit_card_engine.test_billing_properties" name="test_compute_available_credit_invariants" time="0.044" /><testcase classname="tests.properties.credit_card_engine.test_billing_properties" name="test_compute_available_credit_math_accuracy" time="0.026" /><testcase classname="tests.properties.credit_card_engine.test_emi_properties" name="test_compute_emi_conversion_invariants" time="0.058" /><testcase classname="tests.properties.credit_card_engine.test_emi_properties" name="test_compute_emi_conversion_math_accuracy" time="0.036" /><testcase classname="tests.properties.credit_card_engine.test_emi_properties" name="test_emi_proportionality" time="0.036" /><testcase classname="tests.properties.credit_card_engine.test_emi_properties" name="test_emi_tenure_effects" time="0.033" /><testcase classname="tests.properties.credit_card_engine.test_emi_properties" name="test_zero_interest_emi" time="0.019" /><testcase classname="tests.properties.credit_card_engine.test_emi_properties" name="test_short_tenure_emi" time="0.020" /><testcase classname="tests.properties.credit_card_engine.test_emi_properties" name="test_long_tenure_emi" time="0.020" /><testcase classname="tests.properties.credit_card_engine.test_emi_properties" name="test_emi_consistency" time="0.012" /><testcase classname="tests.properties.credit_card_engine.test_emi_properties" name="test_emi_edge_cases" time="0.011" /><testcase classname="tests.properties.credit_card_engine.test_emi_properties" name="test_emi_rounding_consistency" time="0.009" /><testcase classname="tests.properties.credit_card_engine.test_interest_properties" name="test_bps_to_daily_rate_invariants" time="0.016" /><testcase classname="tests.properties.credit_card_engine.test_interest_properties" name="test_compute_daily_interest_invariants" time="0.056" /><testcase classname="tests.properties.credit_card_engine.test_interest_properties" name="test_compute_daily_interest_math_accuracy" time="0.025" /><testcase classname="tests.properties.credit_card_engine.test_interest_properties" name="test_compute_monthly_interest_charge_invariants" time="0.086" /><testcase classname="tests.properties.credit_card_engine.test_interest_properties" name="test_compute_monthly_interest_charge_math_accuracy" time="0.059" /><testcase classname="tests.properties.credit_card_engine.test_interest_properties" name="test_compute_monthly_interest_simple_invariants" time="0.035" /><testcase classname="tests.properties.credit_card_engine.test_interest_properties" name="test_compute_monthly_interest_simple_math_accuracy" time="0.023" /><testcase classname="tests.properties.credit_card_engine.test_interest_properties" name="test_interest_methods_consistency" time="0.022" /><testcase classname="tests.properties.credit_card_engine.test_interest_properties" name="test_zero_interest_scenarios" time="0.018" /><testcase classname="tests.properties.credit_card_engine.test_interest_properties" name="test_rounding_consistency" time="0.017" /><testcase classname="tests.properties.credit_card_engine.test_interest_properties" name="test_interest_proportionality" time="0.019" /><testcase classname="tests.properties.credit_card_engine.test_interest_properties" name="test_large_balance_scenarios" time="0.014" /><testcase classname="tests.properties.credit_card_engine.test_interest_properties" name="test_edge_case_rates" time="0.012" /><testcase classname="tests.properties.credit_cards.test_engine_properties.TestCreditCardStatementProperties" name="test_emi_conversion_invariants" time="0.023" /><testcase classname="tests.properties.credit_cards.test_engine_properties.TestCreditCardStatementProperties" name="test_outstanding_non_negative" time="0.019" /><testcase classname="tests.properties.credit_cards.test_engine_properties.TestStatementDetectionProperties" name="test_emi_detection_returns_none_for_random" time="0.037" /><testcase classname="tests.properties.credit_cards.test_engine_properties.TestCreditEngineProperties" name="test_emi_conversion_properties" time="0.023" /><testcase classname="tests.properties.credit_cards.test_engine_properties.TestCreditEngineProperties" name="test_utilization_bps_bounds" time="0.018" /><testcase classname="tests.properties.credit_cards.test_engine_properties.TestCreditCardInterestProperties" name="test_daily_interest_non_negative" time="0.045" /><testcase classname="tests.properties.credit_cards.test_engine_properties.TestCreditCardInterestProperties" name="test_daily_interest_rounding_precision" time="0.046" /><testcase classname="tests.properties.credit_cards.test_engine_properties.TestCreditCardInterestProperties" name="test_daily_interest_proportionality" time="0.062" /><testcase classname="tests.properties.credit_cards.test_engine_properties.TestCreditCardInterestProperties" name="test_daily_interest_sign_invariance" time="0.043" /><testcase classname="tests.properties.credit_cards.test_engine_properties.TestCreditCardInterestProperties" name="test_monthly_interest_non_negative" time="0.058" /><testcase classname="tests.properties.credit_cards.test_engine_properties.TestCreditCardInterestProperties" name="test_monthly_interest_simple_non_negative" time="0.029" /><testcase classname="tests.properties.credit_cards.test_engine_properties.TestCreditCardInterestProperties" name="test_daily_interest_rejects_invalid_inputs" time="0.019" /><testcase classname="tests.properties.credit_cards.test_engine_properties.TestCreditCardInterestProperties" name="test_monthly_interest_simple_rejects_invalid_inputs" time="0.021" /><testcase classname="tests.properties.financial_events.test_engine_properties" name="test_walk_lineage_returns_valid_proposal" time="0.023" /><testcase classname="tests.properties.financial_events.test_engine_properties" name="test_walk_lineage_no_duplicate_links" time="0.026" /><testcase classname="tests.properties.financial_events.test_engine_properties" name="test_walk_lineage_repayment_earlier_than_advance" time="0.023" /><testcase classname="tests.properties.financial_events.test_engine_properties" name="test_walk_lineage_settled_outstanding_non_negative" time="0.036" /><testcase classname="tests.properties.financial_events.test_engine_properties" name="test_walk_lineage_link_count_matches_updates" time="0.029" /><testcase classname="tests.properties.financial_events.test_engine_properties" name="test_walk_lineage_all_events_same_account_isolated" time="0.037" /><testcase classname="tests.properties.financial_events.test_engine_properties" name="test_walk_lineage_repayment_state_filter" time="0.043" /><testcase classname="tests.properties.financial_events.test_engine_properties" name="test_walk_lineage_advance_state_filter" time="0.025" /><testcase classname="tests.properties.financial_events.test_engine_properties" name="test_walk_lineage_monotonic_outstanding" time="0.032" /><testcase classname="tests.properties.financial_events.test_engine_properties" name="test_detect_rollover_returns_valid_proposal" time="0.037" /><testcase classname="tests.properties.financial_events.test_engine_properties" name="test_detect_rollover_lookback_respected" time="0.033" /><testcase classname="tests.properties.financial_events.test_engine_properties" name="test_detect_rollover_only_open_advances" time="0.032" /><testcase classname="tests.properties.financial_events.test_engine_properties" name="test_detect_rollover_requires_positive_liability_change" time="0.008" /><testcase classname="tests.properties.financial_events.test_engine_properties" name="test_detect_rollover_target_after_source" time="0.032" /><testcase classname="tests.properties.financial_events.test_engine_properties" name="test_both_functions_return_valid_structure" time="0.024" /><testcase classname="tests.properties.financial_events.test_lineage_properties" name="test_lineage_graph_acyclic" time="0.064" /><testcase classname="tests.properties.financial_events.test_lineage_properties" name="test_lineage_deterministic_output" time="0.068" /><testcase classname="tests.properties.financial_events.test_lineage_properties" name="test_lineage_no_duplicate_events" time="0.044" /><testcase classname="tests.properties.financial_events.test_lineage_properties" name="test_lineage_temporal_ordering" time="0.037" /><testcase classname="tests.properties.financial_events.test_lineage_properties" name="test_lineage_input_validation_duplicate_ids" time="0.068" /><testcase classname="tests.properties.financial_events.test_lineage_properties" name="test_lineage_input_validation_future_timestamps" time="0.067" /><testcase classname="tests.properties.financial_events.test_lineage_properties" name="test_lineage_edge_case_single_event" time="0.012" /><testcase classname="tests.properties.financial_events.test_lineage_properties" name="test_lineage_edge_case_zero_events" time="0.002" /><testcase classname="tests.properties.financial_intelligence.test_optimization_properties.TestEmergencyFundProperties" name="test_target_is_product" time="0.027" /><testcase classname="tests.properties.financial_intelligence.test_optimization_properties.TestGoalProjectionProperties" name="test_already_achieved_fast_path" time="0.041" /><testcase classname="tests.properties.financial_intelligence.test_optimization_properties.TestGoalProjectionProperties" name="test_no_forecast_never_achieved" time="0.178" /><testcase classname="tests.properties.financial_intelligence.test_optimization_properties.TestGoalProjectionProperties" name="test_projection_months_monotone_with_surplus" time="0.035" /><testcase classname="tests.properties.financial_intelligence.test_optimization_properties.TestDebtPayoffProperties" name="test_payoff_months_consistent" time="0.033" /><testcase classname="tests.properties.financial_intelligence.test_optimization_properties.TestDebtPayoffProperties" name="test_allocation_ratio_zero_never_finishes" time="0.032" /><testcase classname="tests.properties.financial_intelligence.test_optimization_properties.TestDebtPayoffProperties" name="test_avalanche_highest_rate_first" time="0.068" /><testcase classname="tests.properties.financial_intelligence.test_optimization_properties.TestRankStrategyProperties" name="test_empty_strategy_never_crashes" time="0.031" /><testcase classname="tests.properties.financial_intelligence.test_optimization_properties.TestRankStrategyProperties" name="test_rank_output_shape" time="0.022" /><testcase classname="tests.properties.financial_intelligence.test_optimization_properties.TestActionScoreProperties" name="test_score_bounded_zero_one" time="0.033" /><testcase classname="tests.properties.financial_intelligence.test_optimization_properties.TestActionScoreProperties" name="test_impact_consistent_with_score" time="0.022" /><testcase classname="tests.properties.financial_intelligence.test_optimization_properties.TestCashAdvanceEntryProperties" name="test_rate_non_negative" time="0.032" /><testcase classname="tests.properties.financial_intelligence.test_optimization_properties.TestCashAdvanceEntryProperties" name="test_zero_fee_zero_rate" time="0.020" /><testcase classname="tests.properties.financial_intelligence.test_optimization_properties.TestHighInterestSumProperties" name="test_only_high_interest_counted" time="0.034" /><testcase classname="tests.properties.financial_intelligence.test_scenario_intelligence_properties.TestExpenseReductionProperties" name="test_cumulative_is_savings_times_months" time="0.029" /><testcase classname="tests.properties.financial_intelligence.test_scenario_intelligence_properties.TestExpenseReductionProperties" name="test_each_month_improved_by_savings" time="0.026" /><testcase classname="tests.properties.financial_intelligence.test_scenario_intelligence_properties.TestIncomeChangeProperties" name="test_cumulative_is_change_times_months" time="0.025" /><testcase classname="tests.properties.financial_intelligence.test_scenario_intelligence_properties.TestIncomeChangeProperties" name="test_revised_surplus_shifted" time="0.030" /><testcase classname="tests.properties.financial_intelligence.test_scenario_intelligence_properties.TestNewLoanProperties" name="test_affordability_consistent_with_foir" time="0.035" /><testcase classname="tests.properties.financial_intelligence.test_scenario_intelligence_properties.TestNewLoanProperties" name="test_zero_rate_emi_is_principal_over_tenure" time="0.033" /><testcase classname="tests.properties.financial_intelligence.test_scenario_intelligence_properties.TestCreditBehaviourProperties" name="test_projection_never_exceeds_current" time="0.036" /><testcase classname="tests.properties.financial_intelligence.test_scenario_intelligence_properties.TestCreditBehaviourProperties" name="test_zero_revolver_is_unchanged" time="0.027" /><testcase classname="tests.properties.financial_intelligence.test_scenario_intelligence_properties.TestCompareScenarioProperties" name="test_delta_is_scenario_minus_baseline" time="0.025" /><testcase classname="tests.properties.financial_intelligence.test_scenario_intelligence_properties.TestCompareScenarioProperties" name="test_identical_inputs_no_messages" time="0.021" /><testcase classname="tests.properties.financial_intelligence.test_scenario_intelligence_properties.TestIntelligenceConfidenceProperties" name="test_confidence_bounded_with_quality_band" time="0.039" /><testcase classname="tests.properties.financial_intelligence.test_scenario_intelligence_properties.TestIntelligenceConfidenceProperties" name="test_months_score_caps_at_three" time="0.022" /><testcase classname="tests.properties.financial_intelligence.test_scenario_intelligence_properties.TestPrioritiesProperties" name="test_priorities_capped_and_ranked" time="0.007" /><testcase classname="tests.properties.financial_intelligence.test_scenario_intelligence_properties.TestPrioritiesProperties" name="test_emergency_injection_threshold" time="0.020" /><testcase classname="tests.properties.financial_intelligence.test_scenario_intelligence_properties.TestHealthScoreProperties" name="test_health_score_bounded" time="0.034" /><testcase classname="tests.properties.financial_intelligence.test_scenario_intelligence_properties.TestHealthScoreProperties" name="test_liquidity_months_non_negative" time="0.023" /><testcase classname="tests.properties.forecasting.test_engine_properties.TestForecastEngineProperties" name="test_forecast_cashflow_returns_dict" time="0.019" /><testcase classname="tests.properties.forecasting.test_engine_properties.TestForecastEngineProperties" name="test_forecast_confidence_in_range" time="0.018" /><testcase classname="tests.properties.forecasting.test_engine_properties.TestForecastEngineProperties" name="test_forecast_result_invariants" time="0.053" /><testcase classname="tests.properties.forecasting.test_engine_properties.TestForecastEngineProperties" name="test_liquidity_forecast_with_funding" time="0.034" /><testcase classname="tests.properties.forecasting.test_engine_properties.TestForecastEngineProperties" name="test_liquidity_projection_monotonicity" time="0.095" /><testcase classname="tests.properties.forecasting.test_engine_properties.TestForecastEngineProperties" name="test_shortfall_detection_monotonicity" time="0.081" /><testcase classname="tests.properties.forecasting.test_engine_properties.TestForecastEngineProperties" name="test_goal_achievability_deterministic" time="0.182" /><testcase classname="tests.properties.forecasting.test_engine_properties.TestForecastEngineProperties" name="test_credit_utilization_bounded" time="0.756" /><testcase classname="tests.properties.forecasting.test_engine_properties.TestForecastEngineProperties" name="test_invalid_input_rejection" time="0.028" /><testcase classname="tests.properties.investment.test_engine_properties.TestInvestmentEngineProperties" name="test_portfolio_value_non_negative" time="0.021" /><testcase classname="tests.properties.investment.test_engine_properties.TestInvestmentEngineProperties" name="test_quantity_positive" time="0.025" /><testcase classname="tests.properties.investment.test_engine_properties.TestInvestmentEngineProperties" name="test_price_positive" time="0.020" /><testcase classname="tests.properties.investment.test_engine_properties.TestInvestmentEngineProperties" name="test_value_is_product" time="0.018" /><testcase classname="tests.properties.lending.test_engine_properties.TestLoanEngineProperties" name="test_loan_amortization_schedule_valid" time="0.041" /><testcase classname="tests.properties.lending.test_engine_properties.TestLoanEngineProperties" name="test_loan_emi_reduces_outstanding" time="0.031" /><testcase classname="tests.properties.lending.test_engine_properties.TestLoanEngineProperties" name="test_loan_prepayment_reduces_interest" time="0.051" /><testcase classname="tests.properties.lending.test_engine_properties.TestLoanEngineProperties" name="test_generate_schedule_invariants" time="0.046" /><testcase classname="tests.properties.lending.test_engine_properties.TestLoanEngineProperties" name="test_emi_calculation_consistency" time="0.038" /><testcase classname="tests.properties.lending.test_engine_properties.TestLoanEngineProperties" name="test_prepayment_interest_saved_non_negative" time="0.054" /><testcase classname="tests.properties.lending.test_engine_properties.TestPrepaymentPenaltyProperties" name="test_prepayment_penalty_bounds" time="0.065" /><testcase classname="tests.properties.lending.test_engine_properties.TestPrepaymentPenaltyProperties" name="test_prepayment_penalty_rounding" time="0.070" /><testcase classname="tests.properties.lending.test_engine_properties.TestPrepaymentPenaltyProperties" name="test_prepayment_penalty_deterministic" time="0.072" /><testcase classname="tests.properties.lending.test_engine_properties.TestPrepaymentPenaltyProperties" name="test_prepayment_penalty_partial_prepayment" time="0.060" /><testcase classname="tests.properties.lending.test_engine_properties.TestCreditCardEngineProperties" name="test_credit_card_utilization_valid" time="0.018" /><testcase classname="tests.properties.lending.test_engine_properties.TestCreditCardEngineProperties" name="test_credit_card_available_credit" time="0.018" /><testcase classname="tests.properties.loan_engine.test_amortization_properties" name="test_generate_schedule_invariants" time="0.167" /><testcase classname="tests.properties.loan_engine.test_amortization_properties" name="test_generate_schedule_fixed_invariants" time="0.079" /><testcase classname="tests.properties.loan_engine.test_amortization_properties" name="test_generate_schedule_floating_invariants" time="0.167" /><testcase classname="tests.properties.loan_engine.test_amortization_properties" name="test_generate_schedule_math_accuracy" time="0.070" /><testcase classname="tests.properties.loan_engine.test_amortization_properties" name="test_total_interest_paise_invariants" time="0.047" /><testcase classname="tests.properties.loan_engine.test_amortization_properties" name="test_total_principal_paise_invariants" time="0.055" /><testcase classname="tests.properties.loan_engine.test_amortization_properties" name="test_zero_interest_schedule" time="0.042" /><testcase classname="tests.properties.loan_engine.test_amortization_properties" name="test_short_tenure_schedule" time="0.022" /><testcase classname="tests.properties.loan_engine.test_amortization_properties" name="test_long_tenure_schedule" time="0.065" /><testcase classname="tests.properties.loan_engine.test_amortization_properties" name="test_schedule_consistency" time="0.019" /><testcase classname="tests.properties.loan_engine.test_amortization_properties" name="test_cumulative_interest_accuracy" time="0.014" /><testcase classname="tests.properties.loan_engine.test_amortization_properties" name="test_date_progression" time="0.014" /><testcase classname="tests.properties.loan_engine.test_amortization_properties" name="test_principal_interest_progression" time="0.014" /><testcase classname="tests.properties.loan_engine.test_amortization_properties" name="test_ill_conditioned_loan_detection" time="0.071" /><testcase classname="tests.properties.loan_engine.test_amortization_properties" name="test_last_month_settlement" time="0.063" /><testcase classname="tests.properties.loan_engine.test_amortization_properties" name="test_interest_rounding_half_even" time="0.064" /><testcase classname="tests.properties.loan_engine.test_amortization_properties" name="test_principal_component_bounds" time="0.064" /><testcase classname="tests.properties.loan_engine.test_amortization_properties" name="test_cumulative_interest_monotonic_non_decreasing" time="0.071" /><testcase classname="tests.properties.loan_engine.test_amortization_properties" name="test_balance_strictly_decreasing" time="0.073" /><testcase classname="tests.properties.loan_engine.test_emi_properties" name="test_compute_emi_fixed_invariants" time="0.063" /><testcase classname="tests.properties.loan_engine.test_emi_properties" name="test_compute_emi_fixed_math_accuracy" time="0.035" /><testcase classname="tests.properties.loan_engine.test_emi_properties" name="test_compute_principal_from_emi_invariants" time="0.212" /><testcase classname="tests.properties.loan_engine.test_emi_properties" name="test_compute_principal_from_emi_math_accuracy" time="0.149" /><testcase classname="tests.properties.loan_engine.test_emi_properties" name="test_compute_tenure_from_emi_invariants" time="0.063" /><testcase classname="tests.properties.loan_engine.test_emi_properties" name="test_compute_tenure_from_emi_consistency" time="0.042" /><testcase classname="tests.properties.loan_engine.test_emi_properties" name="test_compute_emi_floating_invariants" time="0.023" /><testcase classname="tests.properties.loan_engine.test_emi_properties" name="test_zero_interest_emi" time="0.021" /><testcase classname="tests.properties.loan_engine.test_emi_properties" name="test_long_tenure_emi" time="0.024" /><testcase classname="tests.properties.loan_engine.test_floating_rate_properties" name="test_apply_floating_rate_change_invariants" time="0.127" /><testcase classname="tests.properties.loan_engine.test_floating_rate_properties" name="test_apply_floating_rate_change_math_accuracy" time="0.074" /><testcase classname="tests.properties.loan_engine.test_floating_rate_properties" name="test_apply_floating_rate_change_modes" time="0.130" /><testcase classname="tests.properties.loan_engine.test_floating_rate_properties" name="test_simulate_floating_rate_schedule_invariants" time="0.152" /><testcase classname="tests.properties.loan_engine.test_floating_rate_properties" name="test_simulate_floating_rate_schedule_rate_application" time="0.379" /><testcase classname="tests.properties.loan_engine.test_floating_rate_properties" name="test_simulate_floating_rate_schedule_no_changes" time="0.024" /><testcase classname="tests.properties.loan_engine.test_floating_rate_properties" name="test_apply_floating_rate_change_edge_cases" time="0.036" /><testcase classname="tests.properties.loan_engine.test_floating_rate_properties" name="test_floating_rate_change_math_consistency" time="0.020" /><testcase classname="tests.properties.loan_engine.test_floating_rate_properties" name="test_floating_rate_change_zero_rate" time="0.019" /><testcase classname="tests.properties.loan_engine.test_foreclosure_properties" name="test_compute_foreclosure_amount_invariants" time="0.085" /><testcase classname="tests.properties.loan_engine.test_foreclosure_properties" name="test_compute_foreclosure_amount_math_accuracy" time="0.055" /><testcase classname="tests.properties.loan_engine.test_foreclosure_properties" name="test_compute_prepayment_breakup_invariants" time="0.049" /><testcase classname="tests.properties.loan_engine.test_foreclosure_properties" name="test_compute_prepayment_breakup_math_accuracy" time="0.068" /><testcase classname="tests.properties.loan_engine.test_foreclosure_properties" name="test_foreclosure_edge_cases" time="0.053" /><testcase classname="tests.properties.loan_engine.test_foreclosure_properties" name="test_foreclosure_penalty_calculation" time="0.020" /><testcase classname="tests.properties.loan_engine.test_foreclosure_properties" name="test_foreclosure_zero_interest" time="0.016" /><testcase classname="tests.properties.loan_engine.test_foreclosure_properties" name="test_foreclosure_consistency" time="0.017" /><testcase classname="tests.properties.loan_engine.test_metrics_properties" name="test_compute_loan_metrics_invariants" time="0.136" /><testcase classname="tests.properties.loan_engine.test_metrics_properties" name="test_compute_loan_metrics_edge_cases" time="0.028" /><testcase classname="tests.properties.loan_engine.test_metrics_properties" name="test_calculate_interest_saved_invariants" time="0.143" /><testcase classname="tests.properties.loan_engine.test_metrics_properties" name="test_calculate_tenure_saved_invariants" time="0.112" /><testcase classname="tests.properties.loan_engine.test_metrics_properties" name="test_get_interest_component_invariants" time="0.091" /><testcase classname="tests.properties.loan_engine.test_metrics_properties" name="test_get_emi_component_invariants" time="0.023" /><testcase classname="tests.properties.loan_engine.test_metrics_properties" name="test_loan_metrics_math_accuracy" time="0.046" /><testcase classname="tests.properties.loan_engine.test_metrics_properties" name="test_zero_interest_loan_metrics" time="0.013" /><testcase classname="tests.properties.loan_engine.test_metrics_properties" name="test_full_tenure_loan_metrics" time="0.014" /><testcase classname="tests.properties.loan_engine.test_metrics_properties" name="test_partial_tenure_loan_metrics" time="0.015" /><testcase classname="tests.properties.loan_engine.test_prepayment_properties" name="test_compute_tenure_from_emi_edge_cases" time="0.000" /><testcase classname="tests.properties.loan_engine.test_prepayment_properties" name="test_compute_tenure_from_emi_always_positive" time="0.023" /><testcase classname="tests.properties.loan_engine.test_prepayment_properties" name="test_compute_remaining_months_consistency" time="0.028" /><testcase classname="tests.properties.loan_engine.test_prepayment_properties" name="test_apply_prepayment_at_month_invariants" time="0.164" /><testcase classname="tests.properties.loan_engine.test_prepayment_properties" name="test_apply_prepayment_invariants" time="0.072" /><testcase classname="tests.properties.loan_engine.test_prepayment_properties" name="test_apply_prepayment_at_month_math_accuracy" time="0.107" /><testcase classname="tests.properties.loan_engine.test_prepayment_properties" name="test_apply_prepayment_at_month_loan_closure" time="0.075" /><testcase classname="tests.properties.loan_engine.test_prepayment_properties" name="test_apply_prepayment_at_month_reduce_emi_mode" time="0.093" /><testcase classname="tests.properties.loan_engine.test_prepayment_properties" name="test_apply_prepayment_at_month_reduce_tenure_mode" time="0.091" /><testcase classname="tests.properties.loan_engine.test_prepayment_properties" name="test_apply_multiple_prepayments_invariants" time="0.064" /><testcase classname="tests.properties.loan_engine.test_prepayment_properties" name="test_regenerate_schedule_invariants" time="0.059" /><testcase classname="tests.properties.loan_engine.test_prepayment_properties" name="test_regenerate_schedule_math_accuracy" time="0.018" /><testcase classname="tests.properties.recommendations.test_engine_properties.TestNudgeEngineProperties" name="test_nudge_generation" time="0.024" /><testcase classname="tests.properties.reconciliation.test_engine_properties" name="test_date_difference_days" time="0.026" /><testcase classname="tests.properties.reconciliation.test_engine_properties" name="test_description_similarity_bounds" time="0.043" /><testcase classname="tests.properties.reconciliation.test_engine_properties" name="test_confidence_calculation_bounds" time="0.051" /><testcase classname="tests.properties.reconciliation.test_engine_properties" name="test_matching_transactions_have_confidence" time="0.152" /><testcase classname="tests.properties.reconciliation.test_engine_properties" name="test_non_matching_transactions_no_match" time="0.224" /><testcase classname="tests.properties.reconciliation.test_engine_properties" name="test_exact_date_matches_have_higher_confidence" time="0.150" /><testcase classname="tests.properties.reconciliation.test_engine_properties" name="test_same_account_no_match" time="0.189" /><testcase classname="tests.properties.reconciliation.test_engine_properties" name="test_deterministic_key_consistency" time="0.286" /><testcase classname="tests.properties.reconciliation.test_engine_properties" name="test_confidence_date_factors" time="0.040" /><testcase classname="tests.properties.reconciliation.test_engine_properties" name="test_confidence_description_factors" time="0.059" /><testcase classname="tests.properties.reconciliation.test_engine_properties" name="test_confidence_capping" time="0.001" /><testcase classname="tests.properties.reconciliation.test_engine_properties" name="test_confidence_date_diff_zero_returns_08" time="0.042" /><testcase classname="tests.properties.reconciliation.test_engine_properties" name="test_confidence_desc_sim_boundary_07" time="0.057" /><testcase classname="tests.properties.reconciliation.test_engine_properties" name="test_simple_description_similarity_both_keywords" time="0.150" /><testcase classname="tests.properties.reconciliation.test_engine_properties" name="test_simple_description_similarity_one_keyword" time="0.159" /><testcase classname="tests.properties.reconciliation.test_engine_properties" name="test_simple_description_similarity_empty" time="0.086" /><testcase classname="tests.properties.reconciliation.test_engine_properties" name="test_simple_description_similarity_case_insensitive" time="0.172" /><testcase classname="tests.properties.reconciliation.test_engine_properties" name="test_confidence_date_factors_all_branches" time="0.054" /><testcase classname="tests.properties.test_money_invariants.TestMoneyInvariants" name="test_paise_values_are_integers" time="0.001" /><testcase classname="tests.properties.test_money_invariants.TestMoneyInvariants" name="test_paise_negative_handling" time="0.001" /><testcase classname="tests.properties.test_money_invariants.TestMoneyInvariants" name="test_paise_addition_valid" time="0.001" /><testcase classname="tests.properties.test_money_invariants.TestMoneyInvariants" name="test_paise_subtraction_valid" time="0.001" /><testcase classname="tests.properties.test_money_invariants.TestConfidenceInvariants" name="test_confidence_in_valid_range" time="0.001" /><testcase classname="tests.properties.test_money_invariants.TestConfidenceInvariants" name="test_confidence_is_integer" time="0.002" /><testcase classname="tests.properties.test_money_invariants.TestConfidenceInvariants" name="test_confidence_100_percent" time="0.001" /><testcase classname="tests.properties.test_money_invariants.TestSurplusInvariant" name="test_surplus_calculation" time="0.001" /><testcase classname="tests.properties.test_money_invariants.TestSurplusInvariant" name="test_surplus_positive_when_income_exceeds_expense" time="0.001" /><testcase classname="tests.properties.test_money_invariants.TestSurplusInvariant" name="test_surplus_negative_when_expense_exceeds_income" time="0.001" /><testcase classname="tests.properties.test_money_invariants.TestLoanInvariants" name="test_principal_decrease_or_equal" time="0.001" /><testcase classname="tests.properties.test_money_invariants.TestLoanInvariants" name="test_final_balance_non_negative" time="0.001" /><testcase classname="tests.properties.test_money_invariants.TestLoanInvariants" name="test_reducing_balance_trend" time="0.001" /><testcase classname="tests.properties.test_money_invariants.TestForecastInvariants" name="test_forecast_confidence_valid" time="0.001" /><testcase classname="tests.properties.test_money_invariants.TestForecastInvariants" name="test_forecast_values_non_negative_savings" time="0.001" /><testcase classname="tests.properties.transaction_intelligence.test_detector_properties.TestCashConversionProperties" name="test_non_positive_debit_never_detects" time="0.043" /><testcase classname="tests.properties.transaction_intelligence.test_detector_properties.TestCashConversionProperties" name="test_credit_above_debit_never_eligible" time="0.047" /><testcase classname="tests.properties.transaction_intelligence.test_detector_properties.TestCashConversionProperties" name="test_result_confidence_bounded" time="0.046" /><testcase classname="tests.properties.transaction_intelligence.test_detector_properties.TestCashConversionProperties" name="test_fee_arithmetic_reconciles" time="0.047" /><testcase classname="tests.properties.transaction_intelligence.test_detector_properties.TestCashConversionProperties" name="test_fee_bps_non_negative_when_credit_leq_debit" time="0.094" /><testcase classname="tests.properties.transaction_intelligence.test_detector_properties.TestCashConversionProperties" name="test_determine_zone_result_is_valid" time="0.033" /><testcase classname="tests.properties.transaction_intelligence.test_detector_properties.TestCashConversionProperties" name="test_hungarian_assignments_are_one_to_one" time="0.048" /><testcase classname="tests.properties.transaction_intelligence.test_detector_properties.TestCashConversionProperties" name="test_savings_or_current_predicate" time="0.010" /><testcase classname="tests.properties.transaction_intelligence.test_detector_properties.TestCashConversionProperties" name="test_date_difference_antisymmetric" time="0.038" /><testcase classname="tests.properties.transaction_intelligence.test_detector_properties.TestCcPaymentProperties" name="test_card_last4_none_or_four_digits" time="0.033" /><testcase classname="tests.properties.transaction_intelligence.test_detector_properties.TestCcPaymentProperties" name="test_payment_channel_in_known_vocabulary" time="0.048" /><testcase classname="tests.properties.transaction_intelligence.test_detector_properties.TestCcPaymentProperties" name="test_lifecycle_state_consistent_with_amounts" time="0.072" /><testcase classname="tests.properties.transaction_intelligence.test_detector_properties.TestCcPaymentProperties" name="test_unmatched_statement_zeroes_ledger_fields" time="0.036" /><testcase classname="tests.properties.transaction_intelligence.test_detector_properties.TestLoanEmiProperties" name="test_tolerance_symmetric" time="0.130" /><testcase classname="tests.properties.transaction_intelligence.test_detector_properties.TestLoanEmiProperties" name="test_exact_amount_always_within_tolerance" time="0.036" /><testcase classname="tests.properties.transaction_intelligence.test_detector_properties.TestLoanEmiProperties" name="test_date_proximity_symmetric" time="0.040" /><testcase classname="tests.properties.transaction_intelligence.test_detector_properties.TestLoanEmiProperties" name="test_zero_amount_or_guarded_inputs_return_none" time="0.034" /><testcase classname="tests.properties.transaction_intelligence.test_detector_properties.TestLoanEmiProperties" name="test_result_priority_and_confidence_in_vocabulary" time="0.037" /><testcase classname="tests.properties.transaction_intelligence.test_detector_properties.TestLoanEmiProperties" name="test_detection_is_deterministic" time="0.052" /><testcase classname="tests.properties.transaction_intelligence.test_detector_properties.TestLoanEmiProperties" name="test_candidate_filter_returns_subset" time="0.032" /><testcase classname="tests.properties.transaction_intelligence.test_engine_properties.TestTransactionIntelligenceProperties" name="test_amount_non_negative" time="0.026" /><testcase classname="tests.properties.transaction_intelligence.test_engine_properties.TestTransactionIntelligenceProperties" name="test_description_is_string" time="0.009" /><testcase classname="tests.properties.transaction_intelligence.test_engine_properties.TestTransactionIntelligenceProperties" name="test_amount_is_integer" time="0.027" /></testsuite></testsuites>