<?xml version="1.0" encoding="utf-8"?><testsuites name="pytest tests"><testsuite name="pytest" errors="0" failures="0" skipped="0" tests="161" time="63.895" timestamp="2026-09-04T23:05:35.929026+00:00" hostname="vasantha-Lenovo-IdeaPad-S145-15IWL"><testcase classname="tests.contract.generated.test_accounts" name="test_get__api_v1_accounts_contract" time="6.126" /><testcase classname="tests.contract.generated.test_accounts" name="test_post__api_v1_accounts_contract" time="0.317" /><testcase classname="tests.contract.generated.test_accounts" name="test_get__api_v1_accounts_account_id_contract" time="0.336" /><testcase classname="tests.contract.generated.test_accounts" name="test_put__api_v1_accounts_account_id_contract" time="0.344" /><testcase classname="tests.contract.generated.test_accounts" name="test_delete__api_v1_accounts_account_id_contract" time="0.447" /><testcase classname="tests.contract.generated.test_accounts" name="test_post__api_v1_accounts_account_id_balance_history_contract" time="0.312" /><testcase classname="tests.contract.generated.test_accounts" name="test_get__api_v1_accounts_account_id_balance_history_contract" time="0.347" /><testcase classname="tests.contract.generated.test_accounts" name="test_get__api_v1_accounts_account_id_balance_history_latest_contract" time="0.430" /><testcase classname="tests.contract.generated.test_accounts" name="test_get__api_v1_accounts_account_id_analytics_contract" time="0.368" /><testcase classname="tests.contract.generated.test_accounts" name="test_get__api_v1_accounts_account_id_metrics_contract" time="0.343" /><testcase classname="tests.contract.generated.test_accounts" name="test_get__api_v1_accounts_account_id_status_contract" time="0.346" /><testcase classname="tests.contract.generated.test_accounts" name="test_get__api_v1_accounts_account_id_dormancy_contract" time="0.387" /><testcase classname="tests.contract.generated.test_accounts" name="test_post__api_v1_accounts_account_id_links_contract" time="0.376" /><testcase classname="tests.contract.generated.test_accounts" name="test_get__api_v1_accounts_account_id_links_contract" time="0.363" /><testcase classname="tests.contract.generated.test_accounts" name="test_delete__api_v1_accounts_account_id_links_linked_account_id_contract" time="0.445" /><testcase classname="tests.contract.generated.test_accounts" name="test_get__api_accounts_manage_contract" time="0.493" /><testcase classname="tests.contract.generated.test_accounts" name="test_post__api_accounts_manage_contract" time="0.350" /><testcase classname="tests.contract.generated.test_accounts" name="test_put__api_accounts_manage_account_id_contract" time="0.338" /><testcase classname="tests.contract.generated.test_accounts" name="test_delete__api_accounts_manage_account_id_contract" time="0.447" /><testcase classname="tests.contract.generated.test_accounts" name="test_get__api_accounts_account_id_balance_contract" time="0.334" /><testcase classname="tests.contract.generated.test_accounts" name="test_get__api_accounts_account_id_running_balance_contract" time="0.335" /><testcase classname="tests.contract.generated.test_analytics" name="test_get__api_v1_accounts_account_id_analytics_contract" time="0.455" /><testcase classname="tests.contract.generated.test_analytics" name="test_get__api_analytics_contract" time="0.409" /><testcase classname="tests.contract.generated.test_audit" name="test_get__api_audit_report_contract" time="0.337" /><testcase classname="tests.contract.generated.test_banks" name="test_get__api_banks_contract" time="0.316" /><testcase classname="tests.contract.generated.test_behaviour" name="test_get__api_v1_behaviour_profile_contract" time="0.448" /><testcase classname="tests.contract.generated.test_behaviour" name="test_get__api_v1_behaviour_wellness_score_contract" time="0.430" /><testcase classname="tests.contract.generated.test_behaviour" name="test_get__api_v1_behaviour_debt_health_contract" time="0.344" /><testcase classname="tests.contract.generated.test_behaviour" name="test_get__api_v1_behaviour_cashflow_health_contract" time="0.343" /><testcase classname="tests.contract.generated.test_behaviour" name="test_get__api_v1_behaviour_patterns_contract" time="0.321" /><testcase classname="tests.contract.generated.test_behaviour" name="test_get__api_v1_behaviour_recommendations_contract" time="0.335" /><testcase classname="tests.contract.generated.test_behaviour" name="test_get__api_v1_behaviour_monthly_report_contract" time="0.345" /><testcase classname="tests.contract.generated.test_behaviour" name="test_get__api_v1_behaviour_contract" time="0.337" /><testcase classname="tests.contract.generated.test_cards" name="test_get__api_cards_contract" time="0.344" /><testcase classname="tests.contract.generated.test_cashflow" name="test_get__api_v1_behaviour_cashflow_health_contract" time="0.343" /><testcase classname="tests.contract.generated.test_cashflow" name="test_get__api_cashflow_contract" time="0.813" /><testcase classname="tests.contract.generated.test_cashflow" name="test_get__api_cashflow_monthly_contract" time="0.307" /><testcase classname="tests.contract.generated.test_cashflow" name="test_get__api_cashflow_categories_contract" time="0.330" /><testcase classname="tests.contract.generated.test_cashflow" name="test_get__api_cashflow_transactions_contract" time="0.338" /><testcase classname="tests.contract.generated.test_cashflow" name="test_get__api_v1_cashflow_contract" time="0.334" /><testcase classname="tests.contract.generated.test_categories" name="test_get__api_cashflow_categories_contract" time="0.321" /><testcase classname="tests.contract.generated.test_categories" name="test_get__api_categories_contract" time="0.396" /><testcase classname="tests.contract.generated.test_credit_cards" name="test_get__api_v1_credit_cards_contract" time="0.334" /><testcase classname="tests.contract.generated.test_credit_cards" name="test_post__api_v1_credit_cards_contract" time="0.328" /><testcase classname="tests.contract.generated.test_credit_cards" name="test_get__api_v1_credit_cards_card_id_contract" time="0.347" /><testcase classname="tests.contract.generated.test_credit_cards" name="test_put__api_v1_credit_cards_card_id_contract" time="0.328" /><testcase classname="tests.contract.generated.test_credit_cards" name="test_delete__api_v1_credit_cards_card_id_contract" time="0.345" /><testcase classname="tests.contract.generated.test_credit_cards" name="test_get__api_v1_credit_cards_card_id_statements_contract" time="0.380" /><testcase classname="tests.contract.generated.test_credit_cards" name="test_post__api_v1_credit_cards_card_id_statements_contract" time="0.377" /><testcase classname="tests.contract.generated.test_credit_cards" name="test_get__api_v1_credit_cards_card_id_outstanding_contract" time="0.354" /><testcase classname="tests.contract.generated.test_credit_cards" name="test_get__api_v1_credit_cards_card_id_utilization_contract" time="0.375" /><testcase classname="tests.contract.generated.test_credit_cards" name="test_get__api_v1_credit_cards_card_id_metrics_contract" time="0.422" /><testcase classname="tests.contract.generated.test_credit_cards" name="test_get__api_v1_credit_cards_card_id_next_statement_date_contract" time="0.348" /><testcase classname="tests.contract.generated.test_credit_cards" name="test_post__api_v1_credit_cards_card_id_payments_contract" time="0.324" /><testcase classname="tests.contract.generated.test_credit_cards" name="test_post__api_v1_credit_cards_card_id_emi_conversion_contract" time="0.314" /><testcase classname="tests.contract.generated.test_credit_cards" name="test_post__api_v1_credit_cards_card_id_foreclosure_contract" time="0.331" /><testcase classname="tests.contract.generated.test_dashboard" name="test_get__api_dashboard_summary_contract" time="0.431" /><testcase classname="tests.contract.generated.test_export" name="test_get__api_export_csv_contract" time="0.373" /><testcase classname="tests.contract.generated.test_financial_events" name="test_post__api_financial_events__contract" time="0.343" /><testcase classname="tests.contract.generated.test_financial_events" name="test_get__api_financial_events__contract" time="0.341" /><testcase classname="tests.contract.generated.test_financial_events" name="test_get__api_financial_events_event_id_contract" time="0.339" /><testcase classname="tests.contract.generated.test_forecast" name="test_get__api_v1_forecast_contract" time="0.356" /><testcase classname="tests.contract.generated.test_import" name="test_post__api_import_detect_contract" time="0.344" /><testcase classname="tests.contract.generated.test_import" name="test_post__api_import_execute_contract" time="0.375" /><testcase classname="tests.contract.generated.test_institutions" name="test_get__api_v1_institutions_contract" time="0.345" /><testcase classname="tests.contract.generated.test_institutions" name="test_post__api_v1_institutions_contract" time="0.430" /><testcase classname="tests.contract.generated.test_institutions" name="test_get__api_v1_institutions_institution_id_contract" time="0.352" /><testcase classname="tests.contract.generated.test_institutions" name="test_put__api_v1_institutions_institution_id_contract" time="0.316" /><testcase classname="tests.contract.generated.test_investments" name="test_get__api_investments_contract" time="0.333" /><testcase classname="tests.contract.generated.test_investments" name="test_post__api_investments_contract" time="0.345" /><testcase classname="tests.contract.generated.test_investments" name="test_put__api_investments_investment_id_contract" time="0.350" /><testcase classname="tests.contract.generated.test_investments" name="test_delete__api_investments_investment_id_contract" time="0.330" /><testcase classname="tests.contract.generated.test_investments" name="test_get__api_v1_investments_contract" time="0.331" /><testcase classname="tests.contract.generated.test_loans" name="test_get__api_loans_contract" time="0.346" /><testcase classname="tests.contract.generated.test_loans" name="test_post__api_loans_contract" time="0.353" /><testcase classname="tests.contract.generated.test_loans" name="test_get__api_loans_loan_id_contract" time="0.328" /><testcase classname="tests.contract.generated.test_loans" name="test_put__api_loans_loan_id_contract" time="0.370" /><testcase classname="tests.contract.generated.test_loans" name="test_delete__api_loans_loan_id_contract" time="0.337" /><testcase classname="tests.contract.generated.test_loans" name="test_get__api_loans_loan_id_schedule_contract" time="0.303" /><testcase classname="tests.contract.generated.test_loans" name="test_post__api_loans_loan_id_prepayment_simulation_contract" time="0.353" /><testcase classname="tests.contract.generated.test_loans" name="test_post__api_loans_loan_id_foreclosure_simulation_contract" time="0.452" /><testcase classname="tests.contract.generated.test_loans" name="test_post__api_loans_loan_id_rate_change_simulation_contract" time="0.340" /><testcase classname="tests.contract.generated.test_loans" name="test_post__api_loans_loan_id_payments_contract" time="0.326" /><testcase classname="tests.contract.generated.test_loans" name="test_get__api_loans_analysis_priority_contract" time="0.426" /><testcase classname="tests.contract.generated.test_loans" name="test_post__api_loans_loan_id_analysis_prepayment_vs_foreclosure_contract" time="0.334" /><testcase classname="tests.contract.generated.test_loans" name="test_post__api_loans_analysis_surplus_allocation_contract" time="0.392" /><testcase classname="tests.contract.generated.test_loans" name="test_get__api_v1_loans_contract" time="0.339" /><testcase classname="tests.contract.generated.test_members" name="test_get__api_members_contract" time="0.332" /><testcase classname="tests.contract.generated.test_members" name="test_post__api_members_contract" time="0.339" /><testcase classname="tests.contract.generated.test_net_worth" name="test_get__api_v1_net_worth_contract" time="0.347" /><testcase classname="tests.contract.generated.test_networth" name="test_get__api_networth_contract" time="0.359" /><testcase classname="tests.contract.generated.test_overview" name="test_get__api_overview_contract" time="0.340" /><testcase classname="tests.contract.generated.test_reconciliation" name="test_get__api_reconciliations_contract" time="0.396" /><testcase classname="tests.contract.generated.test_reconciliation" name="test_get__api_reconciliations_pending_contract" time="0.355" /><testcase classname="tests.contract.generated.test_reconciliation" name="test_get__api_reconciliations_scan_contract" time="0.330" /><testcase classname="tests.contract.generated.test_reconciliation" name="test_post__api_reconciliations_create_contract" time="0.413" /><testcase classname="tests.contract.generated.test_reconciliation" name="test_post__api_reconciliations_batch_insert_contract" time="0.313" /><testcase classname="tests.contract.generated.test_reconciliation" name="test_post__api_reconciliations_reconciliation_id_confirm_contract" time="0.304" /><testcase classname="tests.contract.generated.test_reconciliation" name="test_post__api_reconciliations_reconciliation_id_reject_contract" time="0.293" /><testcase classname="tests.contract.generated.test_reconciliation" name="test_get__api_v1_reconciliation_contract" time="0.382" /><testcase classname="tests.contract.generated.test_reconciliations" name="test_get__api_reconciliations_contract" time="0.350" /><testcase classname="tests.contract.generated.test_reconciliations" name="test_get__api_reconciliations_pending_contract" time="0.405" /><testcase classname="tests.contract.generated.test_reconciliations" name="test_get__api_reconciliations_scan_contract" time="0.313" /><testcase classname="tests.contract.generated.test_reconciliations" name="test_post__api_reconciliations_create_contract" time="0.328" /><testcase classname="tests.contract.generated.test_reconciliations" name="test_post__api_reconciliations_batch_insert_contract" time="0.312" /><testcase classname="tests.contract.generated.test_reconciliations" name="test_post__api_reconciliations_reconciliation_id_confirm_contract" time="0.313" /><testcase classname="tests.contract.generated.test_reconciliations" name="test_post__api_reconciliations_reconciliation_id_reject_contract" time="0.328" /><testcase classname="tests.contract.generated.test_statements" name="test_get__api_statements_contract" time="0.361" /><testcase classname="tests.contract.generated.test_statements" name="test_get__api_statements_statement_id_validate_contract" time="0.348" /><testcase classname="tests.contract.generated.test_statements" name="test_get__api_v1_credit_cards_card_id_statements_contract" time="0.340" /><testcase classname="tests.contract.generated.test_statements" name="test_post__api_v1_credit_cards_card_id_statements_contract" time="0.403" /><testcase classname="tests.contract.generated.test_transactions" name="test_get__api_cashflow_transactions_contract" time="0.320" /><testcase classname="tests.contract.generated.test_transactions" name="test_get__api_transactions_contract" time="0.334" /><testcase classname="tests.contract.generated.test_upload" name="test_post__api_upload_contract" time="0.317" /><testcase classname="tests.contract.generated.test_v1" name="test_get__api_v1_accounts_contract" time="0.324" /><testcase classname="tests.contract.generated.test_v1" name="test_post__api_v1_accounts_contract" time="0.347" /><testcase classname="tests.contract.generated.test_v1" name="test_get__api_v1_accounts_account_id_contract" time="0.330" /><testcase classname="tests.contract.generated.test_v1" name="test_put__api_v1_accounts_account_id_contract" time="0.331" /><testcase classname="tests.contract.generated.test_v1" name="test_delete__api_v1_accounts_account_id_contract" time="0.457" /><testcase classname="tests.contract.generated.test_v1" name="test_post__api_v1_accounts_account_id_balance_history_contract" time="0.347" /><testcase classname="tests.contract.generated.test_v1" name="test_get__api_v1_accounts_account_id_balance_history_contract" time="0.345" /><testcase classname="tests.contract.generated.test_v1" name="test_get__api_v1_accounts_account_id_balance_history_latest_contract" time="0.383" /><testcase classname="tests.contract.generated.test_v1" name="test_get__api_v1_accounts_account_id_analytics_contract" time="0.320" /><testcase classname="tests.contract.generated.test_v1" name="test_get__api_v1_accounts_account_id_metrics_contract" time="0.336" /><testcase classname="tests.contract.generated.test_v1" name="test_get__api_v1_accounts_account_id_status_contract" time="0.313" /><testcase classname="tests.contract.generated.test_v1" name="test_get__api_v1_accounts_account_id_dormancy_contract" time="0.415" /><testcase classname="tests.contract.generated.test_v1" name="test_get__api_v1_institutions_contract" time="0.335" /><testcase classname="tests.contract.generated.test_v1" name="test_post__api_v1_institutions_contract" time="0.316" /><testcase classname="tests.contract.generated.test_v1" name="test_get__api_v1_institutions_institution_id_contract" time="0.322" /><testcase classname="tests.contract.generated.test_v1" name="test_put__api_v1_institutions_institution_id_contract" time="0.364" /><testcase classname="tests.contract.generated.test_v1" name="test_post__api_v1_accounts_account_id_links_contract" time="0.335" /><testcase classname="tests.contract.generated.test_v1" name="test_get__api_v1_accounts_account_id_links_contract" time="0.333" /><testcase classname="tests.contract.generated.test_v1" name="test_delete__api_v1_accounts_account_id_links_linked_account_id_contract" time="0.436" /><testcase classname="tests.contract.generated.test_v1" name="test_get__api_v1_behaviour_profile_contract" time="0.477" /><testcase classname="tests.contract.generated.test_v1" name="test_get__api_v1_behaviour_wellness_score_contract" time="0.452" /><testcase classname="tests.contract.generated.test_v1" name="test_get__api_v1_behaviour_debt_health_contract" time="0.359" /><testcase classname="tests.contract.generated.test_v1" name="test_get__api_v1_behaviour_cashflow_health_contract" time="0.334" /><testcase classname="tests.contract.generated.test_v1" name="test_get__api_v1_behaviour_patterns_contract" time="0.348" /><testcase classname="tests.contract.generated.test_v1" name="test_get__api_v1_behaviour_recommendations_contract" time="0.337" /><testcase classname="tests.contract.generated.test_v1" name="test_get__api_v1_behaviour_monthly_report_contract" time="0.336" /><testcase classname="tests.contract.generated.test_v1" name="test_get__api_v1_behaviour_contract" time="0.472" /><testcase classname="tests.contract.generated.test_v1" name="test_get__api_v1_credit_cards_contract" time="0.366" /><testcase classname="tests.contract.generated.test_v1" name="test_post__api_v1_credit_cards_contract" time="0.322" /><testcase classname="tests.contract.generated.test_v1" name="test_get__api_v1_credit_cards_card_id_contract" time="0.303" /><testcase classname="tests.contract.generated.test_v1" name="test_put__api_v1_credit_cards_card_id_contract" time="0.345" /><testcase classname="tests.contract.generated.test_v1" name="test_delete__api_v1_credit_cards_card_id_contract" time="0.334" /><testcase classname="tests.contract.generated.test_v1" name="test_get__api_v1_credit_cards_card_id_statements_contract" time="0.324" /><testcase classname="tests.contract.generated.test_v1" name="test_post__api_v1_credit_cards_card_id_statements_contract" time="0.323" /><testcase classname="tests.contract.generated.test_v1" name="test_get__api_v1_credit_cards_card_id_outstanding_contract" time="0.327" /><testcase classname="tests.contract.generated.test_v1" name="test_get__api_v1_credit_cards_card_id_utilization_contract" time="0.308" /><testcase classname="tests.contract.generated.test_v1" name="test_get__api_v1_credit_cards_card_id_metrics_contract" time="0.353" /><testcase classname="tests.contract.generated.test_v1" name="test_get__api_v1_credit_cards_card_id_next_statement_date_contract" time="0.334" /><testcase classname="tests.contract.generated.test_v1" name="test_post__api_v1_credit_cards_card_id_payments_contract" time="0.322" /><testcase classname="tests.contract.generated.test_v1" name="test_post__api_v1_credit_cards_card_id_emi_conversion_contract" time="0.315" /><testcase classname="tests.contract.generated.test_v1" name="test_post__api_v1_credit_cards_card_id_foreclosure_contract" time="0.326" /><testcase classname="tests.contract.generated.test_v1" name="test_get__api_v1_cashflow_contract" time="0.365" /><testcase classname="tests.contract.generated.test_v1" name="test_get__api_v1_forecast_contract" time="0.417" /><testcase classname="tests.contract.generated.test_v1" name="test_get__api_v1_investments_contract" time="0.349" /><testcase classname="tests.contract.generated.test_v1" name="test_get__api_v1_loans_contract" time="0.316" /><testcase classname="tests.contract.generated.test_v1" name="test_get__api_v1_net_worth_contract" time="0.361" /><testcase classname="tests.contract.generated.test_v1" name="test_get__api_v1_reconciliation_contract" time="0.338" /></testsuite></testsuites>