<?xml version="1.0" encoding="utf-8"?><testsuites name="pytest tests"><testsuite name="pytest" errors="0" failures="0" skipped="0" tests="26" time="21.967" timestamp="2026-09-20T02:49:53.259150+00:00" hostname="vasantha-Lenovo-IdeaPad-S145-15IWL"><properties>
[...]
</properties><testcase classname="tests.invariants.test_account" name="test_account_invariant_module_exists" time="0.088" /><testcase classname="tests.invariants.test_cashflow_invariants" name="test_cashflow_invariants" time="0.001" /><testcase classname="tests.invariants.test_credit" name="test_credit_invariant_module_exists" time="0.001" /><testcase classname="tests.invariants.test_determinism" name="test_replay_stability" time="4.460" /><testcase classname="tests.invariants.test_determinism" name="test_insert_order_independence" time="0.154" /><testcase classname="tests.invariants.test_determinism" name="test_duplicate_prevention" time="0.209" /><testcase classname="tests.invariants.test_determinism" name="test_update_prevention" time="0.155" /><testcase classname="tests.invariants.test_determinism" name="test_delete_prevention" time="0.167" /><testcase classname="tests.invariants.test_determinism" name="test_date_iso_migration" time="0.170" /><testcase classname="tests.invariants.test_determinism" name="test_account_scoped_determinism" time="0.355" /><testcase classname="tests.invariants.test_determinism" name="test_hash_signature_uniqueness" time="0.167" /><testcase classname="tests.invariants.test_loan" name="test_loan_invariants" time="0.001" /><testcase classname="tests.invariants.test_money" name="test_money_invariants" time="0.001" /><testcase classname="tests.invariants.test_reconciliation_determinism" name="test_match_uniqueness_property" time="1.462" /><testcase classname="tests.invariants.test_reconciliation_determinism" name="test_deterministic_matching_property" time="1.044" /><testcase classname="tests.invariants.test_reconciliation_determinism" name="test_no_cycles_property" time="1.005" /><testcase classname="tests.invariants.test_reconciliation_determinism" name="test_bipartite_matching_property" time="1.221" /><testcase classname="tests.invariants.test_reconciliation_determinism" name="test_edge_cases_property" time="1.475" /><testcase classname="tests.invariants.test_reconciliation_determinism" name="test_deterministic_matching" time="0.218" /><testcase classname="tests.invariants.test_reconciliation_properties" name="test_match_uniqueness_property" time="2.229" /><testcase classname="tests.invariants.test_reconciliation_properties" name="test_deterministic_matching_property" time="2.002" /><testcase classname="tests.invariants.test_reconciliation_properties" name="test_no_cycles_property" time="2.023" /><testcase classname="tests.invariants.test_reconciliation_properties" name="test_bipartite_matching_property" time="1.897" /><testcase classname="tests.invariants.test_reconciliation_properties" name="test_edge_cases_property" time="0.766" /><testcase classname="tests.invariants.test_statement" name="test_statement_invariant_module_exists" time="0.001" /><testcase classname="tests.invariants.test_transaction" name="test_transaction_invariant_module_exists" time="0.001" /></testsuite></testsuites>