============================= test session starts ==============================
platform linux -- Python 3.12.3, pytest-9.1.1, pluggy-1.6.0 -- /home/vasantha/AI-Projects/ClariFin_OS/.venv/bin/python
cachedir: .pytest_cache
hypothesis profile 'default'
rootdir: /home/vasantha/AI-Projects/ClariFin_OS
configfile: pyproject.toml
plugins: asyncio-1.4.0, schemathesis-4.25.2, hypothesis-6.167.1, cov-7.1.0, anyio-4.14.2, xdist-3.8.0, timeout-2.4.0
asyncio: mode=Mode.STRICT, debug=False, asyncio_default_fixture_loop_scope=None, asyncio_default_test_loop_scope=function
collecting ... collected 34 items

runtime/tests/test_platform_api_phase13.py::TestAIRunLifecycle::test_start_run_returns_pending PASSED [  2%]
runtime/tests/test_platform_api_phase13.py::TestAIRunLifecycle::test_get_run_returns_same_object PASSED [  5%]
runtime/tests/test_platform_api_phase13.py::TestAIRunLifecycle::test_list_runs_empty_initially PASSED [  8%]
runtime/tests/test_platform_api_phase13.py::TestAIRunLifecycle::test_cancel_run_changes_status PASSED [ 11%]
runtime/tests/test_platform_api_phase13.py::TestAIRunLifecycle::test_cancel_completed_run_fails PASSED [ 14%]
runtime/tests/test_platform_api_phase13.py::TestAIModeAndAuthority::test_mode_endpoint_returns_manual_default PASSED [ 17%]
runtime/tests/test_platform_api_phase13.py::TestAIModeAndAuthority::test_authority_levels_defined PASSED [ 20%]
runtime/tests/test_platform_api_phase13.py::TestToolRegistry::test_builtin_tools_registered PASSED [ 23%]
runtime/tests/test_platform_api_phase13.py::TestToolRegistry::test_tool_filtering_by_authority_level PASSED [ 26%]
runtime/tests/test_platform_api_phase13.py::TestToolRegistry::test_tool_schema_serialization PASSED [ 29%]
runtime/tests/test_platform_api_phase13.py::TestToolRegistry::test_tool_get_schema PASSED [ 32%]
runtime/tests/test_platform_api_phase13.py::TestPolicyEngine::test_policy_allows_level_0_in_manual PASSED [ 35%]
runtime/tests/test_platform_api_phase13.py::TestPolicyEngine::test_policy_denies_level_1_in_manual PASSED [ 38%]
runtime/tests/test_platform_api_phase13.py::TestPolicyEngine::test_policy_allows_level_1_in_assisted PASSED [ 41%]
runtime/tests/test_platform_api_phase13.py::TestPolicyEngine::test_policy_denies_unknown_tool PASSED [ 44%]
runtime/tests/test_platform_api_phase13.py::TestToolStepExecution::test_step_execution_allowed_in_correct_mode PASSED [ 47%]
runtime/tests/test_platform_api_phase13.py::TestToolStepExecution::test_step_execution_denied_by_policy PASSED [ 50%]
runtime/tests/test_platform_api_phase13.py::TestOrchestratorPersistence::test_run_persisted_to_disk PASSED [ 52%]
runtime/tests/test_platform_api_phase13.py::TestOrchestratorPersistence::test_audit_trail_records_events PASSED [ 55%]
runtime/tests/test_platform_api_phase13.py::TestIntentAndPlanning::test_resolve_intent_for_diagnosis PASSED [ 58%]
runtime/tests/test_platform_api_phase13.py::TestIntentAndPlanning::test_resolve_intent_for_verification PASSED [ 61%]
runtime/tests/test_platform_api_phase13.py::TestIntentAndPlanning::test_resolve_intent_for_change_analysis PASSED [ 64%]
runtime/tests/test_platform_api_phase13.py::TestIntentAndPlanning::test_build_plan_for_diagnose PASSED [ 67%]
runtime/tests/test_platform_api_phase13.py::TestIntentAndPlanning::test_infer_mode_from_intent PASSED [ 70%]
runtime/tests/test_platform_api_phase13.py::TestNoModelRequired::test_all_operations_deterministic PASSED [ 73%]
runtime/tests/test_platform_api_phase13.py::TestNoModelRequired::test_no_external_dependencies PASSED [ 76%]
runtime/tests/test_platform_api_phase13.py::TestHttpEndpointStructure::test_ai_mode_route_registered PASSED [ 79%]
runtime/tests/test_platform_api_phase13.py::TestHttpEndpointStructure::test_ai_runs_routes_registered PASSED [ 82%]
runtime/tests/test_platform_api_phase13.py::TestHttpEndpointStructure::test_ai_tools_routes_registered PASSED [ 85%]
runtime/tests/test_platform_api_phase13.py::TestHttpEndpointStructure::test_ai_runs_post_returns_200 PASSED [ 88%]
runtime/tests/test_platform_api_phase13.py::TestHttpEndpointStructure::test_ai_runs_get_returns_list PASSED [ 91%]
runtime/tests/test_platform_api_phase13.py::TestHttpEndpointStructure::test_ai_mode_returns_correct_kind PASSED [ 94%]
runtime/tests/test_platform_api_phase13.py::TestHttpEndpointStructure::test_ai_tools_returns_correct_kind PASSED [ 97%]
runtime/tests/test_platform_api_phase13.py::TestGate13Integration::test_full_lifecycle_with_policy_enforcement PASSED [100%]

=============================== warnings summary ===============================
runtime/tests/test_platform_api_phase13.py::TestAIModeAndAuthority::test_mode_endpoint_returns_manual_default
  /home/vasantha/AI-Projects/ClariFin_OS/backend/src/core/dtos/account_dto.py:12: PydanticDeprecatedSince20: Support for class-based `config` is deprecated, use ConfigDict instead. Deprecated in Pydantic V2.0 to be removed in V3.0. See Pydantic V2 Migration Guide at https://errors.pydantic.dev/2.13/migration/
    class AccountDTO(BaseModel):

runtime/tests/test_platform_api_phase13.py::TestAIModeAndAuthority::test_mode_endpoint_returns_manual_default
  /home/vasantha/AI-Projects/ClariFin_OS/backend/src/core/dtos/account_dto.py:48: PydanticDeprecatedSince20: Support for class-based `config` is deprecated, use ConfigDict instead. Deprecated in Pydantic V2.0 to be removed in V3.0. See Pydantic V2 Migration Guide at https://errors.pydantic.dev/2.13/migration/
    class AccountListResponse(BaseModel):

runtime/tests/test_platform_api_phase13.py::TestAIModeAndAuthority::test_mode_endpoint_returns_manual_default
  /home/vasantha/AI-Projects/ClariFin_OS/backend/src/core/dtos/accounts_dto.py:153: PydanticDeprecatedSince20: Support for class-based `config` is deprecated, use ConfigDict instead. Deprecated in Pydantic V2.0 to be removed in V3.0. See Pydantic V2 Migration Guide at https://errors.pydantic.dev/2.13/migration/
    class AccountsDTO(BaseModel):

runtime/tests/test_platform_api_phase13.py::TestAIModeAndAuthority::test_mode_endpoint_returns_manual_default
  /home/vasantha/AI-Projects/ClariFin_OS/backend/src/core/dtos/behaviour_dto.py:138: PydanticDeprecatedSince20: Support for class-based `config` is deprecated, use ConfigDict instead. Deprecated in Pydantic V2.0 to be removed in V3.0. See Pydantic V2 Migration Guide at https://errors.pydantic.dev/2.13/migration/
    class BehaviourDTO(BaseModel):

runtime/tests/test_platform_api_phase13.py::TestAIModeAndAuthority::test_mode_endpoint_returns_manual_default
  /home/vasantha/AI-Projects/ClariFin_OS/backend/src/core/dtos/cashflow_dto.py:136: PydanticDeprecatedSince20: Support for class-based `config` is deprecated, use ConfigDict instead. Deprecated in Pydantic V2.0 to be removed in V3.0. See Pydantic V2 Migration Guide at https://errors.pydantic.dev/2.13/migration/
    class CashflowSummaryDTO(BaseModel):

runtime/tests/test_platform_api_phase13.py::TestAIModeAndAuthority::test_mode_endpoint_returns_manual_default
  /home/vasantha/AI-Projects/ClariFin_OS/backend/src/core/dtos/credit_cards_dto.py:186: PydanticDeprecatedSince20: Support for class-based `config` is deprecated, use ConfigDict instead. Deprecated in Pydantic V2.0 to be removed in V3.0. See Pydantic V2 Migration Guide at https://errors.pydantic.dev/2.13/migration/
    class CreditCardsDTO(BaseModel):

runtime/tests/test_platform_api_phase13.py::TestAIModeAndAuthority::test_mode_endpoint_returns_manual_default
  /home/vasantha/AI-Projects/ClariFin_OS/backend/src/core/dtos/dashboard_dto.py:14: PydanticDeprecatedSince20: Support for class-based `config` is deprecated, use ConfigDict instead. Deprecated in Pydantic V2.0 to be removed in V3.0. See Pydantic V2 Migration Guide at https://errors.pydantic.dev/2.13/migration/
    class DashboardSummaryDTO(BaseModel):

runtime/tests/test_platform_api_phase13.py::TestAIModeAndAuthority::test_mode_endpoint_returns_manual_default
  /home/vasantha/AI-Projects/ClariFin_OS/backend/src/core/dtos/dashboard_dto.py:65: PydanticDeprecatedSince20: Support for class-based `config` is deprecated, use ConfigDict instead. Deprecated in Pydantic V2.0 to be removed in V3.0. See Pydantic V2 Migration Guide at https://errors.pydantic.dev/2.13/migration/
    class OverviewDTO(BaseModel):

runtime/tests/test_platform_api_phase13.py::TestAIModeAndAuthority::test_mode_endpoint_returns_manual_default
  /home/vasantha/AI-Projects/ClariFin_OS/backend/src/core/dtos/dashboard_dto.py:100: PydanticDeprecatedSince20: Support for class-based `config` is deprecated, use ConfigDict instead. Deprecated in Pydantic V2.0 to be removed in V3.0. See Pydantic V2 Migration Guide at https://errors.pydantic.dev/2.13/migration/
    class CategoryBreakdownDTO(BaseModel):

runtime/tests/test_platform_api_phase13.py::TestAIModeAndAuthority::test_mode_endpoint_returns_manual_default
  /home/vasantha/AI-Projects/ClariFin_OS/backend/src/core/dtos/forecast_dto.py:141: PydanticDeprecatedSince20: Support for class-based `config` is deprecated, use ConfigDict instead. Deprecated in Pydantic V2.0 to be removed in V3.0. See Pydantic V2 Migration Guide at https://errors.pydantic.dev/2.13/migration/
    class ForecastDTO(BaseModel):

runtime/tests/test_platform_api_phase13.py::TestAIModeAndAuthority::test_mode_endpoint_returns_manual_default
  /home/vasantha/AI-Projects/ClariFin_OS/backend/src/core/dtos/investments_dto.py:143: PydanticDeprecatedSince20: Support for class-based `config` is deprecated, use ConfigDict instead. Deprecated in Pydantic V2.0 to be removed in V3.0. See Pydantic V2 Migration Guide at https://errors.pydantic.dev/2.13/migration/
    class InvestmentsDTO(BaseModel):

runtime/tests/test_platform_api_phase13.py::TestAIModeAndAuthority::test_mode_endpoint_returns_manual_default
  /home/vasantha/AI-Projects/ClariFin_OS/backend/src/core/dtos/loans_dto.py:191: PydanticDeprecatedSince20: Support for class-based `config` is deprecated, use ConfigDict instead. Deprecated in Pydantic V2.0 to be removed in V3.0. See Pydantic V2 Migration Guide at https://errors.pydantic.dev/2.13/migration/
    class LoansDTO(BaseModel):

runtime/tests/test_platform_api_phase13.py::TestAIModeAndAuthority::test_mode_endpoint_returns_manual_default
  /home/vasantha/AI-Projects/ClariFin_OS/backend/src/core/dtos/net_worth_dto.py:138: PydanticDeprecatedSince20: Support for class-based `config` is deprecated, use ConfigDict instead. Deprecated in Pydantic V2.0 to be removed in V3.0. See Pydantic V2 Migration Guide at https://errors.pydantic.dev/2.13/migration/
    class NetWorthDTO(BaseModel):

runtime/tests/test_platform_api_phase13.py::TestAIModeAndAuthority::test_mode_endpoint_returns_manual_default
  /home/vasantha/AI-Projects/ClariFin_OS/backend/src/core/dtos/reconciliation_dto.py:138: PydanticDeprecatedSince20: Support for class-based `config` is deprecated, use ConfigDict instead. Deprecated in Pydantic V2.0 to be removed in V3.0. See Pydantic V2 Migration Guide at https://errors.pydantic.dev/2.13/migration/
    class ReconciliationDTO(BaseModel):

runtime/tests/test_platform_api_phase13.py::TestAIModeAndAuthority::test_mode_endpoint_returns_manual_default
  /home/vasantha/AI-Projects/ClariFin_OS/backend/src/core/dtos/reconciliation_dto.py:230: PydanticDeprecatedSince20: Support for class-based `config` is deprecated, use ConfigDict instead. Deprecated in Pydantic V2.0 to be removed in V3.0. See Pydantic V2 Migration Guide at https://errors.pydantic.dev/2.13/migration/
    class ReconciliationsListResponse(BaseModel):

runtime/tests/test_platform_api_phase13.py::TestAIModeAndAuthority::test_mode_endpoint_returns_manual_default
  /home/vasantha/AI-Projects/ClariFin_OS/backend/src/core/dtos/reconciliation_dto.py:270: PydanticDeprecatedSince20: Support for class-based `config` is deprecated, use ConfigDict instead. Deprecated in Pydantic V2.0 to be removed in V3.0. See Pydantic V2 Migration Guide at https://errors.pydantic.dev/2.13/migration/
    class ReconciliationScanResponse(BaseModel):

runtime/tests/test_platform_api_phase13.py::TestAIModeAndAuthority::test_mode_endpoint_returns_manual_default
  /home/vasantha/AI-Projects/ClariFin_OS/backend/src/core/dtos/transaction_dto.py:12: PydanticDeprecatedSince20: Support for class-based `config` is deprecated, use ConfigDict instead. Deprecated in Pydantic V2.0 to be removed in V3.0. See Pydantic V2 Migration Guide at https://errors.pydantic.dev/2.13/migration/
    class MoneyDTO(BaseModel):

runtime/tests/test_platform_api_phase13.py::TestAIModeAndAuthority::test_mode_endpoint_returns_manual_default
  /home/vasantha/AI-Projects/ClariFin_OS/backend/src/core/dtos/transaction_dto.py:27: PydanticDeprecatedSince20: Support for class-based `config` is deprecated, use ConfigDict instead. Deprecated in Pydantic V2.0 to be removed in V3.0. See Pydantic V2 Migration Guide at https://errors.pydantic.dev/2.13/migration/
    class TransactionDTO(BaseModel):

runtime/tests/test_platform_api_phase13.py::TestAIModeAndAuthority::test_mode_endpoint_returns_manual_default
  /home/vasantha/AI-Projects/ClariFin_OS/backend/src/core/dtos/transaction_dto.py:70: PydanticDeprecatedSince20: Support for class-based `config` is deprecated, use ConfigDict instead. Deprecated in Pydantic V2.0 to be removed in V3.0. See Pydantic V2 Migration Guide at https://errors.pydantic.dev/2.13/migration/
    class TransactionListResponse(BaseModel):

runtime/tests/test_platform_api_phase13.py::TestAIModeAndAuthority::test_mode_endpoint_returns_manual_default
  /home/vasantha/AI-Projects/ClariFin_OS/backend/src/core/dtos/transaction_dto.py:84: PydanticDeprecatedSince20: Support for class-based `config` is deprecated, use ConfigDict instead. Deprecated in Pydantic V2.0 to be removed in V3.0. See Pydantic V2 Migration Guide at https://errors.pydantic.dev/2.13/migration/
    class CategorySummaryDTO(BaseModel):

-- Docs: https://docs.pytest.org/en/stable/how-to/capture-warnings.html
======================= 34 passed, 20 warnings in 5.74s ========================
