============================= test session starts ==============================
collecting ... collected 64 items

backend/tests/integration/test_platform_api_phase3.py::TestHealth::test_health_returns_correct_kind PASSED [  1%]
backend/tests/integration/test_platform_api_phase3.py::TestHealth::test_health_data_has_required_top_level_fields PASSED [  3%]
backend/tests/integration/test_platform_api_phase3.py::TestCapabilities::test_list_has_55_capabilities PASSED [  4%]
backend/tests/integration/test_platform_api_phase3.py::TestCapabilities::test_detail_for_known_capability PASSED [  6%]
backend/tests/integration/test_platform_api_phase3.py::TestCapabilities::test_detail_for_unknown_capability_returns_404 PASSED [  7%]
backend/tests/integration/test_platform_api_phase3.py::TestCapabilities::test_graph_for_known_capability PASSED [  9%]
backend/tests/integration/test_platform_api_phase3.py::TestTasks::test_list_matches_live_obligations PASSED [ 10%]
backend/tests/integration/test_platform_api_phase3.py::TestTasks::test_detail_for_known_task PASSED [ 12%]
backend/tests/integration/test_platform_api_phase3.py::TestTasks::test_detail_for_unknown_task_returns_404 PASSED [ 14%]
backend/tests/integration/test_platform_api_phase3.py::TestVerification::test_recommendation_uses_real_planner PASSED [ 15%]
backend/tests/integration/test_platform_api_phase3.py::TestExecutions::test_detail_for_unknown_execution_returns_404 PASSED [ 17%]
backend/tests/integration/test_platform_api_phase3.py::TestEvidence::test_list_returns_valid_envelope PASSED [ 18%]
backend/tests/integration/test_platform_api_phase3.py::TestEvidence::test_detail_for_unknown_evidence_returns_404 PASSED [ 20%]
backend/tests/integration/test_platform_api_phase3.py::TestHistory::test_runs_default_page PASSED [ 21%]
backend/tests/integration/test_platform_api_phase3.py::TestHistory::test_runs_pagination PASSED [ 23%]
backend/tests/integration/test_platform_api_phase3.py::TestHistory::test_baselines_contains_required_names PASSED [ 25%]
backend/tests/integration/test_platform_api_phase3.py::TestHistory::test_run_detail_for_unknown_returns_404 PASSED [ 26%]
backend/tests/integration/test_platform_api_phase3.py::TestErrors::test_error_endpoints_return_valid_envelopes[/platform/v1/errors/current] PASSED [ 28%]
backend/tests/integration/test_platform_api_phase3.py::TestErrors::test_error_endpoints_return_valid_envelopes[/platform/v1/errors/recent] PASSED [ 29%]
backend/tests/integration/test_platform_api_phase3.py::TestErrors::test_error_endpoints_return_valid_envelopes[/platform/v1/errors/recurring] PASSED [ 31%]
backend/tests/integration/test_platform_api_phase3.py::TestErrors::test_error_endpoints_return_valid_envelopes[/platform/v1/errors/frequency] PASSED [ 32%]
backend/tests/integration/test_platform_api_phase3.py::TestErrors::test_error_detail_for_unknown_returns_404 PASSED [ 34%]
backend/tests/integration/test_platform_api_phase3.py::TestArchitecture::test_authorities_list PASSED [ 35%]
backend/tests/integration/test_platform_api_phase3.py::TestArchitecture::test_authority_detail_for_known PASSED [ 37%]
backend/tests/integration/test_platform_api_phase3.py::TestArchitecture::test_authority_detail_for_unknown_returns_404 PASSED [ 39%]
backend/tests/integration/test_platform_api_phase3.py::TestArchitecture::test_findings_endpoints_return_valid_envelopes[/platform/v1/architecture/boundaries] PASSED [ 40%]
backend/tests/integration/test_platform_api_phase3.py::TestArchitecture::test_findings_endpoints_return_valid_envelopes[/platform/v1/architecture/duplicates] PASSED [ 42%]
backend/tests/integration/test_platform_api_phase3.py::TestArchitecture::test_findings_endpoints_return_valid_envelopes[/platform/v1/architecture/bypasses] PASSED [ 43%]
backend/tests/integration/test_platform_api_phase3.py::TestArchitecture::test_findings_endpoints_return_valid_envelopes[/platform/v1/architecture/deprecations] PASSED [ 45%]
backend/tests/integration/test_platform_api_phase3.py::TestArchitecture::test_findings_endpoints_return_valid_envelopes[/platform/v1/architecture/unmapped] PASSED [ 46%]
backend/tests/integration/test_platform_api_phase3.py::TestEvents::test_events_list_with_limit PASSED [ 48%]
backend/tests/integration/test_platform_api_phase3.py::TestEvents::test_events_list_without_limit PASSED [ 50%]
backend/tests/integration/test_platform_api_phase3.py::TestApplication::test_application_readiness_endpoints[/platform/v1/app/backend] PASSED [ 51%]
backend/tests/integration/test_platform_api_phase3.py::TestApplication::test_application_readiness_endpoints[/platform/v1/app/frontend] PASSED [ 53%]
backend/tests/integration/test_platform_api_phase3.py::TestApplication::test_application_readiness_endpoints[/platform/v1/app/domain] PASSED [ 54%]
backend/tests/integration/test_platform_api_phase3.py::TestApplication::test_application_readiness_endpoints[/platform/v1/app/financial] PASSED [ 56%]
backend/tests/integration/test_platform_api_phase3.py::TestApplication::test_application_readiness_endpoints[/platform/v1/app/workflows] PASSED [ 57%]
backend/tests/integration/test_platform_api_phase3.py::TestChangeIntelligence::test_change_intelligence_returns_risk PASSED [ 59%]
backend/tests/integration/test_platform_api_phase3.py::TestCorrelationId::test_correlation_header_is_echoed_back PASSED [ 60%]
backend/tests/integration/test_platform_api_phase3.py::TestCorrelationId::test_correlation_header_is_generated_when_missing PASSED [ 62%]
backend/tests/integration/test_platform_api_phase3.py::TestEndpointCoverage::test_all_routes_return_200[GET-/platform/v1/health] PASSED [ 64%]
backend/tests/integration/test_platform_api_phase3.py::TestEndpointCoverage::test_all_routes_return_200[GET-/platform/v1/capabilities] PASSED [ 65%]
backend/tests/integration/test_platform_api_phase3.py::TestEndpointCoverage::test_all_routes_return_200[GET-/platform/v1/tasks] PASSED [ 67%]
backend/tests/integration/test_platform_api_phase3.py::TestEndpointCoverage::test_all_routes_return_200[GET-/platform/v1/verification/recommendation] PASSED [ 68%]
backend/tests/integration/test_platform_api_phase3.py::TestEndpointCoverage::test_all_routes_return_200[GET-/platform/v1/events] PASSED [ 70%]
backend/tests/integration/test_platform_api_phase3.py::TestEndpointCoverage::test_all_routes_return_200[GET-/platform/v1/app/backend] PASSED [ 71%]
backend/tests/integration/test_platform_api_phase3.py::TestEndpointCoverage::test_all_routes_return_200[GET-/platform/v1/app/frontend] PASSED [ 73%]
backend/tests/integration/test_platform_api_phase3.py::TestEndpointCoverage::test_all_routes_return_200[GET-/platform/v1/app/domain] PASSED [ 75%]
backend/tests/integration/test_platform_api_phase3.py::TestEndpointCoverage::test_all_routes_return_200[GET-/platform/v1/app/financial] PASSED [ 76%]
backend/tests/integration/test_platform_api_phase3.py::TestEndpointCoverage::test_all_routes_return_200[GET-/platform/v1/app/workflows] PASSED [ 78%]
backend/tests/integration/test_platform_api_phase3.py::TestEndpointCoverage::test_all_routes_return_200[GET-/platform/v1/change/intelligence] PASSED [ 79%]
backend/tests/integration/test_platform_api_phase3.py::TestEndpointCoverage::test_all_routes_return_200[GET-/platform/v1/errors/current] PASSED [ 81%]
backend/tests/integration/test_platform_api_phase3.py::TestEndpointCoverage::test_all_routes_return_200[GET-/platform/v1/errors/recent] PASSED [ 82%]
backend/tests/integration/test_platform_api_phase3.py::TestEndpointCoverage::test_all_routes_return_200[GET-/platform/v1/errors/recurring] PASSED [ 84%]
backend/tests/integration/test_platform_api_phase3.py::TestEndpointCoverage::test_all_routes_return_200[GET-/platform/v1/errors/frequency] PASSED [ 85%]
backend/tests/integration/test_platform_api_phase3.py::TestEndpointCoverage::test_all_routes_return_200[GET-/platform/v1/history/runs] PASSED [ 87%]
backend/tests/integration/test_platform_api_phase3.py::TestEndpointCoverage::test_all_routes_return_200[GET-/platform/v1/history/baselines] PASSED [ 89%]
backend/tests/integration/test_platform_api_phase3.py::TestEndpointCoverage::test_all_routes_return_200[GET-/platform/v1/architecture/authorities] PASSED [ 90%]
backend/tests/integration/test_platform_api_phase3.py::TestEndpointCoverage::test_all_routes_return_200[GET-/platform/v1/architecture/boundaries] PASSED [ 92%]
backend/tests/integration/test_platform_api_phase3.py::TestEndpointCoverage::test_all_routes_return_200[GET-/platform/v1/architecture/duplicates] PASSED [ 93%]
backend/tests/integration/test_platform_api_phase3.py::TestEndpointCoverage::test_all_routes_return_200[GET-/platform/v1/architecture/bypasses] PASSED [ 95%]
backend/tests/integration/test_platform_api_phase3.py::TestEndpointCoverage::test_all_routes_return_200[GET-/platform/v1/architecture/deprecations] PASSED [ 96%]
backend/tests/integration/test_platform_api_phase3.py::TestEndpointCoverage::test_all_routes_return_200[GET-/platform/v1/architecture/unmapped] PASSED [ 98%]
backend/tests/integration/test_platform_api_phase3.py::TestNoBypass::test_router_module_has_no_c50_executor_imports PASSED [100%]

=============================== warnings summary ===============================
.venv/lib/python3.12/site-packages/_hypothesis_pytestplugin.py:481
  /home/vasantha/AI-Projects/ClariFin_OS/.venv/lib/python3.12/site-packages/_hypothesis_pytestplugin.py:481: UserWarning: Skipping collection of '.hypothesis' directory - this usually means you've explicitly set the `norecursedirs` pytest config option, replacing rather than extending the default ignores.
    warnings.warn(

-- Docs: https://docs.pytest.org/en/stable/how-to/capture-warnings.html
======================== 64 passed, 1 warning in 50.35s ========================
