============================= test session starts ==============================
platform linux -- Python 3.12.3, pytest-9.1.1, pluggy-1.6.0 -- /home/vasantha/AI-Projects/ClariFin_OS/.venv/bin/python
cachedir: .pytest_cache
hypothesis profile 'default'
rootdir: /home/vasantha/AI-Projects/ClariFin_OS
configfile: pyproject.toml
plugins: asyncio-1.4.0, schemathesis-4.25.2, hypothesis-6.167.1, cov-7.1.0, anyio-4.14.2, xdist-3.8.0, timeout-2.4.0
asyncio: mode=Mode.STRICT, debug=False, asyncio_default_fixture_loop_scope=None, asyncio_default_test_loop_scope=function
collecting ... collected 28 items

runtime/tests/test_platform_api_phase10_12.py::TestChangeIntelligence::test_endpoint_returns_valid_envelope PASSED [  3%]
runtime/tests/test_platform_api_phase10_12.py::TestChangeIntelligence::test_envelope_has_required_fields PASSED [  7%]
runtime/tests/test_platform_api_phase10_12.py::TestChangeIntelligence::test_risk_is_valid_level PASSED [ 10%]
runtime/tests/test_platform_api_phase10_12.py::TestChangeIntelligence::test_changed_files_are_structured PASSED [ 14%]
runtime/tests/test_platform_api_phase10_12.py::TestChangeIntelligence::test_affected_capabilities_are_sorted_unique PASSED [ 17%]
runtime/tests/test_platform_api_phase10_12.py::TestChangeIntelligence::test_generated_from_is_timestamp PASSED [ 21%]
runtime/tests/test_platform_api_phase10_12.py::TestChangeIntelligence::test_envelope_round_trips_through_contract PASSED [ 25%]
runtime/tests/test_platform_api_phase10_12.py::TestDiagnosticEngine::test_diagnose_with_error_code_and_capability PASSED [ 28%]
runtime/tests/test_platform_api_phase10_12.py::TestDiagnosticEngine::test_diagnose_with_minimal_input PASSED [ 32%]
runtime/tests/test_platform_api_phase10_12.py::TestDiagnosticEngine::test_diagnose_malformed_returns_none PASSED [ 35%]
runtime/tests/test_platform_api_phase10_12.py::TestDiagnosticEngine::test_register_signature_returns_id PASSED [ 39%]
runtime/tests/test_platform_api_phase10_12.py::TestDiagnosticEngine::test_register_signature_is_deduplicated PASSED [ 42%]
runtime/tests/test_platform_api_phase10_12.py::TestDiagnosticEngine::test_bump_occurrence_increments PASSED [ 46%]
runtime/tests/test_platform_api_phase10_12.py::TestDiagnosticEngine::test_build_diagnostic_recommendation PASSED [ 50%]
runtime/tests/test_platform_api_phase10_12.py::TestDiagnosticEngine::test_rules_evaluation PASSED [ 53%]
runtime/tests/test_platform_api_phase10_12.py::TestDiagnosticEngine::test_rules_no_match_falls_back PASSED [ 57%]
runtime/tests/test_platform_api_phase10_12.py::TestDeepHealth::test_health_snapshot PASSED [ 60%]
runtime/tests/test_platform_api_phase10_12.py::TestDeepHealth::test_app_readiness_endpoints PASSED [ 64%]
runtime/tests/test_platform_api_phase10_12.py::TestHttpEndpointStructure::test_change_intelligence_route_registered PASSED [ 67%]
runtime/tests/test_platform_api_phase10_12.py::TestHttpEndpointStructure::test_diagnose_route_registered PASSED [ 71%]
runtime/tests/test_platform_api_phase10_12.py::TestHttpEndpointStructure::test_health_deep_route_registered PASSED [ 75%]
runtime/tests/test_platform_api_phase10_12.py::TestHttpEndpointStructure::test_diagnose_malformed_returns_400 PASSED [ 78%]
runtime/tests/test_platform_api_phase10_12.py::TestHttpEndpointStructure::test_diagnose_register_malformed_returns_400 PASSED [ 82%]
runtime/tests/test_platform_api_phase10_12.py::TestHttpEndpointStructure::test_change_intelligence_returns_200 PASSED [ 85%]
runtime/tests/test_platform_api_phase10_12.py::TestHttpEndpointStructure::test_health_deep_returns_200 PASSED [ 89%]
runtime/tests/test_platform_api_phase10_12.py::TestHttpEndpointStructure::test_diagnose_returns_200 PASSED [ 92%]
runtime/tests/test_platform_api_phase10_12.py::TestHttpEndpointStructure::test_diagnose_register_returns_200 PASSED [ 96%]
runtime/tests/test_platform_api_phase10_12.py::TestFrontendRoutesExist::test_change_intelligence_page_exists PASSED [100%]

=============================== warnings summary ===============================
runtime/tests/test_platform_api_phase10_12.py::TestHttpEndpointStructure::test_change_intelligence_route_registered
  /home/vasantha/AI-Projects/ClariFin_OS/backend/src/core/dtos/account_dto.py:12: PydanticDeprecatedSince20: Support for class-based `config` is deprecated, use ConfigDict instead. Deprecated in Pydantic V2.0 to be removed in V3.0. See Pydantic V2 Migration Guide at https://errors.pydantic.dev/2.13/migration/
    class AccountDTO(BaseModel):

runtime/tests/test_platform_api_phase10_12.py::TestHttpEndpointStructure::test_change_intelligence_route_registered
  /home/vasantha/AI-Projects/ClariFin_OS/backend/src/core/dtos/account_dto.py:48: PydanticDeprecatedSince20: Support for class-based `config` is deprecated, use ConfigDict instead. Deprecated in Pydantic V2.0 to be removed in V3.0. See Pydantic V2 Migration Guide at https://errors.pydantic.dev/2.13/migration/
    class AccountListResponse(BaseModel):

runtime/tests/test_platform_api_phase10_12.py::TestHttpEndpointStructure::test_change_intelligence_route_registered
  /home/vasantha/AI-Projects/ClariFin_OS/backend/src/core/dtos/accounts_dto.py:153: PydanticDeprecatedSince20: Support for class-based `config` is deprecated, use ConfigDict instead. Deprecated in Pydantic V2.0 to be removed in V3.0. See Pydantic V2 Migration Guide at https://errors.pydantic.dev/2.13/migration/
    class AccountsDTO(BaseModel):

runtime/tests/test_platform_api_phase10_12.py::TestHttpEndpointStructure::test_change_intelligence_route_registered
  /home/vasantha/AI-Projects/ClariFin_OS/backend/src/core/dtos/behaviour_dto.py:138: PydanticDeprecatedSince20: Support for class-based `config` is deprecated, use ConfigDict instead. Deprecated in Pydantic V2.0 to be removed in V3.0. See Pydantic V2 Migration Guide at https://errors.pydantic.dev/2.13/migration/
    class BehaviourDTO(BaseModel):

runtime/tests/test_platform_api_phase10_12.py::TestHttpEndpointStructure::test_change_intelligence_route_registered
  /home/vasantha/AI-Projects/ClariFin_OS/backend/src/core/dtos/cashflow_dto.py:136: PydanticDeprecatedSince20: Support for class-based `config` is deprecated, use ConfigDict instead. Deprecated in Pydantic V2.0 to be removed in V3.0. See Pydantic V2 Migration Guide at https://errors.pydantic.dev/2.13/migration/
    class CashflowSummaryDTO(BaseModel):

runtime/tests/test_platform_api_phase10_12.py::TestHttpEndpointStructure::test_change_intelligence_route_registered
  /home/vasantha/AI-Projects/ClariFin_OS/backend/src/core/dtos/credit_cards_dto.py:186: PydanticDeprecatedSince20: Support for class-based `config` is deprecated, use ConfigDict instead. Deprecated in Pydantic V2.0 to be removed in V3.0. See Pydantic V2 Migration Guide at https://errors.pydantic.dev/2.13/migration/
    class CreditCardsDTO(BaseModel):

runtime/tests/test_platform_api_phase10_12.py::TestHttpEndpointStructure::test_change_intelligence_route_registered
  /home/vasantha/AI-Projects/ClariFin_OS/backend/src/core/dtos/dashboard_dto.py:14: PydanticDeprecatedSince20: Support for class-based `config` is deprecated, use ConfigDict instead. Deprecated in Pydantic V2.0 to be removed in V3.0. See Pydantic V2 Migration Guide at https://errors.pydantic.dev/2.13/migration/
    class DashboardSummaryDTO(BaseModel):

runtime/tests/test_platform_api_phase10_12.py::TestHttpEndpointStructure::test_change_intelligence_route_registered
  /home/vasantha/AI-Projects/ClariFin_OS/backend/src/core/dtos/dashboard_dto.py:65: PydanticDeprecatedSince20: Support for class-based `config` is deprecated, use ConfigDict instead. Deprecated in Pydantic V2.0 to be removed in V3.0. See Pydantic V2 Migration Guide at https://errors.pydantic.dev/2.13/migration/
    class OverviewDTO(BaseModel):

runtime/tests/test_platform_api_phase10_12.py::TestHttpEndpointStructure::test_change_intelligence_route_registered
  /home/vasantha/AI-Projects/ClariFin_OS/backend/src/core/dtos/dashboard_dto.py:100: PydanticDeprecatedSince20: Support for class-based `config` is deprecated, use ConfigDict instead. Deprecated in Pydantic V2.0 to be removed in V3.0. See Pydantic V2 Migration Guide at https://errors.pydantic.dev/2.13/migration/
    class CategoryBreakdownDTO(BaseModel):

runtime/tests/test_platform_api_phase10_12.py::TestHttpEndpointStructure::test_change_intelligence_route_registered
  /home/vasantha/AI-Projects/ClariFin_OS/backend/src/core/dtos/forecast_dto.py:141: PydanticDeprecatedSince20: Support for class-based `config` is deprecated, use ConfigDict instead. Deprecated in Pydantic V2.0 to be removed in V3.0. See Pydantic V2 Migration Guide at https://errors.pydantic.dev/2.13/migration/
    class ForecastDTO(BaseModel):

runtime/tests/test_platform_api_phase10_12.py::TestHttpEndpointStructure::test_change_intelligence_route_registered
  /home/vasantha/AI-Projects/ClariFin_OS/backend/src/core/dtos/investments_dto.py:143: PydanticDeprecatedSince20: Support for class-based `config` is deprecated, use ConfigDict instead. Deprecated in Pydantic V2.0 to be removed in V3.0. See Pydantic V2 Migration Guide at https://errors.pydantic.dev/2.13/migration/
    class InvestmentsDTO(BaseModel):

runtime/tests/test_platform_api_phase10_12.py::TestHttpEndpointStructure::test_change_intelligence_route_registered
  /home/vasantha/AI-Projects/ClariFin_OS/backend/src/core/dtos/loans_dto.py:191: PydanticDeprecatedSince20: Support for class-based `config` is deprecated, use ConfigDict instead. Deprecated in Pydantic V2.0 to be removed in V3.0. See Pydantic V2 Migration Guide at https://errors.pydantic.dev/2.13/migration/
    class LoansDTO(BaseModel):

runtime/tests/test_platform_api_phase10_12.py::TestHttpEndpointStructure::test_change_intelligence_route_registered
  /home/vasantha/AI-Projects/ClariFin_OS/backend/src/core/dtos/net_worth_dto.py:138: PydanticDeprecatedSince20: Support for class-based `config` is deprecated, use ConfigDict instead. Deprecated in Pydantic V2.0 to be removed in V3.0. See Pydantic V2 Migration Guide at https://errors.pydantic.dev/2.13/migration/
    class NetWorthDTO(BaseModel):

runtime/tests/test_platform_api_phase10_12.py::TestHttpEndpointStructure::test_change_intelligence_route_registered
  /home/vasantha/AI-Projects/ClariFin_OS/backend/src/core/dtos/reconciliation_dto.py:138: PydanticDeprecatedSince20: Support for class-based `config` is deprecated, use ConfigDict instead. Deprecated in Pydantic V2.0 to be removed in V3.0. See Pydantic V2 Migration Guide at https://errors.pydantic.dev/2.13/migration/
    class ReconciliationDTO(BaseModel):

runtime/tests/test_platform_api_phase10_12.py::TestHttpEndpointStructure::test_change_intelligence_route_registered
  /home/vasantha/AI-Projects/ClariFin_OS/backend/src/core/dtos/reconciliation_dto.py:230: PydanticDeprecatedSince20: Support for class-based `config` is deprecated, use ConfigDict instead. Deprecated in Pydantic V2.0 to be removed in V3.0. See Pydantic V2 Migration Guide at https://errors.pydantic.dev/2.13/migration/
    class ReconciliationsListResponse(BaseModel):

runtime/tests/test_platform_api_phase10_12.py::TestHttpEndpointStructure::test_change_intelligence_route_registered
  /home/vasantha/AI-Projects/ClariFin_OS/backend/src/core/dtos/reconciliation_dto.py:270: PydanticDeprecatedSince20: Support for class-based `config` is deprecated, use ConfigDict instead. Deprecated in Pydantic V2.0 to be removed in V3.0. See Pydantic V2 Migration Guide at https://errors.pydantic.dev/2.13/migration/
    class ReconciliationScanResponse(BaseModel):

runtime/tests/test_platform_api_phase10_12.py::TestHttpEndpointStructure::test_change_intelligence_route_registered
  /home/vasantha/AI-Projects/ClariFin_OS/backend/src/core/dtos/transaction_dto.py:12: PydanticDeprecatedSince20: Support for class-based `config` is deprecated, use ConfigDict instead. Deprecated in Pydantic V2.0 to be removed in V3.0. See Pydantic V2 Migration Guide at https://errors.pydantic.dev/2.13/migration/
    class MoneyDTO(BaseModel):

runtime/tests/test_platform_api_phase10_12.py::TestHttpEndpointStructure::test_change_intelligence_route_registered
  /home/vasantha/AI-Projects/ClariFin_OS/backend/src/core/dtos/transaction_dto.py:27: PydanticDeprecatedSince20: Support for class-based `config` is deprecated, use ConfigDict instead. Deprecated in Pydantic V2.0 to be removed in V3.0. See Pydantic V2 Migration Guide at https://errors.pydantic.dev/2.13/migration/
    class TransactionDTO(BaseModel):

runtime/tests/test_platform_api_phase10_12.py::TestHttpEndpointStructure::test_change_intelligence_route_registered
  /home/vasantha/AI-Projects/ClariFin_OS/backend/src/core/dtos/transaction_dto.py:70: PydanticDeprecatedSince20: Support for class-based `config` is deprecated, use ConfigDict instead. Deprecated in Pydantic V2.0 to be removed in V3.0. See Pydantic V2 Migration Guide at https://errors.pydantic.dev/2.13/migration/
    class TransactionListResponse(BaseModel):

runtime/tests/test_platform_api_phase10_12.py::TestHttpEndpointStructure::test_change_intelligence_route_registered
  /home/vasantha/AI-Projects/ClariFin_OS/backend/src/core/dtos/transaction_dto.py:84: PydanticDeprecatedSince20: Support for class-based `config` is deprecated, use ConfigDict instead. Deprecated in Pydantic V2.0 to be removed in V3.0. See Pydantic V2 Migration Guide at https://errors.pydantic.dev/2.13/migration/
    class CategorySummaryDTO(BaseModel):

-- Docs: https://docs.pytest.org/en/stable/how-to/capture-warnings.html
======================= 28 passed, 20 warnings in 39.97s =======================
