============================= test session starts ==============================
collecting ... collected 15 items

backend/tests/integration/test_platform_api_phase4.py::TestSnapshotFile::test_snapshot_file_exists_after_generation PASSED [  6%]
backend/tests/integration/test_platform_api_phase4.py::TestSnapshotFile::test_snapshot_file_is_valid_json PASSED [ 13%]
backend/tests/integration/test_platform_api_phase4.py::TestCacheTiming::test_cached_response_is_faster_than_uncached[/platform/v1/tasks-tasks] PASSED [ 20%]
backend/tests/integration/test_platform_api_phase4.py::TestCacheTiming::test_cached_response_is_faster_than_uncached[/platform/v1/change/intelligence-change] PASSED [ 26%]
backend/tests/integration/test_platform_api_phase4.py::TestCacheTiming::test_healthy_service_does_not_break_when_cached PASSED [ 33%]
backend/tests/integration/test_platform_api_phase4.py::TestCacheInvalidation::test_refresh_clears_a_domain PASSED [ 40%]
backend/tests/integration/test_platform_api_phase4.py::TestCacheInvalidation::test_refresh_all_clears_everything PASSED [ 46%]
backend/tests/integration/test_platform_api_phase4.py::TestGate4ProgrammaticAnswers::test_what_is_the_platform_state PASSED [ 53%]
backend/tests/integration/test_platform_api_phase4.py::TestGate4ProgrammaticAnswers::test_what_capabilities_exist PASSED [ 60%]
backend/tests/integration/test_platform_api_phase4.py::TestGate4ProgrammaticAnswers::test_what_is_unhealthy PASSED [ 66%]
backend/tests/integration/test_platform_api_phase4.py::TestGate4ProgrammaticAnswers::test_what_was_last_verified PASSED [ 73%]
backend/tests/integration/test_platform_api_phase4.py::TestGate4ProgrammaticAnswers::test_what_evidence_exists PASSED [ 80%]
backend/tests/integration/test_platform_api_phase4.py::TestGate4ProgrammaticAnswers::test_what_obligations_are_open PASSED [ 86%]
backend/tests/integration/test_platform_api_phase4.py::TestGate4ProgrammaticAnswers::test_what_happened_recently PASSED [ 93%]
backend/tests/integration/test_platform_api_phase4.py::TestNoMutationNoLLM::test_no_new_modules_loaded_by_read PASSED [100%]

=============================== warnings summary ===============================
../../.local/lib/python3.12/site-packages/fastapi/testclient.py:1
  /home/vasantha/.local/lib/python3.12/site-packages/fastapi/testclient.py:1: StarletteDeprecationWarning: Using `httpx` with `starlette.testclient` is deprecated; install `httpx2` instead.
    from starlette.testclient import TestClient as TestClient  # noqa

../../.local/lib/python3.12/site-packages/_hypothesis_pytestplugin.py:481
  /home/vasantha/.local/lib/python3.12/site-packages/_hypothesis_pytestplugin.py:481: UserWarning: Skipping collection of '.hypothesis' directory - this usually means you've explicitly set the `norecursedirs` pytest config option, replacing rather than extending the default ignores.
    warnings.warn(

-- Docs: https://docs.pytest.org/en/stable/how-to/capture-warnings.html
======================= 15 passed, 2 warnings in 25.88s ========================
