{"meta": {"format": 3, "version": "7.15.2", "timestamp": "2026-09-03T05:02:15.469713", "branch_coverage": false, "show_contexts": false}, "files": {"backend/src/__init__.py": {"executed_lines": [], "summary": {"covered_lines": 0, "num_statements": 0, "percent_covered": 100.0, "percent_covered_display": "100", "missing_lines": 0, "excluded_lines": 0, "percent_statements_covered": 100.0, "percent_statements_covered_display": "100"}, "missing_lines": [], "excluded_lines": [], "functions": {"": {"executed_lines": [], "summary": {"covered_lines": 0, "num_statements": 0, "percent_covered": 100.0, "percent_covered_display": "100", "missing_lines": 0, "excluded_lines": 0, "percent_statements_covered": 100.0, "percent_statements_covered_display": "100"}, "missing_lines": [], "excluded_lines": [], "start_line": 1}}, "classes": {"": {"executed_lines": [], "summary": {"covered_lines": 0, "num_statements": 0, "percent_covered": 100.0, "percent_covered_display": "100", "missing_lines": 0, "excluded_lines": 0, "percent_statements_covered": 100.0, "percent_statements_covered_display": "100"}, "missing_lines": [], "excluded_lines": [], "start_line": 1}}}, "backend/src/api.py": {"executed_lines": [16, 17, 19, 20, 22, 23, 24, 25, 32, 33, 37, 38, 41, 49, 58, 61, 64, 94, 95, 96, 97, 98, 99, 100, 101, 102, 103, 104, 105, 106, 107, 112, 113, 114, 115, 116, 117, 118, 119, 120, 121, 122, 123, 124, 130], "summary": {"covered_lines": 45, "num_statements": 47, "percent_covered": 95.74468085106383, "percent_covered_display": "96", "missing_lines": 2, "excluded_lines": 0, "percent_statements_covered": 95.74468085106383, "percent_statements_covered_display": "96"}, "missing_lines": [131, 133], "excluded_lines": [], "functions": {"lifespan": {"executed_lines": [37, 38], "summary": {"covered_lines": 2, "num_statements": 2, "percent_covered": 100.0, "percent_covered_display": "100", "missing_lines": 0, "excluded_lines": 0, "percent_statements_covered": 100.0, "percent_statements_covered_display": "100"}, "missing_lines": [], "excluded_lines": [], "start_line": 33}, "": {"executed_lines": [16, 17, 19, 20, 22, 23, 24, 25, 32, 33, 41, 49, 58, 61, 64, 94, 95, 96, 97, 98, 99, 100, 101, 102, 103, 104, 105, 106, 107, 112, 113, 114, 115, 116, 117, 118, 119, 120, 121, 122, 123, 124, 130], "summary": {"covered_lines": 43, "num_statements": 45, "percent_covered": 95.55555555555556, "percent_covered_display": "96", "missing_lines": 2, "excluded_lines": 0, "percent_statements_covered": 95.55555555555556, "percent_statements_covered_display": "96"}, "missing_lines": [131, 133], "excluded_lines": [], "start_line": 1}}, "classes": {"": {"executed_lines": [16, 17, 19, 20, 22, 23, 24, 25, 32, 33, 37, 38, 41, 49, 58, 61, 64, 94, 95, 96, 97, 98, 99, 100, 101, 102, 103, 104, 105, 106, 107, 112, 113, 114, 115, 116, 117, 118, 119, 120, 121, 122, 123, 124, 130], "summary": {"covered_lines": 45, "num_statements": 47, "percent_covered": 95.74468085106383, "percent_covered_display": "96", "missing_lines": 2, "excluded_lines": 0, "percent_statements_covered": 95.74468085106383, "percent_statements_covered_display": "96"}, "missing_lines": [131, 133], "excluded_lines": [], "start_line": 1}}}, "backend/src/common/__init__.py": {"executed_lines": [3, 9, 10, 11, 13], "summary": {"covered_lines": 5, "num_statements": 5, "percent_covered": 100.0, "percent_covered_display": "100", "missing_lines": 0, "excluded_lines": 0, "percent_statements_covered": 100.0, "percent_statements_covered_display": "100"}, "missing_lines": [], "excluded_lines": [], "functions": {"": {"executed_lines": [3, 9, 10, 11, 13], "summary": {"covered_lines": 5, "num_statements": 5, "percent_covered": 100.0, "percent_covered_display": "100", "missing_lines": 0, "excluded_lines": 0, "percent_statements_covered": 100.0, "percent_statements_covered_display": "100"}, "missing_lines": [], "excluded_lines": [], "start_line": 1}}, "classes": {"": {"executed_lines": [3, 9, 10, 11, 13], "summary": {"covered_lines": 5, "num_statements": 5, "percent_covered": 100.0, "percent_covered_display": "100", "missing_lines": 0, "excluded_lines": 0, "percent_statements_covered": 100.0, "percent_statements_covered_display": "100"}, "missing_lines": [], "excluded_lines": [], "start_line": 1}}}, "backend/src/common/calculations.py": {"executed_lines": [3, 4, 5, 7, 10, 27, 29, 30, 32, 33, 36, 40, 41, 43, 44, 46, 47, 48, 49, 52, 54, 55, 56, 57, 58, 61, 63, 64, 65, 67, 70, 72, 73, 77, 80, 82, 83, 85, 86, 89, 92, 93, 95, 96, 99, 100, 101, 102, 103, 104, 106, 107, 108, 109, 110, 111, 112, 113, 114, 115, 123, 124, 134, 135, 136, 137, 138, 140, 141, 142, 143, 144, 145, 146, 149, 150, 158, 159, 169, 170, 171, 172, 175, 176, 185], "summary": {"covered_lines": 85, "num_statements": 85, "percent_covered": 100.0, "percent_covered_display": "100", "missing_lines": 0, "excluded_lines": 0, "percent_statements_covered": 100.0, "percent_statements_covered_display": "100"}, "missing_lines": [], "excluded_lines": [], "functions": {"_parse_amount_paise": {"executed_lines": [27, 29, 30, 32, 33, 36, 40, 41, 43, 44, 46, 47, 48, 49], "summary": {"covered_lines": 14, "num_statements": 14, "percent_covered": 100.0, "percent_covered_display": "100", "missing_lines": 0, "excluded_lines": 0, "percent_statements_covered": 100.0, "percent_statements_covered_display": "100"}, "missing_lines": [], "excluded_lines": [], "start_line": 10}, "percentage_change": {"executed_lines": [54, 55, 56, 57, 58], "summary": {"covered_lines": 5, "num_statements": 5, "percent_covered": 100.0, "percent_covered_display": "100", "missing_lines": 0, "excluded_lines": 0, "percent_statements_covered": 100.0, "percent_statements_covered_display": "100"}, "missing_lines": [], "excluded_lines": [], "start_line": 52}, "compute_is_large": {"executed_lines": [63, 64, 65, 67, 70, 72, 73, 77], "summary": {"covered_lines": 8, "num_statements": 8, "percent_covered": 100.0, "percent_covered_display": "100", "missing_lines": 0, "excluded_lines": 0, "percent_statements_covered": 100.0, "percent_statements_covered_display": "100"}, "missing_lines": [], "excluded_lines": [], "start_line": 61}, "compute_behavioral_insights": {"executed_lines": [82, 83, 85, 86, 89, 92, 93, 95, 96, 99, 100, 101, 102, 103, 104, 106, 107, 108, 109, 110, 111, 112, 113, 114, 115, 123, 124, 134, 135, 136, 137, 138, 140, 141, 142, 143, 144, 145, 146, 149, 150, 158, 159, 169, 170, 171, 172, 175, 176, 185], "summary": {"covered_lines": 50, "num_statements": 50, "percent_covered": 100.0, "percent_covered_display": "100", "missing_lines": 0, "excluded_lines": 0, "percent_statements_covered": 100.0, "percent_statements_covered_display": "100"}, "missing_lines": [], "excluded_lines": [], "start_line": 80}, "": {"executed_lines": [3, 4, 5, 7, 10, 52, 61, 80], "summary": {"covered_lines": 8, "num_statements": 8, "percent_covered": 100.0, "percent_covered_display": "100", "missing_lines": 0, "excluded_lines": 0, "percent_statements_covered": 100.0, "percent_statements_covered_display": "100"}, "missing_lines": [], "excluded_lines": [], "start_line": 1}}, "classes": {"": {"executed_lines": [3, 4, 5, 7, 10, 27, 29, 30, 32, 33, 36, 40, 41, 43, 44, 46, 47, 48, 49, 52, 54, 55, 56, 57, 58, 61, 63, 64, 65, 67, 70, 72, 73, 77, 80, 82, 83, 85, 86, 89, 92, 93, 95, 96, 99, 100, 101, 102, 103, 104, 106, 107, 108, 109, 110, 111, 112, 113, 114, 115, 123, 124, 134, 135, 136, 137, 138, 140, 141, 142, 143, 144, 145, 146, 149, 150, 158, 159, 169, 170, 171, 172, 175, 176, 185], "summary": {"covered_lines": 85, "num_statements": 85, "percent_covered": 100.0, "percent_covered_display": "100", "missing_lines": 0, "excluded_lines": 0, "percent_statements_covered": 100.0, "percent_statements_covered_display": "100"}, "missing_lines": [], "excluded_lines": [], "start_line": 1}}}, "backend/src/common/enrichment.py": {"executed_lines": [3, 5, 6, 9, 11, 13, 14, 16], "summary": {"covered_lines": 8, "num_statements": 8, "percent_covered": 100.0, "percent_covered_display": "100", "missing_lines": 0, "excluded_lines": 0, "percent_statements_covered": 100.0, "percent_statements_covered_display": "100"}, "missing_lines": [], "excluded_lines": [], "functions": {"enrich_transaction": {"executed_lines": [11, 13, 14, 16], "summary": {"covered_lines": 4, "num_statements": 4, "percent_covered": 100.0, "percent_covered_display": "100", "missing_lines": 0, "excluded_lines": 0, "percent_statements_covered": 100.0, "percent_statements_covered_display": "100"}, "missing_lines": [], "excluded_lines": [], "start_line": 9}, "": {"executed_lines": [3, 5, 6, 9], "summary": {"covered_lines": 4, "num_statements": 4, "percent_covered": 100.0, "percent_covered_display": "100", "missing_lines": 0, "excluded_lines": 0, "percent_statements_covered": 100.0, "percent_statements_covered_display": "100"}, "missing_lines": [], "excluded_lines": [], "start_line": 1}}, "classes": {"": {"executed_lines": [3, 5, 6, 9, 11, 13, 14, 16], "summary": {"covered_lines": 8, "num_statements": 8, "percent_covered": 100.0, "percent_covered_display": "100", "missing_lines": 0, "excluded_lines": 0, "percent_statements_covered": 100.0, "percent_statements_covered_display": "100"}, "missing_lines": [], "excluded_lines": [], "start_line": 1}}}, "backend/src/common/formatting.py": {"executed_lines": [3, 6, 8, 9, 10, 11, 12, 13, 14, 15, 16, 18, 19, 20, 21, 22, 23, 24, 25, 26, 27, 30, 32, 34, 35, 36, 37, 40, 42, 43, 45, 47, 49, 50], "summary": {"covered_lines": 34, "num_statements": 34, "percent_covered": 100.0, "percent_covered_display": "100", "missing_lines": 0, "excluded_lines": 0, "percent_statements_covered": 100.0, "percent_statements_covered_display": "100"}, "missing_lines": [], "excluded_lines": [], "functions": {"format_inr": {"executed_lines": [8, 9, 10, 11, 12, 13, 14, 15, 16, 18, 19, 20, 21, 22, 23, 24, 25, 26, 27], "summary": {"covered_lines": 19, "num_statements": 19, "percent_covered": 100.0, "percent_covered_display": "100", "missing_lines": 0, "excluded_lines": 0, "percent_statements_covered": 100.0, "percent_statements_covered_display": "100"}, "missing_lines": [], "excluded_lines": [], "start_line": 6}, "format_date_display": {"executed_lines": [32, 34, 35, 36, 37], "summary": {"covered_lines": 5, "num_statements": 5, "percent_covered": 100.0, "percent_covered_display": "100", "missing_lines": 0, "excluded_lines": 0, "percent_statements_covered": 100.0, "percent_statements_covered_display": "100"}, "missing_lines": [], "excluded_lines": [], "start_line": 30}, "clean_description": {"executed_lines": [42, 43, 45, 47, 49, 50], "summary": {"covered_lines": 6, "num_statements": 6, "percent_covered": 100.0, "percent_covered_display": "100", "missing_lines": 0, "excluded_lines": 0, "percent_statements_covered": 100.0, "percent_statements_covered_display": "100"}, "missing_lines": [], "excluded_lines": [], "start_line": 40}, "": {"executed_lines": [3, 6, 30, 40], "summary": {"covered_lines": 4, "num_statements": 4, "percent_covered": 100.0, "percent_covered_display": "100", "missing_lines": 0, "excluded_lines": 0, "percent_statements_covered": 100.0, "percent_statements_covered_display": "100"}, "missing_lines": [], "excluded_lines": [], "start_line": 1}}, "classes": {"": {"executed_lines": [3, 6, 8, 9, 10, 11, 12, 13, 14, 15, 16, 18, 19, 20, 21, 22, 23, 24, 25, 26, 27, 30, 32, 34, 35, 36, 37, 40, 42, 43, 45, 47, 49, 50], "summary": {"covered_lines": 34, "num_statements": 34, "percent_covered": 100.0, "percent_covered_display": "100", "missing_lines": 0, "excluded_lines": 0, "percent_statements_covered": 100.0, "percent_statements_covered_display": "100"}, "missing_lines": [], "excluded_lines": [], "start_line": 1}}}, "backend/src/common/parsing.py": {"executed_lines": [3, 4, 7, 9, 10, 11, 25, 27, 28, 29, 30, 31, 32, 33, 34, 35, 36, 37, 40, 42, 43, 44, 45, 48, 50, 51, 52, 53], "summary": {"covered_lines": 28, "num_statements": 28, "percent_covered": 100.0, "percent_covered_display": "100", "missing_lines": 0, "excluded_lines": 0, "percent_statements_covered": 100.0, "percent_statements_covered_display": "100"}, "missing_lines": [], "excluded_lines": [], "functions": {"parse_date": {"executed_lines": [9, 10, 11, 25, 27, 28, 29, 30, 31, 32, 33, 34, 35, 36, 37], "summary": {"covered_lines": 15, "num_statements": 15, "percent_covered": 100.0, "percent_covered_display": "100", "missing_lines": 0, "excluded_lines": 0, "percent_statements_covered": 100.0, "percent_statements_covered_display": "100"}, "missing_lines": [], "excluded_lines": [], "start_line": 7}, "get_month_key": {"executed_lines": [42, 43, 44, 45], "summary": {"covered_lines": 4, "num_statements": 4, "percent_covered": 100.0, "percent_covered_display": "100", "missing_lines": 0, "excluded_lines": 0, "percent_statements_covered": 100.0, "percent_statements_covered_display": "100"}, "missing_lines": [], "excluded_lines": [], "start_line": 40}, "get_weekday": {"executed_lines": [50, 51, 52, 53], "summary": {"covered_lines": 4, "num_statements": 4, "percent_covered": 100.0, "percent_covered_display": "100", "missing_lines": 0, "excluded_lines": 0, "percent_statements_covered": 100.0, "percent_statements_covered_display": "100"}, "missing_lines": [], "excluded_lines": [], "start_line": 48}, "": {"executed_lines": [3, 4, 7, 40, 48], "summary": {"covered_lines": 5, "num_statements": 5, "percent_covered": 100.0, "percent_covered_display": "100", "missing_lines": 0, "excluded_lines": 0, "percent_statements_covered": 100.0, "percent_statements_covered_display": "100"}, "missing_lines": [], "excluded_lines": [], "start_line": 1}}, "classes": {"": {"executed_lines": [3, 4, 7, 9, 10, 11, 25, 27, 28, 29, 30, 31, 32, 33, 34, 35, 36, 37, 40, 42, 43, 44, 45, 48, 50, 51, 52, 53], "summary": {"covered_lines": 28, "num_statements": 28, "percent_covered": 100.0, "percent_covered_display": "100", "missing_lines": 0, "excluded_lines": 0, "percent_statements_covered": 100.0, "percent_statements_covered_display": "100"}, "missing_lines": [], "excluded_lines": [], "start_line": 1}}}, "backend/src/config.py": {"executed_lines": [13, 14, 17, 25, 28, 29, 35, 36, 42, 43, 45, 48, 49, 51, 53, 54, 56, 58, 59, 64, 65, 67, 68, 70, 76, 77, 79, 81, 82, 84, 89, 90, 94, 95, 100, 101, 106, 107, 111, 112, 116, 123, 126, 127, 134, 141, 144, 148, 149, 154, 158, 161, 168, 169], "summary": {"covered_lines": 54, "num_statements": 75, "percent_covered": 72.0, "percent_covered_display": "72", "missing_lines": 21, "excluded_lines": 0, "percent_statements_covered": 72.0, "percent_statements_covered_display": "72"}, "missing_lines": [38, 40, 61, 69, 92, 97, 103, 109, 114, 128, 129, 130, 131, 135, 136, 137, 138, 142, 145, 150, 170], "excluded_lines": [], "functions": {"Settings.database_path": {"executed_lines": [35, 36], "summary": {"covered_lines": 2, "num_statements": 4, "percent_covered": 50.0, "percent_covered_display": "50", "missing_lines": 2, "excluded_lines": 0, "percent_statements_covered": 50.0, "percent_statements_covered_display": "50"}, "missing_lines": [38, 40], "excluded_lines": [], "start_line": 29}, "Settings.upload_dir": {"executed_lines": [45], "summary": {"covered_lines": 1, "num_statements": 1, "percent_covered": 100.0, "percent_covered_display": "100", "missing_lines": 0, "excluded_lines": 0, "percent_statements_covered": 100.0, "percent_statements_covered_display": "100"}, "missing_lines": [], "excluded_lines": [], "start_line": 43}, "Settings.backend_port": {"executed_lines": [51], "summary": {"covered_lines": 1, "num_statements": 1, "percent_covered": 100.0, "percent_covered_display": "100", "missing_lines": 0, "excluded_lines": 0, "percent_statements_covered": 100.0, "percent_statements_covered_display": "100"}, "missing_lines": [], "excluded_lines": [], "start_line": 49}, "Settings.frontend_port": {"executed_lines": [56], "summary": {"covered_lines": 1, "num_statements": 1, "percent_covered": 100.0, "percent_covered_display": "100", "missing_lines": 0, "excluded_lines": 0, "percent_statements_covered": 100.0, "percent_statements_covered_display": "100"}, "missing_lines": [], "excluded_lines": [], "start_line": 54}, "Settings.api_url": {"executed_lines": [], "summary": {"covered_lines": 0, "num_statements": 1, "percent_covered": 0.0, "percent_covered_display": "0", "missing_lines": 1, "excluded_lines": 0, "percent_statements_covered": 0.0, "percent_statements_covered_display": "0"}, "missing_lines": [61], "excluded_lines": [], "start_line": 59}, "Settings.cors_origins": {"executed_lines": [67, 68, 70], "summary": {"covered_lines": 3, "num_statements": 4, "percent_covered": 75.0, "percent_covered_display": "75", "missing_lines": 1, "excluded_lines": 0, "percent_statements_covered": 75.0, "percent_statements_covered_display": "75"}, "missing_lines": [69], "excluded_lines": [], "start_line": 65}, "Settings.log_level": {"executed_lines": [79], "summary": {"covered_lines": 1, "num_statements": 1, "percent_covered": 100.0, "percent_covered_display": "100", "missing_lines": 0, "excluded_lines": 0, "percent_statements_covered": 100.0, "percent_statements_covered_display": "100"}, "missing_lines": [], "excluded_lines": [], "start_line": 77}, "Settings.log_format": {"executed_lines": [84], "summary": {"covered_lines": 1, "num_statements": 1, "percent_covered": 100.0, "percent_covered_display": "100", "missing_lines": 0, "excluded_lines": 0, "percent_statements_covered": 100.0, "percent_statements_covered_display": "100"}, "missing_lines": [], "excluded_lines": [], "start_line": 82}, "Settings.max_upload_size_mb": {"executed_lines": [], "summary": {"covered_lines": 0, "num_statements": 1, "percent_covered": 0.0, "percent_covered_display": "0", "missing_lines": 1, "excluded_lines": 0, "percent_statements_covered": 0.0, "percent_statements_covered_display": "0"}, "missing_lines": [92], "excluded_lines": [], "start_line": 90}, "Settings.max_upload_size_bytes": {"executed_lines": [], "summary": {"covered_lines": 0, "num_statements": 1, "percent_covered": 0.0, "percent_covered_display": "0", "missing_lines": 1, "excluded_lines": 0, "percent_statements_covered": 0.0, "percent_statements_covered_display": "0"}, "missing_lines": [97], "excluded_lines": [], "start_line": 95}, "Settings.allowed_file_extensions": {"executed_lines": [], "summary": {"covered_lines": 0, "num_statements": 1, "percent_covered": 0.0, "percent_covered_display": "0", "missing_lines": 1, "excluded_lines": 0, "percent_statements_covered": 0.0, "percent_statements_covered_display": "0"}, "missing_lines": [103], "excluded_lines": [], "start_line": 101}, "Settings.enable_analytics": {"executed_lines": [], "summary": {"covered_lines": 0, "num_statements": 1, "percent_covered": 0.0, "percent_covered_display": "0", "missing_lines": 1, "excluded_lines": 0, "percent_statements_covered": 0.0, "percent_statements_covered_display": "0"}, "missing_lines": [109], "excluded_lines": [], "start_line": 107}, "Settings.enable_behavior_engine": {"executed_lines": [], "summary": {"covered_lines": 0, "num_statements": 1, "percent_covered": 0.0, "percent_covered_display": "0", "missing_lines": 1, "excluded_lines": 0, "percent_statements_covered": 0.0, "percent_statements_covered_display": "0"}, "missing_lines": [114], "excluded_lines": [], "start_line": 112}, "Settings.validate": {"executed_lines": [123, 126, 127, 134, 141, 144, 148, 149, 154], "summary": {"covered_lines": 9, "num_statements": 20, "percent_covered": 45.0, "percent_covered_display": "45", "missing_lines": 11, "excluded_lines": 0, "percent_statements_covered": 45.0, "percent_statements_covered_display": "45"}, "missing_lines": [128, 129, 130, 131, 135, 136, 137, 138, 142, 145, 150], "excluded_lines": [], "start_line": 116}, "validate_startup": {"executed_lines": [168, 169], "summary": {"covered_lines": 2, "num_statements": 3, "percent_covered": 66.66666666666667, "percent_covered_display": "67", "missing_lines": 1, "excluded_lines": 0, "percent_statements_covered": 66.66666666666667, "percent_statements_covered_display": "67"}, "missing_lines": [170], "excluded_lines": [], "start_line": 161}, "": {"executed_lines": [13, 14, 17, 25, 28, 29, 42, 43, 48, 49, 53, 54, 58, 59, 64, 65, 76, 77, 81, 82, 89, 90, 94, 95, 100, 101, 106, 107, 111, 112, 116, 158, 161], "summary": {"covered_lines": 33, "num_statements": 33, "percent_covered": 100.0, "percent_covered_display": "100", "missing_lines": 0, "excluded_lines": 0, "percent_statements_covered": 100.0, "percent_statements_covered_display": "100"}, "missing_lines": [], "excluded_lines": [], "start_line": 1}}, "classes": {"Settings": {"executed_lines": [35, 36, 45, 51, 56, 67, 68, 70, 79, 84, 123, 126, 127, 134, 141, 144, 148, 149, 154], "summary": {"covered_lines": 19, "num_statements": 39, "percent_covered": 48.717948717948715, "percent_covered_display": "49", "missing_lines": 20, "excluded_lines": 0, "percent_statements_covered": 48.717948717948715, "percent_statements_covered_display": "49"}, "missing_lines": [38, 40, 61, 69, 92, 97, 103, 109, 114, 128, 129, 130, 131, 135, 136, 137, 138, 142, 145, 150], "excluded_lines": [], "start_line": 17}, "": {"executed_lines": [13, 14, 17, 25, 28, 29, 42, 43, 48, 49, 53, 54, 58, 59, 64, 65, 76, 77, 81, 82, 89, 90, 94, 95, 100, 101, 106, 107, 111, 112, 116, 158, 161, 168, 169], "summary": {"covered_lines": 35, "num_statements": 36, "percent_covered": 97.22222222222223, "percent_covered_display": "97", "missing_lines": 1, "excluded_lines": 0, "percent_statements_covered": 97.22222222222223, "percent_statements_covered_display": "97"}, "missing_lines": [170], "excluded_lines": [], "start_line": 1}}}, "backend/src/core/__init__.py": {"executed_lines": [18, 19, 27, 29], "summary": {"covered_lines": 4, "num_statements": 4, "percent_covered": 100.0, "percent_covered_display": "100", "missing_lines": 0, "excluded_lines": 0, "percent_statements_covered": 100.0, "percent_statements_covered_display": "100"}, "missing_lines": [], "excluded_lines": [], "functions": {"": {"executed_lines": [18, 19, 27, 29], "summary": {"covered_lines": 4, "num_statements": 4, "percent_covered": 100.0, "percent_covered_display": "100", "missing_lines": 0, "excluded_lines": 0, "percent_statements_covered": 100.0, "percent_statements_covered_display": "100"}, "missing_lines": [], "excluded_lines": [], "start_line": 1}}, "classes": {"": {"executed_lines": [18, 19, 27, 29], "summary": {"covered_lines": 4, "num_statements": 4, "percent_covered": 100.0, "percent_covered_display": "100", "missing_lines": 0, "excluded_lines": 0, "percent_statements_covered": 100.0, "percent_statements_covered_display": "100"}, "missing_lines": [], "excluded_lines": [], "start_line": 1}}}, "backend/src/core/db/__init__.py": {"executed_lines": [28, 35, 36, 38], "summary": {"covered_lines": 4, "num_statements": 4, "percent_covered": 100.0, "percent_covered_display": "100", "missing_lines": 0, "excluded_lines": 0, "percent_statements_covered": 100.0, "percent_statements_covered_display": "100"}, "missing_lines": [], "excluded_lines": [], "functions": {"": {"executed_lines": [28, 35, 36, 38], "summary": {"covered_lines": 4, "num_statements": 4, "percent_covered": 100.0, "percent_covered_display": "100", "missing_lines": 0, "excluded_lines": 0, "percent_statements_covered": 100.0, "percent_statements_covered_display": "100"}, "missing_lines": [], "excluded_lines": [], "start_line": 1}}, "classes": {"": {"executed_lines": [28, 35, 36, 38], "summary": {"covered_lines": 4, "num_statements": 4, "percent_covered": 100.0, "percent_covered_display": "100", "missing_lines": 0, "excluded_lines": 0, "percent_statements_covered": 100.0, "percent_statements_covered_display": "100"}, "missing_lines": [], "excluded_lines": [], "start_line": 1}}}, "backend/src/core/db/config.py": {"executed_lines": [18, 20, 21, 24, 25, 28, 45, 46, 49, 50, 52, 53, 54, 58, 59, 62], "summary": {"covered_lines": 16, "num_statements": 19, "percent_covered": 84.21052631578948, "percent_covered_display": "84", "missing_lines": 3, "excluded_lines": 0, "percent_statements_covered": 84.21052631578948, "percent_statements_covered_display": "84"}, "missing_lines": [55, 56, 60], "excluded_lines": [], "functions": {"get_db_path": {"executed_lines": [45, 46, 49, 50, 52, 53, 54, 58, 59, 62], "summary": {"covered_lines": 10, "num_statements": 13, "percent_covered": 76.92307692307692, "percent_covered_display": "77", "missing_lines": 3, "excluded_lines": 0, "percent_statements_covered": 76.92307692307692, "percent_statements_covered_display": "77"}, "missing_lines": [55, 56, 60], "excluded_lines": [], "start_line": 28}, "": {"executed_lines": [18, 20, 21, 24, 25, 28], "summary": {"covered_lines": 6, "num_statements": 6, "percent_covered": 100.0, "percent_covered_display": "100", "missing_lines": 0, "excluded_lines": 0, "percent_statements_covered": 100.0, "percent_statements_covered_display": "100"}, "missing_lines": [], "excluded_lines": [], "start_line": 1}}, "classes": {"": {"executed_lines": [18, 20, 21, 24, 25, 28, 45, 46, 49, 50, 52, 53, 54, 58, 59, 62], "summary": {"covered_lines": 16, "num_statements": 19, "percent_covered": 84.21052631578948, "percent_covered_display": "84", "missing_lines": 3, "excluded_lines": 0, "percent_statements_covered": 84.21052631578948, "percent_statements_covered_display": "84"}, "missing_lines": [55, 56, 60], "excluded_lines": [], "start_line": 1}}}, "backend/src/core/db/connection.py": {"executed_lines": [19, 20, 21, 23, 26, 37, 38, 39, 40, 41, 42, 43, 46, 47, 60, 61, 62, 63, 68], "summary": {"covered_lines": 19, "num_statements": 22, "percent_covered": 86.36363636363636, "percent_covered_display": "86", "missing_lines": 3, "excluded_lines": 0, "percent_statements_covered": 86.36363636363636, "percent_statements_covered_display": "86"}, "missing_lines": [64, 65, 66], "excluded_lines": [], "functions": {"get_connection": {"executed_lines": [37, 38, 39, 40, 41, 42, 43], "summary": {"covered_lines": 7, "num_statements": 7, "percent_covered": 100.0, "percent_covered_display": "100", "missing_lines": 0, "excluded_lines": 0, "percent_statements_covered": 100.0, "percent_statements_covered_display": "100"}, "missing_lines": [], "excluded_lines": [], "start_line": 26}, "get_connection_context": {"executed_lines": [60, 61, 62, 63, 68], "summary": {"covered_lines": 5, "num_statements": 8, "percent_covered": 62.5, "percent_covered_display": "62", "missing_lines": 3, "excluded_lines": 0, "percent_statements_covered": 62.5, "percent_statements_covered_display": "62"}, "missing_lines": [64, 65, 66], "excluded_lines": [], "start_line": 47}, "": {"executed_lines": [19, 20, 21, 23, 26, 46, 47], "summary": {"covered_lines": 7, "num_statements": 7, "percent_covered": 100.0, "percent_covered_display": "100", "missing_lines": 0, "excluded_lines": 0, "percent_statements_covered": 100.0, "percent_statements_covered_display": "100"}, "missing_lines": [], "excluded_lines": [], "start_line": 1}}, "classes": {"": {"executed_lines": [19, 20, 21, 23, 26, 37, 38, 39, 40, 41, 42, 43, 46, 47, 60, 61, 62, 63, 68], "summary": {"covered_lines": 19, "num_statements": 22, "percent_covered": 86.36363636363636, "percent_covered_display": "86", "missing_lines": 3, "excluded_lines": 0, "percent_statements_covered": 86.36363636363636, "percent_statements_covered_display": "86"}, "missing_lines": [64, 65, 66], "excluded_lines": [], "start_line": 1}}}, "backend/src/core/db/health.py": {"executed_lines": [], "summary": {"covered_lines": 0, "num_statements": 22, "percent_covered": 0.0, "percent_covered_display": "0", "missing_lines": 22, "excluded_lines": 0, "percent_statements_covered": 0.0, "percent_statements_covered_display": "0"}, "missing_lines": [11, 12, 14, 15, 17, 19, 22, 32, 33, 39, 40, 41, 44, 45, 46, 47, 48, 50, 51, 52, 53, 55], "excluded_lines": [], "functions": {"check_database_health": {"executed_lines": [], "summary": {"covered_lines": 0, "num_statements": 15, "percent_covered": 0.0, "percent_covered_display": "0", "missing_lines": 15, "excluded_lines": 0, "percent_statements_covered": 0.0, "percent_statements_covered_display": "0"}, "missing_lines": [32, 33, 39, 40, 41, 44, 45, 46, 47, 48, 50, 51, 52, 53, 55], "excluded_lines": [], "start_line": 22}, "": {"executed_lines": [], "summary": {"covered_lines": 0, "num_statements": 7, "percent_covered": 0.0, "percent_covered_display": "0", "missing_lines": 7, "excluded_lines": 0, "percent_statements_covered": 0.0, "percent_statements_covered_display": "0"}, "missing_lines": [11, 12, 14, 15, 17, 19, 22], "excluded_lines": [], "start_line": 1}}, "classes": {"": {"executed_lines": [], "summary": {"covered_lines": 0, "num_statements": 22, "percent_covered": 0.0, "percent_covered_display": "0", "missing_lines": 22, "excluded_lines": 0, "percent_statements_covered": 0.0, "percent_statements_covered_display": "0"}, "missing_lines": [11, 12, 14, 15, 17, 19, 22, 32, 33, 39, 40, 41, 44, 45, 46, 47, 48, 50, 51, 52, 53, 55], "excluded_lines": [], "start_line": 1}}}, "backend/src/core/db/schema.py": {"executed_lines": [21, 22, 23, 24, 26, 28, 34, 66, 94, 103, 116, 147, 156, 172, 192, 209, 232, 250, 264, 275, 286, 299, 310, 329, 345, 357, 371, 388, 405, 421, 433, 456, 475, 490, 509, 523, 533, 549, 563, 595, 613, 639, 665, 674, 712, 717, 719, 720, 721, 722, 724, 725, 726, 727, 728, 732, 733, 743, 744, 754, 759, 765, 767, 768, 769, 770, 771, 772, 773, 774, 776, 777, 778, 779, 782, 795, 796, 800, 801, 810, 817, 818, 830, 831, 838, 839, 840, 841, 846, 852, 853, 860, 865, 867, 868, 869, 870, 876, 877, 879, 880, 886, 887, 889, 890, 896, 897, 899, 900, 906, 907, 913], "summary": {"covered_lines": 112, "num_statements": 153, "percent_covered": 73.20261437908496, "percent_covered_display": "73", "missing_lines": 41, "excluded_lines": 0, "percent_statements_covered": 73.20261437908496, "percent_statements_covered_display": "73"}, "missing_lines": [644, 646, 656, 657, 658, 659, 660, 661, 662, 667, 729, 730, 740, 741, 751, 752, 780, 781, 786, 789, 792, 793, 802, 803, 804, 805, 806, 811, 814, 815, 842, 845, 847, 850, 856, 857, 871, 881, 891, 901, 908], "excluded_lines": [], "functions": {"_parse_date_to_ymd": {"executed_lines": [], "summary": {"covered_lines": 0, "num_statements": 9, "percent_covered": 0.0, "percent_covered_display": "0", "missing_lines": 9, "excluded_lines": 0, "percent_statements_covered": 0.0, "percent_statements_covered_display": "0"}, "missing_lines": [644, 646, 656, 657, 658, 659, 660, 661, 662], "excluded_lines": [], "start_line": 639}, "_row_to_dict": {"executed_lines": [], "summary": {"covered_lines": 0, "num_statements": 1, "percent_covered": 0.0, "percent_covered_display": "0", "missing_lines": 1, "excluded_lines": 0, "percent_statements_covered": 0.0, "percent_statements_covered_display": "0"}, "missing_lines": [667], "excluded_lines": [], "start_line": 665}, "create_all": {"executed_lines": [717, 719, 720, 721, 722, 724, 725, 726, 727, 728, 732, 733, 743, 744, 754], "summary": {"covered_lines": 15, "num_statements": 21, "percent_covered": 71.42857142857143, "percent_covered_display": "71", "missing_lines": 6, "excluded_lines": 0, "percent_statements_covered": 71.42857142857143, "percent_statements_covered_display": "71"}, "missing_lines": [729, 730, 740, 741, 751, 752], "excluded_lines": [], "start_line": 712}, "run_migrations": {"executed_lines": [765, 767, 768, 769, 770, 771, 772, 773, 774, 776, 777, 778, 779, 782, 795, 796, 800, 801, 810, 817, 818, 830, 831, 838, 839, 840, 841, 846, 852, 853], "summary": {"covered_lines": 30, "num_statements": 50, "percent_covered": 60.0, "percent_covered_display": "60", "missing_lines": 20, "excluded_lines": 0, "percent_statements_covered": 60.0, "percent_statements_covered_display": "60"}, "missing_lines": [780, 781, 786, 789, 792, 793, 802, 803, 804, 805, 806, 811, 814, 815, 842, 845, 847, 850, 856, 857], "excluded_lines": [], "start_line": 759}, "verify_schema": {"executed_lines": [865, 867, 868, 869, 870, 876, 877, 879, 880, 886, 887, 889, 890, 896, 897, 899, 900, 906, 907, 913], "summary": {"covered_lines": 20, "num_statements": 25, "percent_covered": 80.0, "percent_covered_display": "80", "missing_lines": 5, "excluded_lines": 0, "percent_statements_covered": 80.0, "percent_statements_covered_display": "80"}, "missing_lines": [871, 881, 891, 901, 908], "excluded_lines": [], "start_line": 860}, "": {"executed_lines": [21, 22, 23, 24, 26, 28, 34, 66, 94, 103, 116, 147, 156, 172, 192, 209, 232, 250, 264, 275, 286, 299, 310, 329, 345, 357, 371, 388, 405, 421, 433, 456, 475, 490, 509, 523, 533, 549, 563, 595, 613, 639, 665, 674, 712, 759, 860], "summary": {"covered_lines": 47, "num_statements": 47, "percent_covered": 100.0, "percent_covered_display": "100", "missing_lines": 0, "excluded_lines": 0, "percent_statements_covered": 100.0, "percent_statements_covered_display": "100"}, "missing_lines": [], "excluded_lines": [], "start_line": 1}}, "classes": {"": {"executed_lines": [21, 22, 23, 24, 26, 28, 34, 66, 94, 103, 116, 147, 156, 172, 192, 209, 232, 250, 264, 275, 286, 299, 310, 329, 345, 357, 371, 388, 405, 421, 433, 456, 475, 490, 509, 523, 533, 549, 563, 595, 613, 639, 665, 674, 712, 717, 719, 720, 721, 722, 724, 725, 726, 727, 728, 732, 733, 743, 744, 754, 759, 765, 767, 768, 769, 770, 771, 772, 773, 774, 776, 777, 778, 779, 782, 795, 796, 800, 801, 810, 817, 818, 830, 831, 838, 839, 840, 841, 846, 852, 853, 860, 865, 867, 868, 869, 870, 876, 877, 879, 880, 886, 887, 889, 890, 896, 897, 899, 900, 906, 907, 913], "summary": {"covered_lines": 112, "num_statements": 153, "percent_covered": 73.20261437908496, "percent_covered_display": "73", "missing_lines": 41, "excluded_lines": 0, "percent_statements_covered": 73.20261437908496, "percent_statements_covered_display": "73"}, "missing_lines": [644, 646, 656, 657, 658, 659, 660, 661, 662, 667, 729, 730, 740, 741, 751, 752, 780, 781, 786, 789, 792, 793, 802, 803, 804, 805, 806, 811, 814, 815, 842, 845, 847, 850, 856, 857, 871, 881, 891, 901, 908], "excluded_lines": [], "start_line": 1}}}, "backend/src/core/db/transaction.py": {"executed_lines": [17, 18, 19, 21, 22, 25, 26], "summary": {"covered_lines": 7, "num_statements": 16, "percent_covered": 43.75, "percent_covered_display": "44", "missing_lines": 9, "excluded_lines": 0, "percent_statements_covered": 43.75, "percent_statements_covered_display": "44"}, "missing_lines": [40, 41, 42, 43, 44, 45, 46, 47, 49], "excluded_lines": [], "functions": {"db_transaction": {"executed_lines": [], "summary": {"covered_lines": 0, "num_statements": 9, "percent_covered": 0.0, "percent_covered_display": "0", "missing_lines": 9, "excluded_lines": 0, "percent_statements_covered": 0.0, "percent_statements_covered_display": "0"}, "missing_lines": [40, 41, 42, 43, 44, 45, 46, 47, 49], "excluded_lines": [], "start_line": 26}, "": {"executed_lines": [17, 18, 19, 21, 22, 25, 26], "summary": {"covered_lines": 7, "num_statements": 7, "percent_covered": 100.0, "percent_covered_display": "100", "missing_lines": 0, "excluded_lines": 0, "percent_statements_covered": 100.0, "percent_statements_covered_display": "100"}, "missing_lines": [], "excluded_lines": [], "start_line": 1}}, "classes": {"": {"executed_lines": [17, 18, 19, 21, 22, 25, 26], "summary": {"covered_lines": 7, "num_statements": 16, "percent_covered": 43.75, "percent_covered_display": "44", "missing_lines": 9, "excluded_lines": 0, "percent_statements_covered": 43.75, "percent_statements_covered_display": "44"}, "missing_lines": [40, 41, 42, 43, 44, 45, 46, 47, 49], "excluded_lines": [], "start_line": 1}}}, "backend/src/core/domain/__init__.py": {"executed_lines": [26, 28], "summary": {"covered_lines": 2, "num_statements": 2, "percent_covered": 100.0, "percent_covered_display": "100", "missing_lines": 0, "excluded_lines": 0, "percent_statements_covered": 100.0, "percent_statements_covered_display": "100"}, "missing_lines": [], "excluded_lines": [], "functions": {"": {"executed_lines": [26, 28], "summary": {"covered_lines": 2, "num_statements": 2, "percent_covered": 100.0, "percent_covered_display": "100", "missing_lines": 0, "excluded_lines": 0, "percent_statements_covered": 100.0, "percent_statements_covered_display": "100"}, "missing_lines": [], "excluded_lines": [], "start_line": 1}}, "classes": {"": {"executed_lines": [26, 28], "summary": {"covered_lines": 2, "num_statements": 2, "percent_covered": 100.0, "percent_covered_display": "100", "missing_lines": 0, "excluded_lines": 0, "percent_statements_covered": 100.0, "percent_statements_covered_display": "100"}, "missing_lines": [], "excluded_lines": [], "start_line": 1}}}, "backend/src/core/domain/money.py": {"executed_lines": [19, 33, 35, 45, 46, 50, 52, 53, 55, 57, 64, 66, 67, 79, 80, 86, 96, 97, 98, 100, 110, 111, 112, 114, 124, 125, 128, 130, 143, 144, 147, 148, 149, 151, 161, 162, 163, 164, 165, 167, 174, 176, 183, 189, 191, 193, 195, 197, 199, 201, 211, 212, 213, 215, 225, 226, 227, 228, 229, 230, 231, 237, 239, 240, 242, 244, 246, 248, 249, 250, 251, 252, 258, 260, 262, 264, 266, 268, 270, 272, 274, 276, 278, 280, 282, 284, 286, 288, 289, 290, 292, 294, 295, 296, 298, 300, 301, 302, 304, 306, 307, 308, 310, 312, 313, 314, 316, 318], "summary": {"covered_lines": 108, "num_statements": 108, "percent_covered": 100.0, "percent_covered_display": "100", "missing_lines": 0, "excluded_lines": 0, "percent_statements_covered": 100.0, "percent_statements_covered_display": "100"}, "missing_lines": [], "excluded_lines": [], "functions": {"Money.__init__": {"executed_lines": [45, 46, 50], "summary": {"covered_lines": 3, "num_statements": 3, "percent_covered": 100.0, "percent_covered_display": "100", "missing_lines": 0, "excluded_lines": 0, "percent_statements_covered": 100.0, "percent_statements_covered_display": "100"}, "missing_lines": [], "excluded_lines": [], "start_line": 35}, "Money.paise": {"executed_lines": [55], "summary": {"covered_lines": 1, "num_statements": 1, "percent_covered": 100.0, "percent_covered_display": "100", "missing_lines": 0, "excluded_lines": 0, "percent_statements_covered": 100.0, "percent_statements_covered_display": "100"}, "missing_lines": [], "excluded_lines": [], "start_line": 53}, "Money.to_rupees": {"executed_lines": [64], "summary": {"covered_lines": 1, "num_statements": 1, "percent_covered": 100.0, "percent_covered_display": "100", "missing_lines": 0, "excluded_lines": 0, "percent_statements_covered": 100.0, "percent_statements_covered_display": "100"}, "missing_lines": [], "excluded_lines": [], "start_line": 57}, "Money.from_rupees": {"executed_lines": [79, 80], "summary": {"covered_lines": 2, "num_statements": 2, "percent_covered": 100.0, "percent_covered_display": "100", "missing_lines": 0, "excluded_lines": 0, "percent_statements_covered": 100.0, "percent_statements_covered_display": "100"}, "missing_lines": [], "excluded_lines": [], "start_line": 67}, "Money.add": {"executed_lines": [96, 97, 98], "summary": {"covered_lines": 3, "num_statements": 3, "percent_covered": 100.0, "percent_covered_display": "100", "missing_lines": 0, "excluded_lines": 0, "percent_statements_covered": 100.0, "percent_statements_covered_display": "100"}, "missing_lines": [], "excluded_lines": [], "start_line": 86}, "Money.subtract": {"executed_lines": [110, 111, 112], "summary": {"covered_lines": 3, "num_statements": 3, "percent_covered": 100.0, "percent_covered_display": "100", "missing_lines": 0, "excluded_lines": 0, "percent_statements_covered": 100.0, "percent_statements_covered_display": "100"}, "missing_lines": [], "excluded_lines": [], "start_line": 100}, "Money.multiply": {"executed_lines": [124, 125, 128], "summary": {"covered_lines": 3, "num_statements": 3, "percent_covered": 100.0, "percent_covered_display": "100", "missing_lines": 0, "excluded_lines": 0, "percent_statements_covered": 100.0, "percent_statements_covered_display": "100"}, "missing_lines": [], "excluded_lines": [], "start_line": 114}, "Money.divide": {"executed_lines": [143, 144, 147, 148, 149], "summary": {"covered_lines": 5, "num_statements": 5, "percent_covered": 100.0, "percent_covered_display": "100", "missing_lines": 0, "excluded_lines": 0, "percent_statements_covered": 100.0, "percent_statements_covered_display": "100"}, "missing_lines": [], "excluded_lines": [], "start_line": 130}, "Money.percentage": {"executed_lines": [161, 162, 163, 164, 165], "summary": {"covered_lines": 5, "num_statements": 5, "percent_covered": 100.0, "percent_covered_display": "100", "missing_lines": 0, "excluded_lines": 0, "percent_statements_covered": 100.0, "percent_statements_covered_display": "100"}, "missing_lines": [], "excluded_lines": [], "start_line": 151}, "Money.negate": {"executed_lines": [174], "summary": {"covered_lines": 1, "num_statements": 1, "percent_covered": 100.0, "percent_covered_display": "100", "missing_lines": 0, "excluded_lines": 0, "percent_statements_covered": 100.0, "percent_statements_covered_display": "100"}, "missing_lines": [], "excluded_lines": [], "start_line": 167}, "Money.absolute": {"executed_lines": [183], "summary": {"covered_lines": 1, "num_statements": 1, "percent_covered": 100.0, "percent_covered_display": "100", "missing_lines": 0, "excluded_lines": 0, "percent_statements_covered": 100.0, "percent_statements_covered_display": "100"}, "missing_lines": [], "excluded_lines": [], "start_line": 176}, "Money.is_zero": {"executed_lines": [191], "summary": {"covered_lines": 1, "num_statements": 1, "percent_covered": 100.0, "percent_covered_display": "100", "missing_lines": 0, "excluded_lines": 0, "percent_statements_covered": 100.0, "percent_statements_covered_display": "100"}, "missing_lines": [], "excluded_lines": [], "start_line": 189}, "Money.is_positive": {"executed_lines": [195], "summary": {"covered_lines": 1, "num_statements": 1, "percent_covered": 100.0, "percent_covered_display": "100", "missing_lines": 0, "excluded_lines": 0, "percent_statements_covered": 100.0, "percent_statements_covered_display": "100"}, "missing_lines": [], "excluded_lines": [], "start_line": 193}, "Money.is_negative": {"executed_lines": [199], "summary": {"covered_lines": 1, "num_statements": 1, "percent_covered": 100.0, "percent_covered_display": "100", "missing_lines": 0, "excluded_lines": 0, "percent_statements_covered": 100.0, "percent_statements_covered_display": "100"}, "missing_lines": [], "excluded_lines": [], "start_line": 197}, "Money.equals": {"executed_lines": [211, 212, 213], "summary": {"covered_lines": 3, "num_statements": 3, "percent_covered": 100.0, "percent_covered_display": "100", "missing_lines": 0, "excluded_lines": 0, "percent_statements_covered": 100.0, "percent_statements_covered_display": "100"}, "missing_lines": [], "excluded_lines": [], "start_line": 201}, "Money.compare": {"executed_lines": [225, 226, 227, 228, 229, 230, 231], "summary": {"covered_lines": 7, "num_statements": 7, "percent_covered": 100.0, "percent_covered_display": "100", "missing_lines": 0, "excluded_lines": 0, "percent_statements_covered": 100.0, "percent_statements_covered_display": "100"}, "missing_lines": [], "excluded_lines": [], "start_line": 215}, "Money.__str__": {"executed_lines": [239, 240], "summary": {"covered_lines": 2, "num_statements": 2, "percent_covered": 100.0, "percent_covered_display": "100", "missing_lines": 0, "excluded_lines": 0, "percent_statements_covered": 100.0, "percent_statements_covered_display": "100"}, "missing_lines": [], "excluded_lines": [], "start_line": 237}, "Money.__repr__": {"executed_lines": [244], "summary": {"covered_lines": 1, "num_statements": 1, "percent_covered": 100.0, "percent_covered_display": "100", "missing_lines": 0, "excluded_lines": 0, "percent_statements_covered": 100.0, "percent_statements_covered_display": "100"}, "missing_lines": [], "excluded_lines": [], "start_line": 242}, "Money.__format__": {"executed_lines": [248, 249, 250, 251, 252], "summary": {"covered_lines": 5, "num_statements": 5, "percent_covered": 100.0, "percent_covered_display": "100", "missing_lines": 0, "excluded_lines": 0, "percent_statements_covered": 100.0, "percent_statements_covered_display": "100"}, "missing_lines": [], "excluded_lines": [], "start_line": 246}, "Money.__add__": {"executed_lines": [260], "summary": {"covered_lines": 1, "num_statements": 1, "percent_covered": 100.0, "percent_covered_display": "100", "missing_lines": 0, "excluded_lines": 0, "percent_statements_covered": 100.0, "percent_statements_covered_display": "100"}, "missing_lines": [], "excluded_lines": [], "start_line": 258}, "Money.__sub__": {"executed_lines": [264], "summary": {"covered_lines": 1, "num_statements": 1, "percent_covered": 100.0, "percent_covered_display": "100", "missing_lines": 0, "excluded_lines": 0, "percent_statements_covered": 100.0, "percent_statements_covered_display": "100"}, "missing_lines": [], "excluded_lines": [], "start_line": 262}, "Money.__mul__": {"executed_lines": [268], "summary": {"covered_lines": 1, "num_statements": 1, "percent_covered": 100.0, "percent_covered_display": "100", "missing_lines": 0, "excluded_lines": 0, "percent_statements_covered": 100.0, "percent_statements_covered_display": "100"}, "missing_lines": [], "excluded_lines": [], "start_line": 266}, "Money.__rmul__": {"executed_lines": [272], "summary": {"covered_lines": 1, "num_statements": 1, "percent_covered": 100.0, "percent_covered_display": "100", "missing_lines": 0, "excluded_lines": 0, "percent_statements_covered": 100.0, "percent_statements_covered_display": "100"}, "missing_lines": [], "excluded_lines": [], "start_line": 270}, "Money.__truediv__": {"executed_lines": [276], "summary": {"covered_lines": 1, "num_statements": 1, "percent_covered": 100.0, "percent_covered_display": "100", "missing_lines": 0, "excluded_lines": 0, "percent_statements_covered": 100.0, "percent_statements_covered_display": "100"}, "missing_lines": [], "excluded_lines": [], "start_line": 274}, "Money.__neg__": {"executed_lines": [280], "summary": {"covered_lines": 1, "num_statements": 1, "percent_covered": 100.0, "percent_covered_display": "100", "missing_lines": 0, "excluded_lines": 0, "percent_statements_covered": 100.0, "percent_statements_covered_display": "100"}, "missing_lines": [], "excluded_lines": [], "start_line": 278}, "Money.__abs__": {"executed_lines": [284], "summary": {"covered_lines": 1, "num_statements": 1, "percent_covered": 100.0, "percent_covered_display": "100", "missing_lines": 0, "excluded_lines": 0, "percent_statements_covered": 100.0, "percent_statements_covered_display": "100"}, "missing_lines": [], "excluded_lines": [], "start_line": 282}, "Money.__eq__": {"executed_lines": [288, 289, 290], "summary": {"covered_lines": 3, "num_statements": 3, "percent_covered": 100.0, "percent_covered_display": "100", "missing_lines": 0, "excluded_lines": 0, "percent_statements_covered": 100.0, "percent_statements_covered_display": "100"}, "missing_lines": [], "excluded_lines": [], "start_line": 286}, "Money.__lt__": {"executed_lines": [294, 295, 296], "summary": {"covered_lines": 3, "num_statements": 3, "percent_covered": 100.0, "percent_covered_display": "100", "missing_lines": 0, "excluded_lines": 0, "percent_statements_covered": 100.0, "percent_statements_covered_display": "100"}, "missing_lines": [], "excluded_lines": [], "start_line": 292}, "Money.__le__": {"executed_lines": [300, 301, 302], "summary": {"covered_lines": 3, "num_statements": 3, "percent_covered": 100.0, "percent_covered_display": "100", "missing_lines": 0, "excluded_lines": 0, "percent_statements_covered": 100.0, "percent_statements_covered_display": "100"}, "missing_lines": [], "excluded_lines": [], "start_line": 298}, "Money.__gt__": {"executed_lines": [306, 307, 308], "summary": {"covered_lines": 3, "num_statements": 3, "percent_covered": 100.0, "percent_covered_display": "100", "missing_lines": 0, "excluded_lines": 0, "percent_statements_covered": 100.0, "percent_statements_covered_display": "100"}, "missing_lines": [], "excluded_lines": [], "start_line": 304}, "Money.__ge__": {"executed_lines": [312, 313, 314], "summary": {"covered_lines": 3, "num_statements": 3, "percent_covered": 100.0, "percent_covered_display": "100", "missing_lines": 0, "excluded_lines": 0, "percent_statements_covered": 100.0, "percent_statements_covered_display": "100"}, "missing_lines": [], "excluded_lines": [], "start_line": 310}, "Money.__hash__": {"executed_lines": [318], "summary": {"covered_lines": 1, "num_statements": 1, "percent_covered": 100.0, "percent_covered_display": "100", "missing_lines": 0, "excluded_lines": 0, "percent_statements_covered": 100.0, "percent_statements_covered_display": "100"}, "missing_lines": [], "excluded_lines": [], "start_line": 316}, "": {"executed_lines": [19, 33, 35, 52, 53, 57, 66, 67, 86, 100, 114, 130, 151, 167, 176, 189, 193, 197, 201, 215, 237, 242, 246, 258, 262, 266, 270, 274, 278, 282, 286, 292, 298, 304, 310, 316], "summary": {"covered_lines": 36, "num_statements": 36, "percent_covered": 100.0, "percent_covered_display": "100", "missing_lines": 0, "excluded_lines": 0, "percent_statements_covered": 100.0, "percent_statements_covered_display": "100"}, "missing_lines": [], "excluded_lines": [], "start_line": 1}}, "classes": {"Money": {"executed_lines": [45, 46, 50, 55, 64, 79, 80, 96, 97, 98, 110, 111, 112, 124, 125, 128, 143, 144, 147, 148, 149, 161, 162, 163, 164, 165, 174, 183, 191, 195, 199, 211, 212, 213, 225, 226, 227, 228, 229, 230, 231, 239, 240, 244, 248, 249, 250, 251, 252, 260, 264, 268, 272, 276, 280, 284, 288, 289, 290, 294, 295, 296, 300, 301, 302, 306, 307, 308, 312, 313, 314, 318], "summary": {"covered_lines": 72, "num_statements": 72, "percent_covered": 100.0, "percent_covered_display": "100", "missing_lines": 0, "excluded_lines": 0, "percent_statements_covered": 100.0, "percent_statements_covered_display": "100"}, "missing_lines": [], "excluded_lines": [], "start_line": 19}, "": {"executed_lines": [19, 33, 35, 52, 53, 57, 66, 67, 86, 100, 114, 130, 151, 167, 176, 189, 193, 197, 201, 215, 237, 242, 246, 258, 262, 266, 270, 274, 278, 282, 286, 292, 298, 304, 310, 316], "summary": {"covered_lines": 36, "num_statements": 36, "percent_covered": 100.0, "percent_covered_display": "100", "missing_lines": 0, "excluded_lines": 0, "percent_statements_covered": 100.0, "percent_statements_covered_display": "100"}, "missing_lines": [], "excluded_lines": [], "start_line": 1}}}, "backend/src/core/dtos/__init__.py": {"executed_lines": [15, 16, 28, 39, 53, 64, 65, 76, 86, 89, 98, 109, 119, 121], "summary": {"covered_lines": 14, "num_statements": 14, "percent_covered": 100.0, "percent_covered_display": "100", "missing_lines": 0, "excluded_lines": 0, "percent_statements_covered": 100.0, "percent_statements_covered_display": "100"}, "missing_lines": [], "excluded_lines": [], "functions": {"": {"executed_lines": [15, 16, 28, 39, 53, 64, 65, 76, 86, 89, 98, 109, 119, 121], "summary": {"covered_lines": 14, "num_statements": 14, "percent_covered": 100.0, "percent_covered_display": "100", "missing_lines": 0, "excluded_lines": 0, "percent_statements_covered": 100.0, "percent_statements_covered_display": "100"}, "missing_lines": [], "excluded_lines": [], "start_line": 1}}, "classes": {"": {"executed_lines": [15, 16, 28, 39, 53, 64, 65, 76, 86, 89, 98, 109, 119, 121], "summary": {"covered_lines": 14, "num_statements": 14, "percent_covered": 100.0, "percent_covered_display": "100", "missing_lines": 0, "excluded_lines": 0, "percent_statements_covered": 100.0, "percent_statements_covered_display": "100"}, "missing_lines": [], "excluded_lines": [], "start_line": 1}}}, "backend/src/core/dtos/account_dto.py": {"executed_lines": [9, 12, 21, 22, 23, 24, 25, 26, 30, 34, 35, 48, 51, 52, 53, 57, 58], "summary": {"covered_lines": 17, "num_statements": 17, "percent_covered": 100.0, "percent_covered_display": "100", "missing_lines": 0, "excluded_lines": 0, "percent_statements_covered": 100.0, "percent_statements_covered_display": "100"}, "missing_lines": [], "excluded_lines": [], "functions": {"": {"executed_lines": [9, 12, 21, 22, 23, 24, 25, 26, 30, 34, 35, 48, 51, 52, 53, 57, 58], "summary": {"covered_lines": 17, "num_statements": 17, "percent_covered": 100.0, "percent_covered_display": "100", "missing_lines": 0, "excluded_lines": 0, "percent_statements_covered": 100.0, "percent_statements_covered_display": "100"}, "missing_lines": [], "excluded_lines": [], "start_line": 1}}, "classes": {"AccountDTO": {"executed_lines": [], "summary": {"covered_lines": 0, "num_statements": 0, "percent_covered": 100.0, "percent_covered_display": "100", "missing_lines": 0, "excluded_lines": 0, "percent_statements_covered": 100.0, "percent_statements_covered_display": "100"}, "missing_lines": [], "excluded_lines": [], "start_line": 12}, "AccountDTO.Config": {"executed_lines": [], "summary": {"covered_lines": 0, "num_statements": 0, "percent_covered": 100.0, "percent_covered_display": "100", "missing_lines": 0, "excluded_lines": 0, "percent_statements_covered": 100.0, "percent_statements_covered_display": "100"}, "missing_lines": [], "excluded_lines": [], "start_line": 34}, "AccountListResponse": {"executed_lines": [], "summary": {"covered_lines": 0, "num_statements": 0, "percent_covered": 100.0, "percent_covered_display": "100", "missing_lines": 0, "excluded_lines": 0, "percent_statements_covered": 100.0, "percent_statements_covered_display": "100"}, "missing_lines": [], "excluded_lines": [], "start_line": 48}, "AccountListResponse.Config": {"executed_lines": [], "summary": {"covered_lines": 0, "num_statements": 0, "percent_covered": 100.0, "percent_covered_display": "100", "missing_lines": 0, "excluded_lines": 0, "percent_statements_covered": 100.0, "percent_statements_covered_display": "100"}, "missing_lines": [], "excluded_lines": [], "start_line": 57}, "": {"executed_lines": [9, 12, 21, 22, 23, 24, 25, 26, 30, 34, 35, 48, 51, 52, 53, 57, 58], "summary": {"covered_lines": 17, "num_statements": 17, "percent_covered": 100.0, "percent_covered_display": "100", "missing_lines": 0, "excluded_lines": 0, "percent_statements_covered": 100.0, "percent_statements_covered_display": "100"}, "missing_lines": [], "excluded_lines": [], "start_line": 1}}}, "backend/src/core/dtos/accounts_dto.py": {"executed_lines": [9, 11, 15, 18, 24, 27, 28, 29, 30, 31, 32, 33, 34, 35, 38, 41, 47, 50, 51, 52, 53, 54, 55, 60, 63, 64, 65, 71, 74, 75, 76, 77, 78, 79, 85, 88, 89, 90, 91, 96, 97, 100, 103, 104, 105, 106, 114, 117, 118, 119, 120, 125, 128, 129, 130, 131, 134, 137, 138, 141, 144, 147, 153, 162, 165, 168, 169, 172, 175, 179, 180, 192, 195, 196, 197, 198, 201, 204, 207, 212, 215, 216, 217, 218, 219, 224, 227, 228, 229, 230, 231, 239, 242, 245, 248, 251, 254, 255, 256], "summary": {"covered_lines": 99, "num_statements": 99, "percent_covered": 100.0, "percent_covered_display": "100", "missing_lines": 0, "excluded_lines": 0, "percent_statements_covered": 100.0, "percent_statements_covered_display": "100"}, "missing_lines": [], "excluded_lines": [], "functions": {"": {"executed_lines": [9, 11, 15, 18, 24, 27, 28, 29, 30, 31, 32, 33, 34, 35, 38, 41, 47, 50, 51, 52, 53, 54, 55, 60, 63, 64, 65, 71, 74, 75, 76, 77, 78, 79, 85, 88, 89, 90, 91, 96, 97, 100, 103, 104, 105, 106, 114, 117, 118, 119, 120, 125, 128, 129, 130, 131, 134, 137, 138, 141, 144, 147, 153, 162, 165, 168, 169, 172, 175, 179, 180, 192, 195, 196, 197, 198, 201, 204, 207, 212, 215, 216, 217, 218, 219, 224, 227, 228, 229, 230, 231, 239, 242, 245, 248, 251, 254, 255, 256], "summary": {"covered_lines": 99, "num_statements": 99, "percent_covered": 100.0, "percent_covered_display": "100", "missing_lines": 0, "excluded_lines": 0, "percent_statements_covered": 100.0, "percent_statements_covered_display": "100"}, "missing_lines": [], "excluded_lines": [], "start_line": 1}}, "classes": {"AccountDetailDTO": {"executed_lines": [], "summary": {"covered_lines": 0, "num_statements": 0, "percent_covered": 100.0, "percent_covered_display": "100", "missing_lines": 0, "excluded_lines": 0, "percent_statements_covered": 100.0, "percent_statements_covered_display": "100"}, "missing_lines": [], "excluded_lines": [], "start_line": 24}, "BalanceSnapshotDTO": {"executed_lines": [], "summary": {"covered_lines": 0, "num_statements": 0, "percent_covered": 100.0, "percent_covered_display": "100", "missing_lines": 0, "excluded_lines": 0, "percent_statements_covered": 100.0, "percent_statements_covered_display": "100"}, "missing_lines": [], "excluded_lines": [], "start_line": 47}, "BalanceHistoryDTO": {"executed_lines": [], "summary": {"covered_lines": 0, "num_statements": 0, "percent_covered": 100.0, "percent_covered_display": "100", "missing_lines": 0, "excluded_lines": 0, "percent_statements_covered": 100.0, "percent_statements_covered_display": "100"}, "missing_lines": [], "excluded_lines": [], "start_line": 60}, "AccountTransactionDTO": {"executed_lines": [], "summary": {"covered_lines": 0, "num_statements": 0, "percent_covered": 100.0, "percent_covered_display": "100", "missing_lines": 0, "excluded_lines": 0, "percent_statements_covered": 100.0, "percent_statements_covered_display": "100"}, "missing_lines": [], "excluded_lines": [], "start_line": 71}, "AccountTypeBreakdownDTO": {"executed_lines": [], "summary": {"covered_lines": 0, "num_statements": 0, "percent_covered": 100.0, "percent_covered_display": "100", "missing_lines": 0, "excluded_lines": 0, "percent_statements_covered": 100.0, "percent_statements_covered_display": "100"}, "missing_lines": [], "excluded_lines": [], "start_line": 85}, "AccountInsightDTO": {"executed_lines": [], "summary": {"covered_lines": 0, "num_statements": 0, "percent_covered": 100.0, "percent_covered_display": "100", "missing_lines": 0, "excluded_lines": 0, "percent_statements_covered": 100.0, "percent_statements_covered_display": "100"}, "missing_lines": [], "excluded_lines": [], "start_line": 100}, "AccountEvidenceItemDTO": {"executed_lines": [], "summary": {"covered_lines": 0, "num_statements": 0, "percent_covered": 100.0, "percent_covered_display": "100", "missing_lines": 0, "excluded_lines": 0, "percent_statements_covered": 100.0, "percent_statements_covered_display": "100"}, "missing_lines": [], "excluded_lines": [], "start_line": 114}, "AccountCalculationStepDTO": {"executed_lines": [], "summary": {"covered_lines": 0, "num_statements": 0, "percent_covered": 100.0, "percent_covered_display": "100", "missing_lines": 0, "excluded_lines": 0, "percent_statements_covered": 100.0, "percent_statements_covered_display": "100"}, "missing_lines": [], "excluded_lines": [], "start_line": 125}, "AccountEvidenceChainDTO": {"executed_lines": [], "summary": {"covered_lines": 0, "num_statements": 0, "percent_covered": 100.0, "percent_covered_display": "100", "missing_lines": 0, "excluded_lines": 0, "percent_statements_covered": 100.0, "percent_statements_covered_display": "100"}, "missing_lines": [], "excluded_lines": [], "start_line": 134}, "AccountsDTO": {"executed_lines": [], "summary": {"covered_lines": 0, "num_statements": 0, "percent_covered": 100.0, "percent_covered_display": "100", "missing_lines": 0, "excluded_lines": 0, "percent_statements_covered": 100.0, "percent_statements_covered_display": "100"}, "missing_lines": [], "excluded_lines": [], "start_line": 153}, "AccountsDTO.Config": {"executed_lines": [], "summary": {"covered_lines": 0, "num_statements": 0, "percent_covered": 100.0, "percent_covered_display": "100", "missing_lines": 0, "excluded_lines": 0, "percent_statements_covered": 100.0, "percent_statements_covered_display": "100"}, "missing_lines": [], "excluded_lines": [], "start_line": 179}, "InstitutionDTO": {"executed_lines": [], "summary": {"covered_lines": 0, "num_statements": 0, "percent_covered": 100.0, "percent_covered_display": "100", "missing_lines": 0, "excluded_lines": 0, "percent_statements_covered": 100.0, "percent_statements_covered_display": "100"}, "missing_lines": [], "excluded_lines": [], "start_line": 192}, "AccountLinkDTO": {"executed_lines": [], "summary": {"covered_lines": 0, "num_statements": 0, "percent_covered": 100.0, "percent_covered_display": "100", "missing_lines": 0, "excluded_lines": 0, "percent_statements_covered": 100.0, "percent_statements_covered_display": "100"}, "missing_lines": [], "excluded_lines": [], "start_line": 212}, "AccountAnalyticsDTO": {"executed_lines": [], "summary": {"covered_lines": 0, "num_statements": 0, "percent_covered": 100.0, "percent_covered_display": "100", "missing_lines": 0, "excluded_lines": 0, "percent_statements_covered": 100.0, "percent_statements_covered_display": "100"}, "missing_lines": [], "excluded_lines": [], "start_line": 224}, "AccountsHistoryResponse": {"executed_lines": [], "summary": {"covered_lines": 0, "num_statements": 0, "percent_covered": 100.0, "percent_covered_display": "100", "missing_lines": 0, "excluded_lines": 0, "percent_statements_covered": 100.0, "percent_statements_covered_display": "100"}, "missing_lines": [], "excluded_lines": [], "start_line": 239}, "AccountsTransactionsResponse": {"executed_lines": [], "summary": {"covered_lines": 0, "num_statements": 0, "percent_covered": 100.0, "percent_covered_display": "100", "missing_lines": 0, "excluded_lines": 0, "percent_statements_covered": 100.0, "percent_statements_covered_display": "100"}, "missing_lines": [], "excluded_lines": [], "start_line": 248}, "": {"executed_lines": [9, 11, 15, 18, 24, 27, 28, 29, 30, 31, 32, 33, 34, 35, 38, 41, 47, 50, 51, 52, 53, 54, 55, 60, 63, 64, 65, 71, 74, 75, 76, 77, 78, 79, 85, 88, 89, 90, 91, 96, 97, 100, 103, 104, 105, 106, 114, 117, 118, 119, 120, 125, 128, 129, 130, 131, 134, 137, 138, 141, 144, 147, 153, 162, 165, 168, 169, 172, 175, 179, 180, 192, 195, 196, 197, 198, 201, 204, 207, 212, 215, 216, 217, 218, 219, 224, 227, 228, 229, 230, 231, 239, 242, 245, 248, 251, 254, 255, 256], "summary": {"covered_lines": 99, "num_statements": 99, "percent_covered": 100.0, "percent_covered_display": "100", "missing_lines": 0, "excluded_lines": 0, "percent_statements_covered": 100.0, "percent_statements_covered_display": "100"}, "missing_lines": [], "excluded_lines": [], "start_line": 1}}}, "backend/src/core/dtos/analytics_dto.py": {"executed_lines": [], "summary": {"covered_lines": 0, "num_statements": 38, "percent_covered": 0.0, "percent_covered_display": "0", "missing_lines": 38, "excluded_lines": 0, "percent_statements_covered": 0.0, "percent_statements_covered_display": "0"}, "missing_lines": [9, 11, 14, 17, 18, 19, 22, 25, 26, 27, 30, 33, 34, 35, 38, 41, 42, 43, 44, 47, 50, 51, 52, 53, 54, 57, 60, 61, 62, 63, 66, 67, 70, 73, 74, 77, 81, 82], "excluded_lines": [], "functions": {"": {"executed_lines": [], "summary": {"covered_lines": 0, "num_statements": 38, "percent_covered": 0.0, "percent_covered_display": "0", "missing_lines": 38, "excluded_lines": 0, "percent_statements_covered": 0.0, "percent_statements_covered_display": "0"}, "missing_lines": [9, 11, 14, 17, 18, 19, 22, 25, 26, 27, 30, 33, 34, 35, 38, 41, 42, 43, 44, 47, 50, 51, 52, 53, 54, 57, 60, 61, 62, 63, 66, 67, 70, 73, 74, 77, 81, 82], "excluded_lines": [], "start_line": 1}}, "classes": {"SpendingTrendPoint": {"executed_lines": [], "summary": {"covered_lines": 0, "num_statements": 0, "percent_covered": 100.0, "percent_covered_display": "100", "missing_lines": 0, "excluded_lines": 0, "percent_statements_covered": 100.0, "percent_statements_covered_display": "100"}, "missing_lines": [], "excluded_lines": [], "start_line": 14}, "DayOfWeekData": {"executed_lines": [], "summary": {"covered_lines": 0, "num_statements": 0, "percent_covered": 100.0, "percent_covered_display": "100", "missing_lines": 0, "excluded_lines": 0, "percent_statements_covered": 100.0, "percent_statements_covered_display": "100"}, "missing_lines": [], "excluded_lines": [], "start_line": 22}, "MerchantData": {"executed_lines": [], "summary": {"covered_lines": 0, "num_statements": 0, "percent_covered": 100.0, "percent_covered_display": "100", "missing_lines": 0, "excluded_lines": 0, "percent_statements_covered": 100.0, "percent_statements_covered_display": "100"}, "missing_lines": [], "excluded_lines": [], "start_line": 30}, "RecurringCharge": {"executed_lines": [], "summary": {"covered_lines": 0, "num_statements": 0, "percent_covered": 100.0, "percent_covered_display": "100", "missing_lines": 0, "excluded_lines": 0, "percent_statements_covered": 100.0, "percent_statements_covered_display": "100"}, "missing_lines": [], "excluded_lines": [], "start_line": 38}, "LargestTransaction": {"executed_lines": [], "summary": {"covered_lines": 0, "num_statements": 0, "percent_covered": 100.0, "percent_covered_display": "100", "missing_lines": 0, "excluded_lines": 0, "percent_statements_covered": 100.0, "percent_statements_covered_display": "100"}, "missing_lines": [], "excluded_lines": [], "start_line": 47}, "AnalyticsResponse": {"executed_lines": [], "summary": {"covered_lines": 0, "num_statements": 0, "percent_covered": 100.0, "percent_covered_display": "100", "missing_lines": 0, "excluded_lines": 0, "percent_statements_covered": 100.0, "percent_statements_covered_display": "100"}, "missing_lines": [], "excluded_lines": [], "start_line": 57}, "AnalyticsResponse.Config": {"executed_lines": [], "summary": {"covered_lines": 0, "num_statements": 0, "percent_covered": 100.0, "percent_covered_display": "100", "missing_lines": 0, "excluded_lines": 0, "percent_statements_covered": 100.0, "percent_statements_covered_display": "100"}, "missing_lines": [], "excluded_lines": [], "start_line": 81}, "": {"executed_lines": [], "summary": {"covered_lines": 0, "num_statements": 38, "percent_covered": 0.0, "percent_covered_display": "0", "missing_lines": 38, "excluded_lines": 0, "percent_statements_covered": 0.0, "percent_statements_covered_display": "0"}, "missing_lines": [9, 11, 14, 17, 18, 19, 22, 25, 26, 27, 30, 33, 34, 35, 38, 41, 42, 43, 44, 47, 50, 51, 52, 53, 54, 57, 60, 61, 62, 63, 66, 67, 70, 73, 74, 77, 81, 82], "excluded_lines": [], "start_line": 1}}}, "backend/src/core/dtos/behaviour_dto.py": {"executed_lines": [10, 12, 17, 20, 21, 22, 30, 33, 34, 35, 36, 37, 45, 48, 49, 50, 51, 57, 60, 61, 62, 63, 69, 72, 75, 76, 81, 82, 85, 88, 89, 90, 91, 99, 102, 103, 104, 105, 110, 113, 114, 115, 116, 119, 122, 123, 126, 129, 132, 138, 148, 152, 155, 158, 161, 164, 167, 171, 172, 192, 195, 198, 201, 204, 212, 215], "summary": {"covered_lines": 66, "num_statements": 66, "percent_covered": 100.0, "percent_covered_display": "100", "missing_lines": 0, "excluded_lines": 0, "percent_statements_covered": 100.0, "percent_statements_covered_display": "100"}, "missing_lines": [], "excluded_lines": [], "functions": {"": {"executed_lines": [10, 12, 17, 20, 21, 22, 30, 33, 34, 35, 36, 37, 45, 48, 49, 50, 51, 57, 60, 61, 62, 63, 69, 72, 75, 76, 81, 82, 85, 88, 89, 90, 91, 99, 102, 103, 104, 105, 110, 113, 114, 115, 116, 119, 122, 123, 126, 129, 132, 138, 148, 152, 155, 158, 161, 164, 167, 171, 172, 192, 195, 198, 201, 204, 212, 215], "summary": {"covered_lines": 66, "num_statements": 66, "percent_covered": 100.0, "percent_covered_display": "100", "missing_lines": 0, "excluded_lines": 0, "percent_statements_covered": 100.0, "percent_statements_covered_display": "100"}, "missing_lines": [], "excluded_lines": [], "start_line": 1}}, "classes": {"BehaviourScoreDTO": {"executed_lines": [], "summary": {"covered_lines": 0, "num_statements": 0, "percent_covered": 100.0, "percent_covered_display": "100", "missing_lines": 0, "excluded_lines": 0, "percent_statements_covered": 100.0, "percent_statements_covered_display": "100"}, "missing_lines": [], "excluded_lines": [], "start_line": 17}, "SpendingPatternDTO": {"executed_lines": [], "summary": {"covered_lines": 0, "num_statements": 0, "percent_covered": 100.0, "percent_covered_display": "100", "missing_lines": 0, "excluded_lines": 0, "percent_statements_covered": 100.0, "percent_statements_covered_display": "100"}, "missing_lines": [], "excluded_lines": [], "start_line": 30}, "SavingsRateDTO": {"executed_lines": [], "summary": {"covered_lines": 0, "num_statements": 0, "percent_covered": 100.0, "percent_covered_display": "100", "missing_lines": 0, "excluded_lines": 0, "percent_statements_covered": 100.0, "percent_statements_covered_display": "100"}, "missing_lines": [], "excluded_lines": [], "start_line": 45}, "DebtHealthDTO": {"executed_lines": [], "summary": {"covered_lines": 0, "num_statements": 0, "percent_covered": 100.0, "percent_covered_display": "100", "missing_lines": 0, "excluded_lines": 0, "percent_statements_covered": 100.0, "percent_statements_covered_display": "100"}, "missing_lines": [], "excluded_lines": [], "start_line": 57}, "WellnessRadarDTO": {"executed_lines": [], "summary": {"covered_lines": 0, "num_statements": 0, "percent_covered": 100.0, "percent_covered_display": "100", "missing_lines": 0, "excluded_lines": 0, "percent_statements_covered": 100.0, "percent_statements_covered_display": "100"}, "missing_lines": [], "excluded_lines": [], "start_line": 69}, "BehaviourInsightDTO": {"executed_lines": [], "summary": {"covered_lines": 0, "num_statements": 0, "percent_covered": 100.0, "percent_covered_display": "100", "missing_lines": 0, "excluded_lines": 0, "percent_statements_covered": 100.0, "percent_statements_covered_display": "100"}, "missing_lines": [], "excluded_lines": [], "start_line": 85}, "BehaviourEvidenceItemDTO": {"executed_lines": [], "summary": {"covered_lines": 0, "num_statements": 0, "percent_covered": 100.0, "percent_covered_display": "100", "missing_lines": 0, "excluded_lines": 0, "percent_statements_covered": 100.0, "percent_statements_covered_display": "100"}, "missing_lines": [], "excluded_lines": [], "start_line": 99}, "BehaviourCalculationStepDTO": {"executed_lines": [], "summary": {"covered_lines": 0, "num_statements": 0, "percent_covered": 100.0, "percent_covered_display": "100", "missing_lines": 0, "excluded_lines": 0, "percent_statements_covered": 100.0, "percent_statements_covered_display": "100"}, "missing_lines": [], "excluded_lines": [], "start_line": 110}, "BehaviourEvidenceChainDTO": {"executed_lines": [], "summary": {"covered_lines": 0, "num_statements": 0, "percent_covered": 100.0, "percent_covered_display": "100", "missing_lines": 0, "excluded_lines": 0, "percent_statements_covered": 100.0, "percent_statements_covered_display": "100"}, "missing_lines": [], "excluded_lines": [], "start_line": 119}, "BehaviourDTO": {"executed_lines": [], "summary": {"covered_lines": 0, "num_statements": 0, "percent_covered": 100.0, "percent_covered_display": "100", "missing_lines": 0, "excluded_lines": 0, "percent_statements_covered": 100.0, "percent_statements_covered_display": "100"}, "missing_lines": [], "excluded_lines": [], "start_line": 138}, "BehaviourDTO.Config": {"executed_lines": [], "summary": {"covered_lines": 0, "num_statements": 0, "percent_covered": 100.0, "percent_covered_display": "100", "missing_lines": 0, "excluded_lines": 0, "percent_statements_covered": 100.0, "percent_statements_covered_display": "100"}, "missing_lines": [], "excluded_lines": [], "start_line": 171}, "BehaviourPatternsResponse": {"executed_lines": [], "summary": {"covered_lines": 0, "num_statements": 0, "percent_covered": 100.0, "percent_covered_display": "100", "missing_lines": 0, "excluded_lines": 0, "percent_statements_covered": 100.0, "percent_statements_covered_display": "100"}, "missing_lines": [], "excluded_lines": [], "start_line": 192}, "BehaviourSavingsResponse": {"executed_lines": [], "summary": {"covered_lines": 0, "num_statements": 0, "percent_covered": 100.0, "percent_covered_display": "100", "missing_lines": 0, "excluded_lines": 0, "percent_statements_covered": 100.0, "percent_statements_covered_display": "100"}, "missing_lines": [], "excluded_lines": [], "start_line": 201}, "BehaviourDebtResponse": {"executed_lines": [], "summary": {"covered_lines": 0, "num_statements": 0, "percent_covered": 100.0, "percent_covered_display": "100", "missing_lines": 0, "excluded_lines": 0, "percent_statements_covered": 100.0, "percent_statements_covered_display": "100"}, "missing_lines": [], "excluded_lines": [], "start_line": 212}, "": {"executed_lines": [10, 12, 17, 20, 21, 22, 30, 33, 34, 35, 36, 37, 45, 48, 49, 50, 51, 57, 60, 61, 62, 63, 69, 72, 75, 76, 81, 82, 85, 88, 89, 90, 91, 99, 102, 103, 104, 105, 110, 113, 114, 115, 116, 119, 122, 123, 126, 129, 132, 138, 148, 152, 155, 158, 161, 164, 167, 171, 172, 192, 195, 198, 201, 204, 212, 215], "summary": {"covered_lines": 66, "num_statements": 66, "percent_covered": 100.0, "percent_covered_display": "100", "missing_lines": 0, "excluded_lines": 0, "percent_statements_covered": 100.0, "percent_statements_covered_display": "100"}, "missing_lines": [], "excluded_lines": [], "start_line": 1}}}, "backend/src/core/dtos/cashflow_dto.py": {"executed_lines": [9, 11, 15, 18, 21, 24, 27, 30, 36, 39, 40, 41, 42, 43, 49, 52, 53, 54, 55, 56, 64, 67, 68, 69, 70, 71, 72, 77, 78, 81, 84, 85, 86, 87, 95, 98, 101, 102, 103, 108, 111, 112, 113, 114, 117, 120, 121, 124, 127, 130, 136, 146, 147, 148, 151, 152, 155, 158, 162, 163, 184, 187, 190, 193, 196, 199, 202, 205, 208, 209, 210], "summary": {"covered_lines": 71, "num_statements": 71, "percent_covered": 100.0, "percent_covered_display": "100", "missing_lines": 0, "excluded_lines": 0, "percent_statements_covered": 100.0, "percent_statements_covered_display": "100"}, "missing_lines": [], "excluded_lines": [], "functions": {"": {"executed_lines": [9, 11, 15, 18, 21, 24, 27, 30, 36, 39, 40, 41, 42, 43, 49, 52, 53, 54, 55, 56, 64, 67, 68, 69, 70, 71, 72, 77, 78, 81, 84, 85, 86, 87, 95, 98, 101, 102, 103, 108, 111, 112, 113, 114, 117, 120, 121, 124, 127, 130, 136, 146, 147, 148, 151, 152, 155, 158, 162, 163, 184, 187, 190, 193, 196, 199, 202, 205, 208, 209, 210], "summary": {"covered_lines": 71, "num_statements": 71, "percent_covered": 100.0, "percent_covered_display": "100", "missing_lines": 0, "excluded_lines": 0, "percent_statements_covered": 100.0, "percent_statements_covered_display": "100"}, "missing_lines": [], "excluded_lines": [], "start_line": 1}}, "classes": {"CashflowTrendDTO": {"executed_lines": [], "summary": {"covered_lines": 0, "num_statements": 0, "percent_covered": 100.0, "percent_covered_display": "100", "missing_lines": 0, "excluded_lines": 0, "percent_statements_covered": 100.0, "percent_statements_covered_display": "100"}, "missing_lines": [], "excluded_lines": [], "start_line": 18}, "CashflowMonthlyDTO": {"executed_lines": [], "summary": {"covered_lines": 0, "num_statements": 0, "percent_covered": 100.0, "percent_covered_display": "100", "missing_lines": 0, "excluded_lines": 0, "percent_statements_covered": 100.0, "percent_statements_covered_display": "100"}, "missing_lines": [], "excluded_lines": [], "start_line": 36}, "CashflowCategoryDTO": {"executed_lines": [], "summary": {"covered_lines": 0, "num_statements": 0, "percent_covered": 100.0, "percent_covered_display": "100", "missing_lines": 0, "excluded_lines": 0, "percent_statements_covered": 100.0, "percent_statements_covered_display": "100"}, "missing_lines": [], "excluded_lines": [], "start_line": 49}, "CashflowTransactionDTO": {"executed_lines": [], "summary": {"covered_lines": 0, "num_statements": 0, "percent_covered": 100.0, "percent_covered_display": "100", "missing_lines": 0, "excluded_lines": 0, "percent_statements_covered": 100.0, "percent_statements_covered_display": "100"}, "missing_lines": [], "excluded_lines": [], "start_line": 64}, "CashflowInsightDTO": {"executed_lines": [], "summary": {"covered_lines": 0, "num_statements": 0, "percent_covered": 100.0, "percent_covered_display": "100", "missing_lines": 0, "excluded_lines": 0, "percent_statements_covered": 100.0, "percent_statements_covered_display": "100"}, "missing_lines": [], "excluded_lines": [], "start_line": 81}, "CashflowEvidenceItemDTO": {"executed_lines": [], "summary": {"covered_lines": 0, "num_statements": 0, "percent_covered": 100.0, "percent_covered_display": "100", "missing_lines": 0, "excluded_lines": 0, "percent_statements_covered": 100.0, "percent_statements_covered_display": "100"}, "missing_lines": [], "excluded_lines": [], "start_line": 95}, "CashflowCalculationStepDTO": {"executed_lines": [], "summary": {"covered_lines": 0, "num_statements": 0, "percent_covered": 100.0, "percent_covered_display": "100", "missing_lines": 0, "excluded_lines": 0, "percent_statements_covered": 100.0, "percent_statements_covered_display": "100"}, "missing_lines": [], "excluded_lines": [], "start_line": 108}, "CashflowEvidenceChainDTO": {"executed_lines": [], "summary": {"covered_lines": 0, "num_statements": 0, "percent_covered": 100.0, "percent_covered_display": "100", "missing_lines": 0, "excluded_lines": 0, "percent_statements_covered": 100.0, "percent_statements_covered_display": "100"}, "missing_lines": [], "excluded_lines": [], "start_line": 117}, "CashflowSummaryDTO": {"executed_lines": [], "summary": {"covered_lines": 0, "num_statements": 0, "percent_covered": 100.0, "percent_covered_display": "100", "missing_lines": 0, "excluded_lines": 0, "percent_statements_covered": 100.0, "percent_statements_covered_display": "100"}, "missing_lines": [], "excluded_lines": [], "start_line": 136}, "CashflowSummaryDTO.Config": {"executed_lines": [], "summary": {"covered_lines": 0, "num_statements": 0, "percent_covered": 100.0, "percent_covered_display": "100", "missing_lines": 0, "excluded_lines": 0, "percent_statements_covered": 100.0, "percent_statements_covered_display": "100"}, "missing_lines": [], "excluded_lines": [], "start_line": 162}, "CashflowMonthlyResponse": {"executed_lines": [], "summary": {"covered_lines": 0, "num_statements": 0, "percent_covered": 100.0, "percent_covered_display": "100", "missing_lines": 0, "excluded_lines": 0, "percent_statements_covered": 100.0, "percent_statements_covered_display": "100"}, "missing_lines": [], "excluded_lines": [], "start_line": 184}, "CashflowCategoryResponse": {"executed_lines": [], "summary": {"covered_lines": 0, "num_statements": 0, "percent_covered": 100.0, "percent_covered_display": "100", "missing_lines": 0, "excluded_lines": 0, "percent_statements_covered": 100.0, "percent_statements_covered_display": "100"}, "missing_lines": [], "excluded_lines": [], "start_line": 193}, "CashflowTransactionResponse": {"executed_lines": [], "summary": {"covered_lines": 0, "num_statements": 0, "percent_covered": 100.0, "percent_covered_display": "100", "missing_lines": 0, "excluded_lines": 0, "percent_statements_covered": 100.0, "percent_statements_covered_display": "100"}, "missing_lines": [], "excluded_lines": [], "start_line": 202}, "": {"executed_lines": [9, 11, 15, 18, 21, 24, 27, 30, 36, 39, 40, 41, 42, 43, 49, 52, 53, 54, 55, 56, 64, 67, 68, 69, 70, 71, 72, 77, 78, 81, 84, 85, 86, 87, 95, 98, 101, 102, 103, 108, 111, 112, 113, 114, 117, 120, 121, 124, 127, 130, 136, 146, 147, 148, 151, 152, 155, 158, 162, 163, 184, 187, 190, 193, 196, 199, 202, 205, 208, 209, 210], "summary": {"covered_lines": 71, "num_statements": 71, "percent_covered": 100.0, "percent_covered_display": "100", "missing_lines": 0, "excluded_lines": 0, "percent_statements_covered": 100.0, "percent_statements_covered_display": "100"}, "missing_lines": [], "excluded_lines": [], "start_line": 1}}}, "backend/src/core/dtos/credit_cards_dto.py": {"executed_lines": [10, 12, 16, 22, 25, 26, 27, 28, 29, 30, 31, 32, 35, 41, 44, 45, 46, 47, 48, 54, 57, 58, 59, 60, 61, 69, 72, 73, 74, 75, 76, 77, 78, 79, 80, 81, 82, 83, 84, 85, 86, 87, 90, 93, 94, 95, 96, 99, 102, 105, 106, 107, 110, 113, 114, 115, 116, 117, 118, 119, 120, 121, 122, 123, 124, 129, 130, 133, 136, 137, 138, 139, 147, 150, 151, 152, 153, 158, 161, 162, 163, 164, 167, 170, 171, 174, 177, 180, 186, 196, 199, 202, 203, 204, 205, 208, 212, 213, 229, 232, 235, 238, 241, 246, 249], "summary": {"covered_lines": 105, "num_statements": 105, "percent_covered": 100.0, "percent_covered_display": "100", "missing_lines": 0, "excluded_lines": 0, "percent_statements_covered": 100.0, "percent_statements_covered_display": "100"}, "missing_lines": [], "excluded_lines": [], "functions": {"": {"executed_lines": [10, 12, 16, 22, 25, 26, 27, 28, 29, 30, 31, 32, 35, 41, 44, 45, 46, 47, 48, 54, 57, 58, 59, 60, 61, 69
[...]
 414, 415], "excluded_lines": [], "start_line": 22}, "": {"executed_lines": [6, 7, 8, 10, 17, 18, 19, 22, 25, 28, 64, 198, 292], "summary": {"covered_lines": 13, "num_statements": 13, "percent_covered": 100.0, "percent_covered_display": "100", "missing_lines": 0, "excluded_lines": 0, "percent_statements_covered": 100.0, "percent_statements_covered_display": "100"}, "missing_lines": [], "excluded_lines": [], "start_line": 1}}}, "backend/src/startup.py": {"executed_lines": [9, 11, 12, 13, 16, 26, 29, 30, 31, 37, 38, 46, 47, 60, 61, 63, 64, 65, 66, 67, 68, 77, 78, 79, 80, 81, 82, 89, 90, 93], "summary": {"covered_lines": 30, "num_statements": 62, "percent_covered": 48.38709677419355, "percent_covered_display": "48", "missing_lines": 32, "excluded_lines": 0, "percent_statements_covered": 48.38709677419355, "percent_statements_covered_display": "48"}, "missing_lines": [32, 33, 34, 39, 40, 41, 42, 43, 44, 48, 49, 50, 51, 52, 53, 69, 70, 71, 72, 73, 74, 83, 84, 85, 87, 94, 95, 96, 97, 98, 99, 100], "excluded_lines": [], "functions": {"run_startup_validation": {"executed_lines": [26, 29, 30, 31, 37, 38, 46, 47, 60, 61, 63, 64, 65, 66, 67, 68, 77, 78, 79, 80, 81, 82, 89, 90], "summary": {"covered_lines": 24, "num_statements": 49, "percent_covered": 48.97959183673469, "percent_covered_display": "49", "missing_lines": 25, "excluded_lines": 0, "percent_statements_covered": 48.97959183673469, "percent_statements_covered_display": "49"}, "missing_lines": [32, 33, 34, 39, 40, 41, 42, 43, 44, 48, 49, 50, 51, 52, 53, 69, 70, 71, 72, 73, 74, 83, 84, 85, 87], "excluded_lines": [], "start_line": 16}, "": {"executed_lines": [9, 11, 12, 13, 16, 93], "summary": {"covered_lines": 6, "num_statements": 13, "percent_covered": 46.15384615384615, "percent_covered_display": "46", "missing_lines": 7, "excluded_lines": 0, "percent_statements_covered": 46.15384615384615, "percent_statements_covered_display": "46"}, "missing_lines": [94, 95, 96, 97, 98, 99, 100], "excluded_lines": [], "start_line": 1}}, "classes": {"": {"executed_lines": [9, 11, 12, 13, 16, 26, 29, 30, 31, 37, 38, 46, 47, 60, 61, 63, 64, 65, 66, 67, 68, 77, 78, 79, 80, 81, 82, 89, 90, 93], "summary": {"covered_lines": 30, "num_statements": 62, "percent_covered": 48.38709677419355, "percent_covered_display": "48", "missing_lines": 32, "excluded_lines": 0, "percent_statements_covered": 48.38709677419355, "percent_statements_covered_display": "48"}, "missing_lines": [32, 33, 34, 39, 40, 41, 42, 43, 44, 48, 49, 50, 51, 52, 53, 69, 70, 71, 72, 73, 74, 83, 84, 85, 87, 94, 95, 96, 97, 98, 99, 100], "excluded_lines": [], "start_line": 1}}}, "backend/src/structural/__init__.py": {"executed_lines": [], "summary": {"covered_lines": 0, "num_statements": 0, "percent_covered": 100.0, "percent_covered_display": "100", "missing_lines": 0, "excluded_lines": 0, "percent_statements_covered": 100.0, "percent_statements_covered_display": "100"}, "missing_lines": [], "excluded_lines": [], "functions": {"": {"executed_lines": [], "summary": {"covered_lines": 0, "num_statements": 0, "percent_covered": 100.0, "percent_covered_display": "100", "missing_lines": 0, "excluded_lines": 0, "percent_statements_covered": 100.0, "percent_statements_covered_display": "100"}, "missing_lines": [], "excluded_lines": [], "start_line": 1}}, "classes": {"": {"executed_lines": [], "summary": {"covered_lines": 0, "num_statements": 0, "percent_covered": 100.0, "percent_covered_display": "100", "missing_lines": 0, "excluded_lines": 0, "percent_statements_covered": 100.0, "percent_statements_covered_display": "100"}, "missing_lines": [], "excluded_lines": [], "start_line": 1}}}, "backend/src/structural/layout_analyzer.py": {"executed_lines": [12, 13, 14, 15, 17, 20, 24, 48, 85, 95, 152, 154, 169, 215, 229, 283, 290, 313, 327, 347, 367, 413, 518, 556, 565, 634, 674, 708, 712, 717, 759, 796, 804, 842], "summary": {"covered_lines": 34, "num_statements": 402, "percent_covered": 8.457711442786069, "percent_covered_display": "8", "missing_lines": 368, "excluded_lines": 0, "percent_statements_covered": 8.457711442786069, "percent_statements_covered_display": "8"}, "missing_lines": [155, 156, 159, 160, 161, 162, 163, 164, 165, 166, 167, 170, 171, 172, 175, 176, 177, 178, 180, 185, 186, 187, 190, 191, 194, 197, 198, 201, 204, 207, 208, 212, 216, 217, 218, 219, 220, 221, 222, 223, 224, 225, 226, 230, 231, 233, 234, 235, 236, 237, 238, 248, 249, 251, 252, 253, 254, 255, 256, 260, 261, 264, 272, 273, 275, 277, 278, 279, 281, 287, 288, 293, 294, 295, 296, 297, 298, 299, 300, 301, 303, 304, 305, 306, 307, 308, 309, 310, 316, 317, 318, 319, 321, 322, 323, 324, 325, 330, 331, 332, 333, 334, 335, 337, 338, 339, 340, 342, 343, 344, 350, 352, 353, 354, 355, 356, 357, 359, 360, 362, 363, 365, 369, 370, 371, 374, 375, 376, 378, 379, 381, 382, 385, 386, 387, 393, 394, 397, 403, 404, 407, 408, 410, 422, 423, 424, 427, 428, 429, 430, 431, 437, 439, 441, 444, 447, 448, 449, 450, 451, 452, 455, 456, 457, 458, 459, 460, 461, 462, 464, 465, 466, 467, 468, 469, 470, 471, 472, 473, 474, 477, 478, 479, 480, 481, 483, 484, 485, 486, 487, 490, 491, 492, 494, 501, 502, 503, 504, 505, 506, 508, 509, 510, 513, 516, 519, 521, 522, 523, 533, 534, 535, 536, 537, 538, 548, 549, 553, 554, 557, 558, 574, 575, 576, 577, 579, 588, 589, 590, 593, 594, 595, 596, 597, 598, 599, 601, 605, 606, 607, 608, 609, 610, 611, 617, 619, 620, 622, 623, 624, 625, 626, 629, 631, 637, 638, 640, 641, 642, 643, 644, 645, 646, 647, 648, 649, 650, 656, 657, 658, 664, 665, 666, 667, 672, 677, 678, 679, 680, 681, 682, 683, 684, 685, 687, 688, 692, 693, 696, 697, 698, 699, 700, 709, 710, 713, 714, 715, 718, 719, 720, 721, 725, 726, 727, 728, 735, 760, 761, 762, 763, 764, 765, 766, 767, 768, 770, 771, 772, 773, 774, 775, 776, 777, 778, 779, 781, 784, 785, 786, 789, 792, 793, 797, 798, 799, 800, 801, 805, 807, 808, 809, 810, 812, 814, 815, 816, 817, 818, 819, 820, 821, 822, 823, 824, 825, 826, 827, 828, 829, 832, 833, 834, 835, 837, 838, 839, 843], "excluded_lines": [], "functions": {"LayoutAnalyzer.__init__": {"executed_lines": [], "summary": {"covered_lines": 0, "num_statements": 11, "percent_covered": 0.0, "percent_covered_display": "0", "missing_lines": 11, "excluded_lines": 0, "percent_statements_covered": 0.0, "percent_statements_covered_display": "0"}, "missing_lines": [155, 156, 159, 160, 161, 162, 163, 164, 165, 166, 167], "excluded_lines": [], "start_line": 154}, "LayoutAnalyzer.analyze": {"executed_lines": [], "summary": {"covered_lines": 0, "num_statements": 21, "percent_covered": 0.0, "percent_covered_display": "0", "missing_lines": 21, "excluded_lines": 0, "percent_statements_covered": 0.0, "percent_statements_covered_display": "0"}, "missing_lines": [170, 171, 172, 175, 176, 177, 178, 180, 185, 186, 187, 190, 191, 194, 197, 198, 201, 204, 207, 208, 212], "excluded_lines": [], "start_line": 169}, "LayoutAnalyzer._detect_bank": {"executed_lines": [], "summary": {"covered_lines": 0, "num_statements": 11, "percent_covered": 0.0, "percent_covered_display": "0", "missing_lines": 11, "excluded_lines": 0, "percent_statements_covered": 0.0, "percent_statements_covered_display": "0"}, "missing_lines": [216, 217, 218, 219, 220, 221, 222, 223, 224, 225, 226], "excluded_lines": [], "start_line": 215}, "LayoutAnalyzer._find_table_header": {"executed_lines": [], "summary": {"covered_lines": 0, "num_statements": 26, "percent_covered": 0.0, "percent_covered_display": "0", "missing_lines": 26, "excluded_lines": 0, "percent_statements_covered": 0.0, "percent_statements_covered_display": "0"}, "missing_lines": [230, 231, 233, 234, 235, 236, 237, 238, 248, 249, 251, 252, 253, 254, 255, 256, 260, 261, 264, 272, 273, 275, 277, 278, 279, 281], "excluded_lines": [], "start_line": 229}, "LayoutAnalyzer._header_has_transaction_pages": {"executed_lines": [], "summary": {"covered_lines": 0, "num_statements": 2, "percent_covered": 0.0, "percent_covered_display": "0", "missing_lines": 2, "excluded_lines": 0, "percent_statements_covered": 0.0, "percent_statements_covered_display": "0"}, "missing_lines": [287, 288], "excluded_lines": [], "start_line": 283}, "LayoutAnalyzer._group_by_y": {"executed_lines": [], "summary": {"covered_lines": 0, "num_statements": 17, "percent_covered": 0.0, "percent_covered_display": "0", "missing_lines": 17, "excluded_lines": 0, "percent_statements_covered": 0.0, "percent_statements_covered_display": "0"}, "missing_lines": [293, 294, 295, 296, 297, 298, 299, 300, 301, 303, 304, 305, 306, 307, 308, 309, 310], "excluded_lines": [], "start_line": 290}, "LayoutAnalyzer._build_table_bbox": {"executed_lines": [], "summary": {"covered_lines": 0, "num_statements": 9, "percent_covered": 0.0, "percent_covered_display": "0", "missing_lines": 9, "excluded_lines": 0, "percent_statements_covered": 0.0, "percent_statements_covered_display": "0"}, "missing_lines": [316, 317, 318, 319, 321, 322, 323, 324, 325], "excluded_lines": [], "start_line": 313}, "LayoutAnalyzer._find_stop_boundary": {"executed_lines": [], "summary": {"covered_lines": 0, "num_statements": 13, "percent_covered": 0.0, "percent_covered_display": "0", "missing_lines": 13, "excluded_lines": 0, "percent_statements_covered": 0.0, "percent_statements_covered_display": "0"}, "missing_lines": [330, 331, 332, 333, 334, 335, 337, 338, 339, 340, 342, 343, 344], "excluded_lines": [], "start_line": 327}, "LayoutAnalyzer._detect_table_pages": {"executed_lines": [], "summary": {"covered_lines": 0, "num_statements": 12, "percent_covered": 0.0, "percent_covered_display": "0", "missing_lines": 12, "excluded_lines": 0, "percent_statements_covered": 0.0, "percent_statements_covered_display": "0"}, "missing_lines": [350, 352, 353, 354, 355, 356, 357, 359, 360, 362, 363, 365], "excluded_lines": [], "start_line": 347}, "LayoutAnalyzer._page_has_transactions": {"executed_lines": [], "summary": {"covered_lines": 0, "num_statements": 21, "percent_covered": 0.0, "percent_covered_display": "0", "missing_lines": 21, "excluded_lines": 0, "percent_statements_covered": 0.0, "percent_statements_covered_display": "0"}, "missing_lines": [369, 370, 371, 374, 375, 376, 378, 379, 381, 382, 385, 386, 387, 393, 394, 397, 403, 404, 407, 408, 410], "excluded_lines": [], "start_line": 367}, "LayoutAnalyzer._detect_columns_from_header_row": {"executed_lines": [], "summary": {"covered_lines": 0, "num_statements": 62, "percent_covered": 0.0, "percent_covered_display": "0", "missing_lines": 62, "excluded_lines": 0, "percent_statements_covered": 0.0, "percent_statements_covered_display": "0"}, "missing_lines": [422, 423, 424, 427, 428, 429, 430, 431, 437, 439, 441, 444, 447, 448, 449, 450, 451, 452, 455, 456, 457, 458, 459, 460, 461, 462, 464, 465, 466, 467, 468, 469, 470, 471, 472, 473, 474, 477, 478, 479, 480, 481, 483, 484, 485, 486, 487, 490, 491, 492, 494, 501, 502, 503, 504, 505, 506, 508, 509, 510, 513, 516], "excluded_lines": [], "start_line": 413}, "LayoutAnalyzer._classify_header_text": {"executed_lines": [], "summary": {"covered_lines": 0, "num_statements": 14, "percent_covered": 0.0, "percent_covered_display": "0", "missing_lines": 14, "excluded_lines": 0, "percent_statements_covered": 0.0, "percent_statements_covered_display": "0"}, "missing_lines": [519, 521, 522, 523, 533, 534, 535, 536, 537, 538, 548, 549, 553, 554], "excluded_lines": [], "start_line": 518}, "LayoutAnalyzer._default_columns": {"executed_lines": [], "summary": {"covered_lines": 0, "num_statements": 2, "percent_covered": 0.0, "percent_covered_display": "0", "missing_lines": 2, "excluded_lines": 0, "percent_statements_covered": 0.0, "percent_statements_covered_display": "0"}, "missing_lines": [557, 558], "excluded_lines": [], "start_line": 556}, "LayoutAnalyzer._analyze_amount_structure": {"executed_lines": [], "summary": {"covered_lines": 0, "num_statements": 33, "percent_covered": 0.0, "percent_covered_display": "0", "missing_lines": 33, "excluded_lines": 0, "percent_statements_covered": 0.0, "percent_statements_covered_display": "0"}, "missing_lines": [574, 575, 576, 577, 579, 588, 589, 590, 593, 594, 595, 596, 597, 598, 599, 601, 605, 606, 607, 608, 609, 610, 611, 617, 619, 620, 622, 623, 624, 625, 626, 629, 631], "excluded_lines": [], "start_line": 565}, "LayoutAnalyzer._detect_metadata": {"executed_lines": [], "summary": {"covered_lines": 0, "num_statements": 21, "percent_covered": 0.0, "percent_covered_display": "0", "missing_lines": 21, "excluded_lines": 0, "percent_statements_covered": 0.0, "percent_statements_covered_display": "0"}, "missing_lines": [637, 638, 640, 641, 642, 643, 644, 645, 646, 647, 648, 649, 650, 656, 657, 658, 664, 665, 666, 667, 672], "excluded_lines": [], "start_line": 634}, "LayoutAnalyzer._find_value_near_label": {"executed_lines": [], "summary": {"covered_lines": 0, "num_statements": 18, "percent_covered": 0.0, "percent_covered_display": "0", "missing_lines": 18, "excluded_lines": 0, "percent_statements_covered": 0.0, "percent_statements_covered_display": "0"}, "missing_lines": [677, 678, 679, 680, 681, 682, 683, 684, 685, 687, 688, 692, 693, 696, 697, 698, 699, 700], "excluded_lines": [], "start_line": 674}, "LayoutAnalyzer._log": {"executed_lines": [], "summary": {"covered_lines": 0, "num_statements": 2, "percent_covered": 0.0, "percent_covered_display": "0", "missing_lines": 2, "excluded_lines": 0, "percent_statements_covered": 0.0, "percent_statements_covered_display": "0"}, "missing_lines": [709, 710], "excluded_lines": [], "start_line": 708}, "LayoutAnalyzer._format_bbox": {"executed_lines": [], "summary": {"covered_lines": 0, "num_statements": 3, "percent_covered": 0.0, "percent_covered_display": "0", "missing_lines": 3, "excluded_lines": 0, "percent_statements_covered": 0.0, "percent_statements_covered_display": "0"}, "missing_lines": [713, 714, 715], "excluded_lines": [], "start_line": 712}, "LayoutAnalyzer._build_result": {"executed_lines": [], "summary": {"covered_lines": 0, "num_statements": 9, "percent_covered": 0.0, "percent_covered_display": "0", "missing_lines": 9, "excluded_lines": 0, "percent_statements_covered": 0.0, "percent_statements_covered_display": "0"}, "missing_lines": [718, 719, 720, 721, 725, 726, 727, 728, 735], "excluded_lines": [], "start_line": 717}, "LayoutAnalyzer.generate_debug_image": {"executed_lines": [], "summary": {"covered_lines": 0, "num_statements": 26, "percent_covered": 0.0, "percent_covered_display": "0", "missing_lines": 26, "excluded_lines": 0, "percent_statements_covered": 0.0, "percent_statements_covered_display": "0"}, "missing_lines": [760, 761, 762, 763, 764, 765, 766, 767, 768, 770, 771, 772, 773, 774, 775, 776, 777, 778, 779, 781, 784, 785, 786, 789, 792, 793], "excluded_lines": [], "start_line": 759}, "analyze_pdf": {"executed_lines": [], "summary": {"covered_lines": 0, "num_statements": 5, "percent_covered": 0.0, "percent_covered_display": "0", "missing_lines": 5, "excluded_lines": 0, "percent_statements_covered": 0.0, "percent_statements_covered_display": "0"}, "missing_lines": [797, 798, 799, 800, 801], "excluded_lines": [], "start_line": 796}, "main": {"executed_lines": [], "summary": {"covered_lines": 0, "num_statements": 29, "percent_covered": 0.0, "percent_covered_display": "0", "missing_lines": 29, "excluded_lines": 0, "percent_statements_covered": 0.0, "percent_statements_covered_display": "0"}, "missing_lines": [805, 807, 808, 809, 810, 812, 814, 815, 816, 817, 818, 819, 820, 821, 822, 823, 824, 825, 826, 827, 828, 829, 832, 833, 834, 835, 837, 838, 839], "excluded_lines": [], "start_line": 804}, "": {"executed_lines": [12, 13, 14, 15, 17, 20, 24, 48, 85, 95, 152, 154, 169, 215, 229, 283, 290, 313, 327, 347, 367, 413, 518, 556, 565, 634, 674, 708, 712, 717, 759, 796, 804, 842], "summary": {"covered_lines": 34, "num_statements": 35, "percent_covered": 97.14285714285714, "percent_covered_display": "97", "missing_lines": 1, "excluded_lines": 0, "percent_statements_covered": 97.14285714285714, "percent_statements_covered_display": "97"}, "missing_lines": [843], "excluded_lines": [], "start_line": 1}}, "classes": {"LayoutAnalyzer": {"executed_lines": [], "summary": {"covered_lines": 0, "num_statements": 333, "percent_covered": 0.0, "percent_covered_display": "0", "missing_lines": 333, "excluded_lines": 0, "percent_statements_covered": 0.0, "percent_statements_covered_display": "0"}, "missing_lines": [155, 156, 159, 160, 161, 162, 163, 164, 165, 166, 167, 170, 171, 172, 175, 176, 177, 178, 180, 185, 186, 187, 190, 191, 194, 197, 198, 201, 204, 207, 208, 212, 216, 217, 218, 219, 220, 221, 222, 223, 224, 225, 226, 230, 231, 233, 234, 235, 236, 237, 238, 248, 249, 251, 252, 253, 254, 255, 256, 260, 261, 264, 272, 273, 275, 277, 278, 279, 281, 287, 288, 293, 294, 295, 296, 297, 298, 299, 300, 301, 303, 304, 305, 306, 307, 308, 309, 310, 316, 317, 318, 319, 321, 322, 323, 324, 325, 330, 331, 332, 333, 334, 335, 337, 338, 339, 340, 342, 343, 344, 350, 352, 353, 354, 355, 356, 357, 359, 360, 362, 363, 365, 369, 370, 371, 374, 375, 376, 378, 379, 381, 382, 385, 386, 387, 393, 394, 397, 403, 404, 407, 408, 410, 422, 423, 424, 427, 428, 429, 430, 431, 437, 439, 441, 444, 447, 448, 449, 450, 451, 452, 455, 456, 457, 458, 459, 460, 461, 462, 464, 465, 466, 467, 468, 469, 470, 471, 472, 473, 474, 477, 478, 479, 480, 481, 483, 484, 485, 486, 487, 490, 491, 492, 494, 501, 502, 503, 504, 505, 506, 508, 509, 510, 513, 516, 519, 521, 522, 523, 533, 534, 535, 536, 537, 538, 548, 549, 553, 554, 557, 558, 574, 575, 576, 577, 579, 588, 589, 590, 593, 594, 595, 596, 597, 598, 599, 601, 605, 606, 607, 608, 609, 610, 611, 617, 619, 620, 622, 623, 624, 625, 626, 629, 631, 637, 638, 640, 641, 642, 643, 644, 645, 646, 647, 648, 649, 650, 656, 657, 658, 664, 665, 666, 667, 672, 677, 678, 679, 680, 681, 682, 683, 684, 685, 687, 688, 692, 693, 696, 697, 698, 699, 700, 709, 710, 713, 714, 715, 718, 719, 720, 721, 725, 726, 727, 728, 735, 760, 761, 762, 763, 764, 765, 766, 767, 768, 770, 771, 772, 773, 774, 775, 776, 777, 778, 779, 781, 784, 785, 786, 789, 792, 793], "excluded_lines": [], "start_line": 20}, "": {"executed_lines": [12, 13, 14, 15, 17, 20, 24, 48, 85, 95, 152, 154, 169, 215, 229, 283, 290, 313, 327, 347, 367, 413, 518, 556, 565, 634, 674, 708, 712, 717, 759, 796, 804, 842], "summary": {"covered_lines": 34, "num_statements": 69, "percent_covered": 49.27536231884058, "percent_covered_display": "49", "missing_lines": 35, "excluded_lines": 0, "percent_statements_covered": 49.27536231884058, "percent_statements_covered_display": "49"}, "missing_lines": [797, 798, 799, 800, 801, 805, 807, 808, 809, 810, 812, 814, 815, 816, 817, 818, 819, 820, 821, 822, 823, 824, 825, 826, 827, 828, 829, 832, 833, 834, 835, 837, 838, 839, 843], "excluded_lines": [], "start_line": 1}}}, "backend/src/utils/__init__.py": {"executed_lines": [], "summary": {"covered_lines": 0, "num_statements": 0, "percent_covered": 100.0, "percent_covered_display": "100", "missing_lines": 0, "excluded_lines": 0, "percent_statements_covered": 100.0, "percent_statements_covered_display": "100"}, "missing_lines": [], "excluded_lines": [], "functions": {"": {"executed_lines": [], "summary": {"covered_lines": 0, "num_statements": 0, "percent_covered": 100.0, "percent_covered_display": "100", "missing_lines": 0, "excluded_lines": 0, "percent_statements_covered": 100.0, "percent_statements_covered_display": "100"}, "missing_lines": [], "excluded_lines": [], "start_line": 1}}, "classes": {"": {"executed_lines": [], "summary": {"covered_lines": 0, "num_statements": 0, "percent_covered": 100.0, "percent_covered_display": "100", "missing_lines": 0, "excluded_lines": 0, "percent_statements_covered": 100.0, "percent_statements_covered_display": "100"}, "missing_lines": [], "excluded_lines": [], "start_line": 1}}}}, "totals": {"covered_lines": 9924, "num_statements": 14774, "percent_covered": 67.17205902260729, "percent_covered_display": "67", "missing_lines": 4850, "excluded_lines": 1, "percent_statements_covered": 67.17205902260729, "percent_statements_covered_display": "67"}}