<testsuites id="" name="" tests="223" failures="10" skipped="15" errors="0" time="335.07322999999997">
<testsuite name="behavior.spec.ts" timestamp="2026-02-24T14:53:18.838Z" hostname="chromium" tests="21" failures="0" skipped="0" time="57.183" errors="0">
<testcase name="Behavior Page Loading › should load behavior page" classname="behavior.spec.ts" time="3.442">
<system-out>
<![CDATA[
[[ATTACHMENT|artifacts/behavior-Behavior-Page-Loading-should-load-behavior-page-chromium/trace.zip]]
]]>
</system-out>
</testcase>
<testcase name="Behavior Page Loading › should display page title" classname="behavior.spec.ts" time="3.408">
<system-out>
<![CDATA[
[[ATTACHMENT|artifacts/behavior-Behavior-Page-Loading-should-display-page-title-chromium/trace.zip]]
]]>
</system-out>
</testcase>
<testcase name="Behavior Page Loading › should show mode toggle" classname="behavior.spec.ts" time="3.414">
<system-out>
<![CDATA[Mode toggle visible: false

[[ATTACHMENT|artifacts/behavior-Behavior-Page-Loading-should-show-mode-toggle-chromium/trace.zip]]
]]>
</system-out>
</testcase>
<testcase name="Financial Health Score › should display health score section" classname="behavior.spec.ts" time="3.302">
<system-out>
<![CDATA[Health score section visible: true

[[ATTACHMENT|artifacts/behavior-Financial-Health--4e225-isplay-health-score-section-chromium/trace.zip]]
]]>
</system-out>
</testcase>
<testcase name="Financial Health Score › should show score value" classname="behavior.spec.ts" time="2.364">
<system-out>
<![CDATA[Score value visible: false

[[ATTACHMENT|artifacts/behavior-Financial-Health-Score-should-show-score-value-chromium/trace.zip]]
]]>
</system-out>
</testcase>
<testcase name="Financial Health Score › should show confidence indicator" classname="behavior.spec.ts" time="3.613">
<system-out>
<![CDATA[Confidence indicator visible: true

[[ATTACHMENT|artifacts/behavior-Financial-Health--4ff19-d-show-confidence-indicator-chromium/trace.zip]]
]]>
</system-out>
</testcase>
<testcase name="Behavioral Indices › should display behavioral indices" classname="behavior.spec.ts" time="2.63">
<system-out>
<![CDATA[Found 4 behavioral indices

[[ATTACHMENT|artifacts/behavior-Behavioral-Indice-03251--display-behavioral-indices-chromium/trace.zip]]
]]>
</system-out>
</testcase>
<testcase name="Behavioral Indices › should show savings discipline index" classname="behavior.spec.ts" time="2.595">
<system-out>
<![CDATA[Savings index visible: true

[[ATTACHMENT|artifacts/behavior-Behavioral-Indice-f8c73-ow-savings-discipline-index-chromium/trace.zip]]
]]>
</system-out>
</testcase>
<testcase name="Behavioral Indices › should show impulsivity score" classname="behavior.spec.ts" time="2.559">
<system-out>
<![CDATA[Impulsivity score visible: false

[[ATTACHMENT|artifacts/behavior-Behavioral-Indices-should-show-impulsivity-score-chromium/trace.zip]]
]]>
</system-out>
</testcase>
<testcase name="Behavioral Indices › should show financial stress index" classname="behavior.spec.ts" time="2.697">
<system-out>
<![CDATA[Stress index visible: true

[[ATTACHMENT|artifacts/behavior-Behavioral-Indice-34a78-show-financial-stress-index-chromium/trace.zip]]
]]>
</system-out>
</testcase>
<testcase name="Behavioral Insights › should display insights section" classname="behavior.spec.ts" time="2.658">
<system-out>
<![CDATA[Insights section visible: true

[[ATTACHMENT|artifacts/behavior-Behavioral-Insights-should-display-insights-section-chromium/trace.zip]]
]]>
</system-out>
</testcase>
<testcase name="Behavioral Insights › should show insight cards" classname="behavior.spec.ts" time="2.497">
<system-out>
<![CDATA[Found 12 insight cards

[[ATTACHMENT|artifacts/behavior-Behavioral-Insights-should-show-insight-cards-chromium/trace.zip]]
]]>
</system-out>
</testcase>
<testcase name="Behavioral Insights › should show insight severity indicators" classname="behavior.spec.ts" time="2.564">
<system-out>
<![CDATA[Warning visible: false, Positive visible: false

[[ATTACHMENT|artifacts/behavior-Behavioral-Insigh-e01ac-insight-severity-indicators-chromium/trace.zip]]
]]>
</system-out>
</testcase>
<testcase name="Behavioral Nudges › should display nudges section" classname="behavior.spec.ts" time="2.591">
<system-out>
<![CDATA[Nudges section visible: true

[[ATTACHMENT|artifacts/behavior-Behavioral-Nudges-should-display-nudges-section-chromium/trace.zip]]
]]>
</system-out>
</testcase>
<testcase name="Behavioral Nudges › should show actionable suggestions" classname="behavior.spec.ts" time="2.536">
<system-out>
<![CDATA[Actionable suggestions visible: true

[[ATTACHMENT|artifacts/behavior-Behavioral-Nudges-d3d76-show-actionable-suggestions-chromium/trace.zip]]
]]>
</system-out>
</testcase>
<testcase name="Risk Signals › should display risk signals section" classname="behavior.spec.ts" time="2.542">
<system-out>
<![CDATA[Risk signals visible: true

[[ATTACHMENT|artifacts/behavior-Risk-Signals-should-display-risk-signals-section-chromium/trace.zip]]
]]>
</system-out>
</testcase>
<testcase name="Risk Signals › should show India-specific risk patterns" classname="behavior.spec.ts" time="2.527">
<system-out>
<![CDATA[India risks - UPI: true, Gambling: false, EMI: true

[[ATTACHMENT|artifacts/behavior-Risk-Signals-shou-e5a27-ndia-specific-risk-patterns-chromium/trace.zip]]
]]>
</system-out>
</testcase>
<testcase name="Data Quality Indicators › should show transaction count" classname="behavior.spec.ts" time="2.559">
<system-out>
<![CDATA[Transaction count visible: true

[[ATTACHMENT|artifacts/behavior-Data-Quality-Indi-3a095-ould-show-transaction-count-chromium/trace.zip]]
]]>
</system-out>
</testcase>
<testcase name="Data Quality Indicators › should show data quality indicator" classname="behavior.spec.ts" time="2.381">
<system-out>
<![CDATA[Data quality indicator visible: true

[[ATTACHMENT|artifacts/behavior-Data-Quality-Indi-e2ec0-show-data-quality-indicator-chromium/trace.zip]]
]]>
</system-out>
</testcase>
<testcase name="Behavior API › should handle API unavailable gracefully" classname="behavior.spec.ts" time="2.052">
<system-out>
<![CDATA[
[[ATTACHMENT|artifacts/behavior-Behavior-API-shou-e4e2d--API-unavailable-gracefully-chromium/trace.zip]]
]]>
</system-out>
</testcase>
<testcase name="Behavior API › should show empty state when no data" classname="behavior.spec.ts" time="2.252">
<system-out>
<![CDATA[Empty state visible: false

[[ATTACHMENT|artifacts/behavior-Behavior-API-should-show-empty-state-when-no-data-chromium/trace.zip]]
]]>
</system-out>
</testcase>
</testsuite>
<testsuite name="behavioral-scoring.spec.ts" timestamp="2026-02-24T14:53:18.838Z" hostname="chromium" tests="16" failures="0" skipped="2" time="5.68" errors="0">
<testcase name="Risk Score Determinism › should produce identical scores for identical data" classname="behavioral-scoring.spec.ts" time="0.005">
<system-out>
<![CDATA[
[[ATTACHMENT|artifacts/behavioral-scoring-Risk-Sc-38420-l-scores-for-identical-data-chromium/trace.zip]]
]]>
</system-out>
</testcase>
<testcase name="Risk Score Determinism › should maintain determinism across 5 runs" classname="behavioral-scoring.spec.ts" time="0.014">
<system-out>
<![CDATA[
[[ATTACHMENT|artifacts/behavioral-scoring-Risk-Sc-283dd-n-determinism-across-5-runs-chromium/trace.zip]]
]]>
</system-out>
</testcase>
<testcase name="Risk Score Determinism › should produce different scores for different behaviors" classname="behavioral-scoring.spec.ts" time="0.002">
<system-out>
<![CDATA[
[[ATTACHMENT|artifacts/behavioral-scoring-Risk-Sc-6a78e-res-for-different-behaviors-chromium/trace.zip]]
]]>
</system-out>
</testcase>
<testcase name="Behavior Risk Deltas › minimum due payment should increase risk" classname="behavioral-scoring.spec.ts" time="0.004">
<system-out>
<![CDATA[
[[ATTACHMENT|artifacts/behavioral-scoring-Behavio-67838-ayment-should-increase-risk-chromium/trace.zip]]
]]>
</system-out>
</testcase>
<testcase name="Behavior Risk Deltas › first credit extraction should increase risk moderately" classname="behavioral-scoring.spec.ts" time="0.004">
<system-out>
<![CDATA[
[[ATTACHMENT|artifacts/behavioral-scoring-Behavio-b4af0-ld-increase-risk-moderately-chromium/trace.zip]]
]]>
</system-out>
</testcase>
<testcase name="Behavior Risk Deltas › repeated credit extraction should increase risk significantly" classname="behavioral-scoring.spec.ts" time="0.005">
<system-out>
<![CDATA[
[[ATTACHMENT|artifacts/behavioral-scoring-Behavio-8bad4-increase-risk-significantly-chromium/trace.zip]]
]]>
</system-out>
</testcase>
<testcase name="Behavior Risk Deltas › EMI discipline should decrease risk" classname="behavioral-scoring.spec.ts" time="0.005">
<system-out>
<![CDATA[
[[ATTACHMENT|artifacts/behavioral-scoring-Behavio-e37c5-ipline-should-decrease-risk-chromium/trace.zip]]
]]>
</system-out>
</testcase>
<testcase name="Behavior Risk Deltas › savings growth should decrease risk" classname="behavioral-scoring.spec.ts" time="0.004">
<system-out>
<![CDATA[
[[ATTACHMENT|artifacts/behavioral-scoring-Behavio-50d83-growth-should-decrease-risk-chromium/trace.zip]]
]]>
</system-out>
</testcase>
<testcase name="Behavior Risk Deltas › late fee occurrence should increase risk" classname="behavioral-scoring.spec.ts" time="0.003">
<system-out>
<![CDATA[
[[ATTACHMENT|artifacts/behavioral-scoring-Behavio-69211-rrence-should-increase-risk-chromium/trace.zip]]
]]>
</system-out>
</testcase>
<testcase name="Behavior Risk Deltas › debt loop detection should significantly increase risk" classname="behavioral-scoring.spec.ts" time="0.003">
<system-out>
<![CDATA[
[[ATTACHMENT|artifacts/behavioral-scoring-Behavio-2268b-significantly-increase-risk-chromium/trace.zip]]
]]>
</system-out>
</testcase>
<testcase name="Psychological Bias Detection › should detect loss aversion patterns" classname="behavioral-scoring.spec.ts" time="0.002">
<system-out>
<![CDATA[
[[ATTACHMENT|artifacts/behavioral-scoring-Psychol-98ea6-tect-loss-aversion-patterns-chromium/trace.zip]]
]]>
</system-out>
</testcase>
<testcase name="Psychological Bias Detection › should detect present bias (overspending)" classname="behavioral-scoring.spec.ts" time="0">
<properties>
<property name="skip" value="">
</property>
</properties>
<skipped>
</skipped>
</testcase>
<testcase name="Psychological Bias Detection › should detect credit illusion bias" classname="behavioral-scoring.spec.ts" time="0.002">
<system-out>
<![CDATA[
[[ATTACHMENT|artifacts/behavioral-scoring-Psychol-e4157-detect-credit-illusion-bias-chromium/trace.zip]]
]]>
</system-out>
</testcase>
<testcase name="Psychological Bias Detection › should detect debt spiral risk" classname="behavioral-scoring.spec.ts" time="0.002">
<system-out>
<![CDATA[
[[ATTACHMENT|artifacts/behavioral-scoring-Psychol-69d9a-uld-detect-debt-spiral-risk-chromium/trace.zip]]
]]>
</system-out>
</testcase>
<testcase name="Score Stability › score should remain stable after page reload" classname="behavioral-scoring.spec.ts" time="5.625">
<system-out>
<![CDATA[
[[ATTACHMENT|artifacts/behavioral-scoring-Score-S-fe3bc-in-stable-after-page-reload-chromium/trace.zip]]
]]>
</system-out>
</testcase>
<testcase name="Score Stability › score should be consistent across mode switches" classname="behavioral-scoring.spec.ts" time="0">
<properties>
<property name="skip" value="">
</property>
</properties>
<skipped>
</skipped>
</testcase>
</testsuite>
<testsuite name="css-integrity.spec.ts" timestamp="2026-02-24T14:53:18.838Z" hostname="chromium" tests="22" failures="0" skipped="3" time="75.858" errors="0">
<testcase name="Sidebar Layout › should have correct expanded sidebar width" classname="css-integrity.spec.ts" time="3.589">
<system-out>
<![CDATA[
[[ATTACHMENT|artifacts/css-integrity-Sidebar-Layo-587f7-rect-expanded-sidebar-width-chromium/trace.zip]]
]]>
</system-out>
</testcase>
<testcase name="Sidebar Layout › should collapse sidebar correctly" classname="css-integrity.spec.ts" time="4.007">
<system-out>
<![CDATA[
[[ATTACHMENT|artifacts/css-integrity-Sidebar-Layo-f0ef2--collapse-sidebar-correctly-chromium/trace.zip]]
]]>
</system-out>
</testcase>
<testcase name="Sidebar Layout › should have visible navigation links in sidebar" classname="css-integrity.spec.ts" time="3.418">
<system-out>
<![CDATA[
[[ATTACHMENT|artifacts/css-integrity-Sidebar-Layo-97282-navigation-links-in-sidebar-chromium/trace.zip]]
]]>
</system-out>
</testcase>
<testcase name="Card Grid Layout › should have visible stat cards" classname="css-integrity.spec.ts" time="5.08">
<system-out>
<![CDATA[
[[ATTACHMENT|artifacts/css-integrity-Card-Grid-La-4db5f-uld-have-visible-stat-cards-chromium/trace.zip]]
]]>
</system-out>
</testcase>
<testcase name="Card Grid Layout › should not have zero-dimension elements" classname="css-integrity.spec.ts" time="5.578">
<system-out>
<![CDATA[
[[ATTACHMENT|artifacts/css-integrity-Card-Grid-La-fc369-ave-zero-dimension-elements-chromium/trace.zip]]
]]>
</system-out>
</testcase>
<testcase name="Layout Overflow › should not have horizontal overflow on home" classname="css-integrity.spec.ts" time="3.013">
<system-out>
<![CDATA[
[[ATTACHMENT|artifacts/css-integrity-Layout-Overf-22077-horizontal-overflow-on-home-chromium/trace.zip]]
]]>
</system-out>
</testcase>
<testcase name="Layout Overflow › should not have horizontal overflow on transactions" classname="css-integrity.spec.ts" time="2.9">
<system-out>
<![CDATA[
[[ATTACHMENT|artifacts/css-integrity-Layout-Overf-9fbaf-al-overflow-on-transactions-chromium/trace.zip]]
]]>
</system-out>
</testcase>
<testcase name="Layout Overflow › should not have horizontal overflow on mobile" classname="css-integrity.spec.ts" time="0">
<properties>
<property name="skip" value="">
</property>
</properties>
<skipped>
</skipped>
</testcase>
<testcase name="Responsive Breakpoints › should render correctly at mobile (375x667)" classname="css-integrity.spec.ts" time="0">
<properties>
<property name="skip" value="">
</property>
</properties>
<skipped>
</skipped>
</testcase>
<testcase name="Responsive Breakpoints › should render correctly at mobile-landscape (667x375)" classname="css-integrity.spec.ts" time="0">
<properties>
<property name="skip" value="">
</property>
</properties>
<skipped>
</skipped>
</testcase>
<testcase name="Responsive Breakpoints › should render correctly at tablet (768x1024)" classname="css-integrity.spec.ts" time="3.059">
<system-out>
<![CDATA[
[[ATTACHMENT|artifacts/css-integrity-Responsive-B-6e04e-rrectly-at-tablet-768x1024--chromium/trace.zip]]
]]>
</system-out>
</testcase>
<testcase name="Responsive Breakpoints › should render correctly at tablet-landscape (1024x768)" classname="css-integrity.spec.ts" time="3.395">
<system-out>
<![CDATA[
[[ATTACHMENT|artifacts/css-integrity-Responsive-B-e298d--tablet-landscape-1024x768--chromium/trace.zip]]
]]>
</system-out>
</testcase>
<testcase name="Responsive Breakpoints › should render correctly at desktop (1280x720)" classname="css-integrity.spec.ts" time="3.475">
<system-out>
<![CDATA[
[[ATTACHMENT|artifacts/css-integrity-Responsive-B-bb971-rectly-at-desktop-1280x720--chromium/trace.zip]]
]]>
</system-out>
</testcase>
<testcase name="Responsive Breakpoints › should render correctly at desktop-large (1920x1080)" classname="css-integrity.spec.ts" time="3.476">
<system-out>
<![CDATA[
[[ATTACHMENT|artifacts/css-integrity-Responsive-B-b396e-at-desktop-large-1920x1080--chromium/trace.zip]]
]]>
</system-out>
</testcase>
<testcase name="Dark Mode › should have dark mode class by default" classname="css-integrity.spec.ts" time="3.496">
<system-out>
<![CDATA[
[[ATTACHMENT|artifacts/css-integrity-Dark-Mode-sh-b0fc1--dark-mode-class-by-default-chromium/trace.zip]]
]]>
</system-out>
</testcase>
<testcase name="Dark Mode › should have consistent dark mode styling" classname="css-integrity.spec.ts" time="3.174">
<system-out>
<![CDATA[
[[ATTACHMENT|artifacts/css-integrity-Dark-Mode-sh-91ba8-onsistent-dark-mode-styling-chromium/trace.zip]]
]]>
</system-out>
</testcase>
<testcase name="Dark Mode › should have visible text in dark mode" classname="css-integrity.spec.ts" time="2.97">
<system-out>
<![CDATA[
[[ATTACHMENT|artifacts/css-integrity-Dark-Mode-sh-9d6ca-e-visible-text-in-dark-mode-chromium/trace.zip]]
]]>
</system-out>
</testcase>
<testcase name="Table Responsiveness › should handle table overflow on desktop" classname="css-integrity.spec.ts" time="6.794">
<system-out>
<![CDATA[
[[ATTACHMENT|artifacts/css-integrity-Table-Respon-40539-e-table-overflow-on-desktop-chromium/trace.zip]]
]]>
</system-out>
</testcase>
<testcase name="Table Responsiveness › should handle table overflow on mobile" classname="css-integrity.spec.ts" time="6.624">
<system-out>
<![CDATA[
[[ATTACHMENT|artifacts/css-integrity-Table-Respon-7464e-le-table-overflow-on-mobile-chromium/trace.zip]]
]]>
</system-out>
</testcase>
<testcase name="Layout Shift › should not have significant layout shift on home" classname="css-integrity.spec.ts" time="5.736">
<system-out>
<![CDATA[
[[ATTACHMENT|artifacts/css-integrity-Layout-Shift-08d43-ficant-layout-shift-on-home-chromium/trace.zip]]
]]>
</system-out>
</testcase>
<testcase name="Z-Index and Stacking › should have correct z-index for sidebar" classname="css-integrity.spec.ts" time="2.753">
<system-out>
<![CDATA[
[[ATTACHMENT|artifacts/css-integrity-Z-Index-and--17d31-correct-z-index-for-sidebar-chromium/trace.zip]]
]]>
</system-out>
</testcase>
<testcase name="Z-Index and Stacking › should have correct z-index for modals" classname="css-integrity.spec.ts" time="3.321">
<system-out>
<![CDATA[
[[ATTACHMENT|artifacts/css-integrity-Z-Index-and--63eaf--correct-z-index-for-modals-chromium/trace.zip]]
]]>
</system-out>
</testcase>
</testsuite>
<testsuite name="dashboard.spec.ts" timestamp="2026-02-24T14:53:18.838Z" hostname="chromium" tests="16" failures="0" skipped="2" time="49.54" errors="0">
<testcase name="Dashboard Loading › should load dashboard page" classname="dashboard.spec.ts" time="4.85">
<system-out>
<![CDATA[
[[ATTACHMENT|artifacts/dashboard-Dashboard-Loading-should-load-dashboard-page-chromium/trace.zip]]
]]>
</system-out>
</testcase>
<testcase name="Dashboard Loading › should show empty state when no data" classname="dashboard.spec.ts" time="3.945">
<system-out>
<![CDATA[
[[ATTACHMENT|artifacts/dashboard-Dashboard-Loadin-93ef0-ow-empty-state-when-no-data-chromium/trace.zip]]
]]>
</system-out>
</testcase>
<testcase name="Dashboard Loading › should show loading state initially" classname="dashboard.spec.ts" time="3.361">
<system-out>
<![CDATA[
[[ATTACHMENT|artifacts/dashboard-Dashboard-Loadin-5939e-how-loading-state-initially-chromium/trace.zip]]
]]>
</system-out>
</testcase>
<testcase name="Dashboard Components › should display upload button" classname="dashboard.spec.ts" time="2.826">
<system-out>
<![CDATA[
[[ATTACHMENT|artifacts/dashboard-Dashboard-Components-should-display-upload-button-chromium/trace.zip]]
]]>
</system-out>
</testcase>
<testcase name="Dashboard Components › should open upload modal on click" classname="dashboard.spec.ts" time="0">
<properties>
<property name="skip" value="">
</property>
</properties>
<skipped>
</skipped>
</testcase>
<testcase name="Dashboard Components › should display quick stats cards" classname="dashboard.spec.ts" time="3.21">
<system-out>
<![CDATA[
[[ATTACHMENT|artifacts/dashboard-Dashboard-Compon-48338-d-display-quick-stats-cards-chromium/trace.zip]]
]]>
</system-out>
</testcase>
<testcase name="Dashboard Components › should display navigation sidebar" classname="dashboard.spec.ts" time="2.587">
<system-out>
<![CDATA[
[[ATTACHMENT|artifacts/dashboard-Dashboard-Compon-abbdd--display-navigation-sidebar-chromium/trace.zip]]
]]>
</system-out>
</testcase>
<testcase name="Dashboard Charts › should render spending chart if data exists" classname="dashboard.spec.ts" time="4.947">
<system-out>
<![CDATA[Chart visible: true

[[ATTACHMENT|artifacts/dashboard-Dashboard-Charts-ae667-ending-chart-if-data-exists-chromium/trace.zip]]
]]>
</system-out>
</testcase>
<testcase name="Dashboard Charts › should render category breakdown if data exists" classname="dashboard.spec.ts" time="3.785">
<system-out>
<![CDATA[Category section visible: true

[[ATTACHMENT|artifacts/dashboard-Dashboard-Charts-8e838-ry-breakdown-if-data-exists-chromium/trace.zip]]
]]>
</system-out>
</testcase>
<testcase name="Dashboard Interactions › should toggle exclude transfers switch" classname="dashboard.spec.ts" time="3.974">
<system-out>
<![CDATA[
[[ATTACHMENT|artifacts/dashboard-Dashboard-Intera-7393d-le-exclude-transfers-switch-chromium/trace.zip]]
]]>
</system-out>
</testcase>
<testcase name="Dashboard Interactions › should navigate to transactions from recent list" classname="dashboard.spec.ts" time="4.632">
<system-out>
<![CDATA[
[[ATTACHMENT|artifacts/dashboard-Dashboard-Intera-1e8e8-ansactions-from-recent-list-chromium/trace.zip]]
]]>
</system-out>
</testcase>
<testcase name="Dashboard Error Handling › should handle API failure gracefully" classname="dashboard.spec.ts" time="3.199">
<system-out>
<![CDATA[
[[ATTACHMENT|artifacts/dashboard-Dashboard-Error--9276f-ndle-API-failure-gracefully-chromium/trace.zip]]
]]>
</system-out>
</testcase>
<testcase name="Dashboard Error Handling › should show error toast on API error" classname="dashboard.spec.ts" time="3.053">
<system-out>
<![CDATA[
[[ATTACHMENT|artifacts/dashboard-Dashboard-Error--506a8-ow-error-toast-on-API-error-chromium/trace.zip]]
]]>
</system-out>
</testcase>
<testcase name="Dashboard Responsive › should render correctly on mobile" classname="dashboard.spec.ts" time="0">
<properties>
<property name="skip" value="">
</property>
</properties>
<skipped>
</skipped>
</testcase>
<testcase name="Dashboard Responsive › should render correctly on tablet" classname="dashboard.spec.ts" time="2.063">
<system-out>
<![CDATA[
[[ATTACHMENT|artifacts/dashboard-Dashboard-Respon-48b6d--render-correctly-on-tablet-chromium/trace.zip]]
]]>
</system-out>
</testcase>
<testcase name="Dashboard Responsive › should render correctly on desktop" classname="dashboard.spec.ts" time="3.108">
<system-out>
<![CDATA[
[[ATTACHMENT|artifacts/dashboard-Dashboard-Respon-824a9-render-correctly-on-desktop-chromium/trace.zip]]
]]>
</system-out>
</testcase>
</testsuite>
<testsuite name="e2e-financial-logic.spec.ts" timestamp="2026-02-24T14:53:18.838Z" hostname="chromium" tests="23" failures="0" skipped="4" time="14.675" errors="0">
<testcase name="Ledger Integrity › should maintain balance integrity across all accounts" classname="e2e-financial-logic.spec.ts" time="0.021">
<system-out>
<![CDATA[
[[ATTACHMENT|artifacts/e2e-financial-logic-Ledger-0a9f0-tegrity-across-all-accounts-chromium/trace.zip]]
]]>
</system-out>
</testcase>
<testcase name="Ledger Integrity › should have zero net for cross-account transfers" classname="e2e-financial-logic.spec.ts" time="0.005">
<system-out>
<![CDATA[
[[ATTACHMENT|artifacts/e2e-financial-logic-Ledger-9e80d-for-cross-account-transfers-chromium/trace.zip]]
]]>
</system-out>
</testcase>
<testcase name="Ledger Integrity › should have no orphaned transactions" classname="e2e-financial-logic.spec.ts" time="0.627">
<system-out>
<![CDATA[
[[ATTACHMENT|artifacts/e2e-financial-logic-Ledger-b5222-ve-no-orphaned-transactions-chromium/trace.zip]]
]]>
</system-out>
</testcase>
<testcase name="Ledger Integrity › should have valid transaction amounts" classname="e2e-financial-logic.spec.ts" time="0.824">
<system-out>
<![CDATA[
[[ATTACHMENT|artifacts/e2e-financial-logic-Ledger-ffede-e-valid-transaction-amounts-chromium/trace.zip]]
]]>
</system-out>
</testcase>
<testcase name="Net Cashflow Accuracy › should calculate correct net cashflow" classname="e2e-financial-logic.spec.ts" time="0">
<properties>
<property name="skip" value="">
</property>
</properties>
<skipped>
</skipped>
</testcase>
<testcase name="Net Cashflow Accuracy › should NOT count credit extraction as income" classname="e2e-financial-logic.spec.ts" time="0.027">
<system-out>
<![CDATA[
[[ATTACHMENT|artifacts/e2e-financial-logic-Net-Ca-1e472-credit-extraction-as-income-chromium/trace.zip]]
]]>
</system-out>
</testcase>
<testcase name="Net Cashflow Accuracy › should have salary as primary income source" classname="e2e-financial-logic.spec.ts" time="0.002">
<system-out>
<![CDATA[
[[ATTACHMENT|artifacts/e2e-financial-logic-Net-Ca-eae92-ry-as-primary-income-source-chromium/trace.zip]]
]]>
</system-out>
</testcase>
<testcase name="Net Cashflow Accuracy › should track EMI payments correctly" classname="e2e-financial-logic.spec.ts" time="0.004">
<system-out>
<![CDATA[
[[ATTACHMENT|artifacts/e2e-financial-logic-Net-Ca-14b94-rack-EMI-payments-correctly-chromium/trace.zip]]
]]>
</system-out>
</testcase>
<testcase name="Credit Card Accounting › should have no negative utilization" classname="e2e-financial-logic.spec.ts" time="0.009">
<system-out>
<![CDATA[
[[ATTACHMENT|artifacts/e2e-financial-logic-Credit-45db3-ave-no-negative-utilization-chromium/trace.zip]]
]]>
</system-out>
</testcase>
<testcase name="Credit Card Accounting › should calculate correct outstanding for CC_001" classname="e2e-financial-logic.spec.ts" time="0">
<properties>
<property name="skip" value="">
</property>
</properties>
<skipped>
</skipped>
</testcase>
<testcase name="Credit Card Accounting › should track interest charges correctly" classname="e2e-financial-logic.spec.ts" time="0.014">
<system-out>
<![CDATA[
[[ATTACHMENT|artifacts/e2e-financial-logic-Credit-e8fe1--interest-charges-correctly-chromium/trace.zip]]
]]>
</system-out>
</testcase>
<testcase name="Credit Card Accounting › should have minimum due payments" classname="e2e-financial-logic.spec.ts" time="0.002">
<system-out>
<![CDATA[
[[ATTACHMENT|artifacts/e2e-financial-logic-Credit-1248a-d-have-minimum-due-payments-chromium/trace.zip]]
]]>
</system-out>
</testcase>
<testcase name="Debt Loop Detection › should detect debt loop pattern" classname="e2e-financial-logic.spec.ts" time="0.013">
<system-out>
<![CDATA[
[[ATTACHMENT|artifacts/e2e-financial-logic-Debt-L-75511-ld-detect-debt-loop-pattern-chromium/trace.zip]]
]]>
</system-out>
</testcase>
<testcase name="Debt Loop Detection › should have rent extraction via credit" classname="e2e-financial-logic.spec.ts" time="0.03">
<system-out>
<![CDATA[
[[ATTACHMENT|artifacts/e2e-financial-logic-Debt-L-1d66b--rent-extraction-via-credit-chromium/trace.zip]]
]]>
</system-out>
</testcase>
<testcase name="Debt Loop Detection › should have credit card repayments from savings" classname="e2e-financial-logic.spec.ts" time="0.005">
<system-out>
<![CDATA[
[[ATTACHMENT|artifacts/e2e-financial-logic-Debt-L-e222c-ard-repayments-from-savings-chromium/trace.zip]]
]]>
</system-out>
</testcase>
<testcase name="UI/Backend Consistency › should display correct total balance in UI" classname="e2e-financial-logic.spec.ts" time="0">
<properties>
<property name="skip" value="">
</property>
</properties>
<skipped>
</skipped>
</testcase>
<testcase name="UI/Backend Consistency › should display correct transaction count" classname="e2e-financial-logic.spec.ts" time="4.915">
<system-out>
<![CDATA[
[[ATTACHMENT|artifacts/e2e-financial-logic-UI-Bac-5bc8a-y-correct-transaction-count-chromium/trace.zip]]
]]>
</system-out>
</testcase>
<testcase name="UI/Backend Consistency › should have no NaN or undefined values" classname="e2e-financial-logic.spec.ts" time="5.052">
<system-out>
<![CDATA[
[[ATTACHMENT|artifacts/e2e-financial-logic-UI-Bac-1fe22--no-NaN-or-undefined-values-chromium/trace.zip]]
]]>
</system-out>
</testcase>
<testcase name="Performance with Complex Data › behavior engine should respond within threshold" classname="e2e-financial-logic.spec.ts" time="0">
<properties>
<property name="skip" value="">
</property>
</properties>
<skipped>
</skipped>
</testcase>
<testcase name="Performance with Complex Data › dashboard should render within threshold" classname="e2e-financial-logic.spec.ts" time="3.1">
<system-out>
<![CDATA[
[[ATTACHMENT|artifacts/e2e-financial-logic-Perfor-aef55-uld-render-within-threshold-chromium/trace.zip]]
]]>
</system-out>
</testcase>
<testcase name="Determinism Validation › should generate identical scenario with same seed" classname="e2e-financial-logic.spec.ts" time="0.02">
<system-out>
<![CDATA[
[[ATTACHMENT|artifacts/e2e-financial-logic-Determ-d3bd1-cal-scenario-with-same-seed-chromium/trace.zip]]
]]>
</system-out>
</testcase>
<testcase name="Determinism Validation › should generate different scenarios with different seeds" classname="e2e-financial-logic.spec.ts" time="0.003">
<system-out>
<![CDATA[
[[ATTACHMENT|artifacts/e2e-financial-logic-Determ-b1628-narios-with-different-seeds-chromium/trace.zip]]
]]>
</system-out>
</testcase>
<testcase name="Determinism Validation › SeededRandom should produce deterministic sequence" classname="e2e-financial-logic.spec.ts" time="0.002">
<system-out>
<![CDATA[
[[ATTACHMENT|artifacts/e2e-financial-logic-Determ-0ef89-duce-deterministic-sequence-chromium/trace.zip]]
]]>
</system-out>
</testcase>
</testsuite>
<testsuite name="edge-cases.spec.ts" timestamp="2026-02-24T14:53:18.838Z" hostname="chromium" tests="11" failures="0" skipped="2" time="28.348" errors="0">
<testcase name="Edge Case - Zero Income › should handle zero income month gracefully" classname="edge-cases.spec.ts" time="5.027">
<system-out>
<![CDATA[Zero income warning visible: false

[[ATTACHMENT|artifacts/edge-cases-Edge-Case---Zer-92404-ero-income-month-gracefully-chromium/trace.zip]]
]]>
</system-out>
</testcase>
<testcase name="Edge Case - Zero Income › should calculate negative cashflow for zero income" classname="edge-cases.spec.ts" time="0.002">
<system-out>
<![CDATA[
[[ATTACHMENT|artifacts/edge-cases-Edge-Case---Zer-6290f-ve-cashflow-for-zero-income-chromium/trace.zip]]
]]>
</system-out>
</testcase>
<testcase name="Edge Case - Interest Only Payment › should handle interest-only payment month" classname="edge-cases.spec.ts" time="0">
<properties>
<property name="skip" value="">
</property>
</properties>
<skipped>
</skipped>
</testcase>
<testcase name="Edge Case - Salary Delay › should handle delayed salary" classname="edge-cases.spec.ts" time="4.01">
<system-out>
<![CDATA[Emergency loan visible: false

[[ATTACHMENT|artifacts/edge-cases-Edge-Case---Sal-b32e7-hould-handle-delayed-salary-chromium/trace.zip]]
]]>
</system-out>
</testcase>
<testcase name="Edge Case - Salary Delay › should detect liquidity stress pattern" classname="edge-cases.spec.ts" time="0.002">
<system-out>
<![CDATA[
[[ATTACHMENT|artifacts/edge-cases-Edge-Case---Sal-f83fe-ct-liquidity-stress-pattern-chromium/trace.zip]]
]]>
</system-out>
</testcase>
<testcase name="Edge Case - Double Credit Extraction › should handle double extraction in one month" classname="edge-cases.spec.ts" time="0">
<properties>
<property name="skip" value="">
</property>
</properties>
<skipped>
</skipped>
</testcase>
<testcase name="Edge Case - Double Credit Extraction › should calculate correct total extraction" classname="edge-cases.spec.ts" time="0.001">
<system-out>
<![CDATA[
[[ATTACHMENT|artifacts/edge-cases-Edge-Case---Dou-0463c-te-correct-total-extraction-chromium/trace.zip]]
]]>
</system-out>
</testcase>
<testcase name="Edge Case - System Stability › should not crash with empty transaction list" classname="edge-cases.spec.ts" time="4.152">
<system-out>
<![CDATA[
[[ATTACHMENT|artifacts/edge-cases-Edge-Case---Sys-127e2-with-empty-transaction-list-chromium/trace.zip]]
]]>
</system-out>
</testcase>
<testcase name="Edge Case - System Stability › should not crash with single transaction" classname="edge-cases.spec.ts" time="4.152">
<system-out>
<![CDATA[
[[ATTACHMENT|artifacts/edge-cases-Edge-Case---Sys-ac096-ash-with-single-transaction-chromium/trace.zip]]
]]>
</system-out>
</testcase>
<testcase name="Edge Case - System Stability › should handle very large transaction amounts" classname="edge-cases.spec.ts" time="4.128">
<system-out>
<![CDATA[
[[ATTACHMENT|artifacts/edge-cases-Edge-Case---Sys-80e63-y-large-transaction-amounts-chromium/trace.zip]]
]]>
</system-out>
</testcase>
<testcase name="Edge Case - System Stability › should handle concurrent rapid mode switches" classname="edge-cases.spec.ts" time="6.874">
<system-out>
<![CDATA[
[[ATTACHMENT|artifacts/edge-cases-Edge-Case---Sys-0fbde-current-rapid-mode-switches-chromium/trace.zip]]
]]>
</system-out>
</testcase>
</testsuite>
<testsuite name="mode-toggle.spec.ts" timestamp="2026-02-24T14:53:18.838Z" hostname="chromium" tests="17" failures="8" skipped="0" time="38.824" errors="0">
<testcase name="Mode Toggle Visibility › should display mode toggle buttons" classname="mode-toggle.spec.ts" time="6.027">
<system-out>
<![CDATA[
[[ATTACHMENT|artifacts/mode-toggle-Mode-Toggle-Vi-df225-display-mode-toggle-buttons-chromium/trace.zip]]
]]>
</system-out>
</testcase>
<testcase name="Mode Toggle Visibility › should have one mode active by default" classname="mode-toggle.spec.ts" time="5.022">
<system-out>
<![CDATA[
[[ATTACHMENT|artifacts/mode-toggle-Mode-Toggle-Vi-c2b39--one-mode-active-by-default-chromium/trace.zip]]
]]>
</system-out>
</testcase>
<testcase name="Mode Toggle Visibility › should default to personal mode" classname="mode-toggle.spec.ts" time="3.342">
<system-out>
<![CDATA[
[[ATTACHMENT|artifacts/mode-toggle-Mode-Toggle-Vi-e5d3a-ld-default-to-personal-mode-chromium/trace.zip]]
]]>
</system-out>
</testcase>
<testcase name="Mode Switching › should switch to Family mode on click" classname="mode-toggle.spec.ts" time="0.291">
<failure message="mode-toggle.spec.ts:81:7 should switch to Family mode on click" type="FAILURE">
<![CDATA[  [chromium] › mode-toggle.spec.ts:81:7 › Mode Switching › should switch to Family mode on click ───

    Error: page.evaluate: SecurityError: Failed to read the 'localStorage' property from 'Window': Access is denied for this document.
        at UtilityScript.evaluate (<anonymous>:292:16)
        at UtilityScript.<anonymous> (<anonymous>:1:44)
        at UtilityScript.evaluate (<anonymous>:292:16)
        at UtilityScript.<anonymous> (<anonymous>:1:44)
        at clearAppData (/home/vasantha/AI-Projects/ClariFin_OS/frontend/tests/utils/mode-helpers.ts:179:14)
        at /home/vasantha/AI-Projects/ClariFin_OS/frontend/tests/specs/mode-toggle.spec.ts:76:23

    attachment #1: screenshot (image/png) ──────────────────────────────────────────────────────────
    ../../test-results/artifacts/mode-toggle-Mode-Switching-0a895-tch-to-Family-mode-on-click-chromium/test-failed-1.png
    ────────────────────────────────────────────────────────────────────────────────────────────────

    attachment #2: video (video/webm) ──────────────────────────────────────────────────────────────
    ../../test-results/artifacts/mode-toggle-Mode-Switching-0a895-tch-to-Family-mode-on-click-chromium/video.webm
    ────────────────────────────────────────────────────────────────────────────────────────────────

    attachment #3: trace (application/zip) ─────────────────────────────────────────────────────────
    ../../test-results/artifacts/mode-toggle-Mode-Switching-0a895-tch-to-Family-mode-on-click-chromium/trace.zip
    Usage:

        npx playwright show-trace ../../test-results/artifacts/mode-toggle-Mode-Switching-0a895-tch-to-Family-mode-on-click-chromium/trace.zip

    ────────────────────────────────────────────────────────────────────────────────────────────────
]]>
</failure>
<system-out>
<![CDATA[
[[ATTACHMENT|artifacts/mode-toggle-Mode-Switching-0a895-tch-to-Family-mode-on-click-chromium/test-failed-1.png]]

[[ATTACHMENT|artifacts/mode-toggle-Mode-Switching-0a895-tch-to-Family-mode-on-click-chromium/video.webm]]

[[ATTACHMENT|artifacts/mode-toggle-Mode-Switching-0a895-tch-to-Family-mode-on-click-chromium/trace.zip]]
]]>
</system-out>
</testcase>
<testcase name="Mode Switching › should switch to Personal mode on click" classname="mode-toggle.spec.ts" time="0.415">
<failure message="mode-toggle.spec.ts:98:7 should switch to Personal mode on click" type="FAILURE">
<![CDATA[  [chromium] › mode-toggle.spec.ts:98:7 › Mode Switching › should switch to Personal mode on click ─

    Error: page.evaluate: SecurityError: Failed to read the 'localStorage' property from 'Window': Access is denied for this document.
        at UtilityScript.evaluate (<anonymous>:292:16)
        at UtilityScript.<anonymous> (<anonymous>:1:44)
        at UtilityScript.evaluate (<anonymous>:292:16)
        at UtilityScript.<anonymous> (<anonymous>:1:44)
        at clearAppData (/home/vasantha/AI-Projects/ClariFin_OS/frontend/tests/utils/mode-helpers.ts:179:14)
        at /home/vasantha/AI-Projects/ClariFin_OS/frontend/tests/specs/mode-toggle.spec.ts:76:23

    attachment #1: screenshot (image/png) ──────────────────────────────────────────────────────────
    ../../test-results/artifacts/mode-toggle-Mode-Switching-3328b-h-to-Personal-mode-on-click-chromium/test-failed-1.png
    ────────────────────────────────────────────────────────────────────────────────────────────────

    attachment #2: video (video/webm) ──────────────────────────────────────────────────────────────
    ../../test-results/artifacts/mode-toggle-Mode-Switching-3328b-h-to-Personal-mode-on-click-chromium/video.webm
    ────────────────────────────────────────────────────────────────────────────────────────────────

    attachment #3: trace (application/zip) ─────────────────────────────────────────────────────────
    ../../test-results/artifacts/mode-toggle-Mode-Switching-3328b-h-to-Personal-mode-on-click-chromium/trace.zip
    Usage:

        npx playwright show-trace ../../test-results/artifacts/mode-toggle-Mode-Switching-3328b-h-to-Personal-mode-on-click-chromium/trace.zip

    ────────────────────────────────────────────────────────────────────────────────────────────────
]]>
</failure>
<system-out>
<![CDATA[
[[ATTACHMENT|artifacts/mode-toggle-Mode-Switching-3328b-h-to-Personal-mode-on-click-chromium/test-failed-1.png]]

[[ATTACHMENT|artifacts/mode-toggle-Mode-Switching-3328b-h-to-Personal-mode-on-click-chromium/video.webm]]

[[ATTACHMENT|artifacts/mode-toggle-Mode-Switching-3328b-h-to-Personal-mode-on-click-chromium/trace.zip]]
]]>
</system-out>
</testcase>
<testcase name="Mode Switching › should persist mode in localStorage" classname="mode-toggle.spec.ts" time="0.226">
<failure message="mode-toggle.spec.ts:120:7 should persist mode in localStorage" type="FAILURE">
<![CDATA[  [chromium] › mode-toggle.spec.ts:120:7 › Mode Switching › should persist mode in localStorage ────

    Error: page.evaluate: SecurityError: Failed to read the 'localStorage' property from 'Window': Access is denied for this document.
        at UtilityScript.evaluate (<anonymous>:292:16)
        at UtilityScript.<anonymous> (<anonymous>:1:44)
        at UtilityScript.evaluate (<anonymous>:292:16)
        at UtilityScript.<anonymous> (<anonymous>:1:44)
        at clearAppData (/home/vasantha/AI-Projects/ClariFin_OS/frontend/tests/utils/mode-helpers.ts:179:14)
        at /home/vasantha/AI-Projects/ClariFin_OS/frontend/tests/specs/mode-toggle.spec.ts:76:23

    attachment #1: screenshot (image/png) ──────────────────────────────────────────────────────────
    ../../test-results/artifacts/mode-toggle-Mode-Switching-cefe6-ersist-mode-in-localStorage-chromium/test-failed-1.png
    ────────────────────────────────────────────────────────────────────────────────────────────────

    attachment #2: video (video/webm) ──────────────────────────────────────────────────────────────
    ../../test-results/artifacts/mode-toggle-Mode-Switching-cefe6-ersist-mode-in-localStorage-chromium/video.webm
    ────────────────────────────────────────────────────────────────────────────────────────────────

    attachment #3: trace (application/zip) ─────────────────────────────────────────────────────────
    ../../test-results/artifacts/mode-toggle-Mode-Switching-cefe6-ersist-mode-in-localStorage-chromium/trace.zip
    Usage:

        npx playwright show-trace ../../test-results/artifacts/mode-toggle-Mode-Switching-cefe6-ersist-mode-in-localStorage-chromium/trace.zip

    ────────────────────────────────────────────────────────────────────────────────────────────────
]]>
</failure>
<system-out>
<![CDATA[
[[ATTACHMENT|artifacts/mode-toggle-Mode-Switching-cefe6-ersist-mode-in-localStorage-chromium/test-failed-1.png]]

[[ATTACHMENT|artifacts/mode-toggle-Mode-Switching-cefe6-ersist-mode-in-localStorage-chromium/video.webm]]

[[ATTACHMENT|artifacts/mode-toggle-Mode-Switching-cefe6-ersist-mode-in-localStorage-chromium/trace.zip]]
]]>
</system-out>
</testcase>
<testcase name="Mode Switching › should restore mode on page reload" classname="mode-toggle.spec.ts" time="0.336">
<failure message="mode-toggle.spec.ts:136:7 should restore mode on page reload" type="FAILURE">
<![CDATA[  [chromium] › mode-toggle.spec.ts:136:7 › Mode Switching › should restore mode on page reload ─────

    Error: page.evaluate: SecurityError: Failed to read the 'localStorage' property from 'Window': Access is denied for this document.
        at UtilityScript.evaluate (<anonymous>:292:16)
        at UtilityScript.<anonymous> (<anonymous>:1:44)
        at UtilityScript.evaluate (<anonymous>:292:16)
        at UtilityScript.<anonymous> (<anonymous>:1:44)
        at clearAppData (/home/vasantha/AI-Projects/ClariFin_OS/frontend/tests/utils/mode-helpers.ts:179:14)
        at /home/vasantha/AI-Projects/ClariFin_OS/frontend/tests/specs/mode-toggle.spec.ts:76:23

    attachment #1: screenshot (image/png) ──────────────────────────────────────────────────────────
    ../../test-results/artifacts/mode-toggle-Mode-Switching-25313-restore-mode-on-page-reload-chromium/test-failed-1.png
    ────────────────────────────────────────────────────────────────────────────────────────────────

    attachment #2: video (video/webm) ──────────────────────────────────────────────────────────────
    ../../test-results/artifacts/mode-toggle-Mode-Switching-25313-restore-mode-on-page-reload-chromium/video.webm
    ────────────────────────────────────────────────────────────────────────────────────────────────

    attachment #3: trace (application/zip) ─────────────────────────────────────────────────────────
    ../../test-results/artifacts/mode-toggle-Mode-Switching-25313-restore-mode-on-page-reload-chromium/trace.zip
    Usage:

        npx playwright show-trace ../../test-results/artifacts/mode-toggle-Mode-Switching-25313-restore-mode-on-page-reload-chromium/trace.zip

    ────────────────────────────────────────────────────────────────────────────────────────────────
]]>
</failure>
<system-out>
<![CDATA[
[[ATTACHMENT|artifacts/mode-toggle-Mode-Switching-25313-restore-mode-on-page-reload-chromium/test-failed-1.png]]

[[ATTACHMENT|artifacts/mode-toggle-Mode-Switching-25313-restore-mode-on-page-reload-chromium/video.webm]]

[[ATTACHMENT|artifacts/mode-toggle-Mode-Switching-25313-restore-mode-on-page-reload-chromium/trace.zip]]
]]>
</system-out>
</testcase>
<testcase name="Mode Isolation › should maintain separate state between modes" classname="mode-toggle.spec.ts" time="0.368">
<failure message="mode-toggle.spec.ts:164:7 should maintain separate state between modes" type="FAILURE">
<![CDATA[  [chromium] › mode-toggle.spec.ts:164:7 › Mode Isolation › should maintain separate state between modes 

    Error: page.evaluate: SecurityError: Failed to read the 'localStorage' property from 'Window': Access is denied for this document.
        at UtilityScript.evaluate (<anonymous>:292:16)
        at UtilityScript.<anonymous> (<anonymous>:1:44)
        at UtilityScript.evaluate (<anonymous>:292:16)
        at UtilityScript.<anonymous> (<anonymous>:1:44)
        at clearAppData (/home/vasantha/AI-Projects/ClariFin_OS/frontend/tests/utils/mode-helpers.ts:179:14)
        at /home/vasantha/AI-Projects/ClariFin_OS/frontend/tests/specs/mode-toggle.spec.ts:161:23

    attachment #1: screenshot (image/png) ──────────────────────────────────────────────────────────
    ../../test-results/artifacts/mode-toggle-Mode-Isolation-11913-eparate-state-between-modes-chromium/test-failed-1.png
    ────────────────────────────────────────────────────────────────────────────────────────────────

    attachment #2: video (video/webm) ──────────────────────────────────────────────────────────────
    ../../test-results/artifacts/mode-toggle-Mode-Isolation-11913-eparate-state-between-modes-chromium/video.webm
    ────────────────────────────────────────────────────────────────────────────────────────────────

    attachment #3: trace (application/zip) ─────────────────────────────────────────────────────────
    ../../test-results/artifacts/mode-toggle-Mode-Isolation-11913-eparate-state-between-modes-chromium/trace.zip
    Usage:

        npx playwright show-trace ../../test-results/artifacts/mode-toggle-Mode-Isolation-11913-eparate-state-between-modes-chromium/trace.zip

    ────────────────────────────────────────────────────────────────────────────────────────────────
]]>
</failure>
<system-out>
<![CDATA[
[[ATTACHMENT|artifacts/mode-toggle-Mode-Isolation-11913-eparate-state-between-modes-chromium/test-failed-1.png]]

[[ATTACHMENT|artifacts/mode-toggle-Mode-Isolation-11913-eparate-state-between-modes-chromium/video.webm]]

[[ATTACHMENT|artifacts/mode-toggle-Mode-Isolation-11913-eparate-state-between-modes-chromium/trace.zip]]
]]>
</system-out>
</testcase>
<testcase name="Mode Isolation › should not show Personal data in Family mode" classname="mode-toggle.spec.ts" time="0.31">
<failure message="mode-toggle.spec.ts:197:7 should not show Personal data in Family mode" type="FAILURE">
<![CDATA[  [chromium] › mode-toggle.spec.ts:197:7 › Mode Isolation › should not show Personal data in Family mode 

    Error: page.evaluate: SecurityError: Failed to read the 'localStorage' property from 'Window': Access is denied for this document.
        at UtilityScript.evaluate (<anonymous>:292:16)
        at UtilityScript.<anonymous> (<anonymous>:1:44)
        at UtilityScript.evaluate (<anonymous>:292:16)
        at UtilityScript.<anonymous> (<anonymous>:1:44)
        at clearAppData (/home/vasantha/AI-Projects/ClariFin_OS/frontend/tests/utils/mode-helpers.ts:179:14)
        at /home/vasantha/AI-Projects/ClariFin_OS/frontend/tests/specs/mode-toggle.spec.ts:161:23

    attachment #1: screenshot (image/png) ──────────────────────────────────────────────────────────
    ../../test-results/artifacts/mode-toggle-Mode-Isolation-53ba6-ersonal-data-in-Family-mode-chromium/test-failed-1.png
    ────────────────────────────────────────────────────────────────────────────────────────────────

    attachment #2: video (video/webm) ──────────────────────────────────────────────────────────────
    ../../test-results/artifacts/mode-toggle-Mode-Isolation-53ba6-ersonal-data-in-Family-mode-chromium/video.webm
    ────────────────────────────────────────────────────────────────────────────────────────────────

    attachment #3: trace (application/zip) ─────────────────────────────────────────────────────────
    ../../test-results/artifacts/mode-toggle-Mode-Isolation-53ba6-ersonal-data-in-Family-mode-chromium/trace.zip
    Usage:

        npx playwright show-trace ../../test-results/artifacts/mode-toggle-Mode-Isolation-53ba6-ersonal-data-in-Family-mode-chromium/trace.zip

    ────────────────────────────────────────────────────────────────────────────────────────────────
]]>
</failure>
<system-out>
<![CDATA[
[[ATTACHMENT|artifacts/mode-toggle-Mode-Isolation-53ba6-ersonal-data-in-Family-mode-chromium/test-failed-1.png]]

[[ATTACHMENT|artifacts/mode-toggle-Mode-Isolation-53ba6-ersonal-data-in-Family-mode-chromium/video.webm]]

[[ATTACHMENT|artifacts/mode-toggle-Mode-Isolation-53ba6-ersonal-data-in-Family-mode-chromium/trace.zip]]
]]>
</system-out>
</testcase>
<testcase name="Mode Isolation › should preserve data when switching back to Personal mode" classname="mode-toggle.spec.ts" time="0.378">
<failure message="mode-toggle.spec.ts:222:7 should preserve data when switching back to Personal mode" type="FAILURE">
<![CDATA[  [chromium] › mode-toggle.spec.ts:222:7 › Mode Isolation › should preserve data when switching back to Personal mode 

    Error: page.evaluate: SecurityError: Failed to read the 'localStorage' property from 'Window': Access is denied for this document.
        at UtilityScript.evaluate (<anonymous>:292:16)
        at UtilityScript.<anonymous> (<anonymous>:1:44)
        at UtilityScript.evaluate (<anonymous>:292:16)
        at UtilityScript.<anonymous> (<anonymous>:1:44)
        at clearAppData (/home/vasantha/AI-Projects/ClariFin_OS/frontend/tests/utils/mode-helpers.ts:179:14)
        at /home/vasantha/AI-Projects/ClariFin_OS/frontend/tests/specs/mode-toggle.spec.ts:161:23

    attachment #1: screenshot (image/png) ──────────────────────────────────────────────────────────
    ../../test-results/artifacts/mode-toggle-Mode-Isolation-7a6fe-ching-back-to-Personal-mode-chromium/test-failed-1.png
    ────────────────────────────────────────────────────────────────────────────────────────────────

    attachment #2: video (video/webm) ──────────────────────────────────────────────────────────────
    ../../test-results/artifacts/mode-toggle-Mode-Isolation-7a6fe-ching-back-to-Personal-mode-chromium/video.webm
    ────────────────────────────────────────────────────────────────────────────────────────────────

    attachment #3: trace (application/zip) ─────────────────────────────────────────────────────────
    ../../test-results/artifacts/mode-toggle-Mode-Isolation-7a6fe-ching-back-to-Personal-mode-chromium/trace.zip
    Usage:

        npx playwright show-trace ../../test-results/artifacts/mode-toggle-Mode-Isolation-7a6fe-ching-back-to-Personal-mode-chromium/trace.zip

    ────────────────────────────────────────────────────────────────────────────────────────────────
]]>
</failure>
<system-out>
<![CDATA[
[[ATTACHMENT|artifacts/mode-toggle-Mode-Isolation-7a6fe-ching-back-to-Personal-mode-chromium/test-failed-1.png]]

[[ATTACHMENT|artifacts/mode-toggle-Mode-Isolation-7a6fe-ching-back-to-Personal-mode-chromium/video.webm]]

[[ATTACHMENT|artifacts/mode-toggle-Mode-Isolation-7a6fe-ching-back-to-Personal-mode-chromium/trace.zip]]
]]>
</system-out>
</testcase>
<testcase name="Mode Isolation › should not leak state between mode switches" classname="mode-toggle.spec.ts" time="0.34">
<failure message="mode-toggle.spec.ts:259:7 should not leak state between mode switches" type="FAILURE">
<![CDATA[  [chromium] › mode-toggle.spec.ts:259:7 › Mode Isolation › should not leak state between mode switches 

    Error: page.evaluate: SecurityError: Failed to read the 'localStorage' property from 'Window': Access is denied for this document.
        at UtilityScript.evaluate (<anonymous>:292:16)
        at UtilityScript.<anonymous> (<anonymous>:1:44)
        at UtilityScript.evaluate (<anonymous>:292:16)
        at UtilityScript.<anonymous> (<anonymous>:1:44)
        at clearAppData (/home/vasantha/AI-Projects/ClariFin_OS/frontend/tests/utils/mode-helpers.ts:179:14)
        at /home/vasantha/AI-Projects/ClariFin_OS/frontend/tests/specs/mode-toggle.spec.ts:161:23

    attachment #1: screenshot (image/png) ──────────────────────────────────────────────────────────
    ../../test-results/artifacts/mode-toggle-Mode-Isolation-c3313-state-between-mode-switches-chromium/test-failed-1.png
    ────────────────────────────────────────────────────────────────────────────────────────────────

    attachment #2: video (video/webm) ──────────────────────────────────────────────────────────────
    ../../test-results/artifacts/mode-toggle-Mode-Isolation-c3313-state-between-mode-switches-chromium/video.webm
    ────────────────────────────────────────────────────────────────────────────────────────────────

    attachment #3: trace (application/zip) ─────────────────────────────────────────────────────────
    ../../test-results/artifacts/mode-toggle-Mode-Isolation-c3313-state-between-mode-switches-chromium/trace.zip
    Usage:

        npx playwright show-trace ../../test-results/artifacts/mode-toggle-Mode-Isolation-c3313-state-between-mode-switches-chromium/trace.zip

    ────────────────────────────────────────────────────────────────────────────────────────────────
]]>
</failure>
<system-out>
<![CDATA[
[[ATTACHMENT|artifacts/mode-toggle-Mode-Isolation-c3313-state-between-mode-switches-chromium/test-failed-1.png]]

[[ATTACHMENT|artifacts/mode-toggle-Mode-Isolation-c3313-state-between-mode-switches-chromium/video.webm]]

[[ATTACHMENT|artifacts/mode-toggle-Mode-Isolation-c3313-state-between-mode-switches-chromium/trace.zip]]
]]>
</system-out>
</testcase>
<testcase name="Mode Toggle UI › should show correct styling for Personal mode" classname="mode-toggle.spec.ts" time="3.627">
<system-out>
<![CDATA[
[[ATTACHMENT|artifacts/mode-toggle-Mode-Toggle-UI-dbb33-t-styling-for-Personal-mode-chromium/trace.zip]]
]]>
</system-out>
</testcase>
<testcase name="Mode Toggle UI › should show correct styling for Family mode" classname="mode-toggle.spec.ts" time="4.112">
<system-out>
<![CDATA[
[[ATTACHMENT|artifacts/mode-toggle-Mode-Toggle-UI-e6c4c-ect-styling-for-Family-mode-chromium/trace.zip]]
]]>
</system-out>
</testcase>
<testcase name="Mode Toggle UI › should update page title based on mode" classname="mode-toggle.spec.ts" time="3.871">
<system-out>
<![CDATA[
[[ATTACHMENT|artifacts/mode-toggle-Mode-Toggle-UI-a0fc7-te-page-title-based-on-mode-chromium/trace.zip]]
]]>
</system-out>
</testcase>
<testcase name="Mode Toggle UI › should show mode description" classname="mode-toggle.spec.ts" time="3.914">
<system-out>
<![CDATA[
[[ATTACHMENT|artifacts/mode-toggle-Mode-Toggle-UI-should-show-mode-description-chromium/trace.zip]]
]]>
</system-out>
</testcase>
<testcase name="Mode Toggle Accessibility › should be keyboard accessible" classname="mode-toggle.spec.ts" time="3.077">
<system-out>
<![CDATA[
[[ATTACHMENT|artifacts/mode-toggle-Mode-Toggle-Ac-f3e54-ould-be-keyboard-accessible-chromium/trace.zip]]
]]>
</system-out>
</testcase>
<testcase name="Mode Toggle Accessibility › should have proper ARIA attributes" classname="mode-toggle.spec.ts" time="3.168">
<system-out>
<![CDATA[
[[ATTACHMENT|artifacts/mode-toggle-Mode-Toggle-Ac-eaedc-have-proper-ARIA-attributes-chromium/trace.zip]]
]]>
</system-out>
</testcase>
</testsuite>
<testsuite name="navigation.spec.ts" timestamp="2026-02-24T14:53:18.838Z" hostname="chromium" tests="28" failures="0" skipped="0" time="77.101" errors="0">
<testcase name="Navigation › should load Home/Dashboard page (/)" classname="navigation.spec.ts" time="2.978">
<system-out>
<![CDATA[
[[ATTACHMENT|artifacts/navigation-Navigation-should-load-Home-Dashboard-page--chromium/trace.zip]]
]]>
</system-out>
</testcase>
<testcase name="Navigation › should load Dashboard Page page (/dashboard)" classname="navigation.spec.ts" time="2.9">
<system-out>
<![CDATA[
[[ATTACHMENT|artifacts/navigation-Navigation-shou-10082-hboard-Page-page-dashboard--chromium/trace.zip]]
]]>
</system-out>
</testcase>
<testcase name="Navigation › should load Transactions page (/transactions)" classname="navigation.spec.ts" time="2.616">
<system-out>
<![CDATA[
[[ATTACHMENT|artifacts/navigation-Navigation-shou-d8f3e-sactions-page-transactions--chromium/trace.zip]]
]]>
</system-out>
</testcase>
<testcase name="Navigation › should load Categories page (/categories)" classname="navigation.spec.ts" time="2.766">
<system-out>
<![CDATA[
[[ATTACHMENT|artifacts/navigation-Navigation-shou-faf08-Categories-page-categories--chromium/trace.zip]]
]]>
</system-out>
</testcase>
<testcase name="Navigation › should load Analytics page (/analytics)" classname="navigation.spec.ts" time="2.895">
<system-out>
<![CDATA[
[[ATTACHMENT|artifacts/navigation-Navigation-should-load-Analytics-page-analytics--chromium/trace.zip]]
]]>
</system-out>
</testcase>
<testcase name="Navigation › should load Cards page (/cards)" classname="navigation.spec.ts" time="2.524">
<system-out>
<![CDATA[
[[ATTACHMENT|artifacts/navigation-Navigation-should-load-Cards-page-cards--chromium/trace.zip]]
]]>
</system-out>
</testcase>
<testcase name="Navigation › should load Import page (/import)" classname="navigation.spec.ts" time="1.976">
<system-out>
<![CDATA[
[[ATTACHMENT|artifacts/navigation-Navigation-should-load-Import-page-import--chromium/trace.zip]]
]]>
</system-out>
</testcase>
<testcase name="Navigation › should load Settings page (/settings)" classname="navigation.spec.ts" time="2.277">
<system-out>
<![CDATA[
[[ATTACHMENT|artifacts/navigation-Navigation-should-load-Settings-page-settings--chromium/trace.zip]]
]]>
</system-out>
</testcase>
<testcase name="Navigation › should load Behavior page (/behavior)" classname="navigation.spec.ts" time="2.578">
<system-out>
<![CDATA[
[[ATTACHMENT|artifacts/navigation-Navigation-should-load-Behavior-page-behavior--chromium/trace.zip]]
]]>
</system-out>
</testcase>
<testcase name="Navigation › should load Reconciliation page (/reconciliation)" classname="navigation.spec.ts" time="2.548">
<system-out>
<![CDATA[
[[ATTACHMENT|artifacts/navigation-Navigation-shou-85e5e-iation-page-reconciliation--chromium/trace.zip]]
]]>
</system-out>
</testcase>
<testcase name="Sidebar Navigation › should display sidebar on desktop" classname="navigation.spec.ts" time="2.927">
<system-out>
<![CDATA[
[[ATTACHMENT|artifacts/navigation-Sidebar-Navigat-d8df5--display-sidebar-on-desktop-chromium/trace.zip]]
]]>
</system-out>
</testcase>
<testcase name="Sidebar Navigation › should navigate via sidebar links" classname="navigation.spec.ts" time="3.673">
<system-out>
<![CDATA[
[[ATTACHMENT|artifacts/navigation-Sidebar-Navigat-2d36f--navigate-via-sidebar-links-chromium/trace.zip]]
]]>
</system-out>
</testcase>
<testcase name="Sidebar Navigation › should highlight active navigation item" classname="navigation.spec.ts" time="3.394">
<system-out>
<![CDATA[
[[ATTACHMENT|artifacts/navigation-Sidebar-Navigat-15b2e-ight-active-navigation-item-chromium/trace.zip]]
]]>
</system-out>
</testcase>
<testcase name="Sidebar Navigation › should collapse sidebar on toggle" classname="navigation.spec.ts" time="3.226">
<system-out>
<![CDATA[
[[ATTACHMENT|artifacts/navigation-Sidebar-Navigat-bea36--collapse-sidebar-on-toggle-chromium/trace.zip]]
]]>
</system-out>
</testcase>
<testcase name="Mobile Navigation › should show mobile menu button" classname="navigation.spec.ts" time="2.864">
<system-out>
<![CDATA[
[[ATTACHMENT|artifacts/navigation-Mobile-Navigation-should-show-mobile-menu-button-chromium/trace.zip]]
]]>
</system-out>
</testcase>
<testcase name="Mobile Navigation › should open mobile sidebar on menu click" classname="navigation.spec.ts" time="3.515">
<system-out>
<![CDATA[
[[ATTACHMENT|artifacts/navigation-Mobile-Navigati-483fd-obile-sidebar-on-menu-click-chromium/trace.zip]]
]]>
</system-out>
</testcase>
<testcase name="Layout Overflow › should not have horizontal overflow on Home/Dashboard" classname="navigation.spec.ts" time="3.093">
<system-out>
<![CDATA[
[[ATTACHMENT|artifacts/navigation-Layout-Overflow-7f308--overflow-on-Home-Dashboard-chromium/trace.zip]]
]]>
</system-out>
</testcase>
<testcase name="Layout Overflow › should not have horizontal overflow on Dashboard Page" classname="navigation.spec.ts" time="2.789">
<system-out>
<![CDATA[
[[ATTACHMENT|artifacts/navigation-Layout-Overflow-8dee2--overflow-on-Dashboard-Page-chromium/trace.zip]]
]]>
</system-out>
</testcase>
<testcase name="Layout Overflow › should not have horizontal overflow on Transactions" classname="navigation.spec.ts" time="2.975">
<system-out>
<![CDATA[
[[ATTACHMENT|artifacts/navigation-Layout-Overflow-b72f4-al-overflow-on-Transactions-chromium/trace.zip]]
]]>
</system-out>
</testcase>
<testcase name="Layout Overflow › should not have horizontal overflow on Categories" classname="navigation.spec.ts" time="2.475">
<system-out>
<![CDATA[
[[ATTACHMENT|artifacts/navigation-Layout-Overflow-1b6ca-ntal-overflow-on-Categories-chromium/trace.zip]]
]]>
</system-out>
</testcase>
<testcase name="Layout Overflow › should not have horizontal overflow on Analytics" classname="navigation.spec.ts" time="2.727">
<system-out>
<![CDATA[
[[ATTACHMENT|artifacts/navigation-Layout-Overflow-3a0bc-ontal-overflow-on-Analytics-chromium/trace.zip]]
]]>
</system-out>
</testcase>
<testcase name="Layout Overflow › should not have horizontal overflow on Cards" classname="navigation.spec.ts" time="2.796">
<system-out>
<![CDATA[
[[ATTACHMENT|artifacts/navigation-Layout-Overflow-51543-orizontal-overflow-on-Cards-chromium/trace.zip]]
]]>
</system-out>
</testcase>
<testcase name="Layout Overflow › should not have horizontal overflow on Import" classname="navigation.spec.ts" time="2.176">
<system-out>
<![CDATA[
[[ATTACHMENT|artifacts/navigation-Layout-Overflow-f2d97-rizontal-overflow-on-Import-chromium/trace.zip]]
]]>
</system-out>
</testcase>
<testcase name="Layout Overflow › should not have horizontal overflow on Settings" classname="navigation.spec.ts" time="2.373">
<system-out>
<![CDATA[
[[ATTACHMENT|artifacts/navigation-Layout-Overflow-35b48-zontal-overflow-on-Settings-chromium/trace.zip]]
]]>
</system-out>
</testcase>
<testcase name="Layout Overflow › should not have horizontal overflow on Behavior" classname="navigation.spec.ts" time="2.513">
<system-out>
<![CDATA[
[[ATTACHMENT|artifacts/navigation-Layout-Overflow-5929f-zontal-overflow-on-Behavior-chromium/trace.zip]]
]]>
</system-out>
</testcase>
<testcase name="Layout Overflow › should not have horizontal overflow on Reconciliation" classname="navigation.spec.ts" time="2.472">
<system-out>
<![CDATA[
[[ATTACHMENT|artifacts/navigation-Layout-Overflow-bab78--overflow-on-Reconciliation-chromium/trace.zip]]
]]>
</system-out>
</testcase>
<testcase name="Deep Links › should handle query parameters" classname="navigation.spec.ts" time="2.612">
<system-out>
<![CDATA[Upload modal visible: true

[[ATTACHMENT|artifacts/navigation-Deep-Links-should-handle-query-parameters-chromium/trace.zip]]
]]>
</system-out>
</testcase>
<testcase name="Deep Links › should handle invalid routes gracefully" classname="navigation.spec.ts" time="2.443">
<system-out>
<![CDATA[
[[ATTACHMENT|artifacts/navigation-Deep-Links-shou-f2b4f-e-invalid-routes-gracefully-chromium/trace.zip]]
]]>
</system-out>
</testcase>
</testsuite>
<testsuite name="performance.spec.ts" timestamp="2026-02-24T14:53:18.838Z" hostname="chromium" tests="16" failures="0" skipped="2" time="49.368" errors="0">
<testcase name="Page Load Performance › home page should load within threshold" classname="performance.spec.ts" time="2.554">
<system-out>
<![CDATA[Home page load time: 1546ms

[[ATTACHMENT|artifacts/performance-Page-Load-Perf-1cfaa-hould-load-within-threshold-chromium/trace.zip]]
]]>
</system-out>
</testcase>
<testcase name="Page Load Performance › dashboard page should load within threshold" classname="performance.spec.ts" time="0">
<properties>
<property name="skip" value="">
</property>
</properties>
<skipped>
</skipped>
</testcase>
<testcase name="Page Load Performance › transactions page should load within threshold" classname="performance.spec.ts" time="0">
<properties>
<property name="skip" value="">
</property>
</properties>
<skipped>
</skipped>
</testcase>
<testcase name="Web Vitals › should have acceptable First Contentful Paint" classname="performance.spec.ts" time="1.632">
<system-out>
<![CDATA[First Contentful Paint: 308.00ms

[[ATTACHMENT|artifacts/performance-Web-Vitals-sho-ef8d2-able-First-Contentful-Paint-chromium/trace.zip]]
]]>
</system-out>
</testcase>
<testcase name="Web Vitals › should have acceptable Largest Contentful Paint" classname="performance.spec.ts" time="2.708">
<system-out>
<![CDATA[Largest Contentful Paint: 1296.00ms

[[ATTACHMENT|artifacts/performance-Web-Vitals-sho-7801f-le-Largest-Contentful-Paint-chromium/trace.zip]]
]]>
</system-out>
</testcase>
<testcase name="Web Vitals › should have low Cumulative Layout Shift" classname="performance.spec.ts" time="5.338">
<system-out>
<![CDATA[Cumulative Layout Shift: 0.0140

[[ATTACHMENT|artifacts/performance-Web-Vitals-sho-df381-low-Cumulative-Layout-Shift-chromium/trace.zip]]
]]>
</system-out>
</testcase>
<testcase name="API Response Time › overview API should respond within threshold" classname="performance.spec.ts" time="1.284">
<system-out>
<![CDATA[Overview API response time: 468ms

[[ATTACHMENT|artifacts/performance-API-Response-T-32c0f-ld-respond-within-threshold-chromium/trace.zip]]
]]>
</system-out>
</testcase>
<testcase name="API Response Time › transactions API should respond within threshold" classname="performance.spec.ts" time="1.587">
<system-out>
<![CDATA[Transactions API response time: 202ms

[[ATTACHMENT|artifacts/performance-API-Response-T-60a2c-ld-respond-within-threshold-chromium/trace.zip]]
]]>
</system-out>
</testcase>
<testcase name="API Response Time › behavior API should respond within threshold" classname="performance.spec.ts" time="2.412">
<system-out>
<![CDATA[Behavior API response time: 1069ms

[[ATTACHMENT|artifacts/performance-API-Response-T-4db79-ld-respond-within-threshold-chromium/trace.zip]]
]]>
</system-out>
</testcase>
<testcase name="Dashboard Render Performance › dashboard should render within threshold" classname="performance.spec.ts" time="1.92">
<system-out>
<![CDATA[Dashboard render time: 324ms

[[ATTACHMENT|artifacts/performance-Dashboard-Rend-75e43-uld-render-within-threshold-chromium/trace.zip]]
]]>
</system-out>
</testcase>
<testcase name="Dashboard Render Performance › dashboard cards should render quickly" classname="performance.spec.ts" time="4.296">
<system-out>
<![CDATA[Dashboard cards render time: 188ms

[[ATTACHMENT|artifacts/performance-Dashboard-Rend-29648-cards-should-render-quickly-chromium/trace.zip]]
]]>
</system-out>
</testcase>
<testcase name="Resource Loading › should not have blocking resources" classname="performance.spec.ts" time="1.858">
<system-out>
<![CDATA[Potentially blocking resources: 0

[[ATTACHMENT|artifacts/performance-Resource-Loadi-92c96-not-have-blocking-resources-chromium/trace.zip]]
]]>
</system-out>
</testcase>
<testcase name="Resource Loading › should load images efficiently" classname="performance.spec.ts" time="2.882">
<system-out>
<![CDATA[Total images loaded: 0

[[ATTACHMENT|artifacts/performance-Resource-Loading-should-load-images-efficiently-chromium/trace.zip]]
]]>
</system-out>
</testcase>
<testcase name="Memory Usage › should not have memory leaks on navigation" classname="performance.spec.ts" time="16.142">
<system-out>
<![CDATA[Initial memory: 15.35MB
Final memory: 15.35MB
Memory growth: 0.00%

[[ATTACHMENT|artifacts/performance-Memory-Usage-s-f8ae0--memory-leaks-on-navigation-chromium/trace.zip]]
]]>
</system-out>
</testcase>
<testcase name="Bundle Size › JavaScript bundle should be reasonable size" classname="performance.spec.ts" time="2.155">
<system-out>
<![CDATA[Total JavaScript size: 72.53KB

[[ATTACHMENT|artifacts/performance-Bundle-Size-Ja-456e6-e-should-be-reasonable-size-chromium/trace.zip]]
]]>
</system-out>
</testcase>
<testcase name="Bundle Size › CSS bundle should be reasonable size" classname="performance.spec.ts" time="2.6">
<system-out>
<![CDATA[Total CSS size: 0.00KB

[[ATTACHMENT|artifacts/performance-Bundle-Size-CSS-bundle-should-be-reasonable-size-chromium/trace.zip]]
]]>
</system-out>
</testcase>
</testsuite>
<testsuite name="reconciliation.spec.ts" timestamp="2026-02-24T14:53:18.838Z" hostname="chromium" tests="15" failures="0" skipped="0" time="38.862" errors="0">
<testcase name="Reconciliation Page › should load reconciliation page" classname="reconciliation.spec.ts" time="2.623">
<system-out>
<![CDATA[
[[ATTACHMENT|artifacts/reconciliation-Reconciliat-e74de-ld-load-reconciliation-page-chromium/trace.zip]]
]]>
</system-out>
</testcase>
<testcase name="Reconciliation Page › should display page title" classname="reconciliation.spec.ts" time="2.519">
<system-out>
<![CDATA[
[[ATTACHMENT|artifacts/reconciliation-Reconciliation-Page-should-display-page-title-chromium/trace.zip]]
]]>
</system-out>
</testcase>
<testcase name="Reconciliation Page › should show scan button" classname="reconciliation.spec.ts" time="2.549">
<system-out>
<![CDATA[Scan button visible: true

[[ATTACHMENT|artifacts/reconciliation-Reconciliation-Page-should-show-scan-button-chromium/trace.zip]]
]]>
</system-out>
</testcase>
<testcase name="Reconciliation Scan › should trigger scan on button click" classname="reconciliation.spec.ts" time="3.345">
<system-out>
<![CDATA[Scan triggered - Loading: [object Promise], Results: [object Promise]

[[ATTACHMENT|artifacts/reconciliation-Reconciliat-78318-rigger-scan-on-button-click-chromium/trace.zip]]
]]>
</system-out>
</testcase>
<testcase name="Reconciliation Scan › should display potential matches" classname="reconciliation.spec.ts" time="2.398">
<system-out>
<![CDATA[Matches section visible: true

[[ATTACHMENT|artifacts/reconciliation-Reconciliat-c4542-d-display-potential-matches-chromium/trace.zip]]
]]>
</system-out>
</testcase>
<testcase name="Reconciliation Scan › should show match confidence" classname="reconciliation.spec.ts" time="2.584">
<system-out>
<![CDATA[Confidence indicator visible: false

[[ATTACHMENT|artifacts/reconciliation-Reconciliat-1e6f2-hould-show-match-confidence-chromium/trace.zip]]
]]>
</system-out>
</testcase>
<testcase name="Reconciliation Actions › should have confirm button for matches" classname="reconciliation.spec.ts" time="2.458">
<system-out>
<![CDATA[Confirm button visible: true

[[ATTACHMENT|artifacts/reconciliation-Reconciliat-3dfe0--confirm-button-for-matches-chromium/trace.zip]]
]]>
</system-out>
</testcase>
<testcase name="Reconciliation Actions › should have reject button for matches" classname="reconciliation.spec.ts" time="2.325">
<system-out>
<![CDATA[Reject button visible: true

[[ATTACHMENT|artifacts/reconciliation-Reconciliat-ae885-e-reject-button-for-matches-chromium/trace.zip]]
]]>
</system-out>
</testcase>
<testcase name="Reconciliation Actions › should confirm match on button click" classname="reconciliation.spec.ts" time="2.889">
<system-out>
<![CDATA[Match confirmed: [object Promise]

[[ATTACHMENT|artifacts/reconciliation-Reconciliat-17fef-nfirm-match-on-button-click-chromium/trace.zip]]
]]>
</system-out>
</testcase>
<testcase name="Reconciliation Actions › should reject match on button click" classname="reconciliation.spec.ts" time="2.767">
<system-out>
<![CDATA[Match rejected: [object Promise]

[[ATTACHMENT|artifacts/reconciliation-Reconciliat-b1737-eject-match-on-button-click-chromium/trace.zip]]
]]>
</system-out>
</testcase>
<testcase name="Reconciliation Status › should show pending reconciliations" classname="reconciliation.spec.ts" time="2.021">
<system-out>
<![CDATA[Pending section visible: true

[[ATTACHMENT|artifacts/reconciliation-Reconciliat-7cf9b-how-pending-reconciliations-chromium/trace.zip]]
]]>
</system-out>
</testcase>
<testcase name="Reconciliation Status › should show confirmed reconciliations" classname="reconciliation.spec.ts" time="2.545">
<system-out>
<![CDATA[Confirmed section visible: true

[[ATTACHMENT|artifacts/reconciliation-Reconciliat-07c29-w-confirmed-reconciliations-chromium/trace.zip]]
]]>
</system-out>
</testcase>
<testcase name="Reconciliation Status › should show match details" classname="reconciliation.spec.ts" time="2.425">
<system-out>
<![CDATA[Match details visible: false

[[ATTACHMENT|artifacts/reconciliation-Reconciliat-43959-s-should-show-match-details-chromium/trace.zip]]
]]>
</system-out>
</testcase>
<testcase name="Reconciliation API › should handle API unavailable gracefully" classname="reconciliation.spec.ts" time="2.747">
<system-out>
<![CDATA[
[[ATTACHMENT|artifacts/reconciliation-Reconciliat-70872--API-unavailable-gracefully-chromium/trace.zip]]
]]>
</system-out>
</testcase>
<testcase name="Reconciliation API › should show empty state when no matches" classname="reconciliation.spec.ts" time="2.667">
<system-out>
<![CDATA[Empty state visible: true

[[ATTACHMENT|artifacts/reconciliation-Reconciliat-5d0f4-empty-state-when-no-matches-chromium/trace.zip]]
]]>
</system-out>
</testcase>
</testsuite>
<testsuite name="transactions.spec.ts" timestamp="2026-02-24T14:53:18.838Z" hostname="chromium" tests="14" failures="0" skipped="0" time="64.873" errors="0">
<testcase name="Transaction List › should display transactions list" classname="transactions.spec.ts" time="4.699">
<system-out>
<![CDATA[
[[ATTACHMENT|artifacts/transactions-Transaction-L-d26be-d-display-transactions-list-chromium/trace.zip]]
]]>
</system-out>
</testcase>
<testcase name="Transaction List › should show transaction count" classname="transactions.spec.ts" time="4.824">
<system-out>
<![CDATA[Transaction count visible: true

[[ATTACHMENT|artifacts/transactions-Transaction-List-should-show-transaction-count-chromium/trace.zip]]
]]>
</system-out>
</testcase>
<testcase name="Transaction List › should display transaction details" classname="transactions.spec.ts" time="3.983">
<system-out>
<![CDATA[
[[ATTACHMENT|artifacts/transactions-Transaction-L-ac4c3-display-transaction-details-chromium/trace.zip]]
]]>
</system-out>
</testcase>
<testcase name="Transaction Filtering › should have search input" classname="transactions.spec.ts" time="4.504">
<system-out>
<![CDATA[Search input visible: true

[[ATTACHMENT|artifacts/transactions-Transaction-Filtering-should-have-search-input-chromium/trace.zip]]
]]>
</system-out>
</testcase>
<testcase name="Transaction Filtering › should filter by search term" classname="transactions.spec.ts" time="4.784">
<system-out>
<![CDATA[Filtered results: 1

[[ATTACHMENT|artifacts/transactions-Transaction-F-c4873-hould-filter-by-search-term-chromium/trace.zip]]
]]>
</system-out>
</testcase>
<testcase name="Transaction Filtering › should have category filter" classname="transactions.spec.ts" time="4.296">
<system-out>
<![CDATA[Category filter visible: false

[[ATTACHMENT|artifacts/transactions-Transaction-F-b45dd-should-have-category-filter-chromium/trace.zip]]
]]>
</system-out>
</testcase>
<testcase name="Transaction Filtering › should have type filter (debit/credit)" classname="transactions.spec.ts" time="4.2">
<system-out>
<![CDATA[Type filter visible: true

[[ATTACHMENT|artifacts/transactions-Transaction-F-9176e-e-type-filter-debit-credit--chromium/trace.zip]]
]]>
</system-out>
</testcase>
<testcase name="Transaction Filtering › should clear filters" classname="transactions.spec.ts" time="5.269">
<system-out>
<![CDATA[
[[ATTACHMENT|artifacts/transactions-Transaction-Filtering-should-clear-filters-chromium/trace.zip]]
]]>
</system-out>
</testcase>
<testcase name="Transaction Pagination › should show pagination controls" classname="transactions.spec.ts" time="4.667">
<system-out>
<![CDATA[Pagination visible: true

[[ATTACHMENT|artifacts/transactions-Transaction-P-df759-ld-show-pagination-controls-chromium/trace.zip]]
]]>
</system-out>
</testcase>
<testcase name="Transaction Pagination › should navigate to next page" classname="transactions.spec.ts" time="5.284">
<system-out>
<![CDATA[Navigated to next page

[[ATTACHMENT|artifacts/transactions-Transaction-P-372fe-hould-navigate-to-next-page-chromium/trace.zip]]
]]>
</system-out>
</testcase>
<testcase name="Transaction Export › should have export button" classname="transactions.spec.ts" time="3.842">
<system-out>
<![CDATA[Export button visible: true

[[ATTACHMENT|artifacts/transactions-Transaction-Export-should-have-export-button-chromium/trace.zip]]
]]>
</system-out>
</testcase>
<testcase name="Transaction Export › should trigger CSV export" classname="transactions.spec.ts" time="4.679">
<system-out>
<![CDATA[Downloaded: transactions_2026-02-24.csv

[[ATTACHMENT|artifacts/transactions-Transaction-Export-should-trigger-CSV-export-chromium/trace.zip]]
]]>
</system-out>
</testcase>
<testcase name="Transaction Actions › should show transaction actions" classname="transactions.spec.ts" time="4.751">
<system-out>
<![CDATA[Transaction actions visible: false

[[ATTACHMENT|artifacts/transactions-Transaction-A-25fe8-ld-show-transaction-actions-chromium/trace.zip]]
]]>
</system-out>
</testcase>
<testcase name="Transaction Actions › should open transaction details" classname="transactions.spec.ts" time="5.091">
<system-out>
<![CDATA[Transaction details visible: false

[[ATTACHMENT|artifacts/transactions-Transaction-A-8bbc1-ld-open-transaction-details-chromium/trace.zip]]
]]>
</system-out>
</testcase>
</testsuite>
<testsuite name="visual-regression.spec.ts" timestamp="2026-02-24T14:53:18.838Z" hostname="chromium" tests="24" failures="2" skipped="0" time="109.771" errors="0">
<testcase name="Visual Regression - Full Pages › should match home page snapshot" classname="visual-regression.spec.ts" time="10.24">
<system-out>
<![CDATA[
[[ATTACHMENT|artifacts/visual-regression-Visual-R-c91ef-ld-match-home-page-snapshot-chromium/trace.zip]]
]]>
</system-out>
</testcase>
<testcase name="Visual Regression - Full Pages › should match dashboard page snapshot" classname="visual-regression.spec.ts" time="3.399">
<system-out>
<![CDATA[
[[ATTACHMENT|artifacts/visual-regression-Visual-R-a3c5e-tch-dashboard-page-snapshot-chromium/trace.zip]]
]]>
</system-out>
</testcase>
<testcase name="Visual Regression - Full Pages › should match transactions page snapshot" classname="visual-regression.spec.ts" time="5.721">
<system-out>
<![CDATA[
[[ATTACHMENT|artifacts/visual-regression-Visual-R-c036a--transactions-page-snapshot-chromium/trace.zip]]
]]>
</system-out>
</testcase>
<testcase name="Visual Regression - Full Pages › should match categories page snapshot" classname="visual-regression.spec.ts" time="4.311">
<system-out>
<![CDATA[
[[ATTACHMENT|artifacts/visual-regression-Visual-R-1d063-ch-categories-page-snapshot-chromium/trace.zip]]
]]>
</system-out>
</testcase>
<testcase name="Visual Regression - Full Pages › should match analytics page snapshot" classname="visual-regression.spec.ts" time="11.188">
<system-out>
<![CDATA[
[[ATTACHMENT|artifacts/visual-regression-Visual-R-cbe1d-tch-analytics-page-snapshot-chromium/trace.zip]]
]]>
</system-out>
</testcase>
<testcase name="Visual Regression - Full Pages › should match cards page snapshot" classname="visual-regression.spec.ts" time="2.719">
<system-out>
<![CDATA[
[[ATTACHMENT|artifacts/visual-regression-Visual-R-5b658-d-match-cards-page-snapshot-chromium/trace.zip]]
]]>
</system-out>
</testcase>
<testcase name="Visual Regression - Full Pages › should match import page snapshot" classname="visual-regression.spec.ts" time="3.287">
<system-out>
<![CDATA[
[[ATTACHMENT|artifacts/visual-regression-Visual-R-eb7e1--match-import-page-snapshot-chromium/trace.zip]]
]]>
</system-out>
</testcase>
<testcase name="Visual Regression - Full Pages › should match settings page snapshot" classname="visual-regression.spec.ts" time="2.769">
<system-out>
<![CDATA[
[[ATTACHMENT|artifacts/visual-regression-Visual-R-954a3-atch-settings-page-snapshot-chromium/trace.zip]]
]]>
</system-out>
</testcase>
<testcase name="Visual Regression - Full Pages › should match behavior page snapshot" classname="visual-regression.spec.ts" time="4.216">
<system-out>
<![CDATA[
[[ATTACHMENT|artifacts/visual-regression-Visual-R-5ec33-atch-behavior-page-snapshot-chromium/trace.zip]]
]]>
</system-out>
</testcase>
<testcase name="Visual Regression - Full Pages › should match reconciliation page snapshot" classname="visual-regression.spec.ts" time="3.279">
<system-out>
<![CDATA[
[[ATTACHMENT|artifacts/visual-regression-Visual-R-67c5b-econciliation-page-snapshot-chromium/trace.zip]]
]]>
</system-out>
</testcase>
<testcase name="Visual Regression - Components › should match sidebar snapshot" classname="visual-regression.spec.ts" time="4.317">
<system-out>
<![CDATA[
[[ATTACHMENT|artifacts/visual-regression-Visual-R-dfe97-ould-match-sidebar-snapshot-chromium/trace.zip]]
]]>
</system-out>
</testcase>
<testcase name="Visual Regression - Components › should match header snapshot" classname="visual-regression.spec.ts" time="3.153">
<system-out>
<![CDATA[
[[ATTACHMENT|artifacts/visual-regression-Visual-R-0691e-hould-match-header-snapshot-chromium/trace.zip]]
]]>
</system-out>
</testcase>
<testcase name="Visual Regression - Components › should match upload button snapshot" classname="visual-regression.spec.ts" time="2.947">
<system-out>
<![CDATA[
[[ATTACHMENT|artifacts/visual-regression-Visual-R-7279e-atch-upload-button-snapshot-chromium/trace.zip]]
]]>
</system-out>
</testcase>
<testcase name="Visual Regression - Components › should match mode toggle snapshot" classname="visual-regression.spec.ts" time="2.861">
<system-out>
<![CDATA[
[[ATTACHMENT|artifacts/visual-regression-Visual-R-b046a--match-mode-toggle-snapshot-chromium/trace.zip]]
]]>
</system-out>
</testcase>
<testcase name="Visual Regression - Mobile › should match home mobile snapshot" classname="visual-regression.spec.ts" time="3.055">
<system-out>
<![CDATA[
[[ATTACHMENT|artifacts/visual-regression-Visual-R-aa379--match-home-mobile-snapshot-chromium/trace.zip]]
]]>
</system-out>
</testcase>
<testcase name="Visual Regression - Mobile › should match dashboard mobile snapshot" classname="visual-regression.spec.ts" time="2.761">
<system-out>
<![CDATA[
[[ATTACHMENT|artifacts/visual-regression-Visual-R-03869-h-dashboard-mobile-snapshot-chromium/trace.zip]]
]]>
</system-out>
</testcase>
<testcase name="Visual Regression - Mobile › should match transactions mobile snapshot" classname="visual-regression.spec.ts" time="3.228">
<system-out>
<![CDATA[
[[ATTACHMENT|artifacts/visual-regression-Visual-R-c7e90-ransactions-mobile-snapshot-chromium/trace.zip]]
]]>
</system-out>
</testcase>
<testcase name="Visual Regression - Mobile › should match categories mobile snapshot" classname="visual-regression.spec.ts" time="2.577">
<system-out>
<![CDATA[
[[ATTACHMENT|artifacts/visual-regression-Visual-R-5ef05--categories-mobile-snapshot-chromium/trace.zip]]
]]>
</system-out>
</testcase>
<testcase name="Visual Regression - Mobile › should match analytics mobile snapshot" classname="visual-regression.spec.ts" time="11.53">
<failure message="visual-regression.spec.ts:142:9 should match analytics mobile snapshot" type="FAILURE">
<![CDATA[  [chromium] › visual-regression.spec.ts:142:9 › Visual Regression - Mobile › should match analytics mobile snapshot 

    Error: expect(page).toHaveScreenshot(expected) failed

      29705 pixels (ratio 0.03 of all image pixels) are different.

      Snapshot: analytics-mobile.png

    Call log:
      - Expect "toHaveScreenshot(analytics-mobile.png)" with timeout 10000ms
        - verifying given screenshot expectation
      - taking page screenshot
        - disabled all CSS animations
      - waiting for fonts to load...
      - fonts loaded
      - 14405 pixels (ratio 0.02 of all image pixels) are different.
      - waiting 100ms before taking screenshot
      - taking page screenshot
        - disabled all CSS animations
      - waiting for fonts to load...
      - fonts loaded
      - 15110 pixels (ratio 0.02 of all image pixels) are different.
      - waiting 250ms before taking screenshot
      - taking page screenshot
        - disabled all CSS animations
      - waiting for fonts to load...
      - fonts loaded
      - 29705 pixels (ratio 0.03 of all image pixels) are different.
      - waiting 500ms before taking screenshot
      2 × taking page screenshot
          - disabled all CSS animations
        - waiting for fonts to load...
        - fonts loaded
        - 29447 pixels (ratio 0.03 of all image pixels) are different.
        - waiting 1000ms before taking screenshot
      - taking page screenshot
        - disabled all CSS animations
      - waiting for fonts to load...
      - fonts loaded
      - 29579 pixels (ratio 0.03 of all image pixels) are different.
      - waiting 1000ms before taking screenshot
      - taking page screenshot
        - disabled all CSS animations
      - waiting for fonts to load...
      - fonts loaded
      - captured a stable screenshot
      - 29705 pixels (ratio 0.03 of all image pixels) are different.


      144 |       await waitForPageReady(page);
      145 |       
    > 146 |       await expect(page).toHaveScreenshot(`${pageConfig.name}-mobile.png`, {
          |                          ^
      147 |         maxDiffPixels: 100,
      148 |         threshold: DIFF_THRESHOLD,
      149 |         fullPage: true,
        at /home/vasantha/AI-Projects/ClariFin_OS/frontend/tests/specs/visual-regression.spec.ts:146:26

    attachment #1: analytics-mobile (image/png) ────────────────────────────────────────────────────
    Expected: visual-regression.spec.ts-snapshots/analytics-mobile-chromium-linux.png
    Received: ../../test-results/artifacts/visual-regression-Visual-R-ae293-h-analytics-mobile-snapshot-chromium/analytics-mobile-actual.png
    Diff:     ../../test-results/artifacts/visual-regression-Visual-R-ae293-h-analytics-mobile-snapshot-chromium/analytics-mobile-diff.png
    ────────────────────────────────────────────────────────────────────────────────────────────────

    attachment #2: screenshot (image/png) ──────────────────────────────────────────────────────────
    ../../test-results/artifacts/visual-regression-Visual-R-ae293-h-analytics-mobile-snapshot-chromium/test-failed-1.png
    ────────────────────────────────────────────────────────────────────────────────────────────────

    attachment #3: video (video/webm) ──────────────────────────────────────────────────────────────
    ../../test-results/artifacts/visual-regression-Visual-R-ae293-h-analytics-mobile-snapshot-chromium/video.webm
    ────────────────────────────────────────────────────────────────────────────────────────────────

    Error Context: ../../test-results/artifacts/visual-regression-Visual-R-ae293-h-analytics-mobile-snapshot-chromium/error-context.md

    attachment #5: trace (application/zip) ─────────────────────────────────────────────────────────
    ../../test-results/artifacts/visual-regression-Visual-R-ae293-h-analytics-mobile-snapshot-chromium/trace.zip
    Usage:

        npx playwright show-trace ../../test-results/artifacts/visual-regression-Visual-R-ae293-h-analytics-mobile-snapshot-chromium/trace.zip

    ────────────────────────────────────────────────────────────────────────────────────────────────
]]>
</failure>
<system-out>
<![CDATA[
[[ATTACHMENT|../tests/specs/visual-regression.spec.ts-snapshots/analytics-mobile-chromium-linux.png]]

[[ATTACHMENT|artifacts/visual-regression-Visual-R-ae293-h-analytics-mobile-snapshot-chromium/analytics-mobile-actual.png]]

[[ATTACHMENT|artifacts/visual-regression-Visual-R-ae293-h-analytics-mobile-snapshot-chromium/analytics-mobile-diff.png]]

[[ATTACHMENT|artifacts/visual-regression-Visual-R-ae293-h-analytics-mobile-snapshot-chromium/test-failed-1.png]]

[[ATTACHMENT|artifacts/visual-regression-Visual-R-ae293-h-analytics-mobile-snapshot-chromium/video.webm]]

[[ATTACHMENT|artifacts/visual-regression-Visual-R-ae293-h-analytics-mobile-snapshot-chromium/error-context.md]]

[[ATTACHMENT|artifacts/visual-regression-Visual-R-ae293-h-analytics-mobile-snapshot-chromium/trace.zip]]
]]>
</system-out>
</testcase>
<testcase name="Visual Regression - States › should match empty state snapshot" classname="visual-regression.spec.ts" time="0.276">
<failure message="visual-regression.spec.ts:165:7 should match empty state snapshot" type="FAILURE">
<![CDATA[  [chromium] › visual-regression.spec.ts:165:7 › Visual Regression - States › should match empty state snapshot 

    Error: page.evaluate: SecurityError: Failed to read the 'localStorage' property from 'Window': Access is denied for this document.
        at UtilityScript.evaluate (<anonymous>:292:16)
        at UtilityScript.<anonymous> (<anonymous>:1:44)
        at UtilityScript.evaluate (<anonymous>:292:16)
        at UtilityScript.<anonymous> (<anonymous>:1:44)
        at /home/vasantha/AI-Projects/ClariFin_OS/frontend/tests/specs/visual-regression.spec.ts:167:16

    attachment #1: screenshot (image/png) ──────────────────────────────────────────────────────────
    ../../test-results/artifacts/visual-regression-Visual-R-ef8c5--match-empty-state-snapshot-chromium/test-failed-1.png
    ────────────────────────────────────────────────────────────────────────────────────────────────

    attachment #2: video (video/webm) ──────────────────────────────────────────────────────────────
    ../../test-results/artifacts/visual-regression-Visual-R-ef8c5--match-empty-state-snapshot-chromium/video.webm
    ────────────────────────────────────────────────────────────────────────────────────────────────

    attachment #3: trace (application/zip) ─────────────────────────────────────────────────────────
    ../../test-results/artifacts/visual-regression-Visual-R-ef8c5--match-empty-state-snapshot-chromium/trace.zip
    Usage:

        npx playwright show-trace ../../test-results/artifacts/visual-regression-Visual-R-ef8c5--match-empty-state-snapshot-chromium/trace.zip

    ────────────────────────────────────────────────────────────────────────────────────────────────
]]>
</failure>
<system-out>
<![CDATA[
[[ATTACHMENT|artifacts/visual-regression-Visual-R-ef8c5--match-empty-state-snapshot-chromium/test-failed-1.png]]

[[ATTACHMENT|artifacts/visual-regression-Visual-R-ef8c5--match-empty-state-snapshot-chromium/video.webm]]

[[ATTACHMENT|artifacts/visual-regression-Visual-R-ef8c5--match-empty-state-snapshot-chromium/trace.zip]]
]]>
</system-out>
</testcase>
<testcase name="Visual Regression - States › should match modal open state" classname="visual-regression.spec.ts" time="4.468">
<system-out>
<![CDATA[
[[ATTACHMENT|artifacts/visual-regression-Visual-R-b23a4-ould-match-modal-open-state-chromium/trace.zip]]
]]>
</system-out>
</testcase>
<testcase name="Visual Regression - States › should match personal mode snapshot" classname="visual-regression.spec.ts" time="4.751">
<system-out>
<![CDATA[
[[ATTACHMENT|artifacts/visual-regression-Visual-R-26ad7-atch-personal-mode-snapshot-chromium/trace.zip]]
]]>
</system-out>
</testcase>
<testcase name="Visual Regression - States › should match family mode snapshot" classname="visual-regression.spec.ts" time="6.397">
<system-out>
<![CDATA[
[[ATTACHMENT|artifacts/visual-regression-Visual-R-b681e--match-family-mode-snapshot-chromium/trace.zip]]
]]>
</system-out>
</testcase>
<testcase name="Visual Regression - Dark Mode › should match dark mode dashboard" classname="visual-regression.spec.ts" time="6.321">
<system-out>
<![CDATA[
[[ATTACHMENT|artifacts/visual-regression-Visual-R-5a11c-d-match-dark-mode-dashboard-chromium/trace.zip]]
]]>
</system-out>
</testcase>
</testsuite>
</testsuites>